[2025-05-08T12:22:57.149+0000] {local_task_job_runner.py:123} INFO - ::group::Pre task execution logs
[2025-05-08T12:22:57.160+0000] {taskinstance.py:2614} INFO - Dependencies all met for dep_context=non-requeueable deps ti=<TaskInstance: weather_dag.weather_dag_1 manual__2025-05-08T12:22:54.914025+00:00 [queued]>
[2025-05-08T12:22:57.167+0000] {taskinstance.py:2614} INFO - Dependencies all met for dep_context=requeueable deps ti=<TaskInstance: weather_dag.weather_dag_1 manual__2025-05-08T12:22:54.914025+00:00 [queued]>
[2025-05-08T12:22:57.167+0000] {taskinstance.py:2867} INFO - Starting attempt 1 of 2
[2025-05-08T12:22:57.184+0000] {taskinstance.py:2890} INFO - Executing <Task(BashOperator): weather_dag_1> on 2025-05-08 12:22:54.914025+00:00
[2025-05-08T12:22:57.188+0000] {standard_task_runner.py:72} INFO - Started process 39069 to run task
[2025-05-08T12:22:57.193+0000] {standard_task_runner.py:104} INFO - Running: ['airflow', 'tasks', 'run', 'weather_dag', 'weather_dag_1', 'manual__2025-05-08T12:22:54.914025+00:00', '--job-id', '177', '--raw', '--subdir', 'DAGS_FOLDER/weather_dag.py', '--cfg-path', '/tmp/tmpkmmvl_a1']
[2025-05-08T12:22:57.194+0000] {standard_task_runner.py:105} INFO - Job 177: Subtask weather_dag_1
[2025-05-08T12:22:57.219+0000] {task_command.py:467} INFO - Running <TaskInstance: weather_dag.weather_dag_1 manual__2025-05-08T12:22:54.914025+00:00 [running]> on host codespaces-16c72d
[2025-05-08T12:22:57.272+0000] {taskinstance.py:3134} INFO - Exporting env vars: AIRFLOW_CTX_DAG_OWNER='airflow' AIRFLOW_CTX_DAG_ID='weather_dag' AIRFLOW_CTX_TASK_ID='weather_dag_1' AIRFLOW_CTX_EXECUTION_DATE='2025-05-08T12:22:54.914025+00:00' AIRFLOW_CTX_TRY_NUMBER='1' AIRFLOW_CTX_DAG_RUN_ID='manual__2025-05-08T12:22:54.914025+00:00'
[2025-05-08T12:22:57.273+0000] {taskinstance.py:732} INFO - ::endgroup::
[2025-05-08T12:22:57.287+0000] {subprocess.py:78} INFO - Tmp dir root location: /tmp
[2025-05-08T12:22:57.287+0000] {subprocess.py:88} INFO - Running command: ['/usr/bin/bash', '-c', 'bash /workspaces/airflow/dags/wrapper.sh ']
[2025-05-08T12:22:57.294+0000] {subprocess.py:99} INFO - Output:
[2025-05-08T12:22:57.297+0000] {subprocess.py:106} INFO - /workspaces/airflow/dags/wrapper.sh: line 2: weather/bin/activate: No such file or directory
[2025-05-08T12:22:58.489+0000] {subprocess.py:106} INFO - 002002 (42710): SQL compilation error:
[2025-05-08T12:22:58.490+0000] {subprocess.py:106} INFO - Object 'WEATHER_API' already exists.
[2025-05-08T12:22:58.490+0000] {subprocess.py:106} INFO - Asia/Kolkata
[2025-05-08T12:22:58.490+0000] {subprocess.py:106} INFO - ('9.11.3',)
[2025-05-08T12:22:58.602+0000] {subprocess.py:110} INFO - Command exited with return code 0
[2025-05-08T12:22:58.683+0000] {taskinstance.py:341} INFO - ::group::Post task execution logs
[2025-05-08T12:22:58.692+0000] {taskinstance.py:353} INFO - Marking task as SUCCESS. dag_id=weather_dag, task_id=weather_dag_1, run_id=manual__2025-05-08T12:22:54.914025+00:00, execution_date=20250508T122254, start_date=20250508T122257, end_date=20250508T122258
[2025-05-08T12:22:58.789+0000] {local_task_job_runner.py:266} INFO - Task exited with return code 0
[2025-05-08T12:22:58.835+0000] {taskinstance.py:3901} INFO - 0 downstream tasks scheduled from follow-on schedule check
[2025-05-08T12:22:58.838+0000] {local_task_job_runner.py:245} INFO - ::endgroup::
