[2025-04-29T09:31:58.495+0000] {processor.py:186} INFO - Started process (PID=13568) to work on /usr/local/python/3.12.1/lib/python3.12/site-packages/airflow/example_dags/plugins/workday.py
[2025-04-29T09:31:58.496+0000] {processor.py:914} INFO - Processing file /usr/local/python/3.12.1/lib/python3.12/site-packages/airflow/example_dags/plugins/workday.py for tasks to queue
[2025-04-29T09:31:58.499+0000] {logging_mixin.py:190} INFO - [2025-04-29T09:31:58.499+0000] {dagbag.py:588} INFO - Filling up the DagBag from /usr/local/python/3.12.1/lib/python3.12/site-packages/airflow/example_dags/plugins/workday.py
[2025-04-29T09:31:58.503+0000] {processor.py:927} WARNING - No viable dags retrieved from /usr/local/python/3.12.1/lib/python3.12/site-packages/airflow/example_dags/plugins/workday.py
[2025-04-29T09:31:58.534+0000] {processor.py:208} INFO - Processing /usr/local/python/3.12.1/lib/python3.12/site-packages/airflow/example_dags/plugins/workday.py took 0.055 seconds
[2025-04-29T09:33:06.361+0000] {processor.py:186} INFO - Started process (PID=14431) to work on /usr/local/python/3.12.1/lib/python3.12/site-packages/airflow/example_dags/plugins/workday.py
[2025-04-29T09:33:06.361+0000] {processor.py:914} INFO - Processing file /usr/local/python/3.12.1/lib/python3.12/site-packages/airflow/example_dags/plugins/workday.py for tasks to queue
[2025-04-29T09:33:06.363+0000] {logging_mixin.py:190} INFO - [2025-04-29T09:33:06.363+0000] {dagbag.py:588} INFO - Filling up the DagBag from /usr/local/python/3.12.1/lib/python3.12/site-packages/airflow/example_dags/plugins/workday.py
[2025-04-29T09:33:06.366+0000] {processor.py:927} WARNING - No viable dags retrieved from /usr/local/python/3.12.1/lib/python3.12/site-packages/airflow/example_dags/plugins/workday.py
[2025-04-29T09:33:06.379+0000] {processor.py:208} INFO - Processing /usr/local/python/3.12.1/lib/python3.12/site-packages/airflow/example_dags/plugins/workday.py took 0.024 seconds
[2025-04-29T09:34:00.759+0000] {processor.py:186} INFO - Started process (PID=15122) to work on /usr/local/python/3.12.1/lib/python3.12/site-packages/airflow/example_dags/plugins/workday.py
[2025-04-29T09:34:00.760+0000] {processor.py:914} INFO - Processing file /usr/local/python/3.12.1/lib/python3.12/site-packages/airflow/example_dags/plugins/workday.py for tasks to queue
[2025-04-29T09:34:00.761+0000] {logging_mixin.py:190} INFO - [2025-04-29T09:34:00.761+0000] {dagbag.py:588} INFO - Filling up the DagBag from /usr/local/python/3.12.1/lib/python3.12/site-packages/airflow/example_dags/plugins/workday.py
[2025-04-29T09:34:00.763+0000] {processor.py:927} WARNING - No viable dags retrieved from /usr/local/python/3.12.1/lib/python3.12/site-packages/airflow/example_dags/plugins/workday.py
[2025-04-29T09:34:00.771+0000] {processor.py:208} INFO - Processing /usr/local/python/3.12.1/lib/python3.12/site-packages/airflow/example_dags/plugins/workday.py took 0.017 seconds
[2025-04-29T09:34:55.865+0000] {processor.py:186} INFO - Started process (PID=16301) to work on /usr/local/python/3.12.1/lib/python3.12/site-packages/airflow/example_dags/plugins/workday.py
[2025-04-29T09:34:55.866+0000] {processor.py:914} INFO - Processing file /usr/local/python/3.12.1/lib/python3.12/site-packages/airflow/example_dags/plugins/workday.py for tasks to queue
[2025-04-29T09:34:55.867+0000] {logging_mixin.py:190} INFO - [2025-04-29T09:34:55.867+0000] {dagbag.py:588} INFO - Filling up the DagBag from /usr/local/python/3.12.1/lib/python3.12/site-packages/airflow/example_dags/plugins/workday.py
[2025-04-29T09:34:55.869+0000] {processor.py:927} WARNING - No viable dags retrieved from /usr/local/python/3.12.1/lib/python3.12/site-packages/airflow/example_dags/plugins/workday.py
[2025-04-29T09:34:55.877+0000] {processor.py:208} INFO - Processing /usr/local/python/3.12.1/lib/python3.12/site-packages/airflow/example_dags/plugins/workday.py took 0.018 seconds
[2025-04-29T09:35:48.037+0000] {processor.py:186} INFO - Started process (PID=17473) to work on /usr/local/python/3.12.1/lib/python3.12/site-packages/airflow/example_dags/plugins/workday.py
[2025-04-29T09:35:48.038+0000] {processor.py:914} INFO - Processing file /usr/local/python/3.12.1/lib/python3.12/site-packages/airflow/example_dags/plugins/workday.py for tasks to queue
[2025-04-29T09:35:48.039+0000] {logging_mixin.py:190} INFO - [2025-04-29T09:35:48.039+0000] {dagbag.py:588} INFO - Filling up the DagBag from /usr/local/python/3.12.1/lib/python3.12/site-packages/airflow/example_dags/plugins/workday.py
[2025-04-29T09:35:48.041+0000] {processor.py:927} WARNING - No viable dags retrieved from /usr/local/python/3.12.1/lib/python3.12/site-packages/airflow/example_dags/plugins/workday.py
[2025-04-29T09:35:48.049+0000] {processor.py:208} INFO - Processing /usr/local/python/3.12.1/lib/python3.12/site-packages/airflow/example_dags/plugins/workday.py took 0.016 seconds
[2025-04-29T09:36:41.402+0000] {processor.py:186} INFO - Started process (PID=18151) to work on /usr/local/python/3.12.1/lib/python3.12/site-packages/airflow/example_dags/plugins/workday.py
[2025-04-29T09:36:41.402+0000] {processor.py:914} INFO - Processing file /usr/local/python/3.12.1/lib/python3.12/site-packages/airflow/example_dags/plugins/workday.py for tasks to queue
[2025-04-29T09:36:41.405+0000] {logging_mixin.py:190} INFO - [2025-04-29T09:36:41.404+0000] {dagbag.py:588} INFO - Filling up the DagBag from /usr/local/python/3.12.1/lib/python3.12/site-packages/airflow/example_dags/plugins/workday.py
[2025-04-29T09:36:41.408+0000] {processor.py:927} WARNING - No viable dags retrieved from /usr/local/python/3.12.1/lib/python3.12/site-packages/airflow/example_dags/plugins/workday.py
[2025-04-29T09:36:41.419+0000] {processor.py:208} INFO - Processing /usr/local/python/3.12.1/lib/python3.12/site-packages/airflow/example_dags/plugins/workday.py took 0.024 seconds
[2025-04-29T09:37:33.732+0000] {processor.py:186} INFO - Started process (PID=18875) to work on /usr/local/python/3.12.1/lib/python3.12/site-packages/airflow/example_dags/plugins/workday.py
[2025-04-29T09:37:33.733+0000] {processor.py:914} INFO - Processing file /usr/local/python/3.12.1/lib/python3.12/site-packages/airflow/example_dags/plugins/workday.py for tasks to queue
[2025-04-29T09:37:33.734+0000] {logging_mixin.py:190} INFO - [2025-04-29T09:37:33.734+0000] {dagbag.py:588} INFO - Filling up the DagBag from /usr/local/python/3.12.1/lib/python3.12/site-packages/airflow/example_dags/plugins/workday.py
[2025-04-29T09:37:33.736+0000] {processor.py:927} WARNING - No viable dags retrieved from /usr/local/python/3.12.1/lib/python3.12/site-packages/airflow/example_dags/plugins/workday.py
[2025-04-29T09:37:33.743+0000] {processor.py:208} INFO - Processing /usr/local/python/3.12.1/lib/python3.12/site-packages/airflow/example_dags/plugins/workday.py took 0.015 seconds
[2025-04-29T09:38:29.072+0000] {processor.py:186} INFO - Started process (PID=19598) to work on /usr/local/python/3.12.1/lib/python3.12/site-packages/airflow/example_dags/plugins/workday.py
[2025-04-29T09:38:29.072+0000] {processor.py:914} INFO - Processing file /usr/local/python/3.12.1/lib/python3.12/site-packages/airflow/example_dags/plugins/workday.py for tasks to queue
[2025-04-29T09:38:29.074+0000] {logging_mixin.py:190} INFO - [2025-04-29T09:38:29.074+0000] {dagbag.py:588} INFO - Filling up the DagBag from /usr/local/python/3.12.1/lib/python3.12/site-packages/airflow/example_dags/plugins/workday.py
[2025-04-29T09:38:29.076+0000] {processor.py:927} WARNING - No viable dags retrieved from /usr/local/python/3.12.1/lib/python3.12/site-packages/airflow/example_dags/plugins/workday.py
[2025-04-29T09:38:29.083+0000] {processor.py:208} INFO - Processing /usr/local/python/3.12.1/lib/python3.12/site-packages/airflow/example_dags/plugins/workday.py took 0.016 seconds
