[2025-05-08T11:56:15.809+0000] {processor.py:186} INFO - Started process (PID=20798) to work on /workspaces/airflow/dags/sample_dag.py
[2025-05-08T11:56:15.810+0000] {processor.py:914} INFO - Processing file /workspaces/airflow/dags/sample_dag.py for tasks to queue
[2025-05-08T11:56:15.812+0000] {logging_mixin.py:190} INFO - [2025-05-08T11:56:15.812+0000] {dagbag.py:588} INFO - Filling up the DagBag from /workspaces/airflow/dags/sample_dag.py
[2025-05-08T11:56:15.824+0000] {processor.py:925} INFO - DAG(s) 'sample_dag_1' retrieved from /workspaces/airflow/dags/sample_dag.py
[2025-05-08T11:56:15.846+0000] {logging_mixin.py:190} INFO - [2025-05-08T11:56:15.846+0000] {dag.py:3239} INFO - Sync 1 DAGs
[2025-05-08T11:56:15.873+0000] {logging_mixin.py:190} INFO - [2025-05-08T11:56:15.873+0000] {dag.py:4180} INFO - Setting next_dagrun for sample_dag_1 to 2025-05-08 11:55:00+00:00, run_after=2025-05-08 11:56:00+00:00
[2025-05-08T11:56:15.896+0000] {processor.py:208} INFO - Processing /workspaces/airflow/dags/sample_dag.py took 0.093 seconds
[2025-05-08T11:56:46.033+0000] {processor.py:186} INFO - Started process (PID=21273) to work on /workspaces/airflow/dags/sample_dag.py
[2025-05-08T11:56:46.034+0000] {processor.py:914} INFO - Processing file /workspaces/airflow/dags/sample_dag.py for tasks to queue
[2025-05-08T11:56:46.036+0000] {logging_mixin.py:190} INFO - [2025-05-08T11:56:46.035+0000] {dagbag.py:588} INFO - Filling up the DagBag from /workspaces/airflow/dags/sample_dag.py
[2025-05-08T11:56:46.043+0000] {processor.py:925} INFO - DAG(s) 'sample_dag_1' retrieved from /workspaces/airflow/dags/sample_dag.py
[2025-05-08T11:56:46.062+0000] {logging_mixin.py:190} INFO - [2025-05-08T11:56:46.062+0000] {dag.py:3239} INFO - Sync 1 DAGs
[2025-05-08T11:56:46.079+0000] {logging_mixin.py:190} INFO - [2025-05-08T11:56:46.078+0000] {dag.py:4180} INFO - Setting next_dagrun for sample_dag_1 to 2025-05-08 11:56:00+00:00, run_after=2025-05-08 11:57:00+00:00
[2025-05-08T11:56:46.094+0000] {processor.py:208} INFO - Processing /workspaces/airflow/dags/sample_dag.py took 0.065 seconds
[2025-05-08T11:57:16.965+0000] {processor.py:186} INFO - Started process (PID=21857) to work on /workspaces/airflow/dags/sample_dag.py
[2025-05-08T11:57:16.965+0000] {processor.py:914} INFO - Processing file /workspaces/airflow/dags/sample_dag.py for tasks to queue
[2025-05-08T11:57:16.967+0000] {logging_mixin.py:190} INFO - [2025-05-08T11:57:16.966+0000] {dagbag.py:588} INFO - Filling up the DagBag from /workspaces/airflow/dags/sample_dag.py
[2025-05-08T11:57:16.975+0000] {processor.py:925} INFO - DAG(s) 'sample_dag_1' retrieved from /workspaces/airflow/dags/sample_dag.py
[2025-05-08T11:57:16.990+0000] {logging_mixin.py:190} INFO - [2025-05-08T11:57:16.990+0000] {dag.py:3239} INFO - Sync 1 DAGs
[2025-05-08T11:57:17.008+0000] {logging_mixin.py:190} INFO - [2025-05-08T11:57:17.008+0000] {dag.py:4180} INFO - Setting next_dagrun for sample_dag_1 to 2025-05-08 11:56:00+00:00, run_after=2025-05-08 11:57:00+00:00
[2025-05-08T11:57:17.022+0000] {processor.py:208} INFO - Processing /workspaces/airflow/dags/sample_dag.py took 0.061 seconds
[2025-05-08T11:57:47.265+0000] {processor.py:186} INFO - Started process (PID=22197) to work on /workspaces/airflow/dags/sample_dag.py
[2025-05-08T11:57:47.265+0000] {processor.py:914} INFO - Processing file /workspaces/airflow/dags/sample_dag.py for tasks to queue
[2025-05-08T11:57:47.267+0000] {logging_mixin.py:190} INFO - [2025-05-08T11:57:47.266+0000] {dagbag.py:588} INFO - Filling up the DagBag from /workspaces/airflow/dags/sample_dag.py
[2025-05-08T11:57:47.275+0000] {processor.py:925} INFO - DAG(s) 'sample_dag_1' retrieved from /workspaces/airflow/dags/sample_dag.py
[2025-05-08T11:57:47.292+0000] {logging_mixin.py:190} INFO - [2025-05-08T11:57:47.291+0000] {dag.py:3239} INFO - Sync 1 DAGs
[2025-05-08T11:57:47.310+0000] {logging_mixin.py:190} INFO - [2025-05-08T11:57:47.310+0000] {dag.py:4180} INFO - Setting next_dagrun for sample_dag_1 to 2025-05-08 11:56:00+00:00, run_after=2025-05-08 11:57:00+00:00
[2025-05-08T11:57:47.326+0000] {processor.py:208} INFO - Processing /workspaces/airflow/dags/sample_dag.py took 0.065 seconds
[2025-05-08T11:58:18.188+0000] {processor.py:186} INFO - Started process (PID=22473) to work on /workspaces/airflow/dags/sample_dag.py
[2025-05-08T11:58:18.189+0000] {processor.py:914} INFO - Processing file /workspaces/airflow/dags/sample_dag.py for tasks to queue
[2025-05-08T11:58:18.190+0000] {logging_mixin.py:190} INFO - [2025-05-08T11:58:18.190+0000] {dagbag.py:588} INFO - Filling up the DagBag from /workspaces/airflow/dags/sample_dag.py
[2025-05-08T11:58:18.199+0000] {processor.py:925} INFO - DAG(s) 'sample_dag_1' retrieved from /workspaces/airflow/dags/sample_dag.py
[2025-05-08T11:58:18.214+0000] {logging_mixin.py:190} INFO - [2025-05-08T11:58:18.214+0000] {dag.py:3239} INFO - Sync 1 DAGs
[2025-05-08T11:58:18.231+0000] {logging_mixin.py:190} INFO - [2025-05-08T11:58:18.231+0000] {dag.py:4180} INFO - Setting next_dagrun for sample_dag_1 to 2025-05-08 11:57:00+00:00, run_after=2025-05-08 11:58:00+00:00
[2025-05-08T11:58:18.246+0000] {processor.py:208} INFO - Processing /workspaces/airflow/dags/sample_dag.py took 0.062 seconds
[2025-05-08T11:58:48.492+0000] {processor.py:186} INFO - Started process (PID=22759) to work on /workspaces/airflow/dags/sample_dag.py
[2025-05-08T11:58:48.492+0000] {processor.py:914} INFO - Processing file /workspaces/airflow/dags/sample_dag.py for tasks to queue
[2025-05-08T11:58:48.494+0000] {logging_mixin.py:190} INFO - [2025-05-08T11:58:48.493+0000] {dagbag.py:588} INFO - Filling up the DagBag from /workspaces/airflow/dags/sample_dag.py
[2025-05-08T11:58:48.502+0000] {processor.py:925} INFO - DAG(s) 'sample_dag_1' retrieved from /workspaces/airflow/dags/sample_dag.py
[2025-05-08T11:58:48.517+0000] {logging_mixin.py:190} INFO - [2025-05-08T11:58:48.517+0000] {dag.py:3239} INFO - Sync 1 DAGs
[2025-05-08T11:58:48.534+0000] {logging_mixin.py:190} INFO - [2025-05-08T11:58:48.534+0000] {dag.py:4180} INFO - Setting next_dagrun for sample_dag_1 to 2025-05-08 11:57:00+00:00, run_after=2025-05-08 11:58:00+00:00
[2025-05-08T11:58:48.548+0000] {processor.py:208} INFO - Processing /workspaces/airflow/dags/sample_dag.py took 0.060 seconds
[2025-05-08T11:59:18.795+0000] {processor.py:186} INFO - Started process (PID=23340) to work on /workspaces/airflow/dags/sample_dag.py
[2025-05-08T11:59:18.796+0000] {processor.py:914} INFO - Processing file /workspaces/airflow/dags/sample_dag.py for tasks to queue
[2025-05-08T11:59:18.797+0000] {logging_mixin.py:190} INFO - [2025-05-08T11:59:18.797+0000] {dagbag.py:588} INFO - Filling up the DagBag from /workspaces/airflow/dags/sample_dag.py
[2025-05-08T11:59:18.805+0000] {processor.py:925} INFO - DAG(s) 'sample_dag_1' retrieved from /workspaces/airflow/dags/sample_dag.py
[2025-05-08T11:59:18.820+0000] {logging_mixin.py:190} INFO - [2025-05-08T11:59:18.820+0000] {dag.py:3239} INFO - Sync 1 DAGs
[2025-05-08T11:59:18.836+0000] {logging_mixin.py:190} INFO - [2025-05-08T11:59:18.836+0000] {dag.py:4180} INFO - Setting next_dagrun for sample_dag_1 to 2025-05-08 11:58:00+00:00, run_after=2025-05-08 11:59:00+00:00
[2025-05-08T11:59:18.850+0000] {processor.py:208} INFO - Processing /workspaces/airflow/dags/sample_dag.py took 0.059 seconds
[2025-05-08T11:59:49.096+0000] {processor.py:186} INFO - Started process (PID=23547) to work on /workspaces/airflow/dags/sample_dag.py
[2025-05-08T11:59:49.097+0000] {processor.py:914} INFO - Processing file /workspaces/airflow/dags/sample_dag.py for tasks to queue
[2025-05-08T11:59:49.098+0000] {logging_mixin.py:190} INFO - [2025-05-08T11:59:49.098+0000] {dagbag.py:588} INFO - Filling up the DagBag from /workspaces/airflow/dags/sample_dag.py
[2025-05-08T11:59:49.109+0000] {processor.py:925} INFO - DAG(s) 'sample_dag_1' retrieved from /workspaces/airflow/dags/sample_dag.py
[2025-05-08T11:59:49.128+0000] {logging_mixin.py:190} INFO - [2025-05-08T11:59:49.128+0000] {dag.py:3239} INFO - Sync 1 DAGs
[2025-05-08T11:59:49.147+0000] {logging_mixin.py:190} INFO - [2025-05-08T11:59:49.147+0000] {dag.py:4180} INFO - Setting next_dagrun for sample_dag_1 to 2025-05-08 11:58:00+00:00, run_after=2025-05-08 11:59:00+00:00
[2025-05-08T11:59:49.164+0000] {processor.py:208} INFO - Processing /workspaces/airflow/dags/sample_dag.py took 0.074 seconds
[2025-05-08T12:00:19.468+0000] {processor.py:186} INFO - Started process (PID=24019) to work on /workspaces/airflow/dags/sample_dag.py
[2025-05-08T12:00:19.469+0000] {processor.py:914} INFO - Processing file /workspaces/airflow/dags/sample_dag.py for tasks to queue
[2025-05-08T12:00:19.472+0000] {logging_mixin.py:190} INFO - [2025-05-08T12:00:19.471+0000] {dagbag.py:588} INFO - Filling up the DagBag from /workspaces/airflow/dags/sample_dag.py
[2025-05-08T12:00:19.483+0000] {processor.py:925} INFO - DAG(s) 'sample_dag_1' retrieved from /workspaces/airflow/dags/sample_dag.py
[2025-05-08T12:00:19.505+0000] {logging_mixin.py:190} INFO - [2025-05-08T12:00:19.505+0000] {dag.py:3239} INFO - Sync 1 DAGs
[2025-05-08T12:00:19.535+0000] {logging_mixin.py:190} INFO - [2025-05-08T12:00:19.535+0000] {dag.py:4180} INFO - Setting next_dagrun for sample_dag_1 to 2025-05-08 11:59:00+00:00, run_after=2025-05-08 12:00:00+00:00
[2025-05-08T12:00:19.557+0000] {processor.py:208} INFO - Processing /workspaces/airflow/dags/sample_dag.py took 0.094 seconds
[2025-05-08T12:00:49.844+0000] {processor.py:186} INFO - Started process (PID=24257) to work on /workspaces/airflow/dags/sample_dag.py
[2025-05-08T12:00:49.845+0000] {processor.py:914} INFO - Processing file /workspaces/airflow/dags/sample_dag.py for tasks to queue
[2025-05-08T12:00:49.846+0000] {logging_mixin.py:190} INFO - [2025-05-08T12:00:49.846+0000] {dagbag.py:588} INFO - Filling up the DagBag from /workspaces/airflow/dags/sample_dag.py
[2025-05-08T12:00:49.855+0000] {processor.py:925} INFO - DAG(s) 'sample_dag_1' retrieved from /workspaces/airflow/dags/sample_dag.py
[2025-05-08T12:00:49.870+0000] {logging_mixin.py:190} INFO - [2025-05-08T12:00:49.870+0000] {dag.py:3239} INFO - Sync 1 DAGs
[2025-05-08T12:00:49.887+0000] {logging_mixin.py:190} INFO - [2025-05-08T12:00:49.887+0000] {dag.py:4180} INFO - Setting next_dagrun for sample_dag_1 to 2025-05-08 11:59:00+00:00, run_after=2025-05-08 12:00:00+00:00
[2025-05-08T12:00:49.901+0000] {processor.py:208} INFO - Processing /workspaces/airflow/dags/sample_dag.py took 0.061 seconds
[2025-05-08T12:01:20.146+0000] {processor.py:186} INFO - Started process (PID=24589) to work on /workspaces/airflow/dags/sample_dag.py
[2025-05-08T12:01:20.147+0000] {processor.py:914} INFO - Processing file /workspaces/airflow/dags/sample_dag.py for tasks to queue
[2025-05-08T12:01:20.148+0000] {logging_mixin.py:190} INFO - [2025-05-08T12:01:20.148+0000] {dagbag.py:588} INFO - Filling up the DagBag from /workspaces/airflow/dags/sample_dag.py
[2025-05-08T12:01:20.156+0000] {processor.py:925} INFO - DAG(s) 'sample_dag_1' retrieved from /workspaces/airflow/dags/sample_dag.py
[2025-05-08T12:01:20.170+0000] {logging_mixin.py:190} INFO - [2025-05-08T12:01:20.170+0000] {dag.py:3239} INFO - Sync 1 DAGs
[2025-05-08T12:01:20.187+0000] {logging_mixin.py:190} INFO - [2025-05-08T12:01:20.187+0000] {dag.py:4180} INFO - Setting next_dagrun for sample_dag_1 to 2025-05-08 12:00:00+00:00, run_after=2025-05-08 12:01:00+00:00
[2025-05-08T12:01:20.201+0000] {processor.py:208} INFO - Processing /workspaces/airflow/dags/sample_dag.py took 0.058 seconds
[2025-05-08T12:01:50.571+0000] {processor.py:186} INFO - Started process (PID=25107) to work on /workspaces/airflow/dags/sample_dag.py
[2025-05-08T12:01:50.572+0000] {processor.py:914} INFO - Processing file /workspaces/airflow/dags/sample_dag.py for tasks to queue
[2025-05-08T12:01:50.574+0000] {logging_mixin.py:190} INFO - [2025-05-08T12:01:50.574+0000] {dagbag.py:588} INFO - Filling up the DagBag from /workspaces/airflow/dags/sample_dag.py
[2025-05-08T12:01:50.582+0000] {processor.py:925} INFO - DAG(s) 'sample_dag_1' retrieved from /workspaces/airflow/dags/sample_dag.py
[2025-05-08T12:01:50.597+0000] {logging_mixin.py:190} INFO - [2025-05-08T12:01:50.596+0000] {dag.py:3239} INFO - Sync 1 DAGs
[2025-05-08T12:01:50.613+0000] {logging_mixin.py:190} INFO - [2025-05-08T12:01:50.613+0000] {dag.py:4180} INFO - Setting next_dagrun for sample_dag_1 to 2025-05-08 12:00:00+00:00, run_after=2025-05-08 12:01:00+00:00
[2025-05-08T12:01:50.627+0000] {processor.py:208} INFO - Processing /workspaces/airflow/dags/sample_dag.py took 0.059 seconds
[2025-05-08T12:02:20.767+0000] {processor.py:186} INFO - Started process (PID=25432) to work on /workspaces/airflow/dags/sample_dag.py
[2025-05-08T12:02:20.767+0000] {processor.py:914} INFO - Processing file /workspaces/airflow/dags/sample_dag.py for tasks to queue
[2025-05-08T12:02:20.769+0000] {logging_mixin.py:190} INFO - [2025-05-08T12:02:20.768+0000] {dagbag.py:588} INFO - Filling up the DagBag from /workspaces/airflow/dags/sample_dag.py
[2025-05-08T12:02:20.777+0000] {processor.py:925} INFO - DAG(s) 'sample_dag_1' retrieved from /workspaces/airflow/dags/sample_dag.py
[2025-05-08T12:02:20.791+0000] {logging_mixin.py:190} INFO - [2025-05-08T12:02:20.791+0000] {dag.py:3239} INFO - Sync 1 DAGs
[2025-05-08T12:02:20.808+0000] {logging_mixin.py:190} INFO - [2025-05-08T12:02:20.807+0000] {dag.py:4180} INFO - Setting next_dagrun for sample_dag_1 to 2025-05-08 12:01:00+00:00, run_after=2025-05-08 12:02:00+00:00
[2025-05-08T12:02:20.822+0000] {processor.py:208} INFO - Processing /workspaces/airflow/dags/sample_dag.py took 0.059 seconds
[2025-05-08T12:02:50.978+0000] {processor.py:186} INFO - Started process (PID=25652) to work on /workspaces/airflow/dags/sample_dag.py
[2025-05-08T12:02:50.979+0000] {processor.py:914} INFO - Processing file /workspaces/airflow/dags/sample_dag.py for tasks to queue
[2025-05-08T12:02:50.981+0000] {logging_mixin.py:190} INFO - [2025-05-08T12:02:50.980+0000] {dagbag.py:588} INFO - Filling up the DagBag from /workspaces/airflow/dags/sample_dag.py
[2025-05-08T12:02:50.990+0000] {processor.py:925} INFO - DAG(s) 'sample_dag_1' retrieved from /workspaces/airflow/dags/sample_dag.py
[2025-05-08T12:02:51.005+0000] {logging_mixin.py:190} INFO - [2025-05-08T12:02:51.005+0000] {dag.py:3239} INFO - Sync 1 DAGs
[2025-05-08T12:02:51.022+0000] {logging_mixin.py:190} INFO - [2025-05-08T12:02:51.022+0000] {dag.py:4180} INFO - Setting next_dagrun for sample_dag_1 to 2025-05-08 12:01:00+00:00, run_after=2025-05-08 12:02:00+00:00
[2025-05-08T12:02:51.037+0000] {processor.py:208} INFO - Processing /workspaces/airflow/dags/sample_dag.py took 0.063 seconds
[2025-05-08T12:03:21.184+0000] {processor.py:186} INFO - Started process (PID=25918) to work on /workspaces/airflow/dags/sample_dag.py
[2025-05-08T12:03:21.185+0000] {processor.py:914} INFO - Processing file /workspaces/airflow/dags/sample_dag.py for tasks to queue
[2025-05-08T12:03:21.186+0000] {logging_mixin.py:190} INFO - [2025-05-08T12:03:21.186+0000] {dagbag.py:588} INFO - Filling up the DagBag from /workspaces/airflow/dags/sample_dag.py
[2025-05-08T12:03:21.194+0000] {processor.py:925} INFO - DAG(s) 'sample_dag_1' retrieved from /workspaces/airflow/dags/sample_dag.py
[2025-05-08T12:03:21.209+0000] {logging_mixin.py:190} INFO - [2025-05-08T12:03:21.209+0000] {dag.py:3239} INFO - Sync 1 DAGs
[2025-05-08T12:03:21.226+0000] {logging_mixin.py:190} INFO - [2025-05-08T12:03:21.226+0000] {dag.py:4180} INFO - Setting next_dagrun for sample_dag_1 to 2025-05-08 12:02:00+00:00, run_after=2025-05-08 12:03:00+00:00
[2025-05-08T12:03:21.241+0000] {processor.py:208} INFO - Processing /workspaces/airflow/dags/sample_dag.py took 0.060 seconds
[2025-05-08T12:03:51.395+0000] {processor.py:186} INFO - Started process (PID=26128) to work on /workspaces/airflow/dags/sample_dag.py
[2025-05-08T12:03:51.396+0000] {processor.py:914} INFO - Processing file /workspaces/airflow/dags/sample_dag.py for tasks to queue
[2025-05-08T12:03:51.398+0000] {logging_mixin.py:190} INFO - [2025-05-08T12:03:51.398+0000] {dagbag.py:588} INFO - Filling up the DagBag from /workspaces/airflow/dags/sample_dag.py
[2025-05-08T12:03:51.406+0000] {processor.py:925} INFO - DAG(s) 'sample_dag_1' retrieved from /workspaces/airflow/dags/sample_dag.py
[2025-05-08T12:03:51.421+0000] {logging_mixin.py:190} INFO - [2025-05-08T12:03:51.421+0000] {dag.py:3239} INFO - Sync 1 DAGs
[2025-05-08T12:03:51.438+0000] {logging_mixin.py:190} INFO - [2025-05-08T12:03:51.438+0000] {dag.py:4180} INFO - Setting next_dagrun for sample_dag_1 to 2025-05-08 12:02:00+00:00, run_after=2025-05-08 12:03:00+00:00
[2025-05-08T12:03:51.452+0000] {processor.py:208} INFO - Processing /workspaces/airflow/dags/sample_dag.py took 0.061 seconds
[2025-05-08T12:04:21.571+0000] {processor.py:186} INFO - Started process (PID=26415) to work on /workspaces/airflow/dags/sample_dag.py
[2025-05-08T12:04:21.572+0000] {processor.py:914} INFO - Processing file /workspaces/airflow/dags/sample_dag.py for tasks to queue
[2025-05-08T12:04:21.574+0000] {logging_mixin.py:190} INFO - [2025-05-08T12:04:21.574+0000] {dagbag.py:588} INFO - Filling up the DagBag from /workspaces/airflow/dags/sample_dag.py
[2025-05-08T12:04:21.586+0000] {processor.py:925} INFO - DAG(s) 'sample_dag_1' retrieved from /workspaces/airflow/dags/sample_dag.py
[2025-05-08T12:04:21.608+0000] {logging_mixin.py:190} INFO - [2025-05-08T12:04:21.608+0000] {dag.py:3239} INFO - Sync 1 DAGs
[2025-05-08T12:04:21.626+0000] {logging_mixin.py:190} INFO - [2025-05-08T12:04:21.625+0000] {dag.py:4180} INFO - Setting next_dagrun for sample_dag_1 to 2025-05-08 12:03:00+00:00, run_after=2025-05-08 12:04:00+00:00
[2025-05-08T12:04:21.641+0000] {processor.py:208} INFO - Processing /workspaces/airflow/dags/sample_dag.py took 0.076 seconds
[2025-05-08T12:04:51.770+0000] {processor.py:186} INFO - Started process (PID=27269) to work on /workspaces/airflow/dags/sample_dag.py
[2025-05-08T12:04:51.771+0000] {processor.py:914} INFO - Processing file /workspaces/airflow/dags/sample_dag.py for tasks to queue
[2025-05-08T12:04:51.773+0000] {logging_mixin.py:190} INFO - [2025-05-08T12:04:51.772+0000] {dagbag.py:588} INFO - Filling up the DagBag from /workspaces/airflow/dags/sample_dag.py
[2025-05-08T12:04:51.785+0000] {processor.py:925} INFO - DAG(s) 'sample_dag_1' retrieved from /workspaces/airflow/dags/sample_dag.py
[2025-05-08T12:04:51.806+0000] {logging_mixin.py:190} INFO - [2025-05-08T12:04:51.806+0000] {dag.py:3239} INFO - Sync 1 DAGs
[2025-05-08T12:04:51.831+0000] {logging_mixin.py:190} INFO - [2025-05-08T12:04:51.831+0000] {dag.py:4180} INFO - Setting next_dagrun for sample_dag_1 to 2025-05-08 12:03:00+00:00, run_after=2025-05-08 12:04:00+00:00
[2025-05-08T12:04:51.853+0000] {processor.py:208} INFO - Processing /workspaces/airflow/dags/sample_dag.py took 0.089 seconds
[2025-05-08T12:05:22.396+0000] {processor.py:186} INFO - Started process (PID=27792) to work on /workspaces/airflow/dags/sample_dag.py
[2025-05-08T12:05:22.397+0000] {processor.py:914} INFO - Processing file /workspaces/airflow/dags/sample_dag.py for tasks to queue
[2025-05-08T12:05:22.399+0000] {logging_mixin.py:190} INFO - [2025-05-08T12:05:22.399+0000] {dagbag.py:588} INFO - Filling up the DagBag from /workspaces/airflow/dags/sample_dag.py
[2025-05-08T12:05:22.410+0000] {processor.py:925} INFO - DAG(s) 'sample_dag_1' retrieved from /workspaces/airflow/dags/sample_dag.py
[2025-05-08T12:05:22.424+0000] {logging_mixin.py:190} INFO - [2025-05-08T12:05:22.424+0000] {dag.py:3239} INFO - Sync 1 DAGs
[2025-05-08T12:05:22.441+0000] {logging_mixin.py:190} INFO - [2025-05-08T12:05:22.441+0000] {dag.py:4180} INFO - Setting next_dagrun for sample_dag_1 to 2025-05-08 12:04:00+00:00, run_after=2025-05-08 12:05:00+00:00
[2025-05-08T12:05:22.457+0000] {processor.py:208} INFO - Processing /workspaces/airflow/dags/sample_dag.py took 0.067 seconds
[2025-05-08T12:05:52.677+0000] {processor.py:186} INFO - Started process (PID=28033) to work on /workspaces/airflow/dags/sample_dag.py
[2025-05-08T12:05:52.680+0000] {processor.py:914} INFO - Processing file /workspaces/airflow/dags/sample_dag.py for tasks to queue
[2025-05-08T12:05:52.682+0000] {logging_mixin.py:190} INFO - [2025-05-08T12:05:52.681+0000] {dagbag.py:588} INFO - Filling up the DagBag from /workspaces/airflow/dags/sample_dag.py
[2025-05-08T12:05:52.694+0000] {processor.py:925} INFO - DAG(s) 'sample_dag_1' retrieved from /workspaces/airflow/dags/sample_dag.py
[2025-05-08T12:05:52.717+0000] {logging_mixin.py:190} INFO - [2025-05-08T12:05:52.717+0000] {dag.py:3239} INFO - Sync 1 DAGs
[2025-05-08T12:05:52.734+0000] {logging_mixin.py:190} INFO - [2025-05-08T12:05:52.734+0000] {dag.py:4180} INFO - Setting next_dagrun for sample_dag_1 to 2025-05-08 12:04:00+00:00, run_after=2025-05-08 12:05:00+00:00
[2025-05-08T12:05:52.748+0000] {processor.py:208} INFO - Processing /workspaces/airflow/dags/sample_dag.py took 0.084 seconds
[2025-05-08T12:06:22.930+0000] {processor.py:186} INFO - Started process (PID=28396) to work on /workspaces/airflow/dags/sample_dag.py
[2025-05-08T12:06:22.931+0000] {processor.py:914} INFO - Processing file /workspaces/airflow/dags/sample_dag.py for tasks to queue
[2025-05-08T12:06:22.934+0000] {logging_mixin.py:190} INFO - [2025-05-08T12:06:22.933+0000] {dagbag.py:588} INFO - Filling up the DagBag from /workspaces/airflow/dags/sample_dag.py
[2025-05-08T12:06:22.945+0000] {processor.py:925} INFO - DAG(s) 'sample_dag_1' retrieved from /workspaces/airflow/dags/sample_dag.py
[2025-05-08T12:06:22.966+0000] {logging_mixin.py:190} INFO - [2025-05-08T12:06:22.965+0000] {dag.py:3239} INFO - Sync 1 DAGs
[2025-05-08T12:06:22.993+0000] {logging_mixin.py:190} INFO - [2025-05-08T12:06:22.993+0000] {dag.py:4180} INFO - Setting next_dagrun for sample_dag_1 to 2025-05-08 12:05:00+00:00, run_after=2025-05-08 12:06:00+00:00
[2025-05-08T12:06:23.014+0000] {processor.py:208} INFO - Processing /workspaces/airflow/dags/sample_dag.py took 0.091 seconds
[2025-05-08T12:06:53.170+0000] {processor.py:186} INFO - Started process (PID=28954) to work on /workspaces/airflow/dags/sample_dag.py
[2025-05-08T12:06:53.171+0000] {processor.py:914} INFO - Processing file /workspaces/airflow/dags/sample_dag.py for tasks to queue
[2025-05-08T12:06:53.172+0000] {logging_mixin.py:190} INFO - [2025-05-08T12:06:53.172+0000] {dagbag.py:588} INFO - Filling up the DagBag from /workspaces/airflow/dags/sample_dag.py
[2025-05-08T12:06:53.180+0000] {processor.py:925} INFO - DAG(s) 'sample_dag_1' retrieved from /workspaces/airflow/dags/sample_dag.py
[2025-05-08T12:06:53.195+0000] {logging_mixin.py:190} INFO - [2025-05-08T12:06:53.195+0000] {dag.py:3239} INFO - Sync 1 DAGs
[2025-05-08T12:06:53.211+0000] {logging_mixin.py:190} INFO - [2025-05-08T12:06:53.211+0000] {dag.py:4180} INFO - Setting next_dagrun for sample_dag_1 to 2025-05-08 12:05:00+00:00, run_after=2025-05-08 12:06:00+00:00
[2025-05-08T12:06:53.225+0000] {processor.py:208} INFO - Processing /workspaces/airflow/dags/sample_dag.py took 0.059 seconds
[2025-05-08T12:07:23.361+0000] {processor.py:186} INFO - Started process (PID=29232) to work on /workspaces/airflow/dags/sample_dag.py
[2025-05-08T12:07:23.361+0000] {processor.py:914} INFO - Processing file /workspaces/airflow/dags/sample_dag.py for tasks to queue
[2025-05-08T12:07:23.363+0000] {logging_mixin.py:190} INFO - [2025-05-08T12:07:23.362+0000] {dagbag.py:588} INFO - Filling up the DagBag from /workspaces/airflow/dags/sample_dag.py
[2025-05-08T12:07:23.371+0000] {processor.py:925} INFO - DAG(s) 'sample_dag_1' retrieved from /workspaces/airflow/dags/sample_dag.py
[2025-05-08T12:07:23.385+0000] {logging_mixin.py:190} INFO - [2025-05-08T12:07:23.385+0000] {dag.py:3239} INFO - Sync 1 DAGs
[2025-05-08T12:07:23.401+0000] {logging_mixin.py:190} INFO - [2025-05-08T12:07:23.401+0000] {dag.py:4180} INFO - Setting next_dagrun for sample_dag_1 to 2025-05-08 12:06:00+00:00, run_after=2025-05-08 12:07:00+00:00
[2025-05-08T12:07:23.415+0000] {processor.py:208} INFO - Processing /workspaces/airflow/dags/sample_dag.py took 0.059 seconds
[2025-05-08T12:07:53.589+0000] {processor.py:186} INFO - Started process (PID=29585) to work on /workspaces/airflow/dags/sample_dag.py
[2025-05-08T12:07:53.590+0000] {processor.py:914} INFO - Processing file /workspaces/airflow/dags/sample_dag.py for tasks to queue
[2025-05-08T12:07:53.592+0000] {logging_mixin.py:190} INFO - [2025-05-08T12:07:53.592+0000] {dagbag.py:588} INFO - Filling up the DagBag from /workspaces/airflow/dags/sample_dag.py
[2025-05-08T12:07:53.600+0000] {processor.py:925} INFO - DAG(s) 'sample_dag_1' retrieved from /workspaces/airflow/dags/sample_dag.py
[2025-05-08T12:07:53.616+0000] {logging_mixin.py:190} INFO - [2025-05-08T12:07:53.616+0000] {dag.py:3239} INFO - Sync 1 DAGs
[2025-05-08T12:07:53.632+0000] {logging_mixin.py:190} INFO - [2025-05-08T12:07:53.632+0000] {dag.py:4180} INFO - Setting next_dagrun for sample_dag_1 to 2025-05-08 12:06:00+00:00, run_after=2025-05-08 12:07:00+00:00
[2025-05-08T12:07:53.647+0000] {processor.py:208} INFO - Processing /workspaces/airflow/dags/sample_dag.py took 0.062 seconds
[2025-05-08T12:08:23.759+0000] {processor.py:186} INFO - Started process (PID=30097) to work on /workspaces/airflow/dags/sample_dag.py
[2025-05-08T12:08:23.760+0000] {processor.py:914} INFO - Processing file /workspaces/airflow/dags/sample_dag.py for tasks to queue
[2025-05-08T12:08:23.761+0000] {logging_mixin.py:190} INFO - [2025-05-08T12:08:23.761+0000] {dagbag.py:588} INFO - Filling up the DagBag from /workspaces/airflow/dags/sample_dag.py
[2025-05-08T12:08:23.769+0000] {processor.py:925} INFO - DAG(s) 'sample_dag_1' retrieved from /workspaces/airflow/dags/sample_dag.py
[2025-05-08T12:08:23.786+0000] {logging_mixin.py:190} INFO - [2025-05-08T12:08:23.785+0000] {dag.py:3239} INFO - Sync 1 DAGs
[2025-05-08T12:08:23.802+0000] {logging_mixin.py:190} INFO - [2025-05-08T12:08:23.802+0000] {dag.py:4180} INFO - Setting next_dagrun for sample_dag_1 to 2025-05-08 12:07:00+00:00, run_after=2025-05-08 12:08:00+00:00
[2025-05-08T12:08:23.817+0000] {processor.py:208} INFO - Processing /workspaces/airflow/dags/sample_dag.py took 0.061 seconds
[2025-05-08T12:08:55.347+0000] {processor.py:186} INFO - Started process (PID=30485) to work on /workspaces/airflow/dags/sample_dag.py
[2025-05-08T12:08:55.347+0000] {processor.py:914} INFO - Processing file /workspaces/airflow/dags/sample_dag.py for tasks to queue
[2025-05-08T12:08:55.349+0000] {logging_mixin.py:190} INFO - [2025-05-08T12:08:55.349+0000] {dagbag.py:588} INFO - Filling up the DagBag from /workspaces/airflow/dags/sample_dag.py
[2025-05-08T12:08:55.357+0000] {processor.py:925} INFO - DAG(s) 'sample_dag_1' retrieved from /workspaces/airflow/dags/sample_dag.py
[2025-05-08T12:08:55.371+0000] {logging_mixin.py:190} INFO - [2025-05-08T12:08:55.371+0000] {dag.py:3239} INFO - Sync 1 DAGs
[2025-05-08T12:08:55.390+0000] {logging_mixin.py:190} INFO - [2025-05-08T12:08:55.389+0000] {dag.py:4180} INFO - Setting next_dagrun for sample_dag_1 to 2025-05-08 12:07:00+00:00, run_after=2025-05-08 12:08:00+00:00
[2025-05-08T12:08:55.403+0000] {processor.py:208} INFO - Processing /workspaces/airflow/dags/sample_dag.py took 0.060 seconds
[2025-05-08T12:09:25.619+0000] {processor.py:186} INFO - Started process (PID=30911) to work on /workspaces/airflow/dags/sample_dag.py
[2025-05-08T12:09:25.619+0000] {processor.py:914} INFO - Processing file /workspaces/airflow/dags/sample_dag.py for tasks to queue
[2025-05-08T12:09:25.621+0000] {logging_mixin.py:190} INFO - [2025-05-08T12:09:25.621+0000] {dagbag.py:588} INFO - Filling up the DagBag from /workspaces/airflow/dags/sample_dag.py
[2025-05-08T12:09:25.629+0000] {processor.py:925} INFO - DAG(s) 'sample_dag_1' retrieved from /workspaces/airflow/dags/sample_dag.py
[2025-05-08T12:09:25.645+0000] {logging_mixin.py:190} INFO - [2025-05-08T12:09:25.645+0000] {dag.py:3239} INFO - Sync 1 DAGs
[2025-05-08T12:09:25.665+0000] {logging_mixin.py:190} INFO - [2025-05-08T12:09:25.664+0000] {dag.py:4180} INFO - Setting next_dagrun for sample_dag_1 to 2025-05-08 12:08:00+00:00, run_after=2025-05-08 12:09:00+00:00
[2025-05-08T12:09:25.680+0000] {processor.py:208} INFO - Processing /workspaces/airflow/dags/sample_dag.py took 0.065 seconds
[2025-05-08T12:09:56.092+0000] {processor.py:186} INFO - Started process (PID=31124) to work on /workspaces/airflow/dags/sample_dag.py
[2025-05-08T12:09:56.092+0000] {processor.py:914} INFO - Processing file /workspaces/airflow/dags/sample_dag.py for tasks to queue
[2025-05-08T12:09:56.094+0000] {logging_mixin.py:190} INFO - [2025-05-08T12:09:56.093+0000] {dagbag.py:588} INFO - Filling up the DagBag from /workspaces/airflow/dags/sample_dag.py
[2025-05-08T12:09:56.102+0000] {processor.py:925} INFO - DAG(s) 'sample_dag_1' retrieved from /workspaces/airflow/dags/sample_dag.py
[2025-05-08T12:09:56.118+0000] {logging_mixin.py:190} INFO - [2025-05-08T12:09:56.117+0000] {dag.py:3239} INFO - Sync 1 DAGs
[2025-05-08T12:09:56.134+0000] {logging_mixin.py:190} INFO - [2025-05-08T12:09:56.134+0000] {dag.py:4180} INFO - Setting next_dagrun for sample_dag_1 to 2025-05-08 12:08:00+00:00, run_after=2025-05-08 12:09:00+00:00
[2025-05-08T12:09:56.148+0000] {processor.py:208} INFO - Processing /workspaces/airflow/dags/sample_dag.py took 0.061 seconds
[2025-05-08T12:10:26.405+0000] {processor.py:186} INFO - Started process (PID=31524) to work on /workspaces/airflow/dags/sample_dag.py
[2025-05-08T12:10:26.406+0000] {processor.py:914} INFO - Processing file /workspaces/airflow/dags/sample_dag.py for tasks to queue
[2025-05-08T12:10:26.407+0000] {logging_mixin.py:190} INFO - [2025-05-08T12:10:26.407+0000] {dagbag.py:588} INFO - Filling up the DagBag from /workspaces/airflow/dags/sample_dag.py
[2025-05-08T12:10:26.416+0000] {processor.py:925} INFO - DAG(s) 'sample_dag_1' retrieved from /workspaces/airflow/dags/sample_dag.py
[2025-05-08T12:10:26.431+0000] {logging_mixin.py:190} INFO - [2025-05-08T12:10:26.431+0000] {dag.py:3239} INFO - Sync 1 DAGs
[2025-05-08T12:10:26.449+0000] {logging_mixin.py:190} INFO - [2025-05-08T12:10:26.449+0000] {dag.py:4180} INFO - Setting next_dagrun for sample_dag_1 to 2025-05-08 12:09:00+00:00, run_after=2025-05-08 12:10:00+00:00
[2025-05-08T12:10:26.465+0000] {processor.py:208} INFO - Processing /workspaces/airflow/dags/sample_dag.py took 0.064 seconds
[2025-05-08T12:10:56.684+0000] {processor.py:186} INFO - Started process (PID=31736) to work on /workspaces/airflow/dags/sample_dag.py
[2025-05-08T12:10:56.685+0000] {processor.py:914} INFO - Processing file /workspaces/airflow/dags/sample_dag.py for tasks to queue
[2025-05-08T12:10:56.687+0000] {logging_mixin.py:190} INFO - [2025-05-08T12:10:56.686+0000] {dagbag.py:588} INFO - Filling up the DagBag from /workspaces/airflow/dags/sample_dag.py
[2025-05-08T12:10:56.695+0000] {processor.py:925} INFO - DAG(s) 'sample_dag_1' retrieved from /workspaces/airflow/dags/sample_dag.py
[2025-05-08T12:10:56.710+0000] {logging_mixin.py:190} INFO - [2025-05-08T12:10:56.710+0000] {dag.py:3239} INFO - Sync 1 DAGs
[2025-05-08T12:10:56.726+0000] {logging_mixin.py:190} INFO - [2025-05-08T12:10:56.726+0000] {dag.py:4180} INFO - Setting next_dagrun for sample_dag_1 to 2025-05-08 12:09:00+00:00, run_after=2025-05-08 12:10:00+00:00
[2025-05-08T12:10:56.740+0000] {processor.py:208} INFO - Processing /workspaces/airflow/dags/sample_dag.py took 0.059 seconds
[2025-05-08T12:11:26.986+0000] {processor.py:186} INFO - Started process (PID=32197) to work on /workspaces/airflow/dags/sample_dag.py
[2025-05-08T12:11:26.987+0000] {processor.py:914} INFO - Processing file /workspaces/airflow/dags/sample_dag.py for tasks to queue
[2025-05-08T12:11:26.988+0000] {logging_mixin.py:190} INFO - [2025-05-08T12:11:26.988+0000] {dagbag.py:588} INFO - Filling up the DagBag from /workspaces/airflow/dags/sample_dag.py
[2025-05-08T12:11:26.997+0000] {processor.py:925} INFO - DAG(s) 'sample_dag_1' retrieved from /workspaces/airflow/dags/sample_dag.py
[2025-05-08T12:11:27.012+0000] {logging_mixin.py:190} INFO - [2025-05-08T12:11:27.012+0000] {dag.py:3239} INFO - Sync 1 DAGs
[2025-05-08T12:11:27.028+0000] {logging_mixin.py:190} INFO - [2025-05-08T12:11:27.028+0000] {dag.py:4180} INFO - Setting next_dagrun for sample_dag_1 to 2025-05-08 12:10:00+00:00, run_after=2025-05-08 12:11:00+00:00
[2025-05-08T12:11:27.042+0000] {processor.py:208} INFO - Processing /workspaces/airflow/dags/sample_dag.py took 0.060 seconds
[2025-05-08T12:11:57.248+0000] {processor.py:186} INFO - Started process (PID=32416) to work on /workspaces/airflow/dags/sample_dag.py
[2025-05-08T12:11:57.250+0000] {processor.py:914} INFO - Processing file /workspaces/airflow/dags/sample_dag.py for tasks to queue
[2025-05-08T12:11:57.254+0000] {logging_mixin.py:190} INFO - [2025-05-08T12:11:57.253+0000] {dagbag.py:588} INFO - Filling up the DagBag from /workspaces/airflow/dags/sample_dag.py
[2025-05-08T12:11:57.269+0000] {processor.py:925} INFO - DAG(s) 'sample_dag_1' retrieved from /workspaces/airflow/dags/sample_dag.py
[2025-05-08T12:11:57.293+0000] {logging_mixin.py:190} INFO - [2025-05-08T12:11:57.293+0000] {dag.py:3239} INFO - Sync 1 DAGs
[2025-05-08T12:11:57.333+0000] {logging_mixin.py:190} INFO - [2025-05-08T12:11:57.333+0000] {dag.py:4180} INFO - Setting next_dagrun for sample_dag_1 to 2025-05-08 12:10:00+00:00, run_after=2025-05-08 12:11:00+00:00
[2025-05-08T12:11:57.366+0000] {processor.py:208} INFO - Processing /workspaces/airflow/dags/sample_dag.py took 0.131 seconds
[2025-05-08T12:12:27.476+0000] {processor.py:186} INFO - Started process (PID=32754) to work on /workspaces/airflow/dags/sample_dag.py
[2025-05-08T12:12:27.477+0000] {processor.py:914} INFO - Processing file /workspaces/airflow/dags/sample_dag.py for tasks to queue
[2025-05-08T12:12:27.479+0000] {logging_mixin.py:190} INFO - [2025-05-08T12:12:27.479+0000] {dagbag.py:588} INFO - Filling up the DagBag from /workspaces/airflow/dags/sample_dag.py
[2025-05-08T12:12:27.489+0000] {processor.py:925} INFO - DAG(s) 'sample_dag_1' retrieved from /workspaces/airflow/dags/sample_dag.py
[2025-05-08T12:12:27.507+0000] {logging_mixin.py:190} INFO - [2025-05-08T12:12:27.507+0000] {dag.py:3239} INFO - Sync 1 DAGs
[2025-05-08T12:12:27.526+0000] {logging_mixin.py:190} INFO - [2025-05-08T12:12:27.525+0000] {dag.py:4180} INFO - Setting next_dagrun for sample_dag_1 to 2025-05-08 12:11:00+00:00, run_after=2025-05-08 12:12:00+00:00
[2025-05-08T12:12:27.544+0000] {processor.py:208} INFO - Processing /workspaces/airflow/dags/sample_dag.py took 0.074 seconds
[2025-05-08T12:12:57.607+0000] {processor.py:186} INFO - Started process (PID=33084) to work on /workspaces/airflow/dags/sample_dag.py
[2025-05-08T12:12:57.608+0000] {processor.py:914} INFO - Processing file /workspaces/airflow/dags/sample_dag.py for tasks to queue
[2025-05-08T12:12:57.609+0000] {logging_mixin.py:190} INFO - [2025-05-08T12:12:57.609+0000] {dagbag.py:588} INFO - Filling up the DagBag from /workspaces/airflow/dags/sample_dag.py
[2025-05-08T12:12:57.617+0000] {processor.py:925} INFO - DAG(s) 'sample_dag_1' retrieved from /workspaces/airflow/dags/sample_dag.py
[2025-05-08T12:12:57.632+0000] {logging_mixin.py:190} INFO - [2025-05-08T12:12:57.632+0000] {dag.py:3239} INFO - Sync 1 DAGs
[2025-05-08T12:12:57.649+0000] {logging_mixin.py:190} INFO - [2025-05-08T12:12:57.649+0000] {dag.py:4180} INFO - Setting next_dagrun for sample_dag_1 to 2025-05-08 12:11:00+00:00, run_after=2025-05-08 12:12:00+00:00
[2025-05-08T12:12:57.781+0000] {processor.py:208} INFO - Processing /workspaces/airflow/dags/sample_dag.py took 0.178 seconds
[2025-05-08T12:13:27.845+0000] {processor.py:186} INFO - Started process (PID=33358) to work on /workspaces/airflow/dags/sample_dag.py
[2025-05-08T12:13:27.846+0000] {processor.py:914} INFO - Processing file /workspaces/airflow/dags/sample_dag.py for tasks to queue
[2025-05-08T12:13:27.847+0000] {logging_mixin.py:190} INFO - [2025-05-08T12:13:27.847+0000] {dagbag.py:588} INFO - Filling up the DagBag from /workspaces/airflow/dags/sample_dag.py
[2025-05-08T12:13:27.855+0000] {processor.py:925} INFO - DAG(s) 'sample_dag_1' retrieved from /workspaces/airflow/dags/sample_dag.py
[2025-05-08T12:13:27.872+0000] {logging_mixin.py:190} INFO - [2025-05-08T12:13:27.872+0000] {dag.py:3239} INFO - Sync 1 DAGs
[2025-05-08T12:13:28.006+0000] {logging_mixin.py:190} INFO - [2025-05-08T12:13:28.005+0000] {dag.py:4180} INFO - Setting next_dagrun for sample_dag_1 to 2025-05-08 12:12:00+00:00, run_after=2025-05-08 12:13:00+00:00
[2025-05-08T12:13:28.021+0000] {processor.py:208} INFO - Processing /workspaces/airflow/dags/sample_dag.py took 0.180 seconds
[2025-05-08T12:13:58.064+0000] {processor.py:186} INFO - Started process (PID=33564) to work on /workspaces/airflow/dags/sample_dag.py
[2025-05-08T12:13:58.065+0000] {processor.py:914} INFO - Processing file /workspaces/airflow/dags/sample_dag.py for tasks to queue
[2025-05-08T12:13:58.066+0000] {logging_mixin.py:190} INFO - [2025-05-08T12:13:58.066+0000] {dagbag.py:588} INFO - Filling up the DagBag from /workspaces/airflow/dags/sample_dag.py
[2025-05-08T12:13:58.074+0000] {processor.py:925} INFO - DAG(s) 'sample_dag_1' retrieved from /workspaces/airflow/dags/sample_dag.py
[2025-05-08T12:13:58.090+0000] {logging_mixin.py:190} INFO - [2025-05-08T12:13:58.090+0000] {dag.py:3239} INFO - Sync 1 DAGs
[2025-05-08T12:13:58.196+0000] {logging_mixin.py:190} INFO - [2025-05-08T12:13:58.196+0000] {dag.py:4180} INFO - Setting next_dagrun for sample_dag_1 to 2025-05-08 12:12:00+00:00, run_after=2025-05-08 12:13:00+00:00
[2025-05-08T12:13:58.216+0000] {processor.py:208} INFO - Processing /workspaces/airflow/dags/sample_dag.py took 0.156 seconds
[2025-05-08T12:16:45.439+0000] {processor.py:186} INFO - Started process (PID=35001) to work on /workspaces/airflow/dags/sample_dag.py
[2025-05-08T12:16:45.440+0000] {processor.py:914} INFO - Processing file /workspaces/airflow/dags/sample_dag.py for tasks to queue
[2025-05-08T12:16:45.442+0000] {logging_mixin.py:190} INFO - [2025-05-08T12:16:45.442+0000] {dagbag.py:588} INFO - Filling up the DagBag from /workspaces/airflow/dags/sample_dag.py
[2025-05-08T12:16:45.464+0000] {processor.py:925} INFO - DAG(s) 'sample_dag_1' retrieved from /workspaces/airflow/dags/sample_dag.py
[2025-05-08T12:16:45.487+0000] {logging_mixin.py:190} INFO - [2025-05-08T12:16:45.487+0000] {dag.py:3239} INFO - Sync 1 DAGs
[2025-05-08T12:16:45.523+0000] {logging_mixin.py:190} INFO - [2025-05-08T12:16:45.522+0000] {dag.py:4180} INFO - Setting next_dagrun for sample_dag_1 to 2025-05-08 12:15:00+00:00, run_after=2025-05-08 12:16:00+00:00
[2025-05-08T12:16:45.557+0000] {processor.py:208} INFO - Processing /workspaces/airflow/dags/sample_dag.py took 0.125 seconds
[2025-05-08T12:17:16.307+0000] {processor.py:186} INFO - Started process (PID=35619) to work on /workspaces/airflow/dags/sample_dag.py
[2025-05-08T12:17:16.308+0000] {processor.py:914} INFO - Processing file /workspaces/airflow/dags/sample_dag.py for tasks to queue
[2025-05-08T12:17:16.310+0000] {logging_mixin.py:190} INFO - [2025-05-08T12:17:16.309+0000] {dagbag.py:588} INFO - Filling up the DagBag from /workspaces/airflow/dags/sample_dag.py
[2025-05-08T12:17:16.320+0000] {processor.py:925} INFO - DAG(s) 'sample_dag_1' retrieved from /workspaces/airflow/dags/sample_dag.py
[2025-05-08T12:17:16.335+0000] {logging_mixin.py:190} INFO - [2025-05-08T12:17:16.335+0000] {dag.py:3239} INFO - Sync 1 DAGs
[2025-05-08T12:17:16.353+0000] {logging_mixin.py:190} INFO - [2025-05-08T12:17:16.353+0000] {dag.py:4180} INFO - Setting next_dagrun for sample_dag_1 to 2025-05-08 12:16:00+00:00, run_after=2025-05-08 12:17:00+00:00
[2025-05-08T12:17:16.368+0000] {processor.py:208} INFO - Processing /workspaces/airflow/dags/sample_dag.py took 0.066 seconds
[2025-05-08T12:17:46.516+0000] {processor.py:186} INFO - Started process (PID=36002) to work on /workspaces/airflow/dags/sample_dag.py
[2025-05-08T12:17:46.516+0000] {processor.py:914} INFO - Processing file /workspaces/airflow/dags/sample_dag.py for tasks to queue
[2025-05-08T12:17:46.518+0000] {logging_mixin.py:190} INFO - [2025-05-08T12:17:46.518+0000] {dagbag.py:588} INFO - Filling up the DagBag from /workspaces/airflow/dags/sample_dag.py
[2025-05-08T12:17:46.526+0000] {processor.py:925} INFO - DAG(s) 'sample_dag_1' retrieved from /workspaces/airflow/dags/sample_dag.py
[2025-05-08T12:17:46.541+0000] {logging_mixin.py:190} INFO - [2025-05-08T12:17:46.541+0000] {dag.py:3239} INFO - Sync 1 DAGs
[2025-05-08T12:17:46.559+0000] {logging_mixin.py:190} INFO - [2025-05-08T12:17:46.559+0000] {dag.py:4180} INFO - Setting next_dagrun for sample_dag_1 to 2025-05-08 12:16:00+00:00, run_after=2025-05-08 12:17:00+00:00
[2025-05-08T12:17:46.574+0000] {processor.py:208} INFO - Processing /workspaces/airflow/dags/sample_dag.py took 0.062 seconds
[2025-05-08T12:18:16.750+0000] {processor.py:186} INFO - Started process (PID=36282) to work on /workspaces/airflow/dags/sample_dag.py
[2025-05-08T12:18:16.751+0000] {processor.py:914} INFO - Processing file /workspaces/airflow/dags/sample_dag.py for tasks to queue
[2025-05-08T12:18:16.752+0000] {logging_mixin.py:190} INFO - [2025-05-08T12:18:16.752+0000] {dagbag.py:588} INFO - Filling up the DagBag from /workspaces/airflow/dags/sample_dag.py
[2025-05-08T12:18:16.761+0000] {processor.py:925} INFO - DAG(s) 'sample_dag_1' retrieved from /workspaces/airflow/dags/sample_dag.py
[2025-05-08T12:18:16.777+0000] {logging_mixin.py:190} INFO - [2025-05-08T12:18:16.777+0000] {dag.py:3239} INFO - Sync 1 DAGs
[2025-05-08T12:18:16.793+0000] {logging_mixin.py:190} INFO - [2025-05-08T12:18:16.793+0000] {dag.py:4180} INFO - Setting next_dagrun for sample_dag_1 to 2025-05-08 12:17:00+00:00, run_after=2025-05-08 12:18:00+00:00
[2025-05-08T12:18:16.808+0000] {processor.py:208} INFO - Processing /workspaces/airflow/dags/sample_dag.py took 0.062 seconds
[2025-05-08T12:18:47.016+0000] {processor.py:186} INFO - Started process (PID=36554) to work on /workspaces/airflow/dags/sample_dag.py
[2025-05-08T12:18:47.016+0000] {processor.py:914} INFO - Processing file /workspaces/airflow/dags/sample_dag.py for tasks to queue
[2025-05-08T12:18:47.018+0000] {logging_mixin.py:190} INFO - [2025-05-08T12:18:47.017+0000] {dagbag.py:588} INFO - Filling up the DagBag from /workspaces/airflow/dags/sample_dag.py
[2025-05-08T12:18:47.027+0000] {processor.py:925} INFO - DAG(s) 'sample_dag_1' retrieved from /workspaces/airflow/dags/sample_dag.py
[2025-05-08T12:18:47.043+0000] {logging_mixin.py:190} INFO - [2025-05-08T12:18:47.042+0000] {dag.py:3239} INFO - Sync 1 DAGs
[2025-05-08T12:18:47.060+0000] {logging_mixin.py:190} INFO - [2025-05-08T12:18:47.060+0000] {dag.py:4180} INFO - Setting next_dagrun for sample_dag_1 to 2025-05-08 12:17:00+00:00, run_after=2025-05-08 12:18:00+00:00
[2025-05-08T12:18:47.074+0000] {processor.py:208} INFO - Processing /workspaces/airflow/dags/sample_dag.py took 0.063 seconds
[2025-05-08T12:19:17.299+0000] {processor.py:186} INFO - Started process (PID=36762) to work on /workspaces/airflow/dags/sample_dag.py
[2025-05-08T12:19:17.300+0000] {processor.py:914} INFO - Processing file /workspaces/airflow/dags/sample_dag.py for tasks to queue
[2025-05-08T12:19:17.302+0000] {logging_mixin.py:190} INFO - [2025-05-08T12:19:17.301+0000] {dagbag.py:588} INFO - Filling up the DagBag from /workspaces/airflow/dags/sample_dag.py
[2025-05-08T12:19:17.337+0000] {processor.py:925} INFO - DAG(s) 'sample_dag_1' retrieved from /workspaces/airflow/dags/sample_dag.py
[2025-05-08T12:19:17.388+0000] {logging_mixin.py:190} INFO - [2025-05-08T12:19:17.388+0000] {dag.py:3239} INFO - Sync 1 DAGs
[2025-05-08T12:19:17.420+0000] {logging_mixin.py:190} INFO - [2025-05-08T12:19:17.419+0000] {dag.py:4180} INFO - Setting next_dagrun for sample_dag_1 to 2025-05-08 12:18:00+00:00, run_after=2025-05-08 12:19:00+00:00
[2025-05-08T12:19:17.452+0000] {processor.py:208} INFO - Processing /workspaces/airflow/dags/sample_dag.py took 0.197 seconds
[2025-05-08T12:19:48.554+0000] {processor.py:186} INFO - Started process (PID=37155) to work on /workspaces/airflow/dags/sample_dag.py
[2025-05-08T12:19:48.555+0000] {processor.py:914} INFO - Processing file /workspaces/airflow/dags/sample_dag.py for tasks to queue
[2025-05-08T12:19:48.556+0000] {logging_mixin.py:190} INFO - [2025-05-08T12:19:48.556+0000] {dagbag.py:588} INFO - Filling up the DagBag from /workspaces/airflow/dags/sample_dag.py
[2025-05-08T12:19:48.565+0000] {processor.py:925} INFO - DAG(s) 'sample_dag_1' retrieved from /workspaces/airflow/dags/sample_dag.py
[2025-05-08T12:19:48.581+0000] {logging_mixin.py:190} INFO - [2025-05-08T12:19:48.581+0000] {dag.py:3239} INFO - Sync 1 DAGs
[2025-05-08T12:19:48.599+0000] {logging_mixin.py:190} INFO - [2025-05-08T12:19:48.598+0000] {dag.py:4180} INFO - Setting next_dagrun for sample_dag_1 to 2025-05-08 12:18:00+00:00, run_after=2025-05-08 12:19:00+00:00
[2025-05-08T12:19:48.613+0000] {processor.py:208} INFO - Processing /workspaces/airflow/dags/sample_dag.py took 0.063 seconds
[2025-05-08T12:20:18.773+0000] {processor.py:186} INFO - Started process (PID=37595) to work on /workspaces/airflow/dags/sample_dag.py
[2025-05-08T12:20:18.774+0000] {processor.py:914} INFO - Processing file /workspaces/airflow/dags/sample_dag.py for tasks to queue
[2025-05-08T12:20:18.775+0000] {logging_mixin.py:190} INFO - [2025-05-08T12:20:18.775+0000] {dagbag.py:588} INFO - Filling up the DagBag from /workspaces/airflow/dags/sample_dag.py
[2025-05-08T12:20:18.784+0000] {processor.py:925} INFO - DAG(s) 'sample_dag_1' retrieved from /workspaces/airflow/dags/sample_dag.py
[2025-05-08T12:20:18.800+0000] {logging_mixin.py:190} INFO - [2025-05-08T12:20:18.799+0000] {dag.py:3239} INFO - Sync 1 DAGs
[2025-05-08T12:20:18.817+0000] {logging_mixin.py:190} INFO - [2025-05-08T12:20:18.817+0000] {dag.py:4180} INFO - Setting next_dagrun for sample_dag_1 to 2025-05-08 12:19:00+00:00, run_after=2025-05-08 12:20:00+00:00
[2025-05-08T12:20:18.831+0000] {processor.py:208} INFO - Processing /workspaces/airflow/dags/sample_dag.py took 0.063 seconds
[2025-05-08T12:20:49.078+0000] {processor.py:186} INFO - Started process (PID=37861) to work on /workspaces/airflow/dags/sample_dag.py
[2025-05-08T12:20:49.078+0000] {processor.py:914} INFO - Processing file /workspaces/airflow/dags/sample_dag.py for tasks to queue
[2025-05-08T12:20:49.080+0000] {logging_mixin.py:190} INFO - [2025-05-08T12:20:49.080+0000] {dagbag.py:588} INFO - Filling up the DagBag from /workspaces/airflow/dags/sample_dag.py
[2025-05-08T12:20:49.088+0000] {processor.py:925} INFO - DAG(s) 'sample_dag_1' retrieved from /workspaces/airflow/dags/sample_dag.py
[2025-05-08T12:20:49.103+0000] {logging_mixin.py:190} INFO - [2025-05-08T12:20:49.103+0000] {dag.py:3239} INFO - Sync 1 DAGs
[2025-05-08T12:20:49.120+0000] {logging_mixin.py:190} INFO - [2025-05-08T12:20:49.120+0000] {dag.py:4180} INFO - Setting next_dagrun for sample_dag_1 to 2025-05-08 12:19:00+00:00, run_after=2025-05-08 12:20:00+00:00
[2025-05-08T12:20:49.135+0000] {processor.py:208} INFO - Processing /workspaces/airflow/dags/sample_dag.py took 0.061 seconds
[2025-05-08T12:21:20.136+0000] {processor.py:186} INFO - Started process (PID=38082) to work on /workspaces/airflow/dags/sample_dag.py
[2025-05-08T12:21:20.136+0000] {processor.py:914} INFO - Processing file /workspaces/airflow/dags/sample_dag.py for tasks to queue
[2025-05-08T12:21:20.138+0000] {logging_mixin.py:190} INFO - [2025-05-08T12:21:20.138+0000] {dagbag.py:588} INFO - Filling up the DagBag from /workspaces/airflow/dags/sample_dag.py
[2025-05-08T12:21:20.146+0000] {processor.py:925} INFO - DAG(s) 'sample_dag_1' retrieved from /workspaces/airflow/dags/sample_dag.py
[2025-05-08T12:21:20.161+0000] {logging_mixin.py:190} INFO - [2025-05-08T12:21:20.161+0000] {dag.py:3239} INFO - Sync 1 DAGs
[2025-05-08T12:21:20.178+0000] {logging_mixin.py:190} INFO - [2025-05-08T12:21:20.178+0000] {dag.py:4180} INFO - Setting next_dagrun for sample_dag_1 to 2025-05-08 12:20:00+00:00, run_after=2025-05-08 12:21:00+00:00
[2025-05-08T12:21:20.193+0000] {processor.py:208} INFO - Processing /workspaces/airflow/dags/sample_dag.py took 0.062 seconds
[2025-05-08T12:21:50.297+0000] {processor.py:186} INFO - Started process (PID=38377) to work on /workspaces/airflow/dags/sample_dag.py
[2025-05-08T12:21:50.297+0000] {processor.py:914} INFO - Processing file /workspaces/airflow/dags/sample_dag.py for tasks to queue
[2025-05-08T12:21:50.299+0000] {logging_mixin.py:190} INFO - [2025-05-08T12:21:50.298+0000] {dagbag.py:588} INFO - Filling up the DagBag from /workspaces/airflow/dags/sample_dag.py
[2025-05-08T12:21:50.307+0000] {processor.py:925} INFO - DAG(s) 'sample_dag_1' retrieved from /workspaces/airflow/dags/sample_dag.py
[2025-05-08T12:21:50.322+0000] {logging_mixin.py:190} INFO - [2025-05-08T12:21:50.322+0000] {dag.py:3239} INFO - Sync 1 DAGs
[2025-05-08T12:21:50.339+0000] {logging_mixin.py:190} INFO - [2025-05-08T12:21:50.339+0000] {dag.py:4180} INFO - Setting next_dagrun for sample_dag_1 to 2025-05-08 12:20:00+00:00, run_after=2025-05-08 12:21:00+00:00
[2025-05-08T12:21:50.354+0000] {processor.py:208} INFO - Processing /workspaces/airflow/dags/sample_dag.py took 0.061 seconds
[2025-05-08T12:22:20.462+0000] {processor.py:186} INFO - Started process (PID=38643) to work on /workspaces/airflow/dags/sample_dag.py
[2025-05-08T12:22:20.463+0000] {processor.py:914} INFO - Processing file /workspaces/airflow/dags/sample_dag.py for tasks to queue
[2025-05-08T12:22:20.465+0000] {logging_mixin.py:190} INFO - [2025-05-08T12:22:20.465+0000] {dagbag.py:588} INFO - Filling up the DagBag from /workspaces/airflow/dags/sample_dag.py
[2025-05-08T12:22:20.474+0000] {processor.py:925} INFO - DAG(s) 'sample_dag_1' retrieved from /workspaces/airflow/dags/sample_dag.py
[2025-05-08T12:22:20.492+0000] {logging_mixin.py:190} INFO - [2025-05-08T12:22:20.491+0000] {dag.py:3239} INFO - Sync 1 DAGs
[2025-05-08T12:22:20.510+0000] {logging_mixin.py:190} INFO - [2025-05-08T12:22:20.510+0000] {dag.py:4180} INFO - Setting next_dagrun for sample_dag_1 to 2025-05-08 12:21:00+00:00, run_after=2025-05-08 12:22:00+00:00
[2025-05-08T12:22:20.528+0000] {processor.py:208} INFO - Processing /workspaces/airflow/dags/sample_dag.py took 0.070 seconds
[2025-05-08T12:22:50.630+0000] {processor.py:186} INFO - Started process (PID=38974) to work on /workspaces/airflow/dags/sample_dag.py
[2025-05-08T12:22:50.631+0000] {processor.py:914} INFO - Processing file /workspaces/airflow/dags/sample_dag.py for tasks to queue
[2025-05-08T12:22:50.632+0000] {logging_mixin.py:190} INFO - [2025-05-08T12:22:50.632+0000] {dagbag.py:588} INFO - Filling up the DagBag from /workspaces/airflow/dags/sample_dag.py
[2025-05-08T12:22:50.641+0000] {processor.py:925} INFO - DAG(s) 'sample_dag_1' retrieved from /workspaces/airflow/dags/sample_dag.py
[2025-05-08T12:22:50.656+0000] {logging_mixin.py:190} INFO - [2025-05-08T12:22:50.656+0000] {dag.py:3239} INFO - Sync 1 DAGs
[2025-05-08T12:22:50.673+0000] {logging_mixin.py:190} INFO - [2025-05-08T12:22:50.673+0000] {dag.py:4180} INFO - Setting next_dagrun for sample_dag_1 to 2025-05-08 12:21:00+00:00, run_after=2025-05-08 12:22:00+00:00
[2025-05-08T12:22:50.688+0000] {processor.py:208} INFO - Processing /workspaces/airflow/dags/sample_dag.py took 0.062 seconds
[2025-05-08T12:23:20.790+0000] {processor.py:186} INFO - Started process (PID=39365) to work on /workspaces/airflow/dags/sample_dag.py
[2025-05-08T12:23:20.791+0000] {processor.py:914} INFO - Processing file /workspaces/airflow/dags/sample_dag.py for tasks to queue
[2025-05-08T12:23:20.792+0000] {logging_mixin.py:190} INFO - [2025-05-08T12:23:20.792+0000] {dagbag.py:588} INFO - Filling up the DagBag from /workspaces/airflow/dags/sample_dag.py
[2025-05-08T12:23:20.800+0000] {processor.py:925} INFO - DAG(s) 'sample_dag_1' retrieved from /workspaces/airflow/dags/sample_dag.py
[2025-05-08T12:23:20.816+0000] {logging_mixin.py:190} INFO - [2025-05-08T12:23:20.816+0000] {dag.py:3239} INFO - Sync 1 DAGs
[2025-05-08T12:23:20.833+0000] {logging_mixin.py:190} INFO - [2025-05-08T12:23:20.832+0000] {dag.py:4180} INFO - Setting next_dagrun for sample_dag_1 to 2025-05-08 12:22:00+00:00, run_after=2025-05-08 12:23:00+00:00
[2025-05-08T12:23:20.847+0000] {processor.py:208} INFO - Processing /workspaces/airflow/dags/sample_dag.py took 0.061 seconds
[2025-05-08T12:23:50.950+0000] {processor.py:186} INFO - Started process (PID=39647) to work on /workspaces/airflow/dags/sample_dag.py
[2025-05-08T12:23:50.951+0000] {processor.py:914} INFO - Processing file /workspaces/airflow/dags/sample_dag.py for tasks to queue
[2025-05-08T12:23:50.953+0000] {logging_mixin.py:190} INFO - [2025-05-08T12:23:50.953+0000] {dagbag.py:588} INFO - Filling up the DagBag from /workspaces/airflow/dags/sample_dag.py
[2025-05-08T12:23:50.961+0000] {processor.py:925} INFO - DAG(s) 'sample_dag_1' retrieved from /workspaces/airflow/dags/sample_dag.py
[2025-05-08T12:23:50.976+0000] {logging_mixin.py:190} INFO - [2025-05-08T12:23:50.975+0000] {dag.py:3239} INFO - Sync 1 DAGs
[2025-05-08T12:23:50.992+0000] {logging_mixin.py:190} INFO - [2025-05-08T12:23:50.992+0000] {dag.py:4180} INFO - Setting next_dagrun for sample_dag_1 to 2025-05-08 12:22:00+00:00, run_after=2025-05-08 12:23:00+00:00
[2025-05-08T12:23:51.006+0000] {processor.py:208} INFO - Processing /workspaces/airflow/dags/sample_dag.py took 0.060 seconds
[2025-05-08T12:24:21.110+0000] {processor.py:186} INFO - Started process (PID=39852) to work on /workspaces/airflow/dags/sample_dag.py
[2025-05-08T12:24:21.111+0000] {processor.py:914} INFO - Processing file /workspaces/airflow/dags/sample_dag.py for tasks to queue
[2025-05-08T12:24:21.113+0000] {logging_mixin.py:190} INFO - [2025-05-08T12:24:21.112+0000] {dagbag.py:588} INFO - Filling up the DagBag from /workspaces/airflow/dags/sample_dag.py
[2025-05-08T12:24:21.121+0000] {processor.py:925} INFO - DAG(s) 'sample_dag_1' retrieved from /workspaces/airflow/dags/sample_dag.py
[2025-05-08T12:24:21.137+0000] {logging_mixin.py:190} INFO - [2025-05-08T12:24:21.137+0000] {dag.py:3239} INFO - Sync 1 DAGs
[2025-05-08T12:24:21.155+0000] {logging_mixin.py:190} INFO - [2025-05-08T12:24:21.155+0000] {dag.py:4180} INFO - Setting next_dagrun for sample_dag_1 to 2025-05-08 12:23:00+00:00, run_after=2025-05-08 12:24:00+00:00
[2025-05-08T12:24:21.171+0000] {processor.py:208} INFO - Processing /workspaces/airflow/dags/sample_dag.py took 0.065 seconds
[2025-05-08T12:24:51.270+0000] {processor.py:186} INFO - Started process (PID=40100) to work on /workspaces/airflow/dags/sample_dag.py
[2025-05-08T12:24:51.270+0000] {processor.py:914} INFO - Processing file /workspaces/airflow/dags/sample_dag.py for tasks to queue
[2025-05-08T12:24:51.272+0000] {logging_mixin.py:190} INFO - [2025-05-08T12:24:51.272+0000] {dagbag.py:588} INFO - Filling up the DagBag from /workspaces/airflow/dags/sample_dag.py
[2025-05-08T12:24:51.280+0000] {processor.py:925} INFO - DAG(s) 'sample_dag_1' retrieved from /workspaces/airflow/dags/sample_dag.py
[2025-05-08T12:24:51.295+0000] {logging_mixin.py:190} INFO - [2025-05-08T12:24:51.295+0000] {dag.py:3239} INFO - Sync 1 DAGs
[2025-05-08T12:24:51.312+0000] {logging_mixin.py:190} INFO - [2025-05-08T12:24:51.312+0000] {dag.py:4180} INFO - Setting next_dagrun for sample_dag_1 to 2025-05-08 12:23:00+00:00, run_after=2025-05-08 12:24:00+00:00
[2025-05-08T12:24:51.327+0000] {processor.py:208} INFO - Processing /workspaces/airflow/dags/sample_dag.py took 0.062 seconds
[2025-05-08T12:25:21.448+0000] {processor.py:186} INFO - Started process (PID=40439) to work on /workspaces/airflow/dags/sample_dag.py
[2025-05-08T12:25:21.449+0000] {processor.py:914} INFO - Processing file /workspaces/airflow/dags/sample_dag.py for tasks to queue
[2025-05-08T12:25:21.451+0000] {logging_mixin.py:190} INFO - [2025-05-08T12:25:21.451+0000] {dagbag.py:588} INFO - Filling up the DagBag from /workspaces/airflow/dags/sample_dag.py
[2025-05-08T12:25:21.463+0000] {processor.py:925} INFO - DAG(s) 'sample_dag_1' retrieved from /workspaces/airflow/dags/sample_dag.py
[2025-05-08T12:25:21.486+0000] {logging_mixin.py:190} INFO - [2025-05-08T12:25:21.486+0000] {dag.py:3239} INFO - Sync 1 DAGs
[2025-05-08T12:25:21.514+0000] {logging_mixin.py:190} INFO - [2025-05-08T12:25:21.513+0000] {dag.py:4180} INFO - Setting next_dagrun for sample_dag_1 to 2025-05-08 12:24:00+00:00, run_after=2025-05-08 12:25:00+00:00
[2025-05-08T12:25:21.538+0000] {processor.py:208} INFO - Processing /workspaces/airflow/dags/sample_dag.py took 0.096 seconds
[2025-05-08T12:25:51.646+0000] {processor.py:186} INFO - Started process (PID=40728) to work on /workspaces/airflow/dags/sample_dag.py
[2025-05-08T12:25:51.647+0000] {processor.py:914} INFO - Processing file /workspaces/airflow/dags/sample_dag.py for tasks to queue
[2025-05-08T12:25:51.649+0000] {logging_mixin.py:190} INFO - [2025-05-08T12:25:51.648+0000] {dagbag.py:588} INFO - Filling up the DagBag from /workspaces/airflow/dags/sample_dag.py
[2025-05-08T12:25:51.662+0000] {processor.py:925} INFO - DAG(s) 'sample_dag_1' retrieved from /workspaces/airflow/dags/sample_dag.py
[2025-05-08T12:25:51.685+0000] {logging_mixin.py:190} INFO - [2025-05-08T12:25:51.685+0000] {dag.py:3239} INFO - Sync 1 DAGs
[2025-05-08T12:25:51.706+0000] {logging_mixin.py:190} INFO - [2025-05-08T12:25:51.706+0000] {dag.py:4180} INFO - Setting next_dagrun for sample_dag_1 to 2025-05-08 12:24:00+00:00, run_after=2025-05-08 12:25:00+00:00
[2025-05-08T12:25:51.721+0000] {processor.py:208} INFO - Processing /workspaces/airflow/dags/sample_dag.py took 0.081 seconds
[2025-05-08T12:26:21.810+0000] {processor.py:186} INFO - Started process (PID=40965) to work on /workspaces/airflow/dags/sample_dag.py
[2025-05-08T12:26:21.811+0000] {processor.py:914} INFO - Processing file /workspaces/airflow/dags/sample_dag.py for tasks to queue
[2025-05-08T12:26:21.813+0000] {logging_mixin.py:190} INFO - [2025-05-08T12:26:21.813+0000] {dagbag.py:588} INFO - Filling up the DagBag from /workspaces/airflow/dags/sample_dag.py
[2025-05-08T12:26:21.823+0000] {processor.py:925} INFO - DAG(s) 'sample_dag_1' retrieved from /workspaces/airflow/dags/sample_dag.py
[2025-05-08T12:26:21.842+0000] {logging_mixin.py:190} INFO - [2025-05-08T12:26:21.841+0000] {dag.py:3239} INFO - Sync 1 DAGs
[2025-05-08T12:26:21.863+0000] {logging_mixin.py:190} INFO - [2025-05-08T12:26:21.863+0000] {dag.py:4180} INFO - Setting next_dagrun for sample_dag_1 to 2025-05-08 12:25:00+00:00, run_after=2025-05-08 12:26:00+00:00
[2025-05-08T12:26:21.880+0000] {processor.py:208} INFO - Processing /workspaces/airflow/dags/sample_dag.py took 0.076 seconds
[2025-05-08T12:26:52.420+0000] {processor.py:186} INFO - Started process (PID=41442) to work on /workspaces/airflow/dags/sample_dag.py
[2025-05-08T12:26:52.421+0000] {processor.py:914} INFO - Processing file /workspaces/airflow/dags/sample_dag.py for tasks to queue
[2025-05-08T12:26:52.423+0000] {logging_mixin.py:190} INFO - [2025-05-08T12:26:52.422+0000] {dagbag.py:588} INFO - Filling up the DagBag from /workspaces/airflow/dags/sample_dag.py
[2025-05-08T12:26:52.431+0000] {processor.py:925} INFO - DAG(s) 'sample_dag_1' retrieved from /workspaces/airflow/dags/sample_dag.py
[2025-05-08T12:26:52.447+0000] {logging_mixin.py:190} INFO - [2025-05-08T12:26:52.446+0000] {dag.py:3239} INFO - Sync 1 DAGs
[2025-05-08T12:26:52.464+0000] {logging_mixin.py:190} INFO - [2025-05-08T12:26:52.463+0000] {dag.py:4180} INFO - Setting next_dagrun for sample_dag_1 to 2025-05-08 12:25:00+00:00, run_after=2025-05-08 12:26:00+00:00
[2025-05-08T12:26:52.479+0000] {processor.py:208} INFO - Processing /workspaces/airflow/dags/sample_dag.py took 0.063 seconds
[2025-05-08T12:27:22.563+0000] {processor.py:186} INFO - Started process (PID=41655) to work on /workspaces/airflow/dags/sample_dag.py
[2025-05-08T12:27:22.563+0000] {processor.py:914} INFO - Processing file /workspaces/airflow/dags/sample_dag.py for tasks to queue
[2025-05-08T12:27:22.565+0000] {logging_mixin.py:190} INFO - [2025-05-08T12:27:22.565+0000] {dagbag.py:588} INFO - Filling up the DagBag from /workspaces/airflow/dags/sample_dag.py
[2025-05-08T12:27:22.575+0000] {processor.py:925} INFO - DAG(s) 'sample_dag_1' retrieved from /workspaces/airflow/dags/sample_dag.py
[2025-05-08T12:27:22.592+0000] {logging_mixin.py:190} INFO - [2025-05-08T12:27:22.591+0000] {dag.py:3239} INFO - Sync 1 DAGs
[2025-05-08T12:27:22.608+0000] {logging_mixin.py:190} INFO - [2025-05-08T12:27:22.608+0000] {dag.py:4180} INFO - Setting next_dagrun for sample_dag_1 to 2025-05-08 12:26:00+00:00, run_after=2025-05-08 12:27:00+00:00
[2025-05-08T12:27:22.635+0000] {processor.py:208} INFO - Processing /workspaces/airflow/dags/sample_dag.py took 0.076 seconds
[2025-05-08T12:27:52.763+0000] {processor.py:186} INFO - Started process (PID=41974) to work on /workspaces/airflow/dags/sample_dag.py
[2025-05-08T12:27:52.764+0000] {processor.py:914} INFO - Processing file /workspaces/airflow/dags/sample_dag.py for tasks to queue
[2025-05-08T12:27:52.765+0000] {logging_mixin.py:190} INFO - [2025-05-08T12:27:52.765+0000] {dagbag.py:588} INFO - Filling up the DagBag from /workspaces/airflow/dags/sample_dag.py
[2025-05-08T12:27:52.773+0000] {processor.py:925} INFO - DAG(s) 'sample_dag_1' retrieved from /workspaces/airflow/dags/sample_dag.py
[2025-05-08T12:27:52.789+0000] {logging_mixin.py:190} INFO - [2025-05-08T12:27:52.789+0000] {dag.py:3239} INFO - Sync 1 DAGs
[2025-05-08T12:27:52.806+0000] {logging_mixin.py:190} INFO - [2025-05-08T12:27:52.805+0000] {dag.py:4180} INFO - Setting next_dagrun for sample_dag_1 to 2025-05-08 12:26:00+00:00, run_after=2025-05-08 12:27:00+00:00
[2025-05-08T12:27:52.820+0000] {processor.py:208} INFO - Processing /workspaces/airflow/dags/sample_dag.py took 0.061 seconds
[2025-05-08T12:28:22.961+0000] {processor.py:186} INFO - Started process (PID=42305) to work on /workspaces/airflow/dags/sample_dag.py
[2025-05-08T12:28:22.962+0000] {processor.py:914} INFO - Processing file /workspaces/airflow/dags/sample_dag.py for tasks to queue
[2025-05-08T12:28:22.963+0000] {logging_mixin.py:190} INFO - [2025-05-08T12:28:22.963+0000] {dagbag.py:588} INFO - Filling up the DagBag from /workspaces/airflow/dags/sample_dag.py
[2025-05-08T12:28:22.972+0000] {processor.py:925} INFO - DAG(s) 'sample_dag_1' retrieved from /workspaces/airflow/dags/sample_dag.py
[2025-05-08T12:28:22.988+0000] {logging_mixin.py:190} INFO - [2025-05-08T12:28:22.987+0000] {dag.py:3239} INFO - Sync 1 DAGs
[2025-05-08T12:28:23.004+0000] {logging_mixin.py:190} INFO - [2025-05-08T12:28:23.004+0000] {dag.py:4180} INFO - Setting next_dagrun for sample_dag_1 to 2025-05-08 12:27:00+00:00, run_after=2025-05-08 12:28:00+00:00
[2025-05-08T12:28:23.019+0000] {processor.py:208} INFO - Processing /workspaces/airflow/dags/sample_dag.py took 0.062 seconds
[2025-05-08T12:28:53.158+0000] {processor.py:186} INFO - Started process (PID=42572) to work on /workspaces/airflow/dags/sample_dag.py
[2025-05-08T12:28:53.159+0000] {processor.py:914} INFO - Processing file /workspaces/airflow/dags/sample_dag.py for tasks to queue
[2025-05-08T12:28:53.160+0000] {logging_mixin.py:190} INFO - [2025-05-08T12:28:53.160+0000] {dagbag.py:588} INFO - Filling up the DagBag from /workspaces/airflow/dags/sample_dag.py
[2025-05-08T12:28:53.169+0000] {processor.py:925} INFO - DAG(s) 'sample_dag_1' retrieved from /workspaces/airflow/dags/sample_dag.py
[2025-05-08T12:28:53.194+0000] {logging_mixin.py:190} INFO - [2025-05-08T12:28:53.194+0000] {dag.py:3239} INFO - Sync 1 DAGs
[2025-05-08T12:28:53.220+0000] {logging_mixin.py:190} INFO - [2025-05-08T12:28:53.220+0000] {dag.py:4180} INFO - Setting next_dagrun for sample_dag_1 to 2025-05-08 12:27:00+00:00, run_after=2025-05-08 12:28:00+00:00
[2025-05-08T12:28:53.246+0000] {processor.py:208} INFO - Processing /workspaces/airflow/dags/sample_dag.py took 0.092 seconds
[2025-05-08T12:29:23.408+0000] {processor.py:186} INFO - Started process (PID=42892) to work on /workspaces/airflow/dags/sample_dag.py
[2025-05-08T12:29:23.409+0000] {processor.py:914} INFO - Processing file /workspaces/airflow/dags/sample_dag.py for tasks to queue
[2025-05-08T12:29:23.411+0000] {logging_mixin.py:190} INFO - [2025-05-08T12:29:23.410+0000] {dagbag.py:588} INFO - Filling up the DagBag from /workspaces/airflow/dags/sample_dag.py
[2025-05-08T12:29:23.419+0000] {processor.py:925} INFO - DAG(s) 'sample_dag_1' retrieved from /workspaces/airflow/dags/sample_dag.py
[2025-05-08T12:29:23.434+0000] {logging_mixin.py:190} INFO - [2025-05-08T12:29:23.434+0000] {dag.py:3239} INFO - Sync 1 DAGs
[2025-05-08T12:29:23.452+0000] {logging_mixin.py:190} INFO - [2025-05-08T12:29:23.452+0000] {dag.py:4180} INFO - Setting next_dagrun for sample_dag_1 to 2025-05-08 12:28:00+00:00, run_after=2025-05-08 12:29:00+00:00
[2025-05-08T12:29:23.467+0000] {processor.py:208} INFO - Processing /workspaces/airflow/dags/sample_dag.py took 0.063 seconds
[2025-05-08T12:29:53.614+0000] {processor.py:186} INFO - Started process (PID=43234) to work on /workspaces/airflow/dags/sample_dag.py
[2025-05-08T12:29:53.615+0000] {processor.py:914} INFO - Processing file /workspaces/airflow/dags/sample_dag.py for tasks to queue
[2025-05-08T12:29:53.617+0000] {logging_mixin.py:190} INFO - [2025-05-08T12:29:53.617+0000] {dagbag.py:588} INFO - Filling up the DagBag from /workspaces/airflow/dags/sample_dag.py
[2025-05-08T12:29:53.629+0000] {processor.py:925} INFO - DAG(s) 'sample_dag_1' retrieved from /workspaces/airflow/dags/sample_dag.py
[2025-05-08T12:29:53.652+0000] {logging_mixin.py:190} INFO - [2025-05-08T12:29:53.652+0000] {dag.py:3239} INFO - Sync 1 DAGs
[2025-05-08T12:29:53.679+0000] {logging_mixin.py:190} INFO - [2025-05-08T12:29:53.678+0000] {dag.py:4180} INFO - Setting next_dagrun for sample_dag_1 to 2025-05-08 12:28:00+00:00, run_after=2025-05-08 12:29:00+00:00
[2025-05-08T12:29:53.702+0000] {processor.py:208} INFO - Processing /workspaces/airflow/dags/sample_dag.py took 0.094 seconds
[2025-05-08T12:30:23.812+0000] {processor.py:186} INFO - Started process (PID=43492) to work on /workspaces/airflow/dags/sample_dag.py
[2025-05-08T12:30:23.812+0000] {processor.py:914} INFO - Processing file /workspaces/airflow/dags/sample_dag.py for tasks to queue
[2025-05-08T12:30:23.814+0000] {logging_mixin.py:190} INFO - [2025-05-08T12:30:23.814+0000] {dagbag.py:588} INFO - Filling up the DagBag from /workspaces/airflow/dags/sample_dag.py
[2025-05-08T12:30:23.822+0000] {processor.py:925} INFO - DAG(s) 'sample_dag_1' retrieved from /workspaces/airflow/dags/sample_dag.py
[2025-05-08T12:30:23.838+0000] {logging_mixin.py:190} INFO - [2025-05-08T12:30:23.838+0000] {dag.py:3239} INFO - Sync 1 DAGs
[2025-05-08T12:30:23.855+0000] {logging_mixin.py:190} INFO - [2025-05-08T12:30:23.855+0000] {dag.py:4180} INFO - Setting next_dagrun for sample_dag_1 to 2025-05-08 12:29:00+00:00, run_after=2025-05-08 12:30:00+00:00
[2025-05-08T12:30:23.870+0000] {processor.py:208} INFO - Processing /workspaces/airflow/dags/sample_dag.py took 0.062 seconds
[2025-05-08T12:30:53.989+0000] {processor.py:186} INFO - Started process (PID=43762) to work on /workspaces/airflow/dags/sample_dag.py
[2025-05-08T12:30:53.989+0000] {processor.py:914} INFO - Processing file /workspaces/airflow/dags/sample_dag.py for tasks to queue
[2025-05-08T12:30:53.991+0000] {logging_mixin.py:190} INFO - [2025-05-08T12:30:53.991+0000] {dagbag.py:588} INFO - Filling up the DagBag from /workspaces/airflow/dags/sample_dag.py
[2025-05-08T12:30:53.999+0000] {processor.py:925} INFO - DAG(s) 'sample_dag_1' retrieved from /workspaces/airflow/dags/sample_dag.py
[2025-05-08T12:30:54.015+0000] {logging_mixin.py:190} INFO - [2025-05-08T12:30:54.015+0000] {dag.py:3239} INFO - Sync 1 DAGs
[2025-05-08T12:30:54.032+0000] {logging_mixin.py:190} INFO - [2025-05-08T12:30:54.031+0000] {dag.py:4180} INFO - Setting next_dagrun for sample_dag_1 to 2025-05-08 12:29:00+00:00, run_after=2025-05-08 12:30:00+00:00
[2025-05-08T12:30:54.046+0000] {processor.py:208} INFO - Processing /workspaces/airflow/dags/sample_dag.py took 0.061 seconds
[2025-05-08T12:31:24.222+0000] {processor.py:186} INFO - Started process (PID=44025) to work on /workspaces/airflow/dags/sample_dag.py
[2025-05-08T12:31:24.223+0000] {processor.py:914} INFO - Processing file /workspaces/airflow/dags/sample_dag.py for tasks to queue
[2025-05-08T12:31:24.225+0000] {logging_mixin.py:190} INFO - [2025-05-08T12:31:24.224+0000] {dagbag.py:588} INFO - Filling up the DagBag from /workspaces/airflow/dags/sample_dag.py
[2025-05-08T12:31:24.233+0000] {processor.py:925} INFO - DAG(s) 'sample_dag_1' retrieved from /workspaces/airflow/dags/sample_dag.py
[2025-05-08T12:31:24.248+0000] {logging_mixin.py:190} INFO - [2025-05-08T12:31:24.248+0000] {dag.py:3239} INFO - Sync 1 DAGs
[2025-05-08T12:31:24.265+0000] {logging_mixin.py:190} INFO - [2025-05-08T12:31:24.265+0000] {dag.py:4180} INFO - Setting next_dagrun for sample_dag_1 to 2025-05-08 12:30:00+00:00, run_after=2025-05-08 12:31:00+00:00
[2025-05-08T12:31:24.280+0000] {processor.py:208} INFO - Processing /workspaces/airflow/dags/sample_dag.py took 0.061 seconds
[2025-05-08T12:31:54.426+0000] {processor.py:186} INFO - Started process (PID=44362) to work on /workspaces/airflow/dags/sample_dag.py
[2025-05-08T12:31:54.427+0000] {processor.py:914} INFO - Processing file /workspaces/airflow/dags/sample_dag.py for tasks to queue
[2025-05-08T12:31:54.428+0000] {logging_mixin.py:190} INFO - [2025-05-08T12:31:54.428+0000] {dagbag.py:588} INFO - Filling up the DagBag from /workspaces/airflow/dags/sample_dag.py
[2025-05-08T12:31:54.438+0000] {processor.py:925} INFO - DAG(s) 'sample_dag_1' retrieved from /workspaces/airflow/dags/sample_dag.py
[2025-05-08T12:31:54.455+0000] {logging_mixin.py:190} INFO - [2025-05-08T12:31:54.454+0000] {dag.py:3239} INFO - Sync 1 DAGs
[2025-05-08T12:31:54.473+0000] {logging_mixin.py:190} INFO - [2025-05-08T12:31:54.473+0000] {dag.py:4180} INFO - Setting next_dagrun for sample_dag_1 to 2025-05-08 12:30:00+00:00, run_after=2025-05-08 12:31:00+00:00
[2025-05-08T12:31:54.490+0000] {processor.py:208} INFO - Processing /workspaces/airflow/dags/sample_dag.py took 0.069 seconds
[2025-05-08T12:32:24.644+0000] {processor.py:186} INFO - Started process (PID=44574) to work on /workspaces/airflow/dags/sample_dag.py
[2025-05-08T12:32:24.645+0000] {processor.py:914} INFO - Processing file /workspaces/airflow/dags/sample_dag.py for tasks to queue
[2025-05-08T12:32:24.647+0000] {logging_mixin.py:190} INFO - [2025-05-08T12:32:24.646+0000] {dagbag.py:588} INFO - Filling up the DagBag from /workspaces/airflow/dags/sample_dag.py
[2025-05-08T12:32:24.656+0000] {processor.py:925} INFO - DAG(s) 'sample_dag_1' retrieved from /workspaces/airflow/dags/sample_dag.py
[2025-05-08T12:32:24.687+0000] {logging_mixin.py:190} INFO - [2025-05-08T12:32:24.687+0000] {dag.py:3239} INFO - Sync 1 DAGs
[2025-05-08T12:32:24.713+0000] {logging_mixin.py:190} INFO - [2025-05-08T12:32:24.713+0000] {dag.py:4180} INFO - Setting next_dagrun for sample_dag_1 to 2025-05-08 12:31:00+00:00, run_after=2025-05-08 12:32:00+00:00
[2025-05-08T12:32:24.731+0000] {processor.py:208} INFO - Processing /workspaces/airflow/dags/sample_dag.py took 0.091 seconds
[2025-05-08T12:32:54.883+0000] {processor.py:186} INFO - Started process (PID=44834) to work on /workspaces/airflow/dags/sample_dag.py
[2025-05-08T12:32:54.884+0000] {processor.py:914} INFO - Processing file /workspaces/airflow/dags/sample_dag.py for tasks to queue
[2025-05-08T12:32:54.885+0000] {logging_mixin.py:190} INFO - [2025-05-08T12:32:54.885+0000] {dagbag.py:588} INFO - Filling up the DagBag from /workspaces/airflow/dags/sample_dag.py
[2025-05-08T12:32:54.894+0000] {processor.py:925} INFO - DAG(s) 'sample_dag_1' retrieved from /workspaces/airflow/dags/sample_dag.py
[2025-05-08T12:32:54.911+0000] {logging_mixin.py:190} INFO - [2025-05-08T12:32:54.911+0000] {dag.py:3239} INFO - Sync 1 DAGs
[2025-05-08T12:32:54.929+0000] {logging_mixin.py:190} INFO - [2025-05-08T12:32:54.929+0000] {dag.py:4180} INFO - Setting next_dagrun for sample_dag_1 to 2025-05-08 12:31:00+00:00, run_after=2025-05-08 12:32:00+00:00
[2025-05-08T12:32:54.947+0000] {processor.py:208} INFO - Processing /workspaces/airflow/dags/sample_dag.py took 0.070 seconds
[2025-05-08T12:33:25.103+0000] {processor.py:186} INFO - Started process (PID=45286) to work on /workspaces/airflow/dags/sample_dag.py
[2025-05-08T12:33:25.104+0000] {processor.py:914} INFO - Processing file /workspaces/airflow/dags/sample_dag.py for tasks to queue
[2025-05-08T12:33:25.106+0000] {logging_mixin.py:190} INFO - [2025-05-08T12:33:25.106+0000] {dagbag.py:588} INFO - Filling up the DagBag from /workspaces/airflow/dags/sample_dag.py
[2025-05-08T12:33:25.115+0000] {processor.py:925} INFO - DAG(s) 'sample_dag_1' retrieved from /workspaces/airflow/dags/sample_dag.py
[2025-05-08T12:33:25.132+0000] {logging_mixin.py:190} INFO - [2025-05-08T12:33:25.132+0000] {dag.py:3239} INFO - Sync 1 DAGs
[2025-05-08T12:33:25.152+0000] {logging_mixin.py:190} INFO - [2025-05-08T12:33:25.151+0000] {dag.py:4180} INFO - Setting next_dagrun for sample_dag_1 to 2025-05-08 12:32:00+00:00, run_after=2025-05-08 12:33:00+00:00
[2025-05-08T12:33:25.310+0000] {processor.py:208} INFO - Processing /workspaces/airflow/dags/sample_dag.py took 0.211 seconds
[2025-05-08T12:33:56.348+0000] {processor.py:186} INFO - Started process (PID=45552) to work on /workspaces/airflow/dags/sample_dag.py
[2025-05-08T12:33:56.348+0000] {processor.py:914} INFO - Processing file /workspaces/airflow/dags/sample_dag.py for tasks to queue
[2025-05-08T12:33:56.350+0000] {logging_mixin.py:190} INFO - [2025-05-08T12:33:56.350+0000] {dagbag.py:588} INFO - Filling up the DagBag from /workspaces/airflow/dags/sample_dag.py
[2025-05-08T12:33:56.359+0000] {processor.py:925} INFO - DAG(s) 'sample_dag_1' retrieved from /workspaces/airflow/dags/sample_dag.py
[2025-05-08T12:33:56.375+0000] {logging_mixin.py:190} INFO - [2025-05-08T12:33:56.374+0000] {dag.py:3239} INFO - Sync 1 DAGs
[2025-05-08T12:33:56.504+0000] {logging_mixin.py:190} INFO - [2025-05-08T12:33:56.504+0000] {dag.py:4180} INFO - Setting next_dagrun for sample_dag_1 to 2025-05-08 12:32:00+00:00, run_after=2025-05-08 12:33:00+00:00
[2025-05-08T12:33:56.529+0000] {processor.py:208} INFO - Processing /workspaces/airflow/dags/sample_dag.py took 0.186 seconds
[2025-05-08T12:34:27.590+0000] {processor.py:186} INFO - Started process (PID=45784) to work on /workspaces/airflow/dags/sample_dag.py
[2025-05-08T12:34:27.591+0000] {processor.py:914} INFO - Processing file /workspaces/airflow/dags/sample_dag.py for tasks to queue
[2025-05-08T12:34:27.593+0000] {logging_mixin.py:190} INFO - [2025-05-08T12:34:27.593+0000] {dagbag.py:588} INFO - Filling up the DagBag from /workspaces/airflow/dags/sample_dag.py
[2025-05-08T12:34:27.603+0000] {processor.py:925} INFO - DAG(s) 'sample_dag_1' retrieved from /workspaces/airflow/dags/sample_dag.py
[2025-05-08T12:34:27.625+0000] {logging_mixin.py:190} INFO - [2025-05-08T12:34:27.625+0000] {dag.py:3239} INFO - Sync 1 DAGs
[2025-05-08T12:34:27.762+0000] {logging_mixin.py:190} INFO - [2025-05-08T12:34:27.762+0000] {dag.py:4180} INFO - Setting next_dagrun for sample_dag_1 to 2025-05-08 12:33:00+00:00, run_after=2025-05-08 12:34:00+00:00
[2025-05-08T12:34:27.781+0000] {processor.py:208} INFO - Processing /workspaces/airflow/dags/sample_dag.py took 0.195 seconds
