[2025-05-06T13:06:28.173+0000] {processor.py:186} INFO - Started process (PID=11222) to work on /workspaces/airflow/dags/sample_dag.py
[2025-05-06T13:06:28.174+0000] {processor.py:914} INFO - Processing file /workspaces/airflow/dags/sample_dag.py for tasks to queue
[2025-05-06T13:06:28.176+0000] {logging_mixin.py:190} INFO - [2025-05-06T13:06:28.176+0000] {dagbag.py:588} INFO - Filling up the DagBag from /workspaces/airflow/dags/sample_dag.py
[2025-05-06T13:06:28.189+0000] {processor.py:925} INFO - DAG(s) 'sample_dag_1' retrieved from /workspaces/airflow/dags/sample_dag.py
[2025-05-06T13:06:28.212+0000] {logging_mixin.py:190} INFO - [2025-05-06T13:06:28.212+0000] {dag.py:3239} INFO - Sync 1 DAGs
[2025-05-06T13:06:28.249+0000] {logging_mixin.py:190} INFO - [2025-05-06T13:06:28.246+0000] {dag.py:4180} INFO - Setting next_dagrun for sample_dag_1 to 2025-05-06 13:05:00+00:00, run_after=2025-05-06 13:06:00+00:00
[2025-05-06T13:06:28.285+0000] {processor.py:208} INFO - Processing /workspaces/airflow/dags/sample_dag.py took 0.118 seconds
[2025-05-06T13:06:59.293+0000] {processor.py:186} INFO - Started process (PID=11566) to work on /workspaces/airflow/dags/sample_dag.py
[2025-05-06T13:06:59.294+0000] {processor.py:914} INFO - Processing file /workspaces/airflow/dags/sample_dag.py for tasks to queue
[2025-05-06T13:06:59.295+0000] {logging_mixin.py:190} INFO - [2025-05-06T13:06:59.295+0000] {dagbag.py:588} INFO - Filling up the DagBag from /workspaces/airflow/dags/sample_dag.py
[2025-05-06T13:06:59.303+0000] {processor.py:925} INFO - DAG(s) 'sample_dag_1' retrieved from /workspaces/airflow/dags/sample_dag.py
[2025-05-06T13:06:59.318+0000] {logging_mixin.py:190} INFO - [2025-05-06T13:06:59.317+0000] {dag.py:3239} INFO - Sync 1 DAGs
[2025-05-06T13:06:59.335+0000] {logging_mixin.py:190} INFO - [2025-05-06T13:06:59.334+0000] {dag.py:4180} INFO - Setting next_dagrun for sample_dag_1 to 2025-05-06 13:06:00+00:00, run_after=2025-05-06 13:07:00+00:00
[2025-05-06T13:06:59.348+0000] {processor.py:208} INFO - Processing /workspaces/airflow/dags/sample_dag.py took 0.059 seconds
[2025-05-06T13:07:29.683+0000] {processor.py:186} INFO - Started process (PID=11936) to work on /workspaces/airflow/dags/sample_dag.py
[2025-05-06T13:07:29.684+0000] {processor.py:914} INFO - Processing file /workspaces/airflow/dags/sample_dag.py for tasks to queue
[2025-05-06T13:07:29.685+0000] {logging_mixin.py:190} INFO - [2025-05-06T13:07:29.685+0000] {dagbag.py:588} INFO - Filling up the DagBag from /workspaces/airflow/dags/sample_dag.py
[2025-05-06T13:07:29.693+0000] {processor.py:925} INFO - DAG(s) 'sample_dag_1' retrieved from /workspaces/airflow/dags/sample_dag.py
[2025-05-06T13:07:29.708+0000] {logging_mixin.py:190} INFO - [2025-05-06T13:07:29.708+0000] {dag.py:3239} INFO - Sync 1 DAGs
[2025-05-06T13:07:29.725+0000] {logging_mixin.py:190} INFO - [2025-05-06T13:07:29.725+0000] {dag.py:4180} INFO - Setting next_dagrun for sample_dag_1 to 2025-05-06 13:07:00+00:00, run_after=2025-05-06 13:08:00+00:00
[2025-05-06T13:07:29.740+0000] {processor.py:208} INFO - Processing /workspaces/airflow/dags/sample_dag.py took 0.060 seconds
