[2025-05-08T12:11:15.733+0000] {local_task_job_runner.py:123} INFO - ::group::Pre task execution logs
[2025-05-08T12:11:15.740+0000] {taskinstance.py:2614} INFO - Dependencies all met for dep_context=non-requeueable deps ti=<TaskInstance: weather_dag.weather_dag_1 manual__2025-05-08T12:11:13.267946+00:00 [queued]>
[2025-05-08T12:11:15.745+0000] {taskinstance.py:2614} INFO - Dependencies all met for dep_context=requeueable deps ti=<TaskInstance: weather_dag.weather_dag_1 manual__2025-05-08T12:11:13.267946+00:00 [queued]>
[2025-05-08T12:11:15.746+0000] {taskinstance.py:2867} INFO - Starting attempt 1 of 2
[2025-05-08T12:11:15.760+0000] {taskinstance.py:2890} INFO - Executing <Task(BashOperator): weather_dag_1> on 2025-05-08 12:11:13.267946+00:00
[2025-05-08T12:11:15.763+0000] {standard_task_runner.py:72} INFO - Started process 31973 to run task
[2025-05-08T12:11:15.766+0000] {standard_task_runner.py:104} INFO - Running: ['airflow', 'tasks', 'run', 'weather_dag', 'weather_dag_1', 'manual__2025-05-08T12:11:13.267946+00:00', '--job-id', '168', '--raw', '--subdir', 'DAGS_FOLDER/weather_dag.py', '--cfg-path', '/tmp/tmp09irupsn']
[2025-05-08T12:11:15.767+0000] {standard_task_runner.py:105} INFO - Job 168: Subtask weather_dag_1
[2025-05-08T12:11:15.791+0000] {task_command.py:467} INFO - Running <TaskInstance: weather_dag.weather_dag_1 manual__2025-05-08T12:11:13.267946+00:00 [running]> on host codespaces-16c72d
[2025-05-08T12:11:15.837+0000] {taskinstance.py:3134} INFO - Exporting env vars: AIRFLOW_CTX_DAG_OWNER='airflow' AIRFLOW_CTX_DAG_ID='weather_dag' AIRFLOW_CTX_TASK_ID='weather_dag_1' AIRFLOW_CTX_EXECUTION_DATE='2025-05-08T12:11:13.267946+00:00' AIRFLOW_CTX_TRY_NUMBER='1' AIRFLOW_CTX_DAG_RUN_ID='manual__2025-05-08T12:11:13.267946+00:00'
[2025-05-08T12:11:15.837+0000] {taskinstance.py:732} INFO - ::endgroup::
[2025-05-08T12:11:15.852+0000] {subprocess.py:78} INFO - Tmp dir root location: /tmp
[2025-05-08T12:11:15.852+0000] {subprocess.py:88} INFO - Running command: ['/usr/bin/bash', '-c', 'bash /workspaces/airflow/dags/wrapper.sh ']
[2025-05-08T12:11:15.858+0000] {subprocess.py:99} INFO - Output:
[2025-05-08T12:11:15.861+0000] {subprocess.py:106} INFO - /workspaces/airflow/dags/wrapper.sh: line 2: weather/bin/activate: No such file or directory
[2025-05-08T12:11:17.424+0000] {subprocess.py:106} INFO - ('9.11.3',)
[2025-05-08T12:11:17.488+0000] {subprocess.py:110} INFO - Command exited with return code 0
[2025-05-08T12:11:17.501+0000] {taskinstance.py:341} INFO - ::group::Post task execution logs
[2025-05-08T12:11:17.502+0000] {taskinstance.py:353} INFO - Marking task as SUCCESS. dag_id=weather_dag, task_id=weather_dag_1, run_id=manual__2025-05-08T12:11:13.267946+00:00, execution_date=20250508T121113, start_date=20250508T121115, end_date=20250508T121117
[2025-05-08T12:11:17.552+0000] {local_task_job_runner.py:266} INFO - Task exited with return code 0
[2025-05-08T12:11:17.560+0000] {taskinstance.py:3901} INFO - 0 downstream tasks scheduled from follow-on schedule check
[2025-05-08T12:11:17.561+0000] {local_task_job_runner.py:245} INFO - ::endgroup::
