[2025-04-29T09:32:35.305+0000] {processor.py:186} INFO - Started process (PID=14057) to work on /usr/local/python/3.12.1/lib/python3.12/site-packages/airflow/example_dags/example_python_decorator.py
[2025-04-29T09:32:35.305+0000] {processor.py:914} INFO - Processing file /usr/local/python/3.12.1/lib/python3.12/site-packages/airflow/example_dags/example_python_decorator.py for tasks to queue
[2025-04-29T09:32:35.307+0000] {logging_mixin.py:190} INFO - [2025-04-29T09:32:35.306+0000] {dagbag.py:588} INFO - Filling up the DagBag from /usr/local/python/3.12.1/lib/python3.12/site-packages/airflow/example_dags/example_python_decorator.py
[2025-04-29T09:32:35.318+0000] {processor.py:925} INFO - DAG(s) 'example_python_decorator' retrieved from /usr/local/python/3.12.1/lib/python3.12/site-packages/airflow/example_dags/example_python_decorator.py
[2025-04-29T09:32:35.406+0000] {logging_mixin.py:190} INFO - [2025-04-29T09:32:35.406+0000] {override.py:1912} INFO - Created Permission View: can delete on DAG:example_python_decorator
[2025-04-29T09:32:35.414+0000] {logging_mixin.py:190} INFO - [2025-04-29T09:32:35.414+0000] {override.py:1912} INFO - Created Permission View: can read on DAG:example_python_decorator
[2025-04-29T09:32:35.420+0000] {logging_mixin.py:190} INFO - [2025-04-29T09:32:35.420+0000] {override.py:1912} INFO - Created Permission View: can edit on DAG:example_python_decorator
[2025-04-29T09:32:35.430+0000] {logging_mixin.py:190} INFO - [2025-04-29T09:32:35.429+0000] {override.py:1912} INFO - Created Permission View: menu access on DAG Run:example_python_decorator
[2025-04-29T09:32:35.436+0000] {logging_mixin.py:190} INFO - [2025-04-29T09:32:35.436+0000] {override.py:1912} INFO - Created Permission View: can delete on DAG Run:example_python_decorator
[2025-04-29T09:32:35.442+0000] {logging_mixin.py:190} INFO - [2025-04-29T09:32:35.442+0000] {override.py:1912} INFO - Created Permission View: can read on DAG Run:example_python_decorator
[2025-04-29T09:32:35.448+0000] {logging_mixin.py:190} INFO - [2025-04-29T09:32:35.448+0000] {override.py:1912} INFO - Created Permission View: can create on DAG Run:example_python_decorator
[2025-04-29T09:32:35.448+0000] {logging_mixin.py:190} INFO - [2025-04-29T09:32:35.448+0000] {dag.py:3239} INFO - Sync 1 DAGs
[2025-04-29T09:32:35.458+0000] {logging_mixin.py:190} INFO - [2025-04-29T09:32:35.458+0000] {dag.py:3262} INFO - Creating ORM DAG for example_python_decorator
[2025-04-29T09:32:35.458+0000] {logging_mixin.py:190} INFO - [2025-04-29T09:32:35.458+0000] {dag.py:4180} INFO - Setting next_dagrun for example_python_decorator to None, run_after=None
[2025-04-29T09:32:35.474+0000] {processor.py:208} INFO - Processing /usr/local/python/3.12.1/lib/python3.12/site-packages/airflow/example_dags/example_python_decorator.py took 0.173 seconds
[2025-04-29T09:33:35.461+0000] {processor.py:186} INFO - Started process (PID=14867) to work on /usr/local/python/3.12.1/lib/python3.12/site-packages/airflow/example_dags/example_python_decorator.py
[2025-04-29T09:33:35.462+0000] {processor.py:914} INFO - Processing file /usr/local/python/3.12.1/lib/python3.12/site-packages/airflow/example_dags/example_python_decorator.py for tasks to queue
[2025-04-29T09:33:35.463+0000] {logging_mixin.py:190} INFO - [2025-04-29T09:33:35.463+0000] {dagbag.py:588} INFO - Filling up the DagBag from /usr/local/python/3.12.1/lib/python3.12/site-packages/airflow/example_dags/example_python_decorator.py
[2025-04-29T09:33:35.474+0000] {processor.py:925} INFO - DAG(s) 'example_python_decorator' retrieved from /usr/local/python/3.12.1/lib/python3.12/site-packages/airflow/example_dags/example_python_decorator.py
[2025-04-29T09:33:35.487+0000] {logging_mixin.py:190} INFO - [2025-04-29T09:33:35.487+0000] {dag.py:3239} INFO - Sync 1 DAGs
[2025-04-29T09:33:35.497+0000] {logging_mixin.py:190} INFO - [2025-04-29T09:33:35.497+0000] {dag.py:4180} INFO - Setting next_dagrun for example_python_decorator to None, run_after=None
[2025-04-29T09:33:35.531+0000] {processor.py:208} INFO - Processing /usr/local/python/3.12.1/lib/python3.12/site-packages/airflow/example_dags/example_python_decorator.py took 0.074 seconds
[2025-04-29T09:34:32.178+0000] {processor.py:186} INFO - Started process (PID=15589) to work on /usr/local/python/3.12.1/lib/python3.12/site-packages/airflow/example_dags/example_python_decorator.py
[2025-04-29T09:34:32.178+0000] {processor.py:914} INFO - Processing file /usr/local/python/3.12.1/lib/python3.12/site-packages/airflow/example_dags/example_python_decorator.py for tasks to queue
[2025-04-29T09:34:32.180+0000] {logging_mixin.py:190} INFO - [2025-04-29T09:34:32.179+0000] {dagbag.py:588} INFO - Filling up the DagBag from /usr/local/python/3.12.1/lib/python3.12/site-packages/airflow/example_dags/example_python_decorator.py
[2025-04-29T09:34:32.191+0000] {processor.py:925} INFO - DAG(s) 'example_python_decorator' retrieved from /usr/local/python/3.12.1/lib/python3.12/site-packages/airflow/example_dags/example_python_decorator.py
[2025-04-29T09:34:32.205+0000] {logging_mixin.py:190} INFO - [2025-04-29T09:34:32.204+0000] {dag.py:3239} INFO - Sync 1 DAGs
[2025-04-29T09:34:32.217+0000] {logging_mixin.py:190} INFO - [2025-04-29T09:34:32.217+0000] {dag.py:4180} INFO - Setting next_dagrun for example_python_decorator to None, run_after=None
[2025-04-29T09:34:32.235+0000] {processor.py:208} INFO - Processing /usr/local/python/3.12.1/lib/python3.12/site-packages/airflow/example_dags/example_python_decorator.py took 0.062 seconds
[2025-04-29T09:35:27.646+0000] {processor.py:186} INFO - Started process (PID=17233) to work on /usr/local/python/3.12.1/lib/python3.12/site-packages/airflow/example_dags/example_python_decorator.py
[2025-04-29T09:35:27.647+0000] {processor.py:914} INFO - Processing file /usr/local/python/3.12.1/lib/python3.12/site-packages/airflow/example_dags/example_python_decorator.py for tasks to queue
[2025-04-29T09:35:27.649+0000] {logging_mixin.py:190} INFO - [2025-04-29T09:35:27.649+0000] {dagbag.py:588} INFO - Filling up the DagBag from /usr/local/python/3.12.1/lib/python3.12/site-packages/airflow/example_dags/example_python_decorator.py
[2025-04-29T09:35:27.665+0000] {processor.py:925} INFO - DAG(s) 'example_python_decorator' retrieved from /usr/local/python/3.12.1/lib/python3.12/site-packages/airflow/example_dags/example_python_decorator.py
[2025-04-29T09:35:27.680+0000] {logging_mixin.py:190} INFO - [2025-04-29T09:35:27.680+0000] {dag.py:3239} INFO - Sync 1 DAGs
[2025-04-29T09:35:27.691+0000] {logging_mixin.py:190} INFO - [2025-04-29T09:35:27.691+0000] {dag.py:4180} INFO - Setting next_dagrun for example_python_decorator to None, run_after=None
[2025-04-29T09:35:27.707+0000] {processor.py:208} INFO - Processing /usr/local/python/3.12.1/lib/python3.12/site-packages/airflow/example_dags/example_python_decorator.py took 0.065 seconds
[2025-04-29T09:36:21.985+0000] {processor.py:186} INFO - Started process (PID=17913) to work on /usr/local/python/3.12.1/lib/python3.12/site-packages/airflow/example_dags/example_python_decorator.py
[2025-04-29T09:36:21.986+0000] {processor.py:914} INFO - Processing file /usr/local/python/3.12.1/lib/python3.12/site-packages/airflow/example_dags/example_python_decorator.py for tasks to queue
[2025-04-29T09:36:21.987+0000] {logging_mixin.py:190} INFO - [2025-04-29T09:36:21.987+0000] {dagbag.py:588} INFO - Filling up the DagBag from /usr/local/python/3.12.1/lib/python3.12/site-packages/airflow/example_dags/example_python_decorator.py
[2025-04-29T09:36:21.999+0000] {processor.py:925} INFO - DAG(s) 'example_python_decorator' retrieved from /usr/local/python/3.12.1/lib/python3.12/site-packages/airflow/example_dags/example_python_decorator.py
[2025-04-29T09:36:22.014+0000] {logging_mixin.py:190} INFO - [2025-04-29T09:36:22.014+0000] {dag.py:3239} INFO - Sync 1 DAGs
[2025-04-29T09:36:22.025+0000] {logging_mixin.py:190} INFO - [2025-04-29T09:36:22.024+0000] {dag.py:4180} INFO - Setting next_dagrun for example_python_decorator to None, run_after=None
[2025-04-29T09:36:22.040+0000] {processor.py:208} INFO - Processing /usr/local/python/3.12.1/lib/python3.12/site-packages/airflow/example_dags/example_python_decorator.py took 0.059 seconds
[2025-04-29T09:37:14.593+0000] {processor.py:186} INFO - Started process (PID=18673) to work on /usr/local/python/3.12.1/lib/python3.12/site-packages/airflow/example_dags/example_python_decorator.py
[2025-04-29T09:37:14.594+0000] {processor.py:914} INFO - Processing file /usr/local/python/3.12.1/lib/python3.12/site-packages/airflow/example_dags/example_python_decorator.py for tasks to queue
[2025-04-29T09:37:14.596+0000] {logging_mixin.py:190} INFO - [2025-04-29T09:37:14.595+0000] {dagbag.py:588} INFO - Filling up the DagBag from /usr/local/python/3.12.1/lib/python3.12/site-packages/airflow/example_dags/example_python_decorator.py
[2025-04-29T09:37:14.607+0000] {processor.py:925} INFO - DAG(s) 'example_python_decorator' retrieved from /usr/local/python/3.12.1/lib/python3.12/site-packages/airflow/example_dags/example_python_decorator.py
[2025-04-29T09:37:14.623+0000] {logging_mixin.py:190} INFO - [2025-04-29T09:37:14.622+0000] {dag.py:3239} INFO - Sync 1 DAGs
[2025-04-29T09:37:14.633+0000] {logging_mixin.py:190} INFO - [2025-04-29T09:37:14.633+0000] {dag.py:4180} INFO - Setting next_dagrun for example_python_decorator to None, run_after=None
[2025-04-29T09:37:14.650+0000] {processor.py:208} INFO - Processing /usr/local/python/3.12.1/lib/python3.12/site-packages/airflow/example_dags/example_python_decorator.py took 0.062 seconds
[2025-04-29T09:38:08.994+0000] {processor.py:186} INFO - Started process (PID=19358) to work on /usr/local/python/3.12.1/lib/python3.12/site-packages/airflow/example_dags/example_python_decorator.py
[2025-04-29T09:38:08.995+0000] {processor.py:914} INFO - Processing file /usr/local/python/3.12.1/lib/python3.12/site-packages/airflow/example_dags/example_python_decorator.py for tasks to queue
[2025-04-29T09:38:08.996+0000] {logging_mixin.py:190} INFO - [2025-04-29T09:38:08.996+0000] {dagbag.py:588} INFO - Filling up the DagBag from /usr/local/python/3.12.1/lib/python3.12/site-packages/airflow/example_dags/example_python_decorator.py
[2025-04-29T09:38:09.008+0000] {processor.py:925} INFO - DAG(s) 'example_python_decorator' retrieved from /usr/local/python/3.12.1/lib/python3.12/site-packages/airflow/example_dags/example_python_decorator.py
[2025-04-29T09:38:09.026+0000] {logging_mixin.py:190} INFO - [2025-04-29T09:38:09.025+0000] {dag.py:3239} INFO - Sync 1 DAGs
[2025-04-29T09:38:09.040+0000] {logging_mixin.py:190} INFO - [2025-04-29T09:38:09.040+0000] {dag.py:4180} INFO - Setting next_dagrun for example_python_decorator to None, run_after=None
[2025-04-29T09:38:09.063+0000] {processor.py:208} INFO - Processing /usr/local/python/3.12.1/lib/python3.12/site-packages/airflow/example_dags/example_python_decorator.py took 0.073 seconds
