[2025-04-29T09:32:57.279+0000] {processor.py:186} INFO - Started process (PID=14239) to work on /usr/local/python/3.12.1/lib/python3.12/site-packages/airflow/example_dags/example_branch_operator_decorator.py
[2025-04-29T09:32:57.279+0000] {processor.py:914} INFO - Processing file /usr/local/python/3.12.1/lib/python3.12/site-packages/airflow/example_dags/example_branch_operator_decorator.py for tasks to queue
[2025-04-29T09:32:57.281+0000] {logging_mixin.py:190} INFO - [2025-04-29T09:32:57.280+0000] {dagbag.py:588} INFO - Filling up the DagBag from /usr/local/python/3.12.1/lib/python3.12/site-packages/airflow/example_dags/example_branch_operator_decorator.py
[2025-04-29T09:32:57.299+0000] {processor.py:925} INFO - DAG(s) 'example_branch_python_operator_decorator' retrieved from /usr/local/python/3.12.1/lib/python3.12/site-packages/airflow/example_dags/example_branch_operator_decorator.py
[2025-04-29T09:32:57.409+0000] {logging_mixin.py:190} INFO - [2025-04-29T09:32:57.409+0000] {override.py:1912} INFO - Created Permission View: can delete on DAG:example_branch_python_operator_decorator
[2025-04-29T09:32:57.422+0000] {logging_mixin.py:190} INFO - [2025-04-29T09:32:57.421+0000] {override.py:1912} INFO - Created Permission View: can read on DAG:example_branch_python_operator_decorator
[2025-04-29T09:32:57.429+0000] {logging_mixin.py:190} INFO - [2025-04-29T09:32:57.429+0000] {override.py:1912} INFO - Created Permission View: can edit on DAG:example_branch_python_operator_decorator
[2025-04-29T09:32:57.441+0000] {logging_mixin.py:190} INFO - [2025-04-29T09:32:57.441+0000] {override.py:1912} INFO - Created Permission View: menu access on DAG Run:example_branch_python_operator_decorator
[2025-04-29T09:32:57.447+0000] {logging_mixin.py:190} INFO - [2025-04-29T09:32:57.447+0000] {override.py:1912} INFO - Created Permission View: can delete on DAG Run:example_branch_python_operator_decorator
[2025-04-29T09:32:57.453+0000] {logging_mixin.py:190} INFO - [2025-04-29T09:32:57.453+0000] {override.py:1912} INFO - Created Permission View: can read on DAG Run:example_branch_python_operator_decorator
[2025-04-29T09:32:57.460+0000] {logging_mixin.py:190} INFO - [2025-04-29T09:32:57.460+0000] {override.py:1912} INFO - Created Permission View: can create on DAG Run:example_branch_python_operator_decorator
[2025-04-29T09:32:57.461+0000] {logging_mixin.py:190} INFO - [2025-04-29T09:32:57.461+0000] {dag.py:3239} INFO - Sync 1 DAGs
[2025-04-29T09:32:57.474+0000] {logging_mixin.py:190} INFO - [2025-04-29T09:32:57.474+0000] {dag.py:3262} INFO - Creating ORM DAG for example_branch_python_operator_decorator
[2025-04-29T09:32:57.482+0000] {logging_mixin.py:190} INFO - [2025-04-29T09:32:57.482+0000] {dag.py:4180} INFO - Setting next_dagrun for example_branch_python_operator_decorator to 2025-04-28 00:00:00+00:00, run_after=2025-04-29 00:00:00+00:00
[2025-04-29T09:32:57.497+0000] {processor.py:208} INFO - Processing /usr/local/python/3.12.1/lib/python3.12/site-packages/airflow/example_dags/example_branch_operator_decorator.py took 0.223 seconds
[2025-04-29T09:33:55.004+0000] {processor.py:186} INFO - Started process (PID=15037) to work on /usr/local/python/3.12.1/lib/python3.12/site-packages/airflow/example_dags/example_branch_operator_decorator.py
[2025-04-29T09:33:55.005+0000] {processor.py:914} INFO - Processing file /usr/local/python/3.12.1/lib/python3.12/site-packages/airflow/example_dags/example_branch_operator_decorator.py for tasks to queue
[2025-04-29T09:33:55.006+0000] {logging_mixin.py:190} INFO - [2025-04-29T09:33:55.006+0000] {dagbag.py:588} INFO - Filling up the DagBag from /usr/local/python/3.12.1/lib/python3.12/site-packages/airflow/example_dags/example_branch_operator_decorator.py
[2025-04-29T09:33:55.024+0000] {processor.py:925} INFO - DAG(s) 'example_branch_python_operator_decorator' retrieved from /usr/local/python/3.12.1/lib/python3.12/site-packages/airflow/example_dags/example_branch_operator_decorator.py
[2025-04-29T09:33:55.041+0000] {logging_mixin.py:190} INFO - [2025-04-29T09:33:55.041+0000] {dag.py:3239} INFO - Sync 1 DAGs
[2025-04-29T09:33:55.060+0000] {logging_mixin.py:190} INFO - [2025-04-29T09:33:55.060+0000] {dag.py:4180} INFO - Setting next_dagrun for example_branch_python_operator_decorator to 2025-04-28 00:00:00+00:00, run_after=2025-04-29 00:00:00+00:00
[2025-04-29T09:33:55.076+0000] {processor.py:208} INFO - Processing /usr/local/python/3.12.1/lib/python3.12/site-packages/airflow/example_dags/example_branch_operator_decorator.py took 0.076 seconds
[2025-04-29T09:34:50.709+0000] {processor.py:186} INFO - Started process (PID=16225) to work on /usr/local/python/3.12.1/lib/python3.12/site-packages/airflow/example_dags/example_branch_operator_decorator.py
[2025-04-29T09:34:50.710+0000] {processor.py:914} INFO - Processing file /usr/local/python/3.12.1/lib/python3.12/site-packages/airflow/example_dags/example_branch_operator_decorator.py for tasks to queue
[2025-04-29T09:34:50.712+0000] {logging_mixin.py:190} INFO - [2025-04-29T09:34:50.712+0000] {dagbag.py:588} INFO - Filling up the DagBag from /usr/local/python/3.12.1/lib/python3.12/site-packages/airflow/example_dags/example_branch_operator_decorator.py
[2025-04-29T09:34:50.768+0000] {processor.py:925} INFO - DAG(s) 'example_branch_python_operator_decorator' retrieved from /usr/local/python/3.12.1/lib/python3.12/site-packages/airflow/example_dags/example_branch_operator_decorator.py
[2025-04-29T09:34:50.830+0000] {logging_mixin.py:190} INFO - [2025-04-29T09:34:50.830+0000] {dag.py:3239} INFO - Sync 1 DAGs
[2025-04-29T09:34:50.873+0000] {logging_mixin.py:190} INFO - [2025-04-29T09:34:50.873+0000] {dag.py:4180} INFO - Setting next_dagrun for example_branch_python_operator_decorator to 2025-04-28 00:00:00+00:00, run_after=2025-04-29 00:00:00+00:00
[2025-04-29T09:34:50.905+0000] {processor.py:208} INFO - Processing /usr/local/python/3.12.1/lib/python3.12/site-packages/airflow/example_dags/example_branch_operator_decorator.py took 0.202 seconds
[2025-04-29T09:35:45.666+0000] {processor.py:186} INFO - Started process (PID=17446) to work on /usr/local/python/3.12.1/lib/python3.12/site-packages/airflow/example_dags/example_branch_operator_decorator.py
[2025-04-29T09:35:45.667+0000] {processor.py:914} INFO - Processing file /usr/local/python/3.12.1/lib/python3.12/site-packages/airflow/example_dags/example_branch_operator_decorator.py for tasks to queue
[2025-04-29T09:35:45.670+0000] {logging_mixin.py:190} INFO - [2025-04-29T09:35:45.669+0000] {dagbag.py:588} INFO - Filling up the DagBag from /usr/local/python/3.12.1/lib/python3.12/site-packages/airflow/example_dags/example_branch_operator_decorator.py
[2025-04-29T09:35:45.700+0000] {processor.py:925} INFO - DAG(s) 'example_branch_python_operator_decorator' retrieved from /usr/local/python/3.12.1/lib/python3.12/site-packages/airflow/example_dags/example_branch_operator_decorator.py
[2025-04-29T09:35:45.729+0000] {logging_mixin.py:190} INFO - [2025-04-29T09:35:45.729+0000] {dag.py:3239} INFO - Sync 1 DAGs
[2025-04-29T09:35:45.746+0000] {logging_mixin.py:190} INFO - [2025-04-29T09:35:45.745+0000] {dag.py:4180} INFO - Setting next_dagrun for example_branch_python_operator_decorator to 2025-04-28 00:00:00+00:00, run_after=2025-04-29 00:00:00+00:00
[2025-04-29T09:35:45.762+0000] {processor.py:208} INFO - Processing /usr/local/python/3.12.1/lib/python3.12/site-packages/airflow/example_dags/example_branch_operator_decorator.py took 0.102 seconds
[2025-04-29T09:37:04.351+0000] {processor.py:186} INFO - Started process (PID=18494) to work on /usr/local/python/3.12.1/lib/python3.12/site-packages/airflow/example_dags/example_branch_operator_decorator.py
[2025-04-29T09:37:04.352+0000] {processor.py:914} INFO - Processing file /usr/local/python/3.12.1/lib/python3.12/site-packages/airflow/example_dags/example_branch_operator_decorator.py for tasks to queue
[2025-04-29T09:37:04.353+0000] {logging_mixin.py:190} INFO - [2025-04-29T09:37:04.353+0000] {dagbag.py:588} INFO - Filling up the DagBag from /usr/local/python/3.12.1/lib/python3.12/site-packages/airflow/example_dags/example_branch_operator_decorator.py
[2025-04-29T09:37:04.375+0000] {processor.py:925} INFO - DAG(s) 'example_branch_python_operator_decorator' retrieved from /usr/local/python/3.12.1/lib/python3.12/site-packages/airflow/example_dags/example_branch_operator_decorator.py
[2025-04-29T09:37:04.393+0000] {logging_mixin.py:190} INFO - [2025-04-29T09:37:04.393+0000] {dag.py:3239} INFO - Sync 1 DAGs
[2025-04-29T09:37:04.410+0000] {logging_mixin.py:190} INFO - [2025-04-29T09:37:04.410+0000] {dag.py:4180} INFO - Setting next_dagrun for example_branch_python_operator_decorator to 2025-04-28 00:00:00+00:00, run_after=2025-04-29 00:00:00+00:00
[2025-04-29T09:37:04.425+0000] {processor.py:208} INFO - Processing /usr/local/python/3.12.1/lib/python3.12/site-packages/airflow/example_dags/example_branch_operator_decorator.py took 0.082 seconds
[2025-04-29T09:38:24.406+0000] {processor.py:186} INFO - Started process (PID=19536) to work on /usr/local/python/3.12.1/lib/python3.12/site-packages/airflow/example_dags/example_branch_operator_decorator.py
[2025-04-29T09:38:24.407+0000] {processor.py:914} INFO - Processing file /usr/local/python/3.12.1/lib/python3.12/site-packages/airflow/example_dags/example_branch_operator_decorator.py for tasks to queue
[2025-04-29T09:38:24.409+0000] {logging_mixin.py:190} INFO - [2025-04-29T09:38:24.409+0000] {dagbag.py:588} INFO - Filling up the DagBag from /usr/local/python/3.12.1/lib/python3.12/site-packages/airflow/example_dags/example_branch_operator_decorator.py
[2025-04-29T09:38:24.435+0000] {processor.py:925} INFO - DAG(s) 'example_branch_python_operator_decorator' retrieved from /usr/local/python/3.12.1/lib/python3.12/site-packages/airflow/example_dags/example_branch_operator_decorator.py
[2025-04-29T09:38:24.460+0000] {logging_mixin.py:190} INFO - [2025-04-29T09:38:24.460+0000] {dag.py:3239} INFO - Sync 1 DAGs
[2025-04-29T09:38:24.484+0000] {logging_mixin.py:190} INFO - [2025-04-29T09:38:24.484+0000] {dag.py:4180} INFO - Setting next_dagrun for example_branch_python_operator_decorator to 2025-04-28 00:00:00+00:00, run_after=2025-04-29 00:00:00+00:00
[2025-04-29T09:38:24.507+0000] {processor.py:208} INFO - Processing /usr/local/python/3.12.1/lib/python3.12/site-packages/airflow/example_dags/example_branch_operator_decorator.py took 0.106 seconds
