[2025-04-29T09:33:02.500+0000] {processor.py:186} INFO - Started process (PID=14345) to work on /usr/local/python/3.12.1/lib/python3.12/site-packages/airflow/example_dags/example_branch_day_of_week_operator.py
[2025-04-29T09:33:02.500+0000] {processor.py:914} INFO - Processing file /usr/local/python/3.12.1/lib/python3.12/site-packages/airflow/example_dags/example_branch_day_of_week_operator.py for tasks to queue
[2025-04-29T09:33:02.502+0000] {logging_mixin.py:190} INFO - [2025-04-29T09:33:02.502+0000] {dagbag.py:588} INFO - Filling up the DagBag from /usr/local/python/3.12.1/lib/python3.12/site-packages/airflow/example_dags/example_branch_day_of_week_operator.py
[2025-04-29T09:33:02.509+0000] {processor.py:925} INFO - DAG(s) 'example_weekday_branch_operator' retrieved from /usr/local/python/3.12.1/lib/python3.12/site-packages/airflow/example_dags/example_branch_day_of_week_operator.py
[2025-04-29T09:33:02.603+0000] {logging_mixin.py:190} INFO - [2025-04-29T09:33:02.603+0000] {override.py:1912} INFO - Created Permission View: can delete on DAG:example_weekday_branch_operator
[2025-04-29T09:33:02.612+0000] {logging_mixin.py:190} INFO - [2025-04-29T09:33:02.612+0000] {override.py:1912} INFO - Created Permission View: can read on DAG:example_weekday_branch_operator
[2025-04-29T09:33:02.618+0000] {logging_mixin.py:190} INFO - [2025-04-29T09:33:02.618+0000] {override.py:1912} INFO - Created Permission View: can edit on DAG:example_weekday_branch_operator
[2025-04-29T09:33:02.628+0000] {logging_mixin.py:190} INFO - [2025-04-29T09:33:02.628+0000] {override.py:1912} INFO - Created Permission View: menu access on DAG Run:example_weekday_branch_operator
[2025-04-29T09:33:02.634+0000] {logging_mixin.py:190} INFO - [2025-04-29T09:33:02.634+0000] {override.py:1912} INFO - Created Permission View: can delete on DAG Run:example_weekday_branch_operator
[2025-04-29T09:33:02.640+0000] {logging_mixin.py:190} INFO - [2025-04-29T09:33:02.640+0000] {override.py:1912} INFO - Created Permission View: can read on DAG Run:example_weekday_branch_operator
[2025-04-29T09:33:02.646+0000] {logging_mixin.py:190} INFO - [2025-04-29T09:33:02.646+0000] {override.py:1912} INFO - Created Permission View: can create on DAG Run:example_weekday_branch_operator
[2025-04-29T09:33:02.646+0000] {logging_mixin.py:190} INFO - [2025-04-29T09:33:02.646+0000] {dag.py:3239} INFO - Sync 1 DAGs
[2025-04-29T09:33:02.655+0000] {logging_mixin.py:190} INFO - [2025-04-29T09:33:02.655+0000] {dag.py:3262} INFO - Creating ORM DAG for example_weekday_branch_operator
[2025-04-29T09:33:02.662+0000] {logging_mixin.py:190} INFO - [2025-04-29T09:33:02.662+0000] {dag.py:4180} INFO - Setting next_dagrun for example_weekday_branch_operator to 2025-04-28 00:00:00+00:00, run_after=2025-04-29 00:00:00+00:00
[2025-04-29T09:33:02.677+0000] {processor.py:208} INFO - Processing /usr/local/python/3.12.1/lib/python3.12/site-packages/airflow/example_dags/example_branch_day_of_week_operator.py took 0.182 seconds
[2025-04-29T09:33:58.276+0000] {processor.py:186} INFO - Started process (PID=15057) to work on /usr/local/python/3.12.1/lib/python3.12/site-packages/airflow/example_dags/example_branch_day_of_week_operator.py
[2025-04-29T09:33:58.276+0000] {processor.py:914} INFO - Processing file /usr/local/python/3.12.1/lib/python3.12/site-packages/airflow/example_dags/example_branch_day_of_week_operator.py for tasks to queue
[2025-04-29T09:33:58.278+0000] {logging_mixin.py:190} INFO - [2025-04-29T09:33:58.277+0000] {dagbag.py:588} INFO - Filling up the DagBag from /usr/local/python/3.12.1/lib/python3.12/site-packages/airflow/example_dags/example_branch_day_of_week_operator.py
[2025-04-29T09:33:58.285+0000] {processor.py:925} INFO - DAG(s) 'example_weekday_branch_operator' retrieved from /usr/local/python/3.12.1/lib/python3.12/site-packages/airflow/example_dags/example_branch_day_of_week_operator.py
[2025-04-29T09:33:58.297+0000] {logging_mixin.py:190} INFO - [2025-04-29T09:33:58.297+0000] {dag.py:3239} INFO - Sync 1 DAGs
[2025-04-29T09:33:58.313+0000] {logging_mixin.py:190} INFO - [2025-04-29T09:33:58.313+0000] {dag.py:4180} INFO - Setting next_dagrun for example_weekday_branch_operator to 2025-04-28 00:00:00+00:00, run_after=2025-04-29 00:00:00+00:00
[2025-04-29T09:33:58.329+0000] {processor.py:208} INFO - Processing /usr/local/python/3.12.1/lib/python3.12/site-packages/airflow/example_dags/example_branch_day_of_week_operator.py took 0.057 seconds
[2025-04-29T09:34:54.640+0000] {processor.py:186} INFO - Started process (PID=16296) to work on /usr/local/python/3.12.1/lib/python3.12/site-packages/airflow/example_dags/example_branch_day_of_week_operator.py
[2025-04-29T09:34:54.641+0000] {processor.py:914} INFO - Processing file /usr/local/python/3.12.1/lib/python3.12/site-packages/airflow/example_dags/example_branch_day_of_week_operator.py for tasks to queue
[2025-04-29T09:34:54.645+0000] {logging_mixin.py:190} INFO - [2025-04-29T09:34:54.644+0000] {dagbag.py:588} INFO - Filling up the DagBag from /usr/local/python/3.12.1/lib/python3.12/site-packages/airflow/example_dags/example_branch_day_of_week_operator.py
[2025-04-29T09:34:54.668+0000] {processor.py:925} INFO - DAG(s) 'example_weekday_branch_operator' retrieved from /usr/local/python/3.12.1/lib/python3.12/site-packages/airflow/example_dags/example_branch_day_of_week_operator.py
[2025-04-29T09:34:54.694+0000] {logging_mixin.py:190} INFO - [2025-04-29T09:34:54.693+0000] {dag.py:3239} INFO - Sync 1 DAGs
[2025-04-29T09:34:54.720+0000] {logging_mixin.py:190} INFO - [2025-04-29T09:34:54.720+0000] {dag.py:4180} INFO - Setting next_dagrun for example_weekday_branch_operator to 2025-04-28 00:00:00+00:00, run_after=2025-04-29 00:00:00+00:00
[2025-04-29T09:34:54.737+0000] {processor.py:208} INFO - Processing /usr/local/python/3.12.1/lib/python3.12/site-packages/airflow/example_dags/example_branch_day_of_week_operator.py took 0.113 seconds
[2025-04-29T09:36:13.436+0000] {processor.py:186} INFO - Started process (PID=17837) to work on /usr/local/python/3.12.1/lib/python3.12/site-packages/airflow/example_dags/example_branch_day_of_week_operator.py
[2025-04-29T09:36:13.436+0000] {processor.py:914} INFO - Processing file /usr/local/python/3.12.1/lib/python3.12/site-packages/airflow/example_dags/example_branch_day_of_week_operator.py for tasks to queue
[2025-04-29T09:36:13.438+0000] {logging_mixin.py:190} INFO - [2025-04-29T09:36:13.437+0000] {dagbag.py:588} INFO - Filling up the DagBag from /usr/local/python/3.12.1/lib/python3.12/site-packages/airflow/example_dags/example_branch_day_of_week_operator.py
[2025-04-29T09:36:13.445+0000] {processor.py:925} INFO - DAG(s) 'example_weekday_branch_operator' retrieved from /usr/local/python/3.12.1/lib/python3.12/site-packages/airflow/example_dags/example_branch_day_of_week_operator.py
[2025-04-29T09:36:13.457+0000] {logging_mixin.py:190} INFO - [2025-04-29T09:36:13.457+0000] {dag.py:3239} INFO - Sync 1 DAGs
[2025-04-29T09:36:13.473+0000] {logging_mixin.py:190} INFO - [2025-04-29T09:36:13.473+0000] {dag.py:4180} INFO - Setting next_dagrun for example_weekday_branch_operator to 2025-04-28 00:00:00+00:00, run_after=2025-04-29 00:00:00+00:00
[2025-04-29T09:36:13.489+0000] {processor.py:208} INFO - Processing /usr/local/python/3.12.1/lib/python3.12/site-packages/airflow/example_dags/example_branch_day_of_week_operator.py took 0.058 seconds
[2025-04-29T09:37:32.804+0000] {processor.py:186} INFO - Started process (PID=18868) to work on /usr/local/python/3.12.1/lib/python3.12/site-packages/airflow/example_dags/example_branch_day_of_week_operator.py
[2025-04-29T09:37:32.805+0000] {processor.py:914} INFO - Processing file /usr/local/python/3.12.1/lib/python3.12/site-packages/airflow/example_dags/example_branch_day_of_week_operator.py for tasks to queue
[2025-04-29T09:37:32.807+0000] {logging_mixin.py:190} INFO - [2025-04-29T09:37:32.806+0000] {dagbag.py:588} INFO - Filling up the DagBag from /usr/local/python/3.12.1/lib/python3.12/site-packages/airflow/example_dags/example_branch_day_of_week_operator.py
[2025-04-29T09:37:32.814+0000] {processor.py:925} INFO - DAG(s) 'example_weekday_branch_operator' retrieved from /usr/local/python/3.12.1/lib/python3.12/site-packages/airflow/example_dags/example_branch_day_of_week_operator.py
[2025-04-29T09:37:32.825+0000] {logging_mixin.py:190} INFO - [2025-04-29T09:37:32.825+0000] {dag.py:3239} INFO - Sync 1 DAGs
[2025-04-29T09:37:32.842+0000] {logging_mixin.py:190} INFO - [2025-04-29T09:37:32.842+0000] {dag.py:4180} INFO - Setting next_dagrun for example_weekday_branch_operator to 2025-04-28 00:00:00+00:00, run_after=2025-04-29 00:00:00+00:00
[2025-04-29T09:37:32.857+0000] {processor.py:208} INFO - Processing /usr/local/python/3.12.1/lib/python3.12/site-packages/airflow/example_dags/example_branch_day_of_week_operator.py took 0.057 seconds
[2025-04-29T09:38:53.731+0000] {processor.py:186} INFO - Started process (PID=20002) to work on /usr/local/python/3.12.1/lib/python3.12/site-packages/airflow/example_dags/example_branch_day_of_week_operator.py
[2025-04-29T09:38:53.732+0000] {processor.py:914} INFO - Processing file /usr/local/python/3.12.1/lib/python3.12/site-packages/airflow/example_dags/example_branch_day_of_week_operator.py for tasks to queue
[2025-04-29T09:38:53.733+0000] {logging_mixin.py:190} INFO - [2025-04-29T09:38:53.733+0000] {dagbag.py:588} INFO - Filling up the DagBag from /usr/local/python/3.12.1/lib/python3.12/site-packages/airflow/example_dags/example_branch_day_of_week_operator.py
[2025-04-29T09:38:53.740+0000] {processor.py:925} INFO - DAG(s) 'example_weekday_branch_operator' retrieved from /usr/local/python/3.12.1/lib/python3.12/site-packages/airflow/example_dags/example_branch_day_of_week_operator.py
[2025-04-29T09:38:53.755+0000] {logging_mixin.py:190} INFO - [2025-04-29T09:38:53.755+0000] {dag.py:3239} INFO - Sync 1 DAGs
[2025-04-29T09:38:53.772+0000] {logging_mixin.py:190} INFO - [2025-04-29T09:38:53.772+0000] {dag.py:4180} INFO - Setting next_dagrun for example_weekday_branch_operator to 2025-04-28 00:00:00+00:00, run_after=2025-04-29 00:00:00+00:00
[2025-04-29T09:38:53.789+0000] {processor.py:208} INFO - Processing /usr/local/python/3.12.1/lib/python3.12/site-packages/airflow/example_dags/example_branch_day_of_week_operator.py took 0.062 seconds
