[2025-04-29T09:32:30.256+0000] {processor.py:186} INFO - Started process (PID=14019) to work on /usr/local/python/3.12.1/lib/python3.12/site-packages/airflow/example_dags/example_sensors.py
[2025-04-29T09:32:30.257+0000] {processor.py:914} INFO - Processing file /usr/local/python/3.12.1/lib/python3.12/site-packages/airflow/example_dags/example_sensors.py for tasks to queue
[2025-04-29T09:32:30.258+0000] {logging_mixin.py:190} INFO - [2025-04-29T09:32:30.258+0000] {dagbag.py:588} INFO - Filling up the DagBag from /usr/local/python/3.12.1/lib/python3.12/site-packages/airflow/example_dags/example_sensors.py
[2025-04-29T09:32:30.270+0000] {processor.py:925} INFO - DAG(s) 'example_sensors' retrieved from /usr/local/python/3.12.1/lib/python3.12/site-packages/airflow/example_dags/example_sensors.py
[2025-04-29T09:32:30.389+0000] {logging_mixin.py:190} INFO - [2025-04-29T09:32:30.388+0000] {override.py:1912} INFO - Created Permission View: can delete on DAG:example_sensors
[2025-04-29T09:32:30.398+0000] {logging_mixin.py:190} INFO - [2025-04-29T09:32:30.398+0000] {override.py:1912} INFO - Created Permission View: can read on DAG:example_sensors
[2025-04-29T09:32:30.407+0000] {logging_mixin.py:190} INFO - [2025-04-29T09:32:30.407+0000] {override.py:1912} INFO - Created Permission View: can edit on DAG:example_sensors
[2025-04-29T09:32:30.418+0000] {logging_mixin.py:190} INFO - [2025-04-29T09:32:30.418+0000] {override.py:1912} INFO - Created Permission View: menu access on DAG Run:example_sensors
[2025-04-29T09:32:30.426+0000] {logging_mixin.py:190} INFO - [2025-04-29T09:32:30.426+0000] {override.py:1912} INFO - Created Permission View: can delete on DAG Run:example_sensors
[2025-04-29T09:32:30.434+0000] {logging_mixin.py:190} INFO - [2025-04-29T09:32:30.434+0000] {override.py:1912} INFO - Created Permission View: can read on DAG Run:example_sensors
[2025-04-29T09:32:30.442+0000] {logging_mixin.py:190} INFO - [2025-04-29T09:32:30.442+0000] {override.py:1912} INFO - Created Permission View: can create on DAG Run:example_sensors
[2025-04-29T09:32:30.442+0000] {logging_mixin.py:190} INFO - [2025-04-29T09:32:30.442+0000] {dag.py:3239} INFO - Sync 1 DAGs
[2025-04-29T09:32:30.456+0000] {logging_mixin.py:190} INFO - [2025-04-29T09:32:30.455+0000] {dag.py:3262} INFO - Creating ORM DAG for example_sensors
[2025-04-29T09:32:30.456+0000] {logging_mixin.py:190} INFO - [2025-04-29T09:32:30.456+0000] {dag.py:4180} INFO - Setting next_dagrun for example_sensors to None, run_after=None
[2025-04-29T09:32:30.474+0000] {processor.py:208} INFO - Processing /usr/local/python/3.12.1/lib/python3.12/site-packages/airflow/example_dags/example_sensors.py took 0.222 seconds
[2025-04-29T09:33:30.922+0000] {processor.py:186} INFO - Started process (PID=14780) to work on /usr/local/python/3.12.1/lib/python3.12/site-packages/airflow/example_dags/example_sensors.py
[2025-04-29T09:33:30.922+0000] {processor.py:914} INFO - Processing file /usr/local/python/3.12.1/lib/python3.12/site-packages/airflow/example_dags/example_sensors.py for tasks to queue
[2025-04-29T09:33:30.924+0000] {logging_mixin.py:190} INFO - [2025-04-29T09:33:30.923+0000] {dagbag.py:588} INFO - Filling up the DagBag from /usr/local/python/3.12.1/lib/python3.12/site-packages/airflow/example_dags/example_sensors.py
[2025-04-29T09:33:30.932+0000] {processor.py:925} INFO - DAG(s) 'example_sensors' retrieved from /usr/local/python/3.12.1/lib/python3.12/site-packages/airflow/example_dags/example_sensors.py
[2025-04-29T09:33:30.948+0000] {logging_mixin.py:190} INFO - [2025-04-29T09:33:30.948+0000] {dag.py:3239} INFO - Sync 1 DAGs
[2025-04-29T09:33:30.957+0000] {logging_mixin.py:190} INFO - [2025-04-29T09:33:30.957+0000] {dag.py:4180} INFO - Setting next_dagrun for example_sensors to None, run_after=None
[2025-04-29T09:33:30.972+0000] {processor.py:208} INFO - Processing /usr/local/python/3.12.1/lib/python3.12/site-packages/airflow/example_dags/example_sensors.py took 0.054 seconds
[2025-04-29T09:34:28.470+0000] {processor.py:186} INFO - Started process (PID=15545) to work on /usr/local/python/3.12.1/lib/python3.12/site-packages/airflow/example_dags/example_sensors.py
[2025-04-29T09:34:28.471+0000] {processor.py:914} INFO - Processing file /usr/local/python/3.12.1/lib/python3.12/site-packages/airflow/example_dags/example_sensors.py for tasks to queue
[2025-04-29T09:34:28.472+0000] {logging_mixin.py:190} INFO - [2025-04-29T09:34:28.472+0000] {dagbag.py:588} INFO - Filling up the DagBag from /usr/local/python/3.12.1/lib/python3.12/site-packages/airflow/example_dags/example_sensors.py
[2025-04-29T09:34:28.480+0000] {processor.py:925} INFO - DAG(s) 'example_sensors' retrieved from /usr/local/python/3.12.1/lib/python3.12/site-packages/airflow/example_dags/example_sensors.py
[2025-04-29T09:34:28.496+0000] {logging_mixin.py:190} INFO - [2025-04-29T09:34:28.496+0000] {dag.py:3239} INFO - Sync 1 DAGs
[2025-04-29T09:34:28.505+0000] {logging_mixin.py:190} INFO - [2025-04-29T09:34:28.505+0000] {dag.py:4180} INFO - Setting next_dagrun for example_sensors to None, run_after=None
[2025-04-29T09:34:28.521+0000] {processor.py:208} INFO - Processing /usr/local/python/3.12.1/lib/python3.12/site-packages/airflow/example_dags/example_sensors.py took 0.055 seconds
[2025-04-29T09:35:23.968+0000] {processor.py:186} INFO - Started process (PID=17196) to work on /usr/local/python/3.12.1/lib/python3.12/site-packages/airflow/example_dags/example_sensors.py
[2025-04-29T09:35:23.969+0000] {processor.py:914} INFO - Processing file /usr/local/python/3.12.1/lib/python3.12/site-packages/airflow/example_dags/example_sensors.py for tasks to queue
[2025-04-29T09:35:23.970+0000] {logging_mixin.py:190} INFO - [2025-04-29T09:35:23.970+0000] {dagbag.py:588} INFO - Filling up the DagBag from /usr/local/python/3.12.1/lib/python3.12/site-packages/airflow/example_dags/example_sensors.py
[2025-04-29T09:35:23.987+0000] {processor.py:925} INFO - DAG(s) 'example_sensors' retrieved from /usr/local/python/3.12.1/lib/python3.12/site-packages/airflow/example_dags/example_sensors.py
[2025-04-29T09:35:24.011+0000] {logging_mixin.py:190} INFO - [2025-04-29T09:35:24.010+0000] {dag.py:3239} INFO - Sync 1 DAGs
[2025-04-29T09:35:24.020+0000] {logging_mixin.py:190} INFO - [2025-04-29T09:35:24.020+0000] {dag.py:4180} INFO - Setting next_dagrun for example_sensors to None, run_after=None
[2025-04-29T09:35:24.036+0000] {processor.py:208} INFO - Processing /usr/local/python/3.12.1/lib/python3.12/site-packages/airflow/example_dags/example_sensors.py took 0.072 seconds
[2025-04-29T09:36:18.322+0000] {processor.py:186} INFO - Started process (PID=17888) to work on /usr/local/python/3.12.1/lib/python3.12/site-packages/airflow/example_dags/example_sensors.py
[2025-04-29T09:36:18.322+0000] {processor.py:914} INFO - Processing file /usr/local/python/3.12.1/lib/python3.12/site-packages/airflow/example_dags/example_sensors.py for tasks to queue
[2025-04-29T09:36:18.324+0000] {logging_mixin.py:190} INFO - [2025-04-29T09:36:18.324+0000] {dagbag.py:588} INFO - Filling up the DagBag from /usr/local/python/3.12.1/lib/python3.12/site-packages/airflow/example_dags/example_sensors.py
[2025-04-29T09:36:18.333+0000] {processor.py:925} INFO - DAG(s) 'example_sensors' retrieved from /usr/local/python/3.12.1/lib/python3.12/site-packages/airflow/example_dags/example_sensors.py
[2025-04-29T09:36:18.349+0000] {logging_mixin.py:190} INFO - [2025-04-29T09:36:18.348+0000] {dag.py:3239} INFO - Sync 1 DAGs
[2025-04-29T09:36:18.358+0000] {logging_mixin.py:190} INFO - [2025-04-29T09:36:18.358+0000] {dag.py:4180} INFO - Setting next_dagrun for example_sensors to None, run_after=None
[2025-04-29T09:36:18.376+0000] {processor.py:208} INFO - Processing /usr/local/python/3.12.1/lib/python3.12/site-packages/airflow/example_dags/example_sensors.py took 0.059 seconds
[2025-04-29T09:37:10.523+0000] {processor.py:186} INFO - Started process (PID=18613) to work on /usr/local/python/3.12.1/lib/python3.12/site-packages/airflow/example_dags/example_sensors.py
[2025-04-29T09:37:10.524+0000] {processor.py:914} INFO - Processing file /usr/local/python/3.12.1/lib/python3.12/site-packages/airflow/example_dags/example_sensors.py for tasks to queue
[2025-04-29T09:37:10.525+0000] {logging_mixin.py:190} INFO - [2025-04-29T09:37:10.525+0000] {dagbag.py:588} INFO - Filling up the DagBag from /usr/local/python/3.12.1/lib/python3.12/site-packages/airflow/example_dags/example_sensors.py
[2025-04-29T09:37:10.533+0000] {processor.py:925} INFO - DAG(s) 'example_sensors' retrieved from /usr/local/python/3.12.1/lib/python3.12/site-packages/airflow/example_dags/example_sensors.py
[2025-04-29T09:37:10.554+0000] {logging_mixin.py:190} INFO - [2025-04-29T09:37:10.554+0000] {dag.py:3239} INFO - Sync 1 DAGs
[2025-04-29T09:37:10.563+0000] {logging_mixin.py:190} INFO - [2025-04-29T09:37:10.563+0000] {dag.py:4180} INFO - Setting next_dagrun for example_sensors to None, run_after=None
[2025-04-29T09:37:10.579+0000] {processor.py:208} INFO - Processing /usr/local/python/3.12.1/lib/python3.12/site-packages/airflow/example_dags/example_sensors.py took 0.061 seconds
[2025-04-29T09:38:05.300+0000] {processor.py:186} INFO - Started process (PID=19327) to work on /usr/local/python/3.12.1/lib/python3.12/site-packages/airflow/example_dags/example_sensors.py
[2025-04-29T09:38:05.301+0000] {processor.py:914} INFO - Processing file /usr/local/python/3.12.1/lib/python3.12/site-packages/airflow/example_dags/example_sensors.py for tasks to queue
[2025-04-29T09:38:05.302+0000] {logging_mixin.py:190} INFO - [2025-04-29T09:38:05.302+0000] {dagbag.py:588} INFO - Filling up the DagBag from /usr/local/python/3.12.1/lib/python3.12/site-packages/airflow/example_dags/example_sensors.py
[2025-04-29T09:38:05.311+0000] {processor.py:925} INFO - DAG(s) 'example_sensors' retrieved from /usr/local/python/3.12.1/lib/python3.12/site-packages/airflow/example_dags/example_sensors.py
[2025-04-29T09:38:05.327+0000] {logging_mixin.py:190} INFO - [2025-04-29T09:38:05.327+0000] {dag.py:3239} INFO - Sync 1 DAGs
[2025-04-29T09:38:05.336+0000] {logging_mixin.py:190} INFO - [2025-04-29T09:38:05.336+0000] {dag.py:4180} INFO - Setting next_dagrun for example_sensors to None, run_after=None
[2025-04-29T09:38:05.352+0000] {processor.py:208} INFO - Processing /usr/local/python/3.12.1/lib/python3.12/site-packages/airflow/example_dags/example_sensors.py took 0.056 seconds
