[2025-04-29T09:32:15.766+0000] {processor.py:186} INFO - Started process (PID=13886) to work on /usr/local/python/3.12.1/lib/python3.12/site-packages/airflow/example_dags/example_trigger_controller_dag.py
[2025-04-29T09:32:15.766+0000] {processor.py:914} INFO - Processing file /usr/local/python/3.12.1/lib/python3.12/site-packages/airflow/example_dags/example_trigger_controller_dag.py for tasks to queue
[2025-04-29T09:32:15.768+0000] {logging_mixin.py:190} INFO - [2025-04-29T09:32:15.767+0000] {dagbag.py:588} INFO - Filling up the DagBag from /usr/local/python/3.12.1/lib/python3.12/site-packages/airflow/example_dags/example_trigger_controller_dag.py
[2025-04-29T09:32:15.772+0000] {processor.py:925} INFO - DAG(s) 'example_trigger_controller_dag' retrieved from /usr/local/python/3.12.1/lib/python3.12/site-packages/airflow/example_dags/example_trigger_controller_dag.py
[2025-04-29T09:32:15.860+0000] {logging_mixin.py:190} INFO - [2025-04-29T09:32:15.859+0000] {override.py:1912} INFO - Created Permission View: can delete on DAG:example_trigger_controller_dag
[2025-04-29T09:32:15.869+0000] {logging_mixin.py:190} INFO - [2025-04-29T09:32:15.869+0000] {override.py:1912} INFO - Created Permission View: can read on DAG:example_trigger_controller_dag
[2025-04-29T09:32:15.875+0000] {logging_mixin.py:190} INFO - [2025-04-29T09:32:15.875+0000] {override.py:1912} INFO - Created Permission View: can edit on DAG:example_trigger_controller_dag
[2025-04-29T09:32:15.885+0000] {logging_mixin.py:190} INFO - [2025-04-29T09:32:15.885+0000] {override.py:1912} INFO - Created Permission View: menu access on DAG Run:example_trigger_controller_dag
[2025-04-29T09:32:15.891+0000] {logging_mixin.py:190} INFO - [2025-04-29T09:32:15.891+0000] {override.py:1912} INFO - Created Permission View: can delete on DAG Run:example_trigger_controller_dag
[2025-04-29T09:32:15.897+0000] {logging_mixin.py:190} INFO - [2025-04-29T09:32:15.897+0000] {override.py:1912} INFO - Created Permission View: can read on DAG Run:example_trigger_controller_dag
[2025-04-29T09:32:15.903+0000] {logging_mixin.py:190} INFO - [2025-04-29T09:32:15.903+0000] {override.py:1912} INFO - Created Permission View: can create on DAG Run:example_trigger_controller_dag
[2025-04-29T09:32:15.903+0000] {logging_mixin.py:190} INFO - [2025-04-29T09:32:15.903+0000] {dag.py:3239} INFO - Sync 1 DAGs
[2025-04-29T09:32:15.912+0000] {logging_mixin.py:190} INFO - [2025-04-29T09:32:15.912+0000] {dag.py:3262} INFO - Creating ORM DAG for example_trigger_controller_dag
[2025-04-29T09:32:15.918+0000] {logging_mixin.py:190} INFO - [2025-04-29T09:32:15.918+0000] {dag.py:4180} INFO - Setting next_dagrun for example_trigger_controller_dag to 2021-01-01 00:00:00+00:00, run_after=2021-01-01 00:00:00+00:00
[2025-04-29T09:32:15.938+0000] {processor.py:208} INFO - Processing /usr/local/python/3.12.1/lib/python3.12/site-packages/airflow/example_dags/example_trigger_controller_dag.py took 0.177 seconds
[2025-04-29T09:33:18.898+0000] {processor.py:186} INFO - Started process (PID=14599) to work on /usr/local/python/3.12.1/lib/python3.12/site-packages/airflow/example_dags/example_trigger_controller_dag.py
[2025-04-29T09:33:18.898+0000] {processor.py:914} INFO - Processing file /usr/local/python/3.12.1/lib/python3.12/site-packages/airflow/example_dags/example_trigger_controller_dag.py for tasks to queue
[2025-04-29T09:33:18.900+0000] {logging_mixin.py:190} INFO - [2025-04-29T09:33:18.900+0000] {dagbag.py:588} INFO - Filling up the DagBag from /usr/local/python/3.12.1/lib/python3.12/site-packages/airflow/example_dags/example_trigger_controller_dag.py
[2025-04-29T09:33:18.905+0000] {processor.py:925} INFO - DAG(s) 'example_trigger_controller_dag' retrieved from /usr/local/python/3.12.1/lib/python3.12/site-packages/airflow/example_dags/example_trigger_controller_dag.py
[2025-04-29T09:33:18.916+0000] {logging_mixin.py:190} INFO - [2025-04-29T09:33:18.916+0000] {dag.py:3239} INFO - Sync 1 DAGs
[2025-04-29T09:33:18.932+0000] {logging_mixin.py:190} INFO - [2025-04-29T09:33:18.931+0000] {dag.py:4180} INFO - Setting next_dagrun for example_trigger_controller_dag to 2021-01-01 00:00:00+00:00, run_after=2021-01-01 00:00:00+00:00
[2025-04-29T09:33:18.947+0000] {processor.py:208} INFO - Processing /usr/local/python/3.12.1/lib/python3.12/site-packages/airflow/example_dags/example_trigger_controller_dag.py took 0.053 seconds
[2025-04-29T09:34:14.752+0000] {processor.py:186} INFO - Started process (PID=15351) to work on /usr/local/python/3.12.1/lib/python3.12/site-packages/airflow/example_dags/example_trigger_controller_dag.py
[2025-04-29T09:34:14.752+0000] {processor.py:914} INFO - Processing file /usr/local/python/3.12.1/lib/python3.12/site-packages/airflow/example_dags/example_trigger_controller_dag.py for tasks to queue
[2025-04-29T09:34:14.754+0000] {logging_mixin.py:190} INFO - [2025-04-29T09:34:14.754+0000] {dagbag.py:588} INFO - Filling up the DagBag from /usr/local/python/3.12.1/lib/python3.12/site-packages/airflow/example_dags/example_trigger_controller_dag.py
[2025-04-29T09:34:14.759+0000] {processor.py:925} INFO - DAG(s) 'example_trigger_controller_dag' retrieved from /usr/local/python/3.12.1/lib/python3.12/site-packages/airflow/example_dags/example_trigger_controller_dag.py
[2025-04-29T09:34:14.769+0000] {logging_mixin.py:190} INFO - [2025-04-29T09:34:14.769+0000] {dag.py:3239} INFO - Sync 1 DAGs
[2025-04-29T09:34:14.789+0000] {logging_mixin.py:190} INFO - [2025-04-29T09:34:14.788+0000] {dag.py:4180} INFO - Setting next_dagrun for example_trigger_controller_dag to 2021-01-01 00:00:00+00:00, run_after=2021-01-01 00:00:00+00:00
[2025-04-29T09:34:14.810+0000] {processor.py:208} INFO - Processing /usr/local/python/3.12.1/lib/python3.12/site-packages/airflow/example_dags/example_trigger_controller_dag.py took 0.062 seconds
[2025-04-29T09:35:09.974+0000] {processor.py:186} INFO - Started process (PID=17010) to work on /usr/local/python/3.12.1/lib/python3.12/site-packages/airflow/example_dags/example_trigger_controller_dag.py
[2025-04-29T09:35:09.974+0000] {processor.py:914} INFO - Processing file /usr/local/python/3.12.1/lib/python3.12/site-packages/airflow/example_dags/example_trigger_controller_dag.py for tasks to queue
[2025-04-29T09:35:09.976+0000] {logging_mixin.py:190} INFO - [2025-04-29T09:35:09.976+0000] {dagbag.py:588} INFO - Filling up the DagBag from /usr/local/python/3.12.1/lib/python3.12/site-packages/airflow/example_dags/example_trigger_controller_dag.py
[2025-04-29T09:35:09.981+0000] {processor.py:925} INFO - DAG(s) 'example_trigger_controller_dag' retrieved from /usr/local/python/3.12.1/lib/python3.12/site-packages/airflow/example_dags/example_trigger_controller_dag.py
[2025-04-29T09:35:09.992+0000] {logging_mixin.py:190} INFO - [2025-04-29T09:35:09.991+0000] {dag.py:3239} INFO - Sync 1 DAGs
[2025-04-29T09:35:10.011+0000] {logging_mixin.py:190} INFO - [2025-04-29T09:35:10.011+0000] {dag.py:4180} INFO - Setting next_dagrun for example_trigger_controller_dag to 2021-01-01 00:00:00+00:00, run_after=2021-01-01 00:00:00+00:00
[2025-04-29T09:35:10.031+0000] {processor.py:208} INFO - Processing /usr/local/python/3.12.1/lib/python3.12/site-packages/airflow/example_dags/example_trigger_controller_dag.py took 0.061 seconds
[2025-04-29T09:36:02.066+0000] {processor.py:186} INFO - Started process (PID=17697) to work on /usr/local/python/3.12.1/lib/python3.12/site-packages/airflow/example_dags/example_trigger_controller_dag.py
[2025-04-29T09:36:02.067+0000] {processor.py:914} INFO - Processing file /usr/local/python/3.12.1/lib/python3.12/site-packages/airflow/example_dags/example_trigger_controller_dag.py for tasks to queue
[2025-04-29T09:36:02.071+0000] {logging_mixin.py:190} INFO - [2025-04-29T09:36:02.071+0000] {dagbag.py:588} INFO - Filling up the DagBag from /usr/local/python/3.12.1/lib/python3.12/site-packages/airflow/example_dags/example_trigger_controller_dag.py
[2025-04-29T09:36:02.080+0000] {processor.py:925} INFO - DAG(s) 'example_trigger_controller_dag' retrieved from /usr/local/python/3.12.1/lib/python3.12/site-packages/airflow/example_dags/example_trigger_controller_dag.py
[2025-04-29T09:36:02.097+0000] {logging_mixin.py:190} INFO - [2025-04-29T09:36:02.097+0000] {dag.py:3239} INFO - Sync 1 DAGs
[2025-04-29T09:36:02.129+0000] {logging_mixin.py:190} INFO - [2025-04-29T09:36:02.128+0000] {dag.py:4180} INFO - Setting next_dagrun for example_trigger_controller_dag to 2021-01-01 00:00:00+00:00, run_after=2021-01-01 00:00:00+00:00
[2025-04-29T09:36:02.185+0000] {processor.py:208} INFO - Processing /usr/local/python/3.12.1/lib/python3.12/site-packages/airflow/example_dags/example_trigger_controller_dag.py took 0.130 seconds
[2025-04-29T09:36:55.087+0000] {processor.py:186} INFO - Started process (PID=18312) to work on /usr/local/python/3.12.1/lib/python3.12/site-packages/airflow/example_dags/example_trigger_controller_dag.py
[2025-04-29T09:36:55.088+0000] {processor.py:914} INFO - Processing file /usr/local/python/3.12.1/lib/python3.12/site-packages/airflow/example_dags/example_trigger_controller_dag.py for tasks to queue
[2025-04-29T09:36:55.090+0000] {logging_mixin.py:190} INFO - [2025-04-29T09:36:55.090+0000] {dagbag.py:588} INFO - Filling up the DagBag from /usr/local/python/3.12.1/lib/python3.12/site-packages/airflow/example_dags/example_trigger_controller_dag.py
[2025-04-29T09:36:55.095+0000] {processor.py:925} INFO - DAG(s) 'example_trigger_controller_dag' retrieved from /usr/local/python/3.12.1/lib/python3.12/site-packages/airflow/example_dags/example_trigger_controller_dag.py
[2025-04-29T09:36:55.105+0000] {logging_mixin.py:190} INFO - [2025-04-29T09:36:55.105+0000] {dag.py:3239} INFO - Sync 1 DAGs
[2025-04-29T09:36:55.120+0000] {logging_mixin.py:190} INFO - [2025-04-29T09:36:55.120+0000] {dag.py:4180} INFO - Setting next_dagrun for example_trigger_controller_dag to 2021-01-01 00:00:00+00:00, run_after=2021-01-01 00:00:00+00:00
[2025-04-29T09:36:55.137+0000] {processor.py:208} INFO - Processing /usr/local/python/3.12.1/lib/python3.12/site-packages/airflow/example_dags/example_trigger_controller_dag.py took 0.054 seconds
[2025-04-29T09:37:47.938+0000] {processor.py:186} INFO - Started process (PID=19050) to work on /usr/local/python/3.12.1/lib/python3.12/site-packages/airflow/example_dags/example_trigger_controller_dag.py
[2025-04-29T09:37:47.939+0000] {processor.py:914} INFO - Processing file /usr/local/python/3.12.1/lib/python3.12/site-packages/airflow/example_dags/example_trigger_controller_dag.py for tasks to queue
[2025-04-29T09:37:47.941+0000] {logging_mixin.py:190} INFO - [2025-04-29T09:37:47.940+0000] {dagbag.py:588} INFO - Filling up the DagBag from /usr/local/python/3.12.1/lib/python3.12/site-packages/airflow/example_dags/example_trigger_controller_dag.py
[2025-04-29T09:37:47.946+0000] {processor.py:925} INFO - DAG(s) 'example_trigger_controller_dag' retrieved from /usr/local/python/3.12.1/lib/python3.12/site-packages/airflow/example_dags/example_trigger_controller_dag.py
[2025-04-29T09:37:47.957+0000] {logging_mixin.py:190} INFO - [2025-04-29T09:37:47.956+0000] {dag.py:3239} INFO - Sync 1 DAGs
[2025-04-29T09:37:47.971+0000] {logging_mixin.py:190} INFO - [2025-04-29T09:37:47.971+0000] {dag.py:4180} INFO - Setting next_dagrun for example_trigger_controller_dag to 2021-01-01 00:00:00+00:00, run_after=2021-01-01 00:00:00+00:00
[2025-04-29T09:37:47.987+0000] {processor.py:208} INFO - Processing /usr/local/python/3.12.1/lib/python3.12/site-packages/airflow/example_dags/example_trigger_controller_dag.py took 0.052 seconds
[2025-04-29T09:38:42.103+0000] {processor.py:186} INFO - Started process (PID=19738) to work on /usr/local/python/3.12.1/lib/python3.12/site-packages/airflow/example_dags/example_trigger_controller_dag.py
[2025-04-29T09:38:42.104+0000] {processor.py:914} INFO - Processing file /usr/local/python/3.12.1/lib/python3.12/site-packages/airflow/example_dags/example_trigger_controller_dag.py for tasks to queue
[2025-04-29T09:38:42.105+0000] {logging_mixin.py:190} INFO - [2025-04-29T09:38:42.105+0000] {dagbag.py:588} INFO - Filling up the DagBag from /usr/local/python/3.12.1/lib/python3.12/site-packages/airflow/example_dags/example_trigger_controller_dag.py
[2025-04-29T09:38:42.113+0000] {processor.py:925} INFO - DAG(s) 'example_trigger_controller_dag' retrieved from /usr/local/python/3.12.1/lib/python3.12/site-packages/airflow/example_dags/example_trigger_controller_dag.py
[2025-04-29T09:38:42.128+0000] {logging_mixin.py:190} INFO - [2025-04-29T09:38:42.128+0000] {dag.py:3239} INFO - Sync 1 DAGs
[2025-04-29T09:38:42.151+0000] {logging_mixin.py:190} INFO - [2025-04-29T09:38:42.151+0000] {dag.py:4180} INFO - Setting next_dagrun for example_trigger_controller_dag to 2021-01-01 00:00:00+00:00, run_after=2021-01-01 00:00:00+00:00
[2025-04-29T09:38:42.172+0000] {processor.py:208} INFO - Processing /usr/local/python/3.12.1/lib/python3.12/site-packages/airflow/example_dags/example_trigger_controller_dag.py took 0.075 seconds
