[2025-04-29T09:32:50.703+0000] {processor.py:186} INFO - Started process (PID=14197) to work on /usr/local/python/3.12.1/lib/python3.12/site-packages/airflow/example_dags/example_dataset_alias.py
[2025-04-29T09:32:50.703+0000] {processor.py:914} INFO - Processing file /usr/local/python/3.12.1/lib/python3.12/site-packages/airflow/example_dags/example_dataset_alias.py for tasks to queue
[2025-04-29T09:32:50.705+0000] {logging_mixin.py:190} INFO - [2025-04-29T09:32:50.704+0000] {dagbag.py:588} INFO - Filling up the DagBag from /usr/local/python/3.12.1/lib/python3.12/site-packages/airflow/example_dags/example_dataset_alias.py
[2025-04-29T09:32:50.718+0000] {processor.py:925} INFO - DAG(s) 'dataset_s3_bucket_consumer', 'dataset_alias_example_alias_producer', 'dataset_alias_example_alias_consumer', 'dataset_s3_bucket_producer' retrieved from /usr/local/python/3.12.1/lib/python3.12/site-packages/airflow/example_dags/example_dataset_alias.py
[2025-04-29T09:32:50.800+0000] {logging_mixin.py:190} INFO - [2025-04-29T09:32:50.799+0000] {override.py:1912} INFO - Created Permission View: can delete on DAG:dataset_s3_bucket_consumer
[2025-04-29T09:32:50.808+0000] {logging_mixin.py:190} INFO - [2025-04-29T09:32:50.808+0000] {override.py:1912} INFO - Created Permission View: can read on DAG:dataset_s3_bucket_consumer
[2025-04-29T09:32:50.814+0000] {logging_mixin.py:190} INFO - [2025-04-29T09:32:50.814+0000] {override.py:1912} INFO - Created Permission View: can edit on DAG:dataset_s3_bucket_consumer
[2025-04-29T09:32:50.824+0000] {logging_mixin.py:190} INFO - [2025-04-29T09:32:50.824+0000] {override.py:1912} INFO - Created Permission View: menu access on DAG Run:dataset_s3_bucket_consumer
[2025-04-29T09:32:50.830+0000] {logging_mixin.py:190} INFO - [2025-04-29T09:32:50.830+0000] {override.py:1912} INFO - Created Permission View: can delete on DAG Run:dataset_s3_bucket_consumer
[2025-04-29T09:32:50.836+0000] {logging_mixin.py:190} INFO - [2025-04-29T09:32:50.836+0000] {override.py:1912} INFO - Created Permission View: can read on DAG Run:dataset_s3_bucket_consumer
[2025-04-29T09:32:50.844+0000] {logging_mixin.py:190} INFO - [2025-04-29T09:32:50.844+0000] {override.py:1912} INFO - Created Permission View: can create on DAG Run:dataset_s3_bucket_consumer
[2025-04-29T09:32:50.863+0000] {logging_mixin.py:190} INFO - [2025-04-29T09:32:50.863+0000] {override.py:1912} INFO - Created Permission View: can delete on DAG:dataset_alias_example_alias_producer
[2025-04-29T09:32:50.870+0000] {logging_mixin.py:190} INFO - [2025-04-29T09:32:50.870+0000] {override.py:1912} INFO - Created Permission View: can read on DAG:dataset_alias_example_alias_producer
[2025-04-29T09:32:50.880+0000] {logging_mixin.py:190} INFO - [2025-04-29T09:32:50.880+0000] {override.py:1912} INFO - Created Permission View: can edit on DAG:dataset_alias_example_alias_producer
[2025-04-29T09:32:50.891+0000] {logging_mixin.py:190} INFO - [2025-04-29T09:32:50.891+0000] {override.py:1912} INFO - Created Permission View: menu access on DAG Run:dataset_alias_example_alias_producer
[2025-04-29T09:32:50.898+0000] {logging_mixin.py:190} INFO - [2025-04-29T09:32:50.898+0000] {override.py:1912} INFO - Created Permission View: can delete on DAG Run:dataset_alias_example_alias_producer
[2025-04-29T09:32:50.905+0000] {logging_mixin.py:190} INFO - [2025-04-29T09:32:50.905+0000] {override.py:1912} INFO - Created Permission View: can read on DAG Run:dataset_alias_example_alias_producer
[2025-04-29T09:32:50.914+0000] {logging_mixin.py:190} INFO - [2025-04-29T09:32:50.913+0000] {override.py:1912} INFO - Created Permission View: can create on DAG Run:dataset_alias_example_alias_producer
[2025-04-29T09:32:50.930+0000] {logging_mixin.py:190} INFO - [2025-04-29T09:32:50.930+0000] {override.py:1912} INFO - Created Permission View: can delete on DAG:dataset_alias_example_alias_consumer
[2025-04-29T09:32:50.938+0000] {logging_mixin.py:190} INFO - [2025-04-29T09:32:50.938+0000] {override.py:1912} INFO - Created Permission View: can read on DAG:dataset_alias_example_alias_consumer
[2025-04-29T09:32:50.945+0000] {logging_mixin.py:190} INFO - [2025-04-29T09:32:50.945+0000] {override.py:1912} INFO - Created Permission View: can edit on DAG:dataset_alias_example_alias_consumer
[2025-04-29T09:32:50.956+0000] {logging_mixin.py:190} INFO - [2025-04-29T09:32:50.956+0000] {override.py:1912} INFO - Created Permission View: menu access on DAG Run:dataset_alias_example_alias_consumer
[2025-04-29T09:32:50.962+0000] {logging_mixin.py:190} INFO - [2025-04-29T09:32:50.962+0000] {override.py:1912} INFO - Created Permission View: can delete on DAG Run:dataset_alias_example_alias_consumer
[2025-04-29T09:32:50.968+0000] {logging_mixin.py:190} INFO - [2025-04-29T09:32:50.968+0000] {override.py:1912} INFO - Created Permission View: can read on DAG Run:dataset_alias_example_alias_consumer
[2025-04-29T09:32:50.974+0000] {logging_mixin.py:190} INFO - [2025-04-29T09:32:50.974+0000] {override.py:1912} INFO - Created Permission View: can create on DAG Run:dataset_alias_example_alias_consumer
[2025-04-29T09:32:50.988+0000] {logging_mixin.py:190} INFO - [2025-04-29T09:32:50.988+0000] {override.py:1912} INFO - Created Permission View: can delete on DAG:dataset_s3_bucket_producer
[2025-04-29T09:32:50.994+0000] {logging_mixin.py:190} INFO - [2025-04-29T09:32:50.994+0000] {override.py:1912} INFO - Created Permission View: can read on DAG:dataset_s3_bucket_producer
[2025-04-29T09:32:51.000+0000] {logging_mixin.py:190} INFO - [2025-04-29T09:32:51.000+0000] {override.py:1912} INFO - Created Permission View: can edit on DAG:dataset_s3_bucket_producer
[2025-04-29T09:32:51.010+0000] {logging_mixin.py:190} INFO - [2025-04-29T09:32:51.010+0000] {override.py:1912} INFO - Created Permission View: menu access on DAG Run:dataset_s3_bucket_producer
[2025-04-29T09:32:51.016+0000] {logging_mixin.py:190} INFO - [2025-04-29T09:32:51.016+0000] {override.py:1912} INFO - Created Permission View: can delete on DAG Run:dataset_s3_bucket_producer
[2025-04-29T09:32:51.022+0000] {logging_mixin.py:190} INFO - [2025-04-29T09:32:51.022+0000] {override.py:1912} INFO - Created Permission View: can read on DAG Run:dataset_s3_bucket_producer
[2025-04-29T09:32:51.028+0000] {logging_mixin.py:190} INFO - [2025-04-29T09:32:51.028+0000] {override.py:1912} INFO - Created Permission View: can create on DAG Run:dataset_s3_bucket_producer
[2025-04-29T09:32:51.029+0000] {logging_mixin.py:190} INFO - [2025-04-29T09:32:51.028+0000] {dag.py:3239} INFO - Sync 4 DAGs
[2025-04-29T09:32:51.037+0000] {logging_mixin.py:190} INFO - [2025-04-29T09:32:51.037+0000] {dag.py:3262} INFO - Creating ORM DAG for dataset_alias_example_alias_producer
[2025-04-29T09:32:51.038+0000] {logging_mixin.py:190} INFO - [2025-04-29T09:32:51.038+0000] {dag.py:3262} INFO - Creating ORM DAG for dataset_alias_example_alias_consumer
[2025-04-29T09:32:51.038+0000] {logging_mixin.py:190} INFO - [2025-04-29T09:32:51.038+0000] {dag.py:3262} INFO - Creating ORM DAG for dataset_s3_bucket_consumer
[2025-04-29T09:32:51.039+0000] {logging_mixin.py:190} INFO - [2025-04-29T09:32:51.038+0000] {dag.py:3262} INFO - Creating ORM DAG for dataset_s3_bucket_producer
[2025-04-29T09:32:51.046+0000] {logging_mixin.py:190} INFO - [2025-04-29T09:32:51.046+0000] {dag.py:4180} INFO - Setting next_dagrun for dataset_alias_example_alias_consumer to None, run_after=None
[2025-04-29T09:32:51.047+0000] {logging_mixin.py:190} INFO - [2025-04-29T09:32:51.047+0000] {dag.py:4180} INFO - Setting next_dagrun for dataset_alias_example_alias_producer to None, run_after=None
[2025-04-29T09:32:51.047+0000] {logging_mixin.py:190} INFO - [2025-04-29T09:32:51.047+0000] {dag.py:4180} INFO - Setting next_dagrun for dataset_s3_bucket_consumer to None, run_after=None
[2025-04-29T09:32:51.048+0000] {logging_mixin.py:190} INFO - [2025-04-29T09:32:51.048+0000] {dag.py:4180} INFO - Setting next_dagrun for dataset_s3_bucket_producer to None, run_after=None
[2025-04-29T09:32:51.073+0000] {processor.py:208} INFO - Processing /usr/local/python/3.12.1/lib/python3.12/site-packages/airflow/example_dags/example_dataset_alias.py took 0.374 seconds
[2025-04-29T09:33:49.861+0000] {processor.py:186} INFO - Started process (PID=14998) to work on /usr/local/python/3.12.1/lib/python3.12/site-packages/airflow/example_dags/example_dataset_alias.py
[2025-04-29T09:33:49.862+0000] {processor.py:914} INFO - Processing file /usr/local/python/3.12.1/lib/python3.12/site-packages/airflow/example_dags/example_dataset_alias.py for tasks to queue
[2025-04-29T09:33:49.863+0000] {logging_mixin.py:190} INFO - [2025-04-29T09:33:49.863+0000] {dagbag.py:588} INFO - Filling up the DagBag from /usr/local/python/3.12.1/lib/python3.12/site-packages/airflow/example_dags/example_dataset_alias.py
[2025-04-29T09:33:49.882+0000] {processor.py:925} INFO - DAG(s) 'dataset_alias_example_alias_producer', 'dataset_s3_bucket_consumer', 'dataset_s3_bucket_producer', 'dataset_alias_example_alias_consumer' retrieved from /usr/local/python/3.12.1/lib/python3.12/site-packages/airflow/example_dags/example_dataset_alias.py
[2025-04-29T09:33:49.896+0000] {logging_mixin.py:190} INFO - [2025-04-29T09:33:49.896+0000] {dag.py:3239} INFO - Sync 4 DAGs
[2025-04-29T09:33:49.911+0000] {logging_mixin.py:190} INFO - [2025-04-29T09:33:49.911+0000] {dag.py:4180} INFO - Setting next_dagrun for dataset_alias_example_alias_consumer to None, run_after=None
[2025-04-29T09:33:49.913+0000] {logging_mixin.py:190} INFO - [2025-04-29T09:33:49.913+0000] {dag.py:4180} INFO - Setting next_dagrun for dataset_alias_example_alias_producer to None, run_after=None
[2025-04-29T09:33:49.914+0000] {logging_mixin.py:190} INFO - [2025-04-29T09:33:49.913+0000] {dag.py:4180} INFO - Setting next_dagrun for dataset_s3_bucket_consumer to None, run_after=None
[2025-04-29T09:33:49.914+0000] {logging_mixin.py:190} INFO - [2025-04-29T09:33:49.914+0000] {dag.py:4180} INFO - Setting next_dagrun for dataset_s3_bucket_producer to None, run_after=None
[2025-04-29T09:33:49.931+0000] {processor.py:208} INFO - Processing /usr/local/python/3.12.1/lib/python3.12/site-packages/airflow/example_dags/example_dataset_alias.py took 0.074 seconds
[2025-04-29T09:34:45.034+0000] {processor.py:186} INFO - Started process (PID=16003) to work on /usr/local/python/3.12.1/lib/python3.12/site-packages/airflow/example_dags/example_dataset_alias.py
[2025-04-29T09:34:45.035+0000] {processor.py:914} INFO - Processing file /usr/local/python/3.12.1/lib/python3.12/site-packages/airflow/example_dags/example_dataset_alias.py for tasks to queue
[2025-04-29T09:34:45.037+0000] {logging_mixin.py:190} INFO - [2025-04-29T09:34:45.037+0000] {dagbag.py:588} INFO - Filling up the DagBag from /usr/local/python/3.12.1/lib/python3.12/site-packages/airflow/example_dags/example_dataset_alias.py
[2025-04-29T09:34:45.071+0000] {processor.py:925} INFO - DAG(s) 'dataset_s3_bucket_consumer', 'dataset_s3_bucket_producer', 'dataset_alias_example_alias_consumer', 'dataset_alias_example_alias_producer' retrieved from /usr/local/python/3.12.1/lib/python3.12/site-packages/airflow/example_dags/example_dataset_alias.py
[2025-04-29T09:34:45.099+0000] {logging_mixin.py:190} INFO - [2025-04-29T09:34:45.099+0000] {dag.py:3239} INFO - Sync 4 DAGs
[2025-04-29T09:34:45.140+0000] {logging_mixin.py:190} INFO - [2025-04-29T09:34:45.139+0000] {dag.py:4180} INFO - Setting next_dagrun for dataset_alias_example_alias_consumer to None, run_after=None
[2025-04-29T09:34:45.144+0000] {logging_mixin.py:190} INFO - [2025-04-29T09:34:45.143+0000] {dag.py:4180} INFO - Setting next_dagrun for dataset_alias_example_alias_producer to None, run_after=None
[2025-04-29T09:34:45.146+0000] {logging_mixin.py:190} INFO - [2025-04-29T09:34:45.146+0000] {dag.py:4180} INFO - Setting next_dagrun for dataset_s3_bucket_consumer to None, run_after=None
[2025-04-29T09:34:45.147+0000] {logging_mixin.py:190} INFO - [2025-04-29T09:34:45.147+0000] {dag.py:4180} INFO - Setting next_dagrun for dataset_s3_bucket_producer to None, run_after=None
[2025-04-29T09:34:45.179+0000] {processor.py:208} INFO - Processing /usr/local/python/3.12.1/lib/python3.12/site-packages/airflow/example_dags/example_dataset_alias.py took 0.153 seconds
[2025-04-29T09:35:40.800+0000] {processor.py:186} INFO - Started process (PID=17377) to work on /usr/local/python/3.12.1/lib/python3.12/site-packages/airflow/example_dags/example_dataset_alias.py
[2025-04-29T09:35:40.801+0000] {processor.py:914} INFO - Processing file /usr/local/python/3.12.1/lib/python3.12/site-packages/airflow/example_dags/example_dataset_alias.py for tasks to queue
[2025-04-29T09:35:40.803+0000] {logging_mixin.py:190} INFO - [2025-04-29T09:35:40.802+0000] {dagbag.py:588} INFO - Filling up the DagBag from /usr/local/python/3.12.1/lib/python3.12/site-packages/airflow/example_dags/example_dataset_alias.py
[2025-04-29T09:35:40.820+0000] {processor.py:925} INFO - DAG(s) 'dataset_s3_bucket_consumer', 'dataset_alias_example_alias_producer', 'dataset_s3_bucket_producer', 'dataset_alias_example_alias_consumer' retrieved from /usr/local/python/3.12.1/lib/python3.12/site-packages/airflow/example_dags/example_dataset_alias.py
[2025-04-29T09:35:40.834+0000] {logging_mixin.py:190} INFO - [2025-04-29T09:35:40.834+0000] {dag.py:3239} INFO - Sync 4 DAGs
[2025-04-29T09:35:40.848+0000] {logging_mixin.py:190} INFO - [2025-04-29T09:35:40.848+0000] {dag.py:4180} INFO - Setting next_dagrun for dataset_alias_example_alias_consumer to None, run_after=None
[2025-04-29T09:35:40.850+0000] {logging_mixin.py:190} INFO - [2025-04-29T09:35:40.850+0000] {dag.py:4180} INFO - Setting next_dagrun for dataset_alias_example_alias_producer to None, run_after=None
[2025-04-29T09:35:40.851+0000] {logging_mixin.py:190} INFO - [2025-04-29T09:35:40.851+0000] {dag.py:4180} INFO - Setting next_dagrun for dataset_s3_bucket_consumer to None, run_after=None
[2025-04-29T09:35:40.851+0000] {logging_mixin.py:190} INFO - [2025-04-29T09:35:40.851+0000] {dag.py:4180} INFO - Setting next_dagrun for dataset_s3_bucket_producer to None, run_after=None
[2025-04-29T09:35:40.869+0000] {processor.py:208} INFO - Processing /usr/local/python/3.12.1/lib/python3.12/site-packages/airflow/example_dags/example_dataset_alias.py took 0.072 seconds
[2025-04-29T09:36:36.014+0000] {processor.py:186} INFO - Started process (PID=18093) to work on /usr/local/python/3.12.1/lib/python3.12/site-packages/airflow/example_dags/example_dataset_alias.py
[2025-04-29T09:36:36.014+0000] {processor.py:914} INFO - Processing file /usr/local/python/3.12.1/lib/python3.12/site-packages/airflow/example_dags/example_dataset_alias.py for tasks to queue
[2025-04-29T09:36:36.016+0000] {logging_mixin.py:190} INFO - [2025-04-29T09:36:36.016+0000] {dagbag.py:588} INFO - Filling up the DagBag from /usr/local/python/3.12.1/lib/python3.12/site-packages/airflow/example_dags/example_dataset_alias.py
[2025-04-29T09:36:36.033+0000] {processor.py:925} INFO - DAG(s) 'dataset_alias_example_alias_consumer', 'dataset_s3_bucket_consumer', 'dataset_s3_bucket_producer', 'dataset_alias_example_alias_producer' retrieved from /usr/local/python/3.12.1/lib/python3.12/site-packages/airflow/example_dags/example_dataset_alias.py
[2025-04-29T09:36:36.048+0000] {logging_mixin.py:190} INFO - [2025-04-29T09:36:36.047+0000] {dag.py:3239} INFO - Sync 4 DAGs
[2025-04-29T09:36:36.062+0000] {logging_mixin.py:190} INFO - [2025-04-29T09:36:36.062+0000] {dag.py:4180} INFO - Setting next_dagrun for dataset_alias_example_alias_consumer to None, run_after=None
[2025-04-29T09:36:36.064+0000] {logging_mixin.py:190} INFO - [2025-04-29T09:36:36.063+0000] {dag.py:4180} INFO - Setting next_dagrun for dataset_alias_example_alias_producer to None, run_after=None
[2025-04-29T09:36:36.064+0000] {logging_mixin.py:190} INFO - [2025-04-29T09:36:36.064+0000] {dag.py:4180} INFO - Setting next_dagrun for dataset_s3_bucket_consumer to None, run_after=None
[2025-04-29T09:36:36.065+0000] {logging_mixin.py:190} INFO - [2025-04-29T09:36:36.065+0000] {dag.py:4180} INFO - Setting next_dagrun for dataset_s3_bucket_producer to None, run_after=None
[2025-04-29T09:36:36.082+0000] {processor.py:208} INFO - Processing /usr/local/python/3.12.1/lib/python3.12/site-packages/airflow/example_dags/example_dataset_alias.py took 0.072 seconds
[2025-04-29T09:37:28.918+0000] {processor.py:186} INFO - Started process (PID=18836) to work on /usr/local/python/3.12.1/lib/python3.12/site-packages/airflow/example_dags/example_dataset_alias.py
[2025-04-29T09:37:28.919+0000] {processor.py:914} INFO - Processing file /usr/local/python/3.12.1/lib/python3.12/site-packages/airflow/example_dags/example_dataset_alias.py for tasks to queue
[2025-04-29T09:37:28.921+0000] {logging_mixin.py:190} INFO - [2025-04-29T09:37:28.920+0000] {dagbag.py:588} INFO - Filling up the DagBag from /usr/local/python/3.12.1/lib/python3.12/site-packages/airflow/example_dags/example_dataset_alias.py
[2025-04-29T09:37:28.938+0000] {processor.py:925} INFO - DAG(s) 'dataset_s3_bucket_producer', 'dataset_s3_bucket_consumer', 'dataset_alias_example_alias_consumer', 'dataset_alias_example_alias_producer' retrieved from /usr/local/python/3.12.1/lib/python3.12/site-packages/airflow/example_dags/example_dataset_alias.py
[2025-04-29T09:37:28.952+0000] {logging_mixin.py:190} INFO - [2025-04-29T09:37:28.952+0000] {dag.py:3239} INFO - Sync 4 DAGs
[2025-04-29T09:37:28.967+0000] {logging_mixin.py:190} INFO - [2025-04-29T09:37:28.967+0000] {dag.py:4180} INFO - Setting next_dagrun for dataset_alias_example_alias_consumer to None, run_after=None
[2025-04-29T09:37:28.969+0000] {logging_mixin.py:190} INFO - [2025-04-29T09:37:28.969+0000] {dag.py:4180} INFO - Setting next_dagrun for dataset_alias_example_alias_producer to None, run_after=None
[2025-04-29T09:37:28.970+0000] {logging_mixin.py:190} INFO - [2025-04-29T09:37:28.969+0000] {dag.py:4180} INFO - Setting next_dagrun for dataset_s3_bucket_consumer to None, run_after=None
[2025-04-29T09:37:28.970+0000] {logging_mixin.py:190} INFO - [2025-04-29T09:37:28.970+0000] {dag.py:4180} INFO - Setting next_dagrun for dataset_s3_bucket_producer to None, run_after=None
[2025-04-29T09:37:28.987+0000] {processor.py:208} INFO - Processing /usr/local/python/3.12.1/lib/python3.12/site-packages/airflow/example_dags/example_dataset_alias.py took 0.073 seconds
[2025-04-29T09:38:22.768+0000] {processor.py:186} INFO - Started process (PID=19516) to work on /usr/local/python/3.12.1/lib/python3.12/site-packages/airflow/example_dags/example_dataset_alias.py
[2025-04-29T09:38:22.769+0000] {processor.py:914} INFO - Processing file /usr/local/python/3.12.1/lib/python3.12/site-packages/airflow/example_dags/example_dataset_alias.py for tasks to queue
[2025-04-29T09:38:22.771+0000] {logging_mixin.py:190} INFO - [2025-04-29T09:38:22.771+0000] {dagbag.py:588} INFO - Filling up the DagBag from /usr/local/python/3.12.1/lib/python3.12/site-packages/airflow/example_dags/example_dataset_alias.py
[2025-04-29T09:38:22.789+0000] {processor.py:925} INFO - DAG(s) 'dataset_alias_example_alias_producer', 'dataset_s3_bucket_producer', 'dataset_s3_bucket_consumer', 'dataset_alias_example_alias_consumer' retrieved from /usr/local/python/3.12.1/lib/python3.12/site-packages/airflow/example_dags/example_dataset_alias.py
[2025-04-29T09:38:22.813+0000] {logging_mixin.py:190} INFO - [2025-04-29T09:38:22.812+0000] {dag.py:3239} INFO - Sync 4 DAGs
[2025-04-29T09:38:22.836+0000] {logging_mixin.py:190} INFO - [2025-04-29T09:38:22.835+0000] {dag.py:4180} INFO - Setting next_dagrun for dataset_alias_example_alias_consumer to None, run_after=None
[2025-04-29T09:38:22.837+0000] {logging_mixin.py:190} INFO - [2025-04-29T09:38:22.837+0000] {dag.py:4180} INFO - Setting next_dagrun for dataset_alias_example_alias_producer to None, run_after=None
[2025-04-29T09:38:22.838+0000] {logging_mixin.py:190} INFO - [2025-04-29T09:38:22.838+0000] {dag.py:4180} INFO - Setting next_dagrun for dataset_s3_bucket_consumer to None, run_after=None
[2025-04-29T09:38:22.839+0000] {logging_mixin.py:190} INFO - [2025-04-29T09:38:22.839+0000] {dag.py:4180} INFO - Setting next_dagrun for dataset_s3_bucket_producer to None, run_after=None
[2025-04-29T09:38:22.862+0000] {processor.py:208} INFO - Processing /usr/local/python/3.12.1/lib/python3.12/site-packages/airflow/example_dags/example_dataset_alias.py took 0.098 seconds
