[2025-04-29T09:32:14.519+0000] {processor.py:186} INFO - Started process (PID=13879) to work on /usr/local/python/3.12.1/lib/python3.12/site-packages/airflow/example_dags/example_trigger_target_dag.py
[2025-04-29T09:32:14.519+0000] {processor.py:914} INFO - Processing file /usr/local/python/3.12.1/lib/python3.12/site-packages/airflow/example_dags/example_trigger_target_dag.py for tasks to queue
[2025-04-29T09:32:14.521+0000] {logging_mixin.py:190} INFO - [2025-04-29T09:32:14.520+0000] {dagbag.py:588} INFO - Filling up the DagBag from /usr/local/python/3.12.1/lib/python3.12/site-packages/airflow/example_dags/example_trigger_target_dag.py
[2025-04-29T09:32:14.527+0000] {processor.py:925} INFO - DAG(s) 'example_trigger_target_dag' retrieved from /usr/local/python/3.12.1/lib/python3.12/site-packages/airflow/example_dags/example_trigger_target_dag.py
[2025-04-29T09:32:14.616+0000] {logging_mixin.py:190} INFO - [2025-04-29T09:32:14.615+0000] {override.py:1912} INFO - Created Permission View: can delete on DAG:example_trigger_target_dag
[2025-04-29T09:32:14.624+0000] {logging_mixin.py:190} INFO - [2025-04-29T09:32:14.624+0000] {override.py:1912} INFO - Created Permission View: can read on DAG:example_trigger_target_dag
[2025-04-29T09:32:14.630+0000] {logging_mixin.py:190} INFO - [2025-04-29T09:32:14.630+0000] {override.py:1912} INFO - Created Permission View: can edit on DAG:example_trigger_target_dag
[2025-04-29T09:32:14.640+0000] {logging_mixin.py:190} INFO - [2025-04-29T09:32:14.640+0000] {override.py:1912} INFO - Created Permission View: menu access on DAG Run:example_trigger_target_dag
[2025-04-29T09:32:14.646+0000] {logging_mixin.py:190} INFO - [2025-04-29T09:32:14.646+0000] {override.py:1912} INFO - Created Permission View: can delete on DAG Run:example_trigger_target_dag
[2025-04-29T09:32:14.652+0000] {logging_mixin.py:190} INFO - [2025-04-29T09:32:14.652+0000] {override.py:1912} INFO - Created Permission View: can read on DAG Run:example_trigger_target_dag
[2025-04-29T09:32:14.658+0000] {logging_mixin.py:190} INFO - [2025-04-29T09:32:14.658+0000] {override.py:1912} INFO - Created Permission View: can create on DAG Run:example_trigger_target_dag
[2025-04-29T09:32:14.658+0000] {logging_mixin.py:190} INFO - [2025-04-29T09:32:14.658+0000] {dag.py:3239} INFO - Sync 1 DAGs
[2025-04-29T09:32:14.667+0000] {logging_mixin.py:190} INFO - [2025-04-29T09:32:14.667+0000] {dag.py:3262} INFO - Creating ORM DAG for example_trigger_target_dag
[2025-04-29T09:32:14.668+0000] {logging_mixin.py:190} INFO - [2025-04-29T09:32:14.668+0000] {dag.py:4180} INFO - Setting next_dagrun for example_trigger_target_dag to None, run_after=None
[2025-04-29T09:32:14.683+0000] {processor.py:208} INFO - Processing /usr/local/python/3.12.1/lib/python3.12/site-packages/airflow/example_dags/example_trigger_target_dag.py took 0.168 seconds
[2025-04-29T09:33:17.765+0000] {processor.py:186} INFO - Started process (PID=14592) to work on /usr/local/python/3.12.1/lib/python3.12/site-packages/airflow/example_dags/example_trigger_target_dag.py
[2025-04-29T09:33:17.765+0000] {processor.py:914} INFO - Processing file /usr/local/python/3.12.1/lib/python3.12/site-packages/airflow/example_dags/example_trigger_target_dag.py for tasks to queue
[2025-04-29T09:33:17.768+0000] {logging_mixin.py:190} INFO - [2025-04-29T09:33:17.767+0000] {dagbag.py:588} INFO - Filling up the DagBag from /usr/local/python/3.12.1/lib/python3.12/site-packages/airflow/example_dags/example_trigger_target_dag.py
[2025-04-29T09:33:17.775+0000] {processor.py:925} INFO - DAG(s) 'example_trigger_target_dag' retrieved from /usr/local/python/3.12.1/lib/python3.12/site-packages/airflow/example_dags/example_trigger_target_dag.py
[2025-04-29T09:33:17.785+0000] {logging_mixin.py:190} INFO - [2025-04-29T09:33:17.785+0000] {dag.py:3239} INFO - Sync 1 DAGs
[2025-04-29T09:33:17.795+0000] {logging_mixin.py:190} INFO - [2025-04-29T09:33:17.795+0000] {dag.py:4180} INFO - Setting next_dagrun for example_trigger_target_dag to None, run_after=None
[2025-04-29T09:33:17.811+0000] {processor.py:208} INFO - Processing /usr/local/python/3.12.1/lib/python3.12/site-packages/airflow/example_dags/example_trigger_target_dag.py took 0.050 seconds
[2025-04-29T09:34:14.306+0000] {processor.py:186} INFO - Started process (PID=15350) to work on /usr/local/python/3.12.1/lib/python3.12/site-packages/airflow/example_dags/example_trigger_target_dag.py
[2025-04-29T09:34:14.307+0000] {processor.py:914} INFO - Processing file /usr/local/python/3.12.1/lib/python3.12/site-packages/airflow/example_dags/example_trigger_target_dag.py for tasks to queue
[2025-04-29T09:34:14.309+0000] {logging_mixin.py:190} INFO - [2025-04-29T09:34:14.308+0000] {dagbag.py:588} INFO - Filling up the DagBag from /usr/local/python/3.12.1/lib/python3.12/site-packages/airflow/example_dags/example_trigger_target_dag.py
[2025-04-29T09:34:14.314+0000] {processor.py:925} INFO - DAG(s) 'example_trigger_target_dag' retrieved from /usr/local/python/3.12.1/lib/python3.12/site-packages/airflow/example_dags/example_trigger_target_dag.py
[2025-04-29T09:34:14.326+0000] {logging_mixin.py:190} INFO - [2025-04-29T09:34:14.325+0000] {dag.py:3239} INFO - Sync 1 DAGs
[2025-04-29T09:34:14.336+0000] {logging_mixin.py:190} INFO - [2025-04-29T09:34:14.336+0000] {dag.py:4180} INFO - Setting next_dagrun for example_trigger_target_dag to None, run_after=None
[2025-04-29T09:34:14.352+0000] {processor.py:208} INFO - Processing /usr/local/python/3.12.1/lib/python3.12/site-packages/airflow/example_dags/example_trigger_target_dag.py took 0.051 seconds
[2025-04-29T09:35:08.834+0000] {processor.py:186} INFO - Started process (PID=17008) to work on /usr/local/python/3.12.1/lib/python3.12/site-packages/airflow/example_dags/example_trigger_target_dag.py
[2025-04-29T09:35:08.835+0000] {processor.py:914} INFO - Processing file /usr/local/python/3.12.1/lib/python3.12/site-packages/airflow/example_dags/example_trigger_target_dag.py for tasks to queue
[2025-04-29T09:35:08.837+0000] {logging_mixin.py:190} INFO - [2025-04-29T09:35:08.836+0000] {dagbag.py:588} INFO - Filling up the DagBag from /usr/local/python/3.12.1/lib/python3.12/site-packages/airflow/example_dags/example_trigger_target_dag.py
[2025-04-29T09:35:08.842+0000] {processor.py:925} INFO - DAG(s) 'example_trigger_target_dag' retrieved from /usr/local/python/3.12.1/lib/python3.12/site-packages/airflow/example_dags/example_trigger_target_dag.py
[2025-04-29T09:35:08.853+0000] {logging_mixin.py:190} INFO - [2025-04-29T09:35:08.853+0000] {dag.py:3239} INFO - Sync 1 DAGs
[2025-04-29T09:35:08.863+0000] {logging_mixin.py:190} INFO - [2025-04-29T09:35:08.863+0000] {dag.py:4180} INFO - Setting next_dagrun for example_trigger_target_dag to None, run_after=None
[2025-04-29T09:35:08.879+0000] {processor.py:208} INFO - Processing /usr/local/python/3.12.1/lib/python3.12/site-packages/airflow/example_dags/example_trigger_target_dag.py took 0.048 seconds
[2025-04-29T09:36:00.902+0000] {processor.py:186} INFO - Started process (PID=17636) to work on /usr/local/python/3.12.1/lib/python3.12/site-packages/airflow/example_dags/example_trigger_target_dag.py
[2025-04-29T09:36:00.903+0000] {processor.py:914} INFO - Processing file /usr/local/python/3.12.1/lib/python3.12/site-packages/airflow/example_dags/example_trigger_target_dag.py for tasks to queue
[2025-04-29T09:36:00.904+0000] {logging_mixin.py:190} INFO - [2025-04-29T09:36:00.904+0000] {dagbag.py:588} INFO - Filling up the DagBag from /usr/local/python/3.12.1/lib/python3.12/site-packages/airflow/example_dags/example_trigger_target_dag.py
[2025-04-29T09:36:00.911+0000] {processor.py:925} INFO - DAG(s) 'example_trigger_target_dag' retrieved from /usr/local/python/3.12.1/lib/python3.12/site-packages/airflow/example_dags/example_trigger_target_dag.py
[2025-04-29T09:36:00.928+0000] {logging_mixin.py:190} INFO - [2025-04-29T09:36:00.928+0000] {dag.py:3239} INFO - Sync 1 DAGs
[2025-04-29T09:36:00.943+0000] {logging_mixin.py:190} INFO - [2025-04-29T09:36:00.943+0000] {dag.py:4180} INFO - Setting next_dagrun for example_trigger_target_dag to None, run_after=None
[2025-04-29T09:36:00.966+0000] {processor.py:208} INFO - Processing /usr/local/python/3.12.1/lib/python3.12/site-packages/airflow/example_dags/example_trigger_target_dag.py took 0.067 seconds
[2025-04-29T09:36:53.955+0000] {processor.py:186} INFO - Started process (PID=18310) to work on /usr/local/python/3.12.1/lib/python3.12/site-packages/airflow/example_dags/example_trigger_target_dag.py
[2025-04-29T09:36:53.956+0000] {processor.py:914} INFO - Processing file /usr/local/python/3.12.1/lib/python3.12/site-packages/airflow/example_dags/example_trigger_target_dag.py for tasks to queue
[2025-04-29T09:36:53.957+0000] {logging_mixin.py:190} INFO - [2025-04-29T09:36:53.957+0000] {dagbag.py:588} INFO - Filling up the DagBag from /usr/local/python/3.12.1/lib/python3.12/site-packages/airflow/example_dags/example_trigger_target_dag.py
[2025-04-29T09:36:53.963+0000] {processor.py:925} INFO - DAG(s) 'example_trigger_target_dag' retrieved from /usr/local/python/3.12.1/lib/python3.12/site-packages/airflow/example_dags/example_trigger_target_dag.py
[2025-04-29T09:36:53.974+0000] {logging_mixin.py:190} INFO - [2025-04-29T09:36:53.974+0000] {dag.py:3239} INFO - Sync 1 DAGs
[2025-04-29T09:36:53.983+0000] {logging_mixin.py:190} INFO - [2025-04-29T09:36:53.983+0000] {dag.py:4180} INFO - Setting next_dagrun for example_trigger_target_dag to None, run_after=None
[2025-04-29T09:36:53.999+0000] {processor.py:208} INFO - Processing /usr/local/python/3.12.1/lib/python3.12/site-packages/airflow/example_dags/example_trigger_target_dag.py took 0.048 seconds
[2025-04-29T09:37:46.806+0000] {processor.py:186} INFO - Started process (PID=19048) to work on /usr/local/python/3.12.1/lib/python3.12/site-packages/airflow/example_dags/example_trigger_target_dag.py
[2025-04-29T09:37:46.806+0000] {processor.py:914} INFO - Processing file /usr/local/python/3.12.1/lib/python3.12/site-packages/airflow/example_dags/example_trigger_target_dag.py for tasks to queue
[2025-04-29T09:37:46.808+0000] {logging_mixin.py:190} INFO - [2025-04-29T09:37:46.807+0000] {dagbag.py:588} INFO - Filling up the DagBag from /usr/local/python/3.12.1/lib/python3.12/site-packages/airflow/example_dags/example_trigger_target_dag.py
[2025-04-29T09:37:46.815+0000] {processor.py:925} INFO - DAG(s) 'example_trigger_target_dag' retrieved from /usr/local/python/3.12.1/lib/python3.12/site-packages/airflow/example_dags/example_trigger_target_dag.py
[2025-04-29T09:37:46.826+0000] {logging_mixin.py:190} INFO - [2025-04-29T09:37:46.826+0000] {dag.py:3239} INFO - Sync 1 DAGs
[2025-04-29T09:37:46.836+0000] {logging_mixin.py:190} INFO - [2025-04-29T09:37:46.836+0000] {dag.py:4180} INFO - Setting next_dagrun for example_trigger_target_dag to None, run_after=None
[2025-04-29T09:37:46.851+0000] {processor.py:208} INFO - Processing /usr/local/python/3.12.1/lib/python3.12/site-packages/airflow/example_dags/example_trigger_target_dag.py took 0.051 seconds
[2025-04-29T09:38:40.963+0000] {processor.py:186} INFO - Started process (PID=19730) to work on /usr/local/python/3.12.1/lib/python3.12/site-packages/airflow/example_dags/example_trigger_target_dag.py
[2025-04-29T09:38:40.963+0000] {processor.py:914} INFO - Processing file /usr/local/python/3.12.1/lib/python3.12/site-packages/airflow/example_dags/example_trigger_target_dag.py for tasks to queue
[2025-04-29T09:38:40.965+0000] {logging_mixin.py:190} INFO - [2025-04-29T09:38:40.964+0000] {dagbag.py:588} INFO - Filling up the DagBag from /usr/local/python/3.12.1/lib/python3.12/site-packages/airflow/example_dags/example_trigger_target_dag.py
[2025-04-29T09:38:40.971+0000] {processor.py:925} INFO - DAG(s) 'example_trigger_target_dag' retrieved from /usr/local/python/3.12.1/lib/python3.12/site-packages/airflow/example_dags/example_trigger_target_dag.py
[2025-04-29T09:38:40.982+0000] {logging_mixin.py:190} INFO - [2025-04-29T09:38:40.981+0000] {dag.py:3239} INFO - Sync 1 DAGs
[2025-04-29T09:38:40.991+0000] {logging_mixin.py:190} INFO - [2025-04-29T09:38:40.991+0000] {dag.py:4180} INFO - Setting next_dagrun for example_trigger_target_dag to None, run_after=None
[2025-04-29T09:38:41.006+0000] {processor.py:208} INFO - Processing /usr/local/python/3.12.1/lib/python3.12/site-packages/airflow/example_dags/example_trigger_target_dag.py took 0.048 seconds
