[2025-04-29T09:32:48.955+0000] {processor.py:186} INFO - Started process (PID=14190) to work on /usr/local/python/3.12.1/lib/python3.12/site-packages/airflow/example_dags/example_datasets.py
[2025-04-29T09:32:48.956+0000] {processor.py:914} INFO - Processing file /usr/local/python/3.12.1/lib/python3.12/site-packages/airflow/example_dags/example_datasets.py for tasks to queue
[2025-04-29T09:32:48.957+0000] {logging_mixin.py:190} INFO - [2025-04-29T09:32:48.957+0000] {dagbag.py:588} INFO - Filling up the DagBag from /usr/local/python/3.12.1/lib/python3.12/site-packages/airflow/example_dags/example_datasets.py
[2025-04-29T09:32:48.969+0000] {processor.py:925} INFO - DAG(s) 'dataset_consumes_1', 'dataset_consumes_unknown_never_scheduled', 'conditional_dataset_and_time_based_timetable', 'consume_1_or_2_with_dataset_expressions', 'consume_1_or_both_2_and_3_with_dataset_expressions', 'dataset_produces_1', 'consume_1_and_2_with_dataset_expressions', 'dataset_consumes_1_never_scheduled', 'dataset_consumes_1_and_2', 'dataset_produces_2' retrieved from /usr/local/python/3.12.1/lib/python3.12/site-packages/airflow/example_dags/example_datasets.py
[2025-04-29T09:32:49.052+0000] {logging_mixin.py:190} INFO - [2025-04-29T09:32:49.052+0000] {override.py:1912} INFO - Created Permission View: can delete on DAG:dataset_consumes_1
[2025-04-29T09:32:49.062+0000] {logging_mixin.py:190} INFO - [2025-04-29T09:32:49.062+0000] {override.py:1912} INFO - Created Permission View: can read on DAG:dataset_consumes_1
[2025-04-29T09:32:49.068+0000] {logging_mixin.py:190} INFO - [2025-04-29T09:32:49.068+0000] {override.py:1912} INFO - Created Permission View: can edit on DAG:dataset_consumes_1
[2025-04-29T09:32:49.078+0000] {logging_mixin.py:190} INFO - [2025-04-29T09:32:49.078+0000] {override.py:1912} INFO - Created Permission View: menu access on DAG Run:dataset_consumes_1
[2025-04-29T09:32:49.084+0000] {logging_mixin.py:190} INFO - [2025-04-29T09:32:49.084+0000] {override.py:1912} INFO - Created Permission View: can delete on DAG Run:dataset_consumes_1
[2025-04-29T09:32:49.090+0000] {logging_mixin.py:190} INFO - [2025-04-29T09:32:49.090+0000] {override.py:1912} INFO - Created Permission View: can read on DAG Run:dataset_consumes_1
[2025-04-29T09:32:49.098+0000] {logging_mixin.py:190} INFO - [2025-04-29T09:32:49.098+0000] {override.py:1912} INFO - Created Permission View: can create on DAG Run:dataset_consumes_1
[2025-04-29T09:32:49.115+0000] {logging_mixin.py:190} INFO - [2025-04-29T09:32:49.115+0000] {override.py:1912} INFO - Created Permission View: can delete on DAG:dataset_consumes_unknown_never_scheduled
[2025-04-29T09:32:49.123+0000] {logging_mixin.py:190} INFO - [2025-04-29T09:32:49.123+0000] {override.py:1912} INFO - Created Permission View: can read on DAG:dataset_consumes_unknown_never_scheduled
[2025-04-29T09:32:49.129+0000] {logging_mixin.py:190} INFO - [2025-04-29T09:32:49.129+0000] {override.py:1912} INFO - Created Permission View: can edit on DAG:dataset_consumes_unknown_never_scheduled
[2025-04-29T09:32:49.139+0000] {logging_mixin.py:190} INFO - [2025-04-29T09:32:49.139+0000] {override.py:1912} INFO - Created Permission View: menu access on DAG Run:dataset_consumes_unknown_never_scheduled
[2025-04-29T09:32:49.145+0000] {logging_mixin.py:190} INFO - [2025-04-29T09:32:49.145+0000] {override.py:1912} INFO - Created Permission View: can delete on DAG Run:dataset_consumes_unknown_never_scheduled
[2025-04-29T09:32:49.151+0000] {logging_mixin.py:190} INFO - [2025-04-29T09:32:49.151+0000] {override.py:1912} INFO - Created Permission View: can read on DAG Run:dataset_consumes_unknown_never_scheduled
[2025-04-29T09:32:49.157+0000] {logging_mixin.py:190} INFO - [2025-04-29T09:32:49.157+0000] {override.py:1912} INFO - Created Permission View: can create on DAG Run:dataset_consumes_unknown_never_scheduled
[2025-04-29T09:32:49.173+0000] {logging_mixin.py:190} INFO - [2025-04-29T09:32:49.173+0000] {override.py:1912} INFO - Created Permission View: can delete on DAG:conditional_dataset_and_time_based_timetable
[2025-04-29T09:32:49.179+0000] {logging_mixin.py:190} INFO - [2025-04-29T09:32:49.179+0000] {override.py:1912} INFO - Created Permission View: can read on DAG:conditional_dataset_and_time_based_timetable
[2025-04-29T09:32:49.185+0000] {logging_mixin.py:190} INFO - [2025-04-29T09:32:49.185+0000] {override.py:1912} INFO - Created Permission View: can edit on DAG:conditional_dataset_and_time_based_timetable
[2025-04-29T09:32:49.194+0000] {logging_mixin.py:190} INFO - [2025-04-29T09:32:49.194+0000] {override.py:1912} INFO - Created Permission View: menu access on DAG Run:conditional_dataset_and_time_based_timetable
[2025-04-29T09:32:49.201+0000] {logging_mixin.py:190} INFO - [2025-04-29T09:32:49.201+0000] {override.py:1912} INFO - Created Permission View: can delete on DAG Run:conditional_dataset_and_time_based_timetable
[2025-04-29T09:32:49.207+0000] {logging_mixin.py:190} INFO - [2025-04-29T09:32:49.207+0000] {override.py:1912} INFO - Created Permission View: can read on DAG Run:conditional_dataset_and_time_based_timetable
[2025-04-29T09:32:49.213+0000] {logging_mixin.py:190} INFO - [2025-04-29T09:32:49.213+0000] {override.py:1912} INFO - Created Permission View: can create on DAG Run:conditional_dataset_and_time_based_timetable
[2025-04-29T09:32:49.226+0000] {logging_mixin.py:190} INFO - [2025-04-29T09:32:49.226+0000] {override.py:1912} INFO - Created Permission View: can delete on DAG:consume_1_or_2_with_dataset_expressions
[2025-04-29T09:32:49.232+0000] {logging_mixin.py:190} INFO - [2025-04-29T09:32:49.232+0000] {override.py:1912} INFO - Created Permission View: can read on DAG:consume_1_or_2_with_dataset_expressions
[2025-04-29T09:32:49.239+0000] {logging_mixin.py:190} INFO - [2025-04-29T09:32:49.239+0000] {override.py:1912} INFO - Created Permission View: can edit on DAG:consume_1_or_2_with_dataset_expressions
[2025-04-29T09:32:49.248+0000] {logging_mixin.py:190} INFO - [2025-04-29T09:32:49.248+0000] {override.py:1912} INFO - Created Permission View: menu access on DAG Run:consume_1_or_2_with_dataset_expressions
[2025-04-29T09:32:49.254+0000] {logging_mixin.py:190} INFO - [2025-04-29T09:32:49.254+0000] {override.py:1912} INFO - Created Permission View: can delete on DAG Run:consume_1_or_2_with_dataset_expressions
[2025-04-29T09:32:49.260+0000] {logging_mixin.py:190} INFO - [2025-04-29T09:32:49.260+0000] {override.py:1912} INFO - Created Permission View: can read on DAG Run:consume_1_or_2_with_dataset_expressions
[2025-04-29T09:32:49.266+0000] {logging_mixin.py:190} INFO - [2025-04-29T09:32:49.266+0000] {override.py:1912} INFO - Created Permission View: can create on DAG Run:consume_1_or_2_with_dataset_expressions
[2025-04-29T09:32:49.280+0000] {logging_mixin.py:190} INFO - [2025-04-29T09:32:49.280+0000] {override.py:1912} INFO - Created Permission View: can delete on DAG:consume_1_or_both_2_and_3_with_dataset_expressions
[2025-04-29T09:32:49.286+0000] {logging_mixin.py:190} INFO - [2025-04-29T09:32:49.286+0000] {override.py:1912} INFO - Created Permission View: can read on DAG:consume_1_or_both_2_and_3_with_dataset_expressions
[2025-04-29T09:32:49.293+0000] {logging_mixin.py:190} INFO - [2025-04-29T09:32:49.293+0000] {override.py:1912} INFO - Created Permission View: can edit on DAG:consume_1_or_both_2_and_3_with_dataset_expressions
[2025-04-29T09:32:49.302+0000] {logging_mixin.py:190} INFO - [2025-04-29T09:32:49.302+0000] {override.py:1912} INFO - Created Permission View: menu access on DAG Run:consume_1_or_both_2_and_3_with_dataset_expressions
[2025-04-29T09:32:49.308+0000] {logging_mixin.py:190} INFO - [2025-04-29T09:32:49.308+0000] {override.py:1912} INFO - Created Permission View: can delete on DAG Run:consume_1_or_both_2_and_3_with_dataset_expressions
[2025-04-29T09:32:49.315+0000] {logging_mixin.py:190} INFO - [2025-04-29T09:32:49.314+0000] {override.py:1912} INFO - Created Permission View: can read on DAG Run:consume_1_or_both_2_and_3_with_dataset_expressions
[2025-04-29T09:32:49.321+0000] {logging_mixin.py:190} INFO - [2025-04-29T09:32:49.321+0000] {override.py:1912} INFO - Created Permission View: can create on DAG Run:consume_1_or_both_2_and_3_with_dataset_expressions
[2025-04-29T09:32:49.337+0000] {logging_mixin.py:190} INFO - [2025-04-29T09:32:49.337+0000] {override.py:1912} INFO - Created Permission View: can delete on DAG:dataset_produces_1
[2025-04-29T09:32:49.343+0000] {logging_mixin.py:190} INFO - [2025-04-29T09:32:49.343+0000] {override.py:1912} INFO - Created Permission View: can read on DAG:dataset_produces_1
[2025-04-29T09:32:49.349+0000] {logging_mixin.py:190} INFO - [2025-04-29T09:32:49.349+0000] {override.py:1912} INFO - Created Permission View: can edit on DAG:dataset_produces_1
[2025-04-29T09:32:49.359+0000] {logging_mixin.py:190} INFO - [2025-04-29T09:32:49.359+0000] {override.py:1912} INFO - Created Permission View: menu access on DAG Run:dataset_produces_1
[2025-04-29T09:32:49.365+0000] {logging_mixin.py:190} INFO - [2025-04-29T09:32:49.365+0000] {override.py:1912} INFO - Created Permission View: can delete on DAG Run:dataset_produces_1
[2025-04-29T09:32:49.371+0000] {logging_mixin.py:190} INFO - [2025-04-29T09:32:49.371+0000] {override.py:1912} INFO - Created Permission View: can read on DAG Run:dataset_produces_1
[2025-04-29T09:32:49.379+0000] {logging_mixin.py:190} INFO - [2025-04-29T09:32:49.379+0000] {override.py:1912} INFO - Created Permission View: can create on DAG Run:dataset_produces_1
[2025-04-29T09:32:49.392+0000] {logging_mixin.py:190} INFO - [2025-04-29T09:32:49.392+0000] {override.py:1912} INFO - Created Permission View: can delete on DAG:consume_1_and_2_with_dataset_expressions
[2025-04-29T09:32:49.399+0000] {logging_mixin.py:190} INFO - [2025-04-29T09:32:49.399+0000] {override.py:1912} INFO - Created Permission View: can read on DAG:consume_1_and_2_with_dataset_expressions
[2025-04-29T09:32:49.405+0000] {logging_mixin.py:190} INFO - [2025-04-29T09:32:49.405+0000] {override.py:1912} INFO - Created Permission View: can edit on DAG:consume_1_and_2_with_dataset_expressions
[2025-04-29T09:32:49.414+0000] {logging_mixin.py:190} INFO - [2025-04-29T09:32:49.414+0000] {override.py:1912} INFO - Created Permission View: menu access on DAG Run:consume_1_and_2_with_dataset_expressions
[2025-04-29T09:32:49.420+0000] {logging_mixin.py:190} INFO - [2025-04-29T09:32:49.420+0000] {override.py:1912} INFO - Created Permission View: can delete on DAG Run:consume_1_and_2_with_dataset_expressions
[2025-04-29T09:32:49.426+0000] {logging_mixin.py:190} INFO - [2025-04-29T09:32:49.426+0000] {override.py:1912} INFO - Created Permission View: can read on DAG Run:consume_1_and_2_with_dataset_expressions
[2025-04-29T09:32:49.432+0000] {logging_mixin.py:190} INFO - [2025-04-29T09:32:49.432+0000] {override.py:1912} INFO - Created Permission View: can create on DAG Run:consume_1_and_2_with_dataset_expressions
[2025-04-29T09:32:49.446+0000] {logging_mixin.py:190} INFO - [2025-04-29T09:32:49.446+0000] {override.py:1912} INFO - Created Permission View: can delete on DAG:dataset_consumes_1_never_scheduled
[2025-04-29T09:32:49.452+0000] {logging_mixin.py:190} INFO - [2025-04-29T09:32:49.452+0000] {override.py:1912} INFO - Created Permission View: can read on DAG:dataset_consumes_1_never_scheduled
[2025-04-29T09:32:49.458+0000] {logging_mixin.py:190} INFO - [2025-04-29T09:32:49.458+0000] {override.py:1912} INFO - Created Permission View: can edit on DAG:dataset_consumes_1_never_scheduled
[2025-04-29T09:32:49.468+0000] {logging_mixin.py:190} INFO - [2025-04-29T09:32:49.467+0000] {override.py:1912} INFO - Created Permission View: menu access on DAG Run:dataset_consumes_1_never_scheduled
[2025-04-29T09:32:49.474+0000] {logging_mixin.py:190} INFO - [2025-04-29T09:32:49.474+0000] {override.py:1912} INFO - Created Permission View: can delete on DAG Run:dataset_consumes_1_never_scheduled
[2025-04-29T09:32:49.480+0000] {logging_mixin.py:190} INFO - [2025-04-29T09:32:49.480+0000] {override.py:1912} INFO - Created Permission View: can read on DAG Run:dataset_consumes_1_never_scheduled
[2025-04-29T09:32:49.486+0000] {logging_mixin.py:190} INFO - [2025-04-29T09:32:49.486+0000] {override.py:1912} INFO - Created Permission View: can create on DAG Run:dataset_consumes_1_never_scheduled
[2025-04-29T09:32:49.499+0000] {logging_mixin.py:190} INFO - [2025-04-29T09:32:49.499+0000] {override.py:1912} INFO - Created Permission View: can delete on DAG:dataset_consumes_1_and_2
[2025-04-29T09:32:49.505+0000] {logging_mixin.py:190} INFO - [2025-04-29T09:32:49.505+0000] {override.py:1912} INFO - Created Permission View: can read on DAG:dataset_consumes_1_and_2
[2025-04-29T09:32:49.511+0000] {logging_mixin.py:190} INFO - [2025-04-29T09:32:49.511+0000] {override.py:1912} INFO - Created Permission View: can edit on DAG:dataset_consumes_1_and_2
[2025-04-29T09:32:49.521+0000] {logging_mixin.py:190} INFO - [2025-04-29T09:32:49.521+0000] {override.py:1912} INFO - Created Permission View: menu access on DAG Run:dataset_consumes_1_and_2
[2025-04-29T09:32:49.527+0000] {logging_mixin.py:190} INFO - [2025-04-29T09:32:49.527+0000] {override.py:1912} INFO - Created Permission View: can delete on DAG Run:dataset_consumes_1_and_2
[2025-04-29T09:32:49.533+0000] {logging_mixin.py:190} INFO - [2025-04-29T09:32:49.533+0000] {override.py:1912} INFO - Created Permission View: can read on DAG Run:dataset_consumes_1_and_2
[2025-04-29T09:32:49.540+0000] {logging_mixin.py:190} INFO - [2025-04-29T09:32:49.539+0000] {override.py:1912} INFO - Created Permission View: can create on DAG Run:dataset_consumes_1_and_2
[2025-04-29T09:32:49.553+0000] {logging_mixin.py:190} INFO - [2025-04-29T09:32:49.553+0000] {override.py:1912} INFO - Created Permission View: can delete on DAG:dataset_produces_2
[2025-04-29T09:32:49.560+0000] {logging_mixin.py:190} INFO - [2025-04-29T09:32:49.560+0000] {override.py:1912} INFO - Created Permission View: can read on DAG:dataset_produces_2
[2025-04-29T09:32:49.568+0000] {logging_mixin.py:190} INFO - [2025-04-29T09:32:49.568+0000] {override.py:1912} INFO - Created Permission View: can edit on DAG:dataset_produces_2
[2025-04-29T09:32:49.577+0000] {logging_mixin.py:190} INFO - [2025-04-29T09:32:49.577+0000] {override.py:1912} INFO - Created Permission View: menu access on DAG Run:dataset_produces_2
[2025-04-29T09:32:49.583+0000] {logging_mixin.py:190} INFO - [2025-04-29T09:32:49.583+0000] {override.py:1912} INFO - Created Permission View: can delete on DAG Run:dataset_produces_2
[2025-04-29T09:32:49.589+0000] {logging_mixin.py:190} INFO - [2025-04-29T09:32:49.589+0000] {override.py:1912} INFO - Created Permission View: can read on DAG Run:dataset_produces_2
[2025-04-29T09:32:49.595+0000] {logging_mixin.py:190} INFO - [2025-04-29T09:32:49.595+0000] {override.py:1912} INFO - Created Permission View: can create on DAG Run:dataset_produces_2
[2025-04-29T09:32:49.595+0000] {logging_mixin.py:190} INFO - [2025-04-29T09:32:49.595+0000] {dag.py:3239} INFO - Sync 10 DAGs
[2025-04-29T09:32:49.604+0000] {logging_mixin.py:190} INFO - [2025-04-29T09:32:49.604+0000] {dag.py:3262} INFO - Creating ORM DAG for dataset_produces_1
[2025-04-29T09:32:49.605+0000] {logging_mixin.py:190} INFO - [2025-04-29T09:32:49.604+0000] {dag.py:3262} INFO - Creating ORM DAG for dataset_produces_2
[2025-04-29T09:32:49.605+0000] {logging_mixin.py:190} INFO - [2025-04-29T09:32:49.605+0000] {dag.py:3262} INFO - Creating ORM DAG for consume_1_and_2_with_dataset_expressions
[2025-04-29T09:32:49.605+0000] {logging_mixin.py:190} INFO - [2025-04-29T09:32:49.605+0000] {dag.py:3262} INFO - Creating ORM DAG for consume_1_or_both_2_and_3_with_dataset_expressions
[2025-04-29T09:32:49.606+0000] {logging_mixin.py:190} INFO - [2025-04-29T09:32:49.606+0000] {dag.py:3262} INFO - Creating ORM DAG for consume_1_or_2_with_dataset_expressions
[2025-04-29T09:32:49.606+0000] {logging_mixin.py:190} INFO - [2025-04-29T09:32:49.606+0000] {dag.py:3262} INFO - Creating ORM DAG for dataset_consumes_unknown_never_scheduled
[2025-04-29T09:32:49.606+0000] {logging_mixin.py:190} INFO - [2025-04-29T09:32:49.606+0000] {dag.py:3262} INFO - Creating ORM DAG for dataset_consumes_1_never_scheduled
[2025-04-29T09:32:49.607+0000] {logging_mixin.py:190} INFO - [2025-04-29T09:32:49.607+0000] {dag.py:3262} INFO - Creating ORM DAG for conditional_dataset_and_time_based_timetable
[2025-04-29T09:32:49.607+0000] {logging_mixin.py:190} INFO - [2025-04-29T09:32:49.607+0000] {dag.py:3262} INFO - Creating ORM DAG for dataset_consumes_1_and_2
[2025-04-29T09:32:49.608+0000] {logging_mixin.py:190} INFO - [2025-04-29T09:32:49.607+0000] {dag.py:3262} INFO - Creating ORM DAG for dataset_consumes_1
[2025-04-29T09:32:49.615+0000] {logging_mixin.py:190} INFO - [2025-04-29T09:32:49.614+0000] {dag.py:4180} INFO - Setting next_dagrun for conditional_dataset_and_time_based_timetable to 2025-04-23 01:00:00+00:00, run_after=2025-04-23 01:00:00+00:00
[2025-04-29T09:32:49.615+0000] {logging_mixin.py:190} INFO - [2025-04-29T09:32:49.615+0000] {dag.py:4180} INFO - Setting next_dagrun for consume_1_and_2_with_dataset_expressions to None, run_after=None
[2025-04-29T09:32:49.615+0000] {logging_mixin.py:190} INFO - [2025-04-29T09:32:49.615+0000] {dag.py:4180} INFO - Setting next_dagrun for consume_1_or_2_with_dataset_expressions to None, run_after=None
[2025-04-29T09:32:49.616+0000] {logging_mixin.py:190} INFO - [2025-04-29T09:32:49.616+0000] {dag.py:4180} INFO - Setting next_dagrun for consume_1_or_both_2_and_3_with_dataset_expressions to None, run_after=None
[2025-04-29T09:32:49.616+0000] {logging_mixin.py:190} INFO - [2025-04-29T09:32:49.616+0000] {dag.py:4180} INFO - Setting next_dagrun for dataset_consumes_1 to None, run_after=None
[2025-04-29T09:32:49.616+0000] {logging_mixin.py:190} INFO - [2025-04-29T09:32:49.616+0000] {dag.py:4180} INFO - Setting next_dagrun for dataset_consumes_1_and_2 to None, run_after=None
[2025-04-29T09:32:49.617+0000] {logging_mixin.py:190} INFO - [2025-04-29T09:32:49.617+0000] {dag.py:4180} INFO - Setting next_dagrun for dataset_consumes_1_never_scheduled to None, run_after=None
[2025-04-29T09:32:49.617+0000] {logging_mixin.py:190} INFO - [2025-04-29T09:32:49.617+0000] {dag.py:4180} INFO - Setting next_dagrun for dataset_consumes_unknown_never_scheduled to None, run_after=None
[2025-04-29T09:32:49.618+0000] {logging_mixin.py:190} INFO - [2025-04-29T09:32:49.618+0000] {dag.py:4180} INFO - Setting next_dagrun for dataset_produces_1 to 2025-04-28 00:00:00+00:00, run_after=2025-04-29 00:00:00+00:00
[2025-04-29T09:32:49.619+0000] {logging_mixin.py:190} INFO - [2025-04-29T09:32:49.619+0000] {dag.py:4180} INFO - Setting next_dagrun for dataset_produces_2 to None, run_after=None
[2025-04-29T09:32:49.646+0000] {processor.py:208} INFO - Processing /usr/local/python/3.12.1/lib/python3.12/site-packages/airflow/example_dags/example_datasets.py took 0.695 seconds
[2025-04-29T09:33:48.627+0000] {processor.py:186} INFO - Started process (PID=14978) to work on /usr/local/python/3.12.1/lib/python3.12/site-packages/airflow/example_dags/example_datasets.py
[2025-04-29T09:33:48.627+0000] {processor.py:914} INFO - Processing file /usr/local/python/3.12.1/lib/python3.12/site-packages/airflow/example_dags/example_datasets.py for tasks to queue
[2025-04-29T09:33:48.631+0000] {logging_mixin.py:190} INFO - [2025-04-29T09:33:48.629+0000] {dagbag.py:588} INFO - Filling up the DagBag from /usr/local/python/3.12.1/lib/python3.12/site-packages/airflow/example_dags/example_datasets.py
[2025-04-29T09:33:48.648+0000] {processor.py:925} INFO - DAG(s) 'dataset_produces_1', 'dataset_consumes_1', 'consume_1_or_both_2_and_3_with_dataset_expressions', 'conditional_dataset_and_time_based_timetable', 'dataset_produces_2', 'dataset_consumes_1_and_2', 'consume_1_and_2_with_dataset_expressions', 'dataset_consumes_1_never_scheduled', 'consume_1_or_2_with_dataset_expressions', 'dataset_consumes_unknown_never_scheduled' retrieved from /usr/local/python/3.12.1/lib/python3.12/site-packages/airflow/example_dags/example_datasets.py
[2025-04-29T09:33:48.677+0000] {logging_mixin.py:190} INFO - [2025-04-29T09:33:48.677+0000] {dag.py:3239} INFO - Sync 10 DAGs
[2025-04-29T09:33:48.699+0000] {logging_mixin.py:190} INFO - [2025-04-29T09:33:48.699+0000] {dag.py:4180} INFO - Setting next_dagrun for conditional_dataset_and_time_based_timetable to 2025-04-23 01:00:00+00:00, run_after=2025-04-23 01:00:00+00:00
[2025-04-29T09:33:48.702+0000] {logging_mixin.py:190} INFO - [2025-04-29T09:33:48.702+0000] {dag.py:4180} INFO - Setting next_dagrun for consume_1_and_2_with_dataset_expressions to None, run_after=None
[2025-04-29T09:33:48.703+0000] {logging_mixin.py:190} INFO - [2025-04-29T09:33:48.703+0000] {dag.py:4180} INFO - Setting next_dagrun for consume_1_or_2_with_dataset_expressions to None, run_after=None
[2025-04-29T09:33:48.703+0000] {logging_mixin.py:190} INFO - [2025-04-29T09:33:48.703+0000] {dag.py:4180} INFO - Setting next_dagrun for consume_1_or_both_2_and_3_with_dataset_expressions to None, run_after=None
[2025-04-29T09:33:48.704+0000] {logging_mixin.py:190} INFO - [2025-04-29T09:33:48.704+0000] {dag.py:4180} INFO - Setting next_dagrun for dataset_consumes_1 to None, run_after=None
[2025-04-29T09:33:48.705+0000] {logging_mixin.py:190} INFO - [2025-04-29T09:33:48.704+0000] {dag.py:4180} INFO - Setting next_dagrun for dataset_consumes_1_and_2 to None, run_after=None
[2025-04-29T09:33:48.705+0000] {logging_mixin.py:190} INFO - [2025-04-29T09:33:48.705+0000] {dag.py:4180} INFO - Setting next_dagrun for dataset_consumes_1_never_scheduled to None, run_after=None
[2025-04-29T09:33:48.706+0000] {logging_mixin.py:190} INFO - [2025-04-29T09:33:48.706+0000] {dag.py:4180} INFO - Setting next_dagrun for dataset_consumes_unknown_never_scheduled to None, run_after=None
[2025-04-29T09:33:48.707+0000] {logging_mixin.py:190} INFO - [2025-04-29T09:33:48.707+0000] {dag.py:4180} INFO - Setting next_dagrun for dataset_produces_1 to 2025-04-28 00:00:00+00:00, run_after=2025-04-29 00:00:00+00:00
[2025-04-29T09:33:48.708+0000] {logging_mixin.py:190} INFO - [2025-04-29T09:33:48.708+0000] {dag.py:4180} INFO - Setting next_dagrun for dataset_produces_2 to None, run_after=None
[2025-04-29T09:33:48.732+0000] {processor.py:208} INFO - Processing /usr/local/python/3.12.1/lib/python3.12/site-packages/airflow/example_dags/example_datasets.py took 0.109 seconds
[2025-04-29T09:34:43.888+0000] {processor.py:186} INFO - Started process (PID=15679) to work on /usr/local/python/3.12.1/lib/python3.12/site-packages/airflow/example_dags/example_datasets.py
[2025-04-29T09:34:43.889+0000] {processor.py:914} INFO - Processing file /usr/local/python/3.12.1/lib/python3.12/site-packages/airflow/example_dags/example_datasets.py for tasks to queue
[2025-04-29T09:34:43.890+0000] {logging_mixin.py:190} INFO - [2025-04-29T09:34:43.890+0000] {dagbag.py:588} INFO - Filling up the DagBag from /usr/local/python/3.12.1/lib/python3.12/site-packages/airflow/example_dags/example_datasets.py
[2025-04-29T09:34:43.902+0000] {processor.py:925} INFO - DAG(s) 'dataset_produces_1', 'dataset_consumes_1_never_scheduled', 'dataset_produces_2', 'dataset_consumes_unknown_never_scheduled', 'dataset_consumes_1', 'conditional_dataset_and_time_based_timetable', 'consume_1_or_2_with_dataset_expressions', 'consume_1_or_both_2_and_3_with_dataset_expressions', 'dataset_consumes_1_and_2', 'consume_1_and_2_with_dataset_expressions' retrieved from /usr/local/python/3.12.1/lib/python3.12/site-packages/airflow/example_dags/example_datasets.py
[2025-04-29T09:34:43.927+0000] {logging_mixin.py:190} INFO - [2025-04-29T09:34:43.927+0000] {dag.py:3239} INFO - Sync 10 DAGs
[2025-04-29T09:34:43.944+0000] {logging_mixin.py:190} INFO - [2025-04-29T09:34:43.944+0000] {dag.py:4180} INFO - Setting next_dagrun for conditional_dataset_and_time_based_timetable to 2025-04-23 01:00:00+00:00, run_after=2025-04-23 01:00:00+00:00
[2025-04-29T09:34:43.948+0000] {logging_mixin.py:190} INFO - [2025-04-29T09:34:43.947+0000] {dag.py:4180} INFO - Setting next_dagrun for consume_1_and_2_with_dataset_expressions to None, run_after=None
[2025-04-29T09:34:43.948+0000] {logging_mixin.py:190} INFO - [2025-04-29T09:34:43.948+0000] {dag.py:4180} INFO - Setting next_dagrun for consume_1_or_2_with_dataset_expressions to None, run_after=None
[2025-04-29T09:34:43.949+0000] {logging_mixin.py:190} INFO - [2025-04-29T09:34:43.949+0000] {dag.py:4180} INFO - Setting next_dagrun for consume_1_or_both_2_and_3_with_dataset_expressions to None, run_after=None
[2025-04-29T09:34:43.950+0000] {logging_mixin.py:190} INFO - [2025-04-29T09:34:43.949+0000] {dag.py:4180} INFO - Setting next_dagrun for dataset_consumes_1 to None, run_after=None
[2025-04-29T09:34:43.950+0000] {logging_mixin.py:190} INFO - [2025-04-29T09:34:43.950+0000] {dag.py:4180} INFO - Setting next_dagrun for dataset_consumes_1_and_2 to None, run_after=None
[2025-04-29T09:34:43.951+0000] {logging_mixin.py:190} INFO - [2025-04-29T09:34:43.951+0000] {dag.py:4180} INFO - Setting next_dagrun for dataset_consumes_1_never_scheduled to None, run_after=None
[2025-04-29T09:34:43.951+0000] {logging_mixin.py:190} INFO - [2025-04-29T09:34:43.951+0000] {dag.py:4180} INFO - Setting next_dagrun for dataset_consumes_unknown_never_scheduled to None, run_after=None
[2025-04-29T09:34:43.953+0000] {logging_mixin.py:190} INFO - [2025-04-29T09:34:43.953+0000] {dag.py:4180} INFO - Setting next_dagrun for dataset_produces_1 to 2025-04-28 00:00:00+00:00, run_after=2025-04-29 00:00:00+00:00
[2025-04-29T09:34:43.954+0000] {logging_mixin.py:190} INFO - [2025-04-29T09:34:43.954+0000] {dag.py:4180} INFO - Setting next_dagrun for dataset_produces_2 to None, run_after=None
[2025-04-29T09:34:43.975+0000] {processor.py:208} INFO - Processing /usr/local/python/3.12.1/lib/python3.12/site-packages/airflow/example_dags/example_datasets.py took 0.091 seconds
[2025-04-29T09:35:39.655+0000] {processor.py:186} INFO - Started process (PID=17369) to work on /usr/local/python/3.12.1/lib/python3.12/site-packages/airflow/example_dags/example_datasets.py
[2025-04-29T09:35:39.656+0000] {processor.py:914} INFO - Processing file /usr/local/python/3.12.1/lib/python3.12/site-packages/airflow/example_dags/example_datasets.py for tasks to queue
[2025-04-29T09:35:39.657+0000] {logging_mixin.py:190} INFO - [2025-04-29T09:35:39.657+0000] {dagbag.py:588} INFO - Filling up the DagBag from /usr/local/python/3.12.1/lib/python3.12/site-packages/airflow/example_dags/example_datasets.py
[2025-04-29T09:35:39.669+0000] {processor.py:925} INFO - DAG(s) 'consume_1_or_2_with_dataset_expressions', 'dataset_consumes_unknown_never_scheduled', 'dataset_consumes_1', 'dataset_consumes_1_and_2', 'dataset_produces_2', 'consume_1_or_both_2_and_3_with_dataset_expressions', 'conditional_dataset_and_time_based_timetable', 'consume_1_and_2_with_dataset_expressions', 'dataset_consumes_1_never_scheduled', 'dataset_produces_1' retrieved from /usr/local/python/3.12.1/lib/python3.12/site-packages/airflow/example_dags/example_datasets.py
[2025-04-29T09:35:39.694+0000] {logging_mixin.py:190} INFO - [2025-04-29T09:35:39.694+0000] {dag.py:3239} INFO - Sync 10 DAGs
[2025-04-29T09:35:39.717+0000] {logging_mixin.py:190} INFO - [2025-04-29T09:35:39.716+0000] {dag.py:4180} INFO - Setting next_dagrun for conditional_dataset_and_time_based_timetable to 2025-04-23 01:00:00+00:00, run_after=2025-04-23 01:00:00+00:00
[2025-04-29T09:35:39.719+0000] {logging_mixin.py:190} INFO - [2025-04-29T09:35:39.719+0000] {dag.py:4180} INFO - Setting next_dagrun for consume_1_and_2_with_dataset_expressions to None, run_after=None
[2025-04-29T09:35:39.720+0000] {logging_mixin.py:190} INFO - [2025-04-29T09:35:39.720+0000] {dag.py:4180} INFO - Setting next_dagrun for consume_1_or_2_with_dataset_expressions to None, run_after=None
[2025-04-29T09:35:39.721+0000] {logging_mixin.py:190} INFO - [2025-04-29T09:35:39.721+0000] {dag.py:4180} INFO - Setting next_dagrun for consume_1_or_both_2_and_3_with_dataset_expressions to None, run_after=None
[2025-04-29T09:35:39.721+0000] {logging_mixin.py:190} INFO - [2025-04-29T09:35:39.721+0000] {dag.py:4180} INFO - Setting next_dagrun for dataset_consumes_1 to None, run_after=None
[2025-04-29T09:35:39.722+0000] {logging_mixin.py:190} INFO - [2025-04-29T09:35:39.722+0000] {dag.py:4180} INFO - Setting next_dagrun for dataset_consumes_1_and_2 to None, run_after=None
[2025-04-29T09:35:39.723+0000] {logging_mixin.py:190} INFO - [2025-04-29T09:35:39.723+0000] {dag.py:4180} INFO - Setting next_dagrun for dataset_consumes_1_never_scheduled to None, run_after=None
[2025-04-29T09:35:39.723+0000] {logging_mixin.py:190} INFO - [2025-04-29T09:35:39.723+0000] {dag.py:4180} INFO - Setting next_dagrun for dataset_consumes_unknown_never_scheduled to None, run_after=None
[2025-04-29T09:35:39.725+0000] {logging_mixin.py:190} INFO - [2025-04-29T09:35:39.725+0000] {dag.py:4180} INFO - Setting next_dagrun for dataset_produces_1 to 2025-04-28 00:00:00+00:00, run_after=2025-04-29 00:00:00+00:00
[2025-04-29T09:35:39.726+0000] {logging_mixin.py:190} INFO - [2025-04-29T09:35:39.726+0000] {dag.py:4180} INFO - Setting next_dagrun for dataset_produces_2 to None, run_after=None
[2025-04-29T09:35:39.750+0000] {processor.py:208} INFO - Processing /usr/local/python/3.12.1/lib/python3.12/site-packages/airflow/example_dags/example_datasets.py took 0.098 seconds
[2025-04-29T09:36:34.878+0000] {processor.py:186} INFO - Started process (PID=18085) to work on /usr/local/python/3.12.1/lib/python3.12/site-packages/airflow/example_dags/example_datasets.py
[2025-04-29T09:36:34.879+0000] {processor.py:914} INFO - Processing file /usr/local/python/3.12.1/lib/python3.12/site-packages/airflow/example_dags/example_datasets.py for tasks to queue
[2025-04-29T09:36:34.880+0000] {logging_mixin.py:190} INFO - [2025-04-29T09:36:34.880+0000] {dagbag.py:588} INFO - Filling up the DagBag from /usr/local/python/3.12.1/lib/python3.12/site-packages/airflow/example_dags/example_datasets.py
[2025-04-29T09:36:34.892+0000] {processor.py:925} INFO - DAG(s) 'dataset_consumes_1', 'dataset_produces_1', 'consume_1_or_2_with_dataset_expressions', 'dataset_produces_2', 'consume_1_or_both_2_and_3_with_dataset_expressions', 'conditional_dataset_and_time_based_timetable', 'consume_1_and_2_with_dataset_expressions', 'dataset_consumes_1_never_scheduled', 'dataset_consumes_unknown_never_scheduled', 'dataset_consumes_1_and_2' retrieved from /usr/local/python/3.12.1/lib/python3.12/site-packages/airflow/example_dags/example_datasets.py
[2025-04-29T09:36:34.918+0000] {logging_mixin.py:190} INFO - [2025-04-29T09:36:34.918+0000] {dag.py:3239} INFO - Sync 10 DAGs
[2025-04-29T09:36:34.936+0000] {logging_mixin.py:190} INFO - [2025-04-29T09:36:34.936+0000] {dag.py:4180} INFO - Setting next_dagrun for conditional_dataset_and_time_based_timetable to 2025-04-23 01:00:00+00:00, run_after=2025-04-23 01:00:00+00:00
[2025-04-29T09:36:34.939+0000] {logging_mixin.py:190} INFO - [2025-04-29T09:36:34.939+0000] {dag.py:4180} INFO - Setting next_dagrun for consume_1_and_2_with_dataset_expressions to None, run_after=None
[2025-04-29T09:36:34.939+0000] {logging_mixin.py:190} INFO - [2025-04-29T09:36:34.939+0000] {dag.py:4180} INFO - Setting next_dagrun for consume_1_or_2_with_dataset_expressions to None, run_after=None
[2025-04-29T09:36:34.940+0000] {logging_mixin.py:190} INFO - [2025-04-29T09:36:34.940+0000] {dag.py:4180} INFO - Setting next_dagrun for consume_1_or_both_2_and_3_with_dataset_expressions to None, run_after=None
[2025-04-29T09:36:34.941+0000] {logging_mixin.py:190} INFO - [2025-04-29T09:36:34.941+0000] {dag.py:4180} INFO - Setting next_dagrun for dataset_consumes_1 to None, run_after=None
[2025-04-29T09:36:34.941+0000] {logging_mixin.py:190} INFO - [2025-04-29T09:36:34.941+0000] {dag.py:4180} INFO - Setting next_dagrun for dataset_consumes_1_and_2 to None, run_after=None
[2025-04-29T09:36:34.942+0000] {logging_mixin.py:190} INFO - [2025-04-29T09:36:34.942+0000] {dag.py:4180} INFO - Setting next_dagrun for dataset_consumes_1_never_scheduled to None, run_after=None
[2025-04-29T09:36:34.943+0000] {logging_mixin.py:190} INFO - [2025-04-29T09:36:34.943+0000] {dag.py:4180} INFO - Setting next_dagrun for dataset_consumes_unknown_never_scheduled to None, run_after=None
[2025-04-29T09:36:34.944+0000] {logging_mixin.py:190} INFO - [2025-04-29T09:36:34.944+0000] {dag.py:4180} INFO - Setting next_dagrun for dataset_produces_1 to 2025-04-28 00:00:00+00:00, run_after=2025-04-29 00:00:00+00:00
[2025-04-29T09:36:34.945+0000] {logging_mixin.py:190} INFO - [2025-04-29T09:36:34.945+0000] {dag.py:4180} INFO - Setting next_dagrun for dataset_produces_2 to None, run_after=None
[2025-04-29T09:36:34.968+0000] {processor.py:208} INFO - Processing /usr/local/python/3.12.1/lib/python3.12/site-packages/airflow/example_dags/example_datasets.py took 0.094 seconds
[2025-04-29T09:37:27.678+0000] {processor.py:186} INFO - Started process (PID=18811) to work on /usr/local/python/3.12.1/lib/python3.12/site-packages/airflow/example_dags/example_datasets.py
[2025-04-29T09:37:27.678+0000] {processor.py:914} INFO - Processing file /usr/local/python/3.12.1/lib/python3.12/site-packages/airflow/example_dags/example_datasets.py for tasks to queue
[2025-04-29T09:37:27.680+0000] {logging_mixin.py:190} INFO - [2025-04-29T09:37:27.680+0000] {dagbag.py:588} INFO - Filling up the DagBag from /usr/local/python/3.12.1/lib/python3.12/site-packages/airflow/example_dags/example_datasets.py
[2025-04-29T09:37:27.692+0000] {processor.py:925} INFO - DAG(s) 'dataset_consumes_1_never_scheduled', 'consume_1_or_2_with_dataset_expressions', 'consume_1_and_2_with_dataset_expressions', 'consume_1_or_both_2_and_3_with_dataset_expressions', 'dataset_consumes_1', 'conditional_dataset_and_time_based_timetable', 'dataset_consumes_unknown_never_scheduled', 'dataset_consumes_1_and_2', 'dataset_produces_2', 'dataset_produces_1' retrieved from /usr/local/python/3.12.1/lib/python3.12/site-packages/airflow/example_dags/example_datasets.py
[2025-04-29T09:37:27.722+0000] {logging_mixin.py:190} INFO - [2025-04-29T09:37:27.722+0000] {dag.py:3239} INFO - Sync 10 DAGs
[2025-04-29T09:37:27.740+0000] {logging_mixin.py:190} INFO - [2025-04-29T09:37:27.740+0000] {dag.py:4180} INFO - Setting next_dagrun for conditional_dataset_and_time_based_timetable to 2025-04-23 01:00:00+00:00, run_after=2025-04-23 01:00:00+00:00
[2025-04-29T09:37:27.743+0000] {logging_mixin.py:190} INFO - [2025-04-29T09:37:27.743+0000] {dag.py:4180} INFO - Setting next_dagrun for consume_1_and_2_with_dataset_expressions to None, run_after=None
[2025-04-29T09:37:27.744+0000] {logging_mixin.py:190} INFO - [2025-04-29T09:37:27.743+0000] {dag.py:4180} INFO - Setting next_dagrun for consume_1_or_2_with_dataset_expressions to None, run_after=None
[2025-04-29T09:37:27.744+0000] {logging_mixin.py:190} INFO - [2025-04-29T09:37:27.744+0000] {dag.py:4180} INFO - Setting next_dagrun for consume_1_or_both_2_and_3_with_dataset_expressions to None, run_after=None
[2025-04-29T09:37:27.745+0000] {logging_mixin.py:190} INFO - [2025-04-29T09:37:27.745+0000] {dag.py:4180} INFO - Setting next_dagrun for dataset_consumes_1 to None, run_after=None
[2025-04-29T09:37:27.746+0000] {logging_mixin.py:190} INFO - [2025-04-29T09:37:27.746+0000] {dag.py:4180} INFO - Setting next_dagrun for dataset_consumes_1_and_2 to None, run_after=None
[2025-04-29T09:37:27.746+0000] {logging_mixin.py:190} INFO - [2025-04-29T09:37:27.746+0000] {dag.py:4180} INFO - Setting next_dagrun for dataset_consumes_1_never_scheduled to None, run_after=None
[2025-04-29T09:37:27.747+0000] {logging_mixin.py:190} INFO - [2025-04-29T09:37:27.747+0000] {dag.py:4180} INFO - Setting next_dagrun for dataset_consumes_unknown_never_scheduled to None, run_after=None
[2025-04-29T09:37:27.749+0000] {logging_mixin.py:190} INFO - [2025-04-29T09:37:27.749+0000] {dag.py:4180} INFO - Setting next_dagrun for dataset_produces_1 to 2025-04-28 00:00:00+00:00, run_after=2025-04-29 00:00:00+00:00
[2025-04-29T09:37:27.749+0000] {logging_mixin.py:190} INFO - [2025-04-29T09:37:27.749+0000] {dag.py:4180} INFO - Setting next_dagrun for dataset_produces_2 to None, run_after=None
[2025-04-29T09:37:27.771+0000] {processor.py:208} INFO - Processing /usr/local/python/3.12.1/lib/python3.12/site-packages/airflow/example_dags/example_datasets.py took 0.097 seconds
[2025-04-29T09:38:21.533+0000] {processor.py:186} INFO - Started process (PID=19502) to work on /usr/local/python/3.12.1/lib/python3.12/site-packages/airflow/example_dags/example_datasets.py
[2025-04-29T09:38:21.534+0000] {processor.py:914} INFO - Processing file /usr/local/python/3.12.1/lib/python3.12/site-packages/airflow/example_dags/example_datasets.py for tasks to queue
[2025-04-29T09:38:21.535+0000] {logging_mixin.py:190} INFO - [2025-04-29T09:38:21.535+0000] {dagbag.py:588} INFO - Filling up the DagBag from /usr/local/python/3.12.1/lib/python3.12/site-packages/airflow/example_dags/example_datasets.py
[2025-04-29T09:38:21.551+0000] {processor.py:925} INFO - DAG(s) 'consume_1_or_both_2_and_3_with_dataset_expressions', 'consume_1_or_2_with_dataset_expressions', 'dataset_consumes_1_never_scheduled', 'dataset_consumes_unknown_never_scheduled', 'dataset_consumes_1_and_2', 'dataset_produces_2', 'dataset_consumes_1', 'consume_1_and_2_with_dataset_expressions', 'conditional_dataset_and_time_based_timetable', 'dataset_produces_1' retrieved from /usr/local/python/3.12.1/lib/python3.12/site-packages/airflow/example_dags/example_datasets.py
[2025-04-29T09:38:21.590+0000] {logging_mixin.py:190} INFO - [2025-04-29T09:38:21.590+0000] {dag.py:3239} INFO - Sync 10 DAGs
[2025-04-29T09:38:21.613+0000] {logging_mixin.py:190} INFO - [2025-04-29T09:38:21.613+0000] {dag.py:4180} INFO - Setting next_dagrun for conditional_dataset_and_time_based_timetable to 2025-04-23 01:00:00+00:00, run_after=2025-04-23 01:00:00+00:00
[2025-04-29T09:38:21.616+0000] {logging_mixin.py:190} INFO - [2025-04-29T09:38:21.615+0000] {dag.py:4180} INFO - Setting next_dagrun for consume_1_and_2_with_dataset_expressions to None, run_after=None
[2025-04-29T09:38:21.616+0000] {logging_mixin.py:190} INFO - [2025-04-29T09:38:21.616+0000] {dag.py:4180} INFO - Setting next_dagrun for consume_1_or_2_with_dataset_expressions to None, run_after=None
[2025-04-29T09:38:21.617+0000] {logging_mixin.py:190} INFO - [2025-04-29T09:38:21.617+0000] {dag.py:4180} INFO - Setting next_dagrun for consume_1_or_both_2_and_3_with_dataset_expressions to None, run_after=None
[2025-04-29T09:38:21.618+0000] {logging_mixin.py:190} INFO - [2025-04-29T09:38:21.618+0000] {dag.py:4180} INFO - Setting next_dagrun for dataset_consumes_1 to None, run_after=None
[2025-04-29T09:38:21.619+0000] {logging_mixin.py:190} INFO - [2025-04-29T09:38:21.618+0000] {dag.py:4180} INFO - Setting next_dagrun for dataset_consumes_1_and_2 to None, run_after=None
[2025-04-29T09:38:21.619+0000] {logging_mixin.py:190} INFO - [2025-04-29T09:38:21.619+0000] {dag.py:4180} INFO - Setting next_dagrun for dataset_consumes_1_never_scheduled to None, run_after=None
[2025-04-29T09:38:21.620+0000] {logging_mixin.py:190} INFO - [2025-04-29T09:38:21.620+0000] {dag.py:4180} INFO - Setting next_dagrun for dataset_consumes_unknown_never_scheduled to None, run_after=None
[2025-04-29T09:38:21.622+0000] {logging_mixin.py:190} INFO - [2025-04-29T09:38:21.621+0000] {dag.py:4180} INFO - Setting next_dagrun for dataset_produces_1 to 2025-04-28 00:00:00+00:00, run_after=2025-04-29 00:00:00+00:00
[2025-04-29T09:38:21.622+0000] {logging_mixin.py:190} INFO - [2025-04-29T09:38:21.622+0000] {dag.py:4180} INFO - Setting next_dagrun for dataset_produces_2 to None, run_after=None
[2025-04-29T09:38:21.645+0000] {processor.py:208} INFO - Processing /usr/local/python/3.12.1/lib/python3.12/site-packages/airflow/example_dags/example_datasets.py took 0.116 seconds
