[2025-04-29T09:32:43.312+0000] {processor.py:186} INFO - Started process (PID=14131) to work on /usr/local/python/3.12.1/lib/python3.12/site-packages/airflow/example_dags/example_dynamic_task_mapping_with_no_taskflow_operators.py
[2025-04-29T09:32:43.312+0000] {processor.py:914} INFO - Processing file /usr/local/python/3.12.1/lib/python3.12/site-packages/airflow/example_dags/example_dynamic_task_mapping_with_no_taskflow_operators.py for tasks to queue
[2025-04-29T09:32:43.314+0000] {logging_mixin.py:190} INFO - [2025-04-29T09:32:43.314+0000] {dagbag.py:588} INFO - Filling up the DagBag from /usr/local/python/3.12.1/lib/python3.12/site-packages/airflow/example_dags/example_dynamic_task_mapping_with_no_taskflow_operators.py
[2025-04-29T09:32:43.320+0000] {processor.py:925} INFO - DAG(s) 'example_dynamic_task_mapping_with_no_taskflow_operators' retrieved from /usr/local/python/3.12.1/lib/python3.12/site-packages/airflow/example_dags/example_dynamic_task_mapping_with_no_taskflow_operators.py
[2025-04-29T09:32:43.408+0000] {logging_mixin.py:190} INFO - [2025-04-29T09:32:43.408+0000] {override.py:1912} INFO - Created Permission View: can delete on DAG:example_dynamic_task_mapping_with_no_taskflow_operators
[2025-04-29T09:32:43.417+0000] {logging_mixin.py:190} INFO - [2025-04-29T09:32:43.417+0000] {override.py:1912} INFO - Created Permission View: can read on DAG:example_dynamic_task_mapping_with_no_taskflow_operators
[2025-04-29T09:32:43.423+0000] {logging_mixin.py:190} INFO - [2025-04-29T09:32:43.423+0000] {override.py:1912} INFO - Created Permission View: can edit on DAG:example_dynamic_task_mapping_with_no_taskflow_operators
[2025-04-29T09:32:43.432+0000] {logging_mixin.py:190} INFO - [2025-04-29T09:32:43.432+0000] {override.py:1912} INFO - Created Permission View: menu access on DAG Run:example_dynamic_task_mapping_with_no_taskflow_operators
[2025-04-29T09:32:43.439+0000] {logging_mixin.py:190} INFO - [2025-04-29T09:32:43.438+0000] {override.py:1912} INFO - Created Permission View: can delete on DAG Run:example_dynamic_task_mapping_with_no_taskflow_operators
[2025-04-29T09:32:43.445+0000] {logging_mixin.py:190} INFO - [2025-04-29T09:32:43.445+0000] {override.py:1912} INFO - Created Permission View: can read on DAG Run:example_dynamic_task_mapping_with_no_taskflow_operators
[2025-04-29T09:32:43.451+0000] {logging_mixin.py:190} INFO - [2025-04-29T09:32:43.451+0000] {override.py:1912} INFO - Created Permission View: can create on DAG Run:example_dynamic_task_mapping_with_no_taskflow_operators
[2025-04-29T09:32:43.451+0000] {logging_mixin.py:190} INFO - [2025-04-29T09:32:43.451+0000] {dag.py:3239} INFO - Sync 1 DAGs
[2025-04-29T09:32:43.461+0000] {logging_mixin.py:190} INFO - [2025-04-29T09:32:43.461+0000] {dag.py:3262} INFO - Creating ORM DAG for example_dynamic_task_mapping_with_no_taskflow_operators
[2025-04-29T09:32:43.461+0000] {logging_mixin.py:190} INFO - [2025-04-29T09:32:43.461+0000] {dag.py:4180} INFO - Setting next_dagrun for example_dynamic_task_mapping_with_no_taskflow_operators to None, run_after=None
[2025-04-29T09:32:43.475+0000] {processor.py:208} INFO - Processing /usr/local/python/3.12.1/lib/python3.12/site-packages/airflow/example_dags/example_dynamic_task_mapping_with_no_taskflow_operators.py took 0.167 seconds
[2025-04-29T09:33:42.345+0000] {processor.py:186} INFO - Started process (PID=14932) to work on /usr/local/python/3.12.1/lib/python3.12/site-packages/airflow/example_dags/example_dynamic_task_mapping_with_no_taskflow_operators.py
[2025-04-29T09:33:42.345+0000] {processor.py:914} INFO - Processing file /usr/local/python/3.12.1/lib/python3.12/site-packages/airflow/example_dags/example_dynamic_task_mapping_with_no_taskflow_operators.py for tasks to queue
[2025-04-29T09:33:42.347+0000] {logging_mixin.py:190} INFO - [2025-04-29T09:33:42.346+0000] {dagbag.py:588} INFO - Filling up the DagBag from /usr/local/python/3.12.1/lib/python3.12/site-packages/airflow/example_dags/example_dynamic_task_mapping_with_no_taskflow_operators.py
[2025-04-29T09:33:42.353+0000] {processor.py:925} INFO - DAG(s) 'example_dynamic_task_mapping_with_no_taskflow_operators' retrieved from /usr/local/python/3.12.1/lib/python3.12/site-packages/airflow/example_dags/example_dynamic_task_mapping_with_no_taskflow_operators.py
[2025-04-29T09:33:42.365+0000] {logging_mixin.py:190} INFO - [2025-04-29T09:33:42.365+0000] {dag.py:3239} INFO - Sync 1 DAGs
[2025-04-29T09:33:42.376+0000] {logging_mixin.py:190} INFO - [2025-04-29T09:33:42.376+0000] {dag.py:4180} INFO - Setting next_dagrun for example_dynamic_task_mapping_with_no_taskflow_operators to None, run_after=None
[2025-04-29T09:33:42.392+0000] {processor.py:208} INFO - Processing /usr/local/python/3.12.1/lib/python3.12/site-packages/airflow/example_dags/example_dynamic_task_mapping_with_no_taskflow_operators.py took 0.051 seconds
[2025-04-29T09:34:38.748+0000] {processor.py:186} INFO - Started process (PID=15626) to work on /usr/local/python/3.12.1/lib/python3.12/site-packages/airflow/example_dags/example_dynamic_task_mapping_with_no_taskflow_operators.py
[2025-04-29T09:34:38.749+0000] {processor.py:914} INFO - Processing file /usr/local/python/3.12.1/lib/python3.12/site-packages/airflow/example_dags/example_dynamic_task_mapping_with_no_taskflow_operators.py for tasks to queue
[2025-04-29T09:34:38.750+0000] {logging_mixin.py:190} INFO - [2025-04-29T09:34:38.750+0000] {dagbag.py:588} INFO - Filling up the DagBag from /usr/local/python/3.12.1/lib/python3.12/site-packages/airflow/example_dags/example_dynamic_task_mapping_with_no_taskflow_operators.py
[2025-04-29T09:34:38.757+0000] {processor.py:925} INFO - DAG(s) 'example_dynamic_task_mapping_with_no_taskflow_operators' retrieved from /usr/local/python/3.12.1/lib/python3.12/site-packages/airflow/example_dags/example_dynamic_task_mapping_with_no_taskflow_operators.py
[2025-04-29T09:34:38.767+0000] {logging_mixin.py:190} INFO - [2025-04-29T09:34:38.767+0000] {dag.py:3239} INFO - Sync 1 DAGs
[2025-04-29T09:34:38.776+0000] {logging_mixin.py:190} INFO - [2025-04-29T09:34:38.776+0000] {dag.py:4180} INFO - Setting next_dagrun for example_dynamic_task_mapping_with_no_taskflow_operators to None, run_after=None
[2025-04-29T09:34:38.792+0000] {processor.py:208} INFO - Processing /usr/local/python/3.12.1/lib/python3.12/site-packages/airflow/example_dags/example_dynamic_task_mapping_with_no_taskflow_operators.py took 0.048 seconds
[2025-04-29T09:35:34.100+0000] {processor.py:186} INFO - Started process (PID=17311) to work on /usr/local/python/3.12.1/lib/python3.12/site-packages/airflow/example_dags/example_dynamic_task_mapping_with_no_taskflow_operators.py
[2025-04-29T09:35:34.101+0000] {processor.py:914} INFO - Processing file /usr/local/python/3.12.1/lib/python3.12/site-packages/airflow/example_dags/example_dynamic_task_mapping_with_no_taskflow_operators.py for tasks to queue
[2025-04-29T09:35:34.103+0000] {logging_mixin.py:190} INFO - [2025-04-29T09:35:34.102+0000] {dagbag.py:588} INFO - Filling up the DagBag from /usr/local/python/3.12.1/lib/python3.12/site-packages/airflow/example_dags/example_dynamic_task_mapping_with_no_taskflow_operators.py
[2025-04-29T09:35:34.109+0000] {processor.py:925} INFO - DAG(s) 'example_dynamic_task_mapping_with_no_taskflow_operators' retrieved from /usr/local/python/3.12.1/lib/python3.12/site-packages/airflow/example_dags/example_dynamic_task_mapping_with_no_taskflow_operators.py
[2025-04-29T09:35:34.120+0000] {logging_mixin.py:190} INFO - [2025-04-29T09:35:34.120+0000] {dag.py:3239} INFO - Sync 1 DAGs
[2025-04-29T09:35:34.130+0000] {logging_mixin.py:190} INFO - [2025-04-29T09:35:34.129+0000] {dag.py:4180} INFO - Setting next_dagrun for example_dynamic_task_mapping_with_no_taskflow_operators to None, run_after=None
[2025-04-29T09:35:34.146+0000] {processor.py:208} INFO - Processing /usr/local/python/3.12.1/lib/python3.12/site-packages/airflow/example_dags/example_dynamic_task_mapping_with_no_taskflow_operators.py took 0.049 seconds
[2025-04-29T09:36:29.367+0000] {processor.py:186} INFO - Started process (PID=18015) to work on /usr/local/python/3.12.1/lib/python3.12/site-packages/airflow/example_dags/example_dynamic_task_mapping_with_no_taskflow_operators.py
[2025-04-29T09:36:29.368+0000] {processor.py:914} INFO - Processing file /usr/local/python/3.12.1/lib/python3.12/site-packages/airflow/example_dags/example_dynamic_task_mapping_with_no_taskflow_operators.py for tasks to queue
[2025-04-29T09:36:29.369+0000] {logging_mixin.py:190} INFO - [2025-04-29T09:36:29.369+0000] {dagbag.py:588} INFO - Filling up the DagBag from /usr/local/python/3.12.1/lib/python3.12/site-packages/airflow/example_dags/example_dynamic_task_mapping_with_no_taskflow_operators.py
[2025-04-29T09:36:29.375+0000] {processor.py:925} INFO - DAG(s) 'example_dynamic_task_mapping_with_no_taskflow_operators' retrieved from /usr/local/python/3.12.1/lib/python3.12/site-packages/airflow/example_dags/example_dynamic_task_mapping_with_no_taskflow_operators.py
[2025-04-29T09:36:29.387+0000] {logging_mixin.py:190} INFO - [2025-04-29T09:36:29.387+0000] {dag.py:3239} INFO - Sync 1 DAGs
[2025-04-29T09:36:29.397+0000] {logging_mixin.py:190} INFO - [2025-04-29T09:36:29.397+0000] {dag.py:4180} INFO - Setting next_dagrun for example_dynamic_task_mapping_with_no_taskflow_operators to None, run_after=None
[2025-04-29T09:36:29.413+0000] {processor.py:208} INFO - Processing /usr/local/python/3.12.1/lib/python3.12/site-packages/airflow/example_dags/example_dynamic_task_mapping_with_no_taskflow_operators.py took 0.051 seconds
[2025-04-29T09:37:21.938+0000] {processor.py:186} INFO - Started process (PID=18740) to work on /usr/local/python/3.12.1/lib/python3.12/site-packages/airflow/example_dags/example_dynamic_task_mapping_with_no_taskflow_operators.py
[2025-04-29T09:37:21.939+0000] {processor.py:914} INFO - Processing file /usr/local/python/3.12.1/lib/python3.12/site-packages/airflow/example_dags/example_dynamic_task_mapping_with_no_taskflow_operators.py for tasks to queue
[2025-04-29T09:37:21.941+0000] {logging_mixin.py:190} INFO - [2025-04-29T09:37:21.940+0000] {dagbag.py:588} INFO - Filling up the DagBag from /usr/local/python/3.12.1/lib/python3.12/site-packages/airflow/example_dags/example_dynamic_task_mapping_with_no_taskflow_operators.py
[2025-04-29T09:37:21.947+0000] {processor.py:925} INFO - DAG(s) 'example_dynamic_task_mapping_with_no_taskflow_operators' retrieved from /usr/local/python/3.12.1/lib/python3.12/site-packages/airflow/example_dags/example_dynamic_task_mapping_with_no_taskflow_operators.py
[2025-04-29T09:37:21.957+0000] {logging_mixin.py:190} INFO - [2025-04-29T09:37:21.957+0000] {dag.py:3239} INFO - Sync 1 DAGs
[2025-04-29T09:37:21.967+0000] {logging_mixin.py:190} INFO - [2025-04-29T09:37:21.967+0000] {dag.py:4180} INFO - Setting next_dagrun for example_dynamic_task_mapping_with_no_taskflow_operators to None, run_after=None
[2025-04-29T09:37:21.982+0000] {processor.py:208} INFO - Processing /usr/local/python/3.12.1/lib/python3.12/site-packages/airflow/example_dags/example_dynamic_task_mapping_with_no_taskflow_operators.py took 0.048 seconds
[2025-04-29T09:38:15.441+0000] {processor.py:186} INFO - Started process (PID=19448) to work on /usr/local/python/3.12.1/lib/python3.12/site-packages/airflow/example_dags/example_dynamic_task_mapping_with_no_taskflow_operators.py
[2025-04-29T09:38:15.441+0000] {processor.py:914} INFO - Processing file /usr/local/python/3.12.1/lib/python3.12/site-packages/airflow/example_dags/example_dynamic_task_mapping_with_no_taskflow_operators.py for tasks to queue
[2025-04-29T09:38:15.443+0000] {logging_mixin.py:190} INFO - [2025-04-29T09:38:15.442+0000] {dagbag.py:588} INFO - Filling up the DagBag from /usr/local/python/3.12.1/lib/python3.12/site-packages/airflow/example_dags/example_dynamic_task_mapping_with_no_taskflow_operators.py
[2025-04-29T09:38:15.449+0000] {processor.py:925} INFO - DAG(s) 'example_dynamic_task_mapping_with_no_taskflow_operators' retrieved from /usr/local/python/3.12.1/lib/python3.12/site-packages/airflow/example_dags/example_dynamic_task_mapping_with_no_taskflow_operators.py
[2025-04-29T09:38:15.460+0000] {logging_mixin.py:190} INFO - [2025-04-29T09:38:15.460+0000] {dag.py:3239} INFO - Sync 1 DAGs
[2025-04-29T09:38:15.470+0000] {logging_mixin.py:190} INFO - [2025-04-29T09:38:15.470+0000] {dag.py:4180} INFO - Setting next_dagrun for example_dynamic_task_mapping_with_no_taskflow_operators to None, run_after=None
[2025-04-29T09:38:15.486+0000] {processor.py:208} INFO - Processing /usr/local/python/3.12.1/lib/python3.12/site-packages/airflow/example_dags/example_dynamic_task_mapping_with_no_taskflow_operators.py took 0.051 seconds
