[2025-04-29T09:32:18.244+0000] {processor.py:186} INFO - Started process (PID=13921) to work on /usr/local/python/3.12.1/lib/python3.12/site-packages/airflow/example_dags/example_task_group_decorator.py
[2025-04-29T09:32:18.244+0000] {processor.py:914} INFO - Processing file /usr/local/python/3.12.1/lib/python3.12/site-packages/airflow/example_dags/example_task_group_decorator.py for tasks to queue
[2025-04-29T09:32:18.245+0000] {logging_mixin.py:190} INFO - [2025-04-29T09:32:18.245+0000] {dagbag.py:588} INFO - Filling up the DagBag from /usr/local/python/3.12.1/lib/python3.12/site-packages/airflow/example_dags/example_task_group_decorator.py
[2025-04-29T09:32:18.257+0000] {processor.py:925} INFO - DAG(s) 'example_task_group_decorator' retrieved from /usr/local/python/3.12.1/lib/python3.12/site-packages/airflow/example_dags/example_task_group_decorator.py
[2025-04-29T09:32:18.351+0000] {logging_mixin.py:190} INFO - [2025-04-29T09:32:18.350+0000] {override.py:1912} INFO - Created Permission View: can delete on DAG:example_task_group_decorator
[2025-04-29T09:32:18.359+0000] {logging_mixin.py:190} INFO - [2025-04-29T09:32:18.359+0000] {override.py:1912} INFO - Created Permission View: can read on DAG:example_task_group_decorator
[2025-04-29T09:32:18.365+0000] {logging_mixin.py:190} INFO - [2025-04-29T09:32:18.365+0000] {override.py:1912} INFO - Created Permission View: can edit on DAG:example_task_group_decorator
[2025-04-29T09:32:18.374+0000] {logging_mixin.py:190} INFO - [2025-04-29T09:32:18.374+0000] {override.py:1912} INFO - Created Permission View: menu access on DAG Run:example_task_group_decorator
[2025-04-29T09:32:18.380+0000] {logging_mixin.py:190} INFO - [2025-04-29T09:32:18.380+0000] {override.py:1912} INFO - Created Permission View: can delete on DAG Run:example_task_group_decorator
[2025-04-29T09:32:18.386+0000] {logging_mixin.py:190} INFO - [2025-04-29T09:32:18.386+0000] {override.py:1912} INFO - Created Permission View: can read on DAG Run:example_task_group_decorator
[2025-04-29T09:32:18.393+0000] {logging_mixin.py:190} INFO - [2025-04-29T09:32:18.393+0000] {override.py:1912} INFO - Created Permission View: can create on DAG Run:example_task_group_decorator
[2025-04-29T09:32:18.393+0000] {logging_mixin.py:190} INFO - [2025-04-29T09:32:18.393+0000] {dag.py:3239} INFO - Sync 1 DAGs
[2025-04-29T09:32:18.402+0000] {logging_mixin.py:190} INFO - [2025-04-29T09:32:18.402+0000] {dag.py:3262} INFO - Creating ORM DAG for example_task_group_decorator
[2025-04-29T09:32:18.402+0000] {logging_mixin.py:190} INFO - [2025-04-29T09:32:18.402+0000] {dag.py:4180} INFO - Setting next_dagrun for example_task_group_decorator to None, run_after=None
[2025-04-29T09:32:18.417+0000] {processor.py:208} INFO - Processing /usr/local/python/3.12.1/lib/python3.12/site-packages/airflow/example_dags/example_task_group_decorator.py took 0.177 seconds
[2025-04-29T09:33:20.296+0000] {processor.py:186} INFO - Started process (PID=14633) to work on /usr/local/python/3.12.1/lib/python3.12/site-packages/airflow/example_dags/example_task_group_decorator.py
[2025-04-29T09:33:20.296+0000] {processor.py:914} INFO - Processing file /usr/local/python/3.12.1/lib/python3.12/site-packages/airflow/example_dags/example_task_group_decorator.py for tasks to queue
[2025-04-29T09:33:20.298+0000] {logging_mixin.py:190} INFO - [2025-04-29T09:33:20.297+0000] {dagbag.py:588} INFO - Filling up the DagBag from /usr/local/python/3.12.1/lib/python3.12/site-packages/airflow/example_dags/example_task_group_decorator.py
[2025-04-29T09:33:20.313+0000] {processor.py:925} INFO - DAG(s) 'example_task_group_decorator' retrieved from /usr/local/python/3.12.1/lib/python3.12/site-packages/airflow/example_dags/example_task_group_decorator.py
[2025-04-29T09:33:20.329+0000] {logging_mixin.py:190} INFO - [2025-04-29T09:33:20.329+0000] {dag.py:3239} INFO - Sync 1 DAGs
[2025-04-29T09:33:20.339+0000] {logging_mixin.py:190} INFO - [2025-04-29T09:33:20.338+0000] {dag.py:4180} INFO - Setting next_dagrun for example_task_group_decorator to None, run_after=None
[2025-04-29T09:33:20.354+0000] {processor.py:208} INFO - Processing /usr/local/python/3.12.1/lib/python3.12/site-packages/airflow/example_dags/example_task_group_decorator.py took 0.063 seconds
[2025-04-29T09:34:17.031+0000] {processor.py:186} INFO - Started process (PID=15427) to work on /usr/local/python/3.12.1/lib/python3.12/site-packages/airflow/example_dags/example_task_group_decorator.py
[2025-04-29T09:34:17.031+0000] {processor.py:914} INFO - Processing file /usr/local/python/3.12.1/lib/python3.12/site-packages/airflow/example_dags/example_task_group_decorator.py for tasks to queue
[2025-04-29T09:34:17.033+0000] {logging_mixin.py:190} INFO - [2025-04-29T09:34:17.033+0000] {dagbag.py:588} INFO - Filling up the DagBag from /usr/local/python/3.12.1/lib/python3.12/site-packages/airflow/example_dags/example_task_group_decorator.py
[2025-04-29T09:34:17.051+0000] {processor.py:925} INFO - DAG(s) 'example_task_group_decorator' retrieved from /usr/local/python/3.12.1/lib/python3.12/site-packages/airflow/example_dags/example_task_group_decorator.py
[2025-04-29T09:34:17.077+0000] {logging_mixin.py:190} INFO - [2025-04-29T09:34:17.077+0000] {dag.py:3239} INFO - Sync 1 DAGs
[2025-04-29T09:34:17.087+0000] {logging_mixin.py:190} INFO - [2025-04-29T09:34:17.087+0000] {dag.py:4180} INFO - Setting next_dagrun for example_task_group_decorator to None, run_after=None
[2025-04-29T09:34:17.103+0000] {processor.py:208} INFO - Processing /usr/local/python/3.12.1/lib/python3.12/site-packages/airflow/example_dags/example_task_group_decorator.py took 0.076 seconds
[2025-04-29T09:35:11.560+0000] {processor.py:186} INFO - Started process (PID=17046) to work on /usr/local/python/3.12.1/lib/python3.12/site-packages/airflow/example_dags/example_task_group_decorator.py
[2025-04-29T09:35:11.561+0000] {processor.py:914} INFO - Processing file /usr/local/python/3.12.1/lib/python3.12/site-packages/airflow/example_dags/example_task_group_decorator.py for tasks to queue
[2025-04-29T09:35:11.563+0000] {logging_mixin.py:190} INFO - [2025-04-29T09:35:11.562+0000] {dagbag.py:588} INFO - Filling up the DagBag from /usr/local/python/3.12.1/lib/python3.12/site-packages/airflow/example_dags/example_task_group_decorator.py
[2025-04-29T09:35:11.574+0000] {processor.py:925} INFO - DAG(s) 'example_task_group_decorator' retrieved from /usr/local/python/3.12.1/lib/python3.12/site-packages/airflow/example_dags/example_task_group_decorator.py
[2025-04-29T09:35:11.589+0000] {logging_mixin.py:190} INFO - [2025-04-29T09:35:11.589+0000] {dag.py:3239} INFO - Sync 1 DAGs
[2025-04-29T09:35:11.599+0000] {logging_mixin.py:190} INFO - [2025-04-29T09:35:11.599+0000] {dag.py:4180} INFO - Setting next_dagrun for example_task_group_decorator to None, run_after=None
[2025-04-29T09:35:11.615+0000] {processor.py:208} INFO - Processing /usr/local/python/3.12.1/lib/python3.12/site-packages/airflow/example_dags/example_task_group_decorator.py took 0.059 seconds
[2025-04-29T09:36:04.428+0000] {processor.py:186} INFO - Started process (PID=17732) to work on /usr/local/python/3.12.1/lib/python3.12/site-packages/airflow/example_dags/example_task_group_decorator.py
[2025-04-29T09:36:04.429+0000] {processor.py:914} INFO - Processing file /usr/local/python/3.12.1/lib/python3.12/site-packages/airflow/example_dags/example_task_group_decorator.py for tasks to queue
[2025-04-29T09:36:04.431+0000] {logging_mixin.py:190} INFO - [2025-04-29T09:36:04.430+0000] {dagbag.py:588} INFO - Filling up the DagBag from /usr/local/python/3.12.1/lib/python3.12/site-packages/airflow/example_dags/example_task_group_decorator.py
[2025-04-29T09:36:04.443+0000] {processor.py:925} INFO - DAG(s) 'example_task_group_decorator' retrieved from /usr/local/python/3.12.1/lib/python3.12/site-packages/airflow/example_dags/example_task_group_decorator.py
[2025-04-29T09:36:04.458+0000] {logging_mixin.py:190} INFO - [2025-04-29T09:36:04.458+0000] {dag.py:3239} INFO - Sync 1 DAGs
[2025-04-29T09:36:04.468+0000] {logging_mixin.py:190} INFO - [2025-04-29T09:36:04.468+0000] {dag.py:4180} INFO - Setting next_dagrun for example_task_group_decorator to None, run_after=None
[2025-04-29T09:36:04.484+0000] {processor.py:208} INFO - Processing /usr/local/python/3.12.1/lib/python3.12/site-packages/airflow/example_dags/example_task_group_decorator.py took 0.060 seconds
[2025-04-29T09:36:56.820+0000] {processor.py:186} INFO - Started process (PID=18334) to work on /usr/local/python/3.12.1/lib/python3.12/site-packages/airflow/example_dags/example_task_group_decorator.py
[2025-04-29T09:36:56.821+0000] {processor.py:914} INFO - Processing file /usr/local/python/3.12.1/lib/python3.12/site-packages/airflow/example_dags/example_task_group_decorator.py for tasks to queue
[2025-04-29T09:36:56.822+0000] {logging_mixin.py:190} INFO - [2025-04-29T09:36:56.822+0000] {dagbag.py:588} INFO - Filling up the DagBag from /usr/local/python/3.12.1/lib/python3.12/site-packages/airflow/example_dags/example_task_group_decorator.py
[2025-04-29T09:36:56.834+0000] {processor.py:925} INFO - DAG(s) 'example_task_group_decorator' retrieved from /usr/local/python/3.12.1/lib/python3.12/site-packages/airflow/example_dags/example_task_group_decorator.py
[2025-04-29T09:36:56.850+0000] {logging_mixin.py:190} INFO - [2025-04-29T09:36:56.850+0000] {dag.py:3239} INFO - Sync 1 DAGs
[2025-04-29T09:36:56.860+0000] {logging_mixin.py:190} INFO - [2025-04-29T09:36:56.860+0000] {dag.py:4180} INFO - Setting next_dagrun for example_task_group_decorator to None, run_after=None
[2025-04-29T09:36:56.877+0000] {processor.py:208} INFO - Processing /usr/local/python/3.12.1/lib/python3.12/site-packages/airflow/example_dags/example_task_group_decorator.py took 0.061 seconds
[2025-04-29T09:37:49.367+0000] {processor.py:186} INFO - Started process (PID=19070) to work on /usr/local/python/3.12.1/lib/python3.12/site-packages/airflow/example_dags/example_task_group_decorator.py
[2025-04-29T09:37:49.368+0000] {processor.py:914} INFO - Processing file /usr/local/python/3.12.1/lib/python3.12/site-packages/airflow/example_dags/example_task_group_decorator.py for tasks to queue
[2025-04-29T09:37:49.370+0000] {logging_mixin.py:190} INFO - [2025-04-29T09:37:49.369+0000] {dagbag.py:588} INFO - Filling up the DagBag from /usr/local/python/3.12.1/lib/python3.12/site-packages/airflow/example_dags/example_task_group_decorator.py
[2025-04-29T09:37:49.384+0000] {processor.py:925} INFO - DAG(s) 'example_task_group_decorator' retrieved from /usr/local/python/3.12.1/lib/python3.12/site-packages/airflow/example_dags/example_task_group_decorator.py
[2025-04-29T09:37:49.399+0000] {logging_mixin.py:190} INFO - [2025-04-29T09:37:49.399+0000] {dag.py:3239} INFO - Sync 1 DAGs
[2025-04-29T09:37:49.409+0000] {logging_mixin.py:190} INFO - [2025-04-29T09:37:49.409+0000] {dag.py:4180} INFO - Setting next_dagrun for example_task_group_decorator to None, run_after=None
[2025-04-29T09:37:49.424+0000] {processor.py:208} INFO - Processing /usr/local/python/3.12.1/lib/python3.12/site-packages/airflow/example_dags/example_task_group_decorator.py took 0.061 seconds
[2025-04-29T09:38:44.366+0000] {processor.py:186} INFO - Started process (PID=19791) to work on /usr/local/python/3.12.1/lib/python3.12/site-packages/airflow/example_dags/example_task_group_decorator.py
[2025-04-29T09:38:44.366+0000] {processor.py:914} INFO - Processing file /usr/local/python/3.12.1/lib/python3.12/site-packages/airflow/example_dags/example_task_group_decorator.py for tasks to queue
[2025-04-29T09:38:44.368+0000] {logging_mixin.py:190} INFO - [2025-04-29T09:38:44.367+0000] {dagbag.py:588} INFO - Filling up the DagBag from /usr/local/python/3.12.1/lib/python3.12/site-packages/airflow/example_dags/example_task_group_decorator.py
[2025-04-29T09:38:44.380+0000] {processor.py:925} INFO - DAG(s) 'example_task_group_decorator' retrieved from /usr/local/python/3.12.1/lib/python3.12/site-packages/airflow/example_dags/example_task_group_decorator.py
[2025-04-29T09:38:44.395+0000] {logging_mixin.py:190} INFO - [2025-04-29T09:38:44.395+0000] {dag.py:3239} INFO - Sync 1 DAGs
[2025-04-29T09:38:44.408+0000] {logging_mixin.py:190} INFO - [2025-04-29T09:38:44.407+0000] {dag.py:4180} INFO - Setting next_dagrun for example_task_group_decorator to None, run_after=None
[2025-04-29T09:38:44.426+0000] {processor.py:208} INFO - Processing /usr/local/python/3.12.1/lib/python3.12/site-packages/airflow/example_dags/example_task_group_decorator.py took 0.064 seconds
