[2025-04-29T09:32:52.153+0000] {processor.py:186} INFO - Started process (PID=14212) to work on /usr/local/python/3.12.1/lib/python3.12/site-packages/airflow/example_dags/example_dataset_alias_with_no_taskflow.py
[2025-04-29T09:32:52.154+0000] {processor.py:914} INFO - Processing file /usr/local/python/3.12.1/lib/python3.12/site-packages/airflow/example_dags/example_dataset_alias_with_no_taskflow.py for tasks to queue
[2025-04-29T09:32:52.155+0000] {logging_mixin.py:190} INFO - [2025-04-29T09:32:52.155+0000] {dagbag.py:588} INFO - Filling up the DagBag from /usr/local/python/3.12.1/lib/python3.12/site-packages/airflow/example_dags/example_dataset_alias_with_no_taskflow.py
[2025-04-29T09:32:52.167+0000] {processor.py:925} INFO - DAG(s) 'dataset_s3_bucket_producer_with_no_taskflow', 'dataset_alias_example_alias_producer_with_no_taskflow', 'dataset_alias_example_alias_consumer_with_no_taskflow', 'dataset_s3_bucket_consumer_with_no_taskflow' retrieved from /usr/local/python/3.12.1/lib/python3.12/site-packages/airflow/example_dags/example_dataset_alias_with_no_taskflow.py
[2025-04-29T09:32:52.246+0000] {logging_mixin.py:190} INFO - [2025-04-29T09:32:52.246+0000] {override.py:1912} INFO - Created Permission View: can delete on DAG:dataset_s3_bucket_producer_with_no_taskflow
[2025-04-29T09:32:52.256+0000] {logging_mixin.py:190} INFO - [2025-04-29T09:32:52.256+0000] {override.py:1912} INFO - Created Permission View: can read on DAG:dataset_s3_bucket_producer_with_no_taskflow
[2025-04-29T09:32:52.263+0000] {logging_mixin.py:190} INFO - [2025-04-29T09:32:52.262+0000] {override.py:1912} INFO - Created Permission View: can edit on DAG:dataset_s3_bucket_producer_with_no_taskflow
[2025-04-29T09:32:52.272+0000] {logging_mixin.py:190} INFO - [2025-04-29T09:32:52.272+0000] {override.py:1912} INFO - Created Permission View: menu access on DAG Run:dataset_s3_bucket_producer_with_no_taskflow
[2025-04-29T09:32:52.278+0000] {logging_mixin.py:190} INFO - [2025-04-29T09:32:52.278+0000] {override.py:1912} INFO - Created Permission View: can delete on DAG Run:dataset_s3_bucket_producer_with_no_taskflow
[2025-04-29T09:32:52.284+0000] {logging_mixin.py:190} INFO - [2025-04-29T09:32:52.284+0000] {override.py:1912} INFO - Created Permission View: can read on DAG Run:dataset_s3_bucket_producer_with_no_taskflow
[2025-04-29T09:32:52.291+0000] {logging_mixin.py:190} INFO - [2025-04-29T09:32:52.290+0000] {override.py:1912} INFO - Created Permission View: can create on DAG Run:dataset_s3_bucket_producer_with_no_taskflow
[2025-04-29T09:32:52.312+0000] {logging_mixin.py:190} INFO - [2025-04-29T09:32:52.312+0000] {override.py:1912} INFO - Created Permission View: can delete on DAG:dataset_alias_example_alias_producer_with_no_taskflow
[2025-04-29T09:32:52.320+0000] {logging_mixin.py:190} INFO - [2025-04-29T09:32:52.320+0000] {override.py:1912} INFO - Created Permission View: can read on DAG:dataset_alias_example_alias_producer_with_no_taskflow
[2025-04-29T09:32:52.328+0000] {logging_mixin.py:190} INFO - [2025-04-29T09:32:52.328+0000] {override.py:1912} INFO - Created Permission View: can edit on DAG:dataset_alias_example_alias_producer_with_no_taskflow
[2025-04-29T09:32:52.341+0000] {logging_mixin.py:190} INFO - [2025-04-29T09:32:52.341+0000] {override.py:1912} INFO - Created Permission View: menu access on DAG Run:dataset_alias_example_alias_producer_with_no_taskflow
[2025-04-29T09:32:52.351+0000] {logging_mixin.py:190} INFO - [2025-04-29T09:32:52.351+0000] {override.py:1912} INFO - Created Permission View: can delete on DAG Run:dataset_alias_example_alias_producer_with_no_taskflow
[2025-04-29T09:32:52.365+0000] {logging_mixin.py:190} INFO - [2025-04-29T09:32:52.364+0000] {override.py:1912} INFO - Created Permission View: can read on DAG Run:dataset_alias_example_alias_producer_with_no_taskflow
[2025-04-29T09:32:52.371+0000] {logging_mixin.py:190} INFO - [2025-04-29T09:32:52.371+0000] {override.py:1912} INFO - Created Permission View: can create on DAG Run:dataset_alias_example_alias_producer_with_no_taskflow
[2025-04-29T09:32:52.384+0000] {logging_mixin.py:190} INFO - [2025-04-29T09:32:52.384+0000] {override.py:1912} INFO - Created Permission View: can delete on DAG:dataset_alias_example_alias_consumer_with_no_taskflow
[2025-04-29T09:32:52.390+0000] {logging_mixin.py:190} INFO - [2025-04-29T09:32:52.390+0000] {override.py:1912} INFO - Created Permission View: can read on DAG:dataset_alias_example_alias_consumer_with_no_taskflow
[2025-04-29T09:32:52.396+0000] {logging_mixin.py:190} INFO - [2025-04-29T09:32:52.396+0000] {override.py:1912} INFO - Created Permission View: can edit on DAG:dataset_alias_example_alias_consumer_with_no_taskflow
[2025-04-29T09:32:52.406+0000] {logging_mixin.py:190} INFO - [2025-04-29T09:32:52.405+0000] {override.py:1912} INFO - Created Permission View: menu access on DAG Run:dataset_alias_example_alias_consumer_with_no_taskflow
[2025-04-29T09:32:52.412+0000] {logging_mixin.py:190} INFO - [2025-04-29T09:32:52.412+0000] {override.py:1912} INFO - Created Permission View: can delete on DAG Run:dataset_alias_example_alias_consumer_with_no_taskflow
[2025-04-29T09:32:52.421+0000] {logging_mixin.py:190} INFO - [2025-04-29T09:32:52.421+0000] {override.py:1912} INFO - Created Permission View: can read on DAG Run:dataset_alias_example_alias_consumer_with_no_taskflow
[2025-04-29T09:32:52.428+0000] {logging_mixin.py:190} INFO - [2025-04-29T09:32:52.428+0000] {override.py:1912} INFO - Created Permission View: can create on DAG Run:dataset_alias_example_alias_consumer_with_no_taskflow
[2025-04-29T09:32:52.441+0000] {logging_mixin.py:190} INFO - [2025-04-29T09:32:52.441+0000] {override.py:1912} INFO - Created Permission View: can delete on DAG:dataset_s3_bucket_consumer_with_no_taskflow
[2025-04-29T09:32:52.447+0000] {logging_mixin.py:190} INFO - [2025-04-29T09:32:52.447+0000] {override.py:1912} INFO - Created Permission View: can read on DAG:dataset_s3_bucket_consumer_with_no_taskflow
[2025-04-29T09:32:52.454+0000] {logging_mixin.py:190} INFO - [2025-04-29T09:32:52.453+0000] {override.py:1912} INFO - Created Permission View: can edit on DAG:dataset_s3_bucket_consumer_with_no_taskflow
[2025-04-29T09:32:52.463+0000] {logging_mixin.py:190} INFO - [2025-04-29T09:32:52.463+0000] {override.py:1912} INFO - Created Permission View: menu access on DAG Run:dataset_s3_bucket_consumer_with_no_taskflow
[2025-04-29T09:32:52.470+0000] {logging_mixin.py:190} INFO - [2025-04-29T09:32:52.469+0000] {override.py:1912} INFO - Created Permission View: can delete on DAG Run:dataset_s3_bucket_consumer_with_no_taskflow
[2025-04-29T09:32:52.476+0000] {logging_mixin.py:190} INFO - [2025-04-29T09:32:52.476+0000] {override.py:1912} INFO - Created Permission View: can read on DAG Run:dataset_s3_bucket_consumer_with_no_taskflow
[2025-04-29T09:32:52.482+0000] {logging_mixin.py:190} INFO - [2025-04-29T09:32:52.482+0000] {override.py:1912} INFO - Created Permission View: can create on DAG Run:dataset_s3_bucket_consumer_with_no_taskflow
[2025-04-29T09:32:52.482+0000] {logging_mixin.py:190} INFO - [2025-04-29T09:32:52.482+0000] {dag.py:3239} INFO - Sync 4 DAGs
[2025-04-29T09:32:52.491+0000] {logging_mixin.py:190} INFO - [2025-04-29T09:32:52.491+0000] {dag.py:3262} INFO - Creating ORM DAG for dataset_s3_bucket_consumer_with_no_taskflow
[2025-04-29T09:32:52.492+0000] {logging_mixin.py:190} INFO - [2025-04-29T09:32:52.491+0000] {dag.py:3262} INFO - Creating ORM DAG for dataset_alias_example_alias_consumer_with_no_taskflow
[2025-04-29T09:32:52.492+0000] {logging_mixin.py:190} INFO - [2025-04-29T09:32:52.492+0000] {dag.py:3262} INFO - Creating ORM DAG for dataset_s3_bucket_producer_with_no_taskflow
[2025-04-29T09:32:52.492+0000] {logging_mixin.py:190} INFO - [2025-04-29T09:32:52.492+0000] {dag.py:3262} INFO - Creating ORM DAG for dataset_alias_example_alias_producer_with_no_taskflow
[2025-04-29T09:32:52.498+0000] {logging_mixin.py:190} INFO - [2025-04-29T09:32:52.498+0000] {dag.py:4180} INFO - Setting next_dagrun for dataset_alias_example_alias_consumer_with_no_taskflow to None, run_after=None
[2025-04-29T09:32:52.499+0000] {logging_mixin.py:190} INFO - [2025-04-29T09:32:52.499+0000] {dag.py:4180} INFO - Setting next_dagrun for dataset_alias_example_alias_producer_with_no_taskflow to None, run_after=None
[2025-04-29T09:32:52.499+0000] {logging_mixin.py:190} INFO - [2025-04-29T09:32:52.499+0000] {dag.py:4180} INFO - Setting next_dagrun for dataset_s3_bucket_consumer_with_no_taskflow to None, run_after=None
[2025-04-29T09:32:52.499+0000] {logging_mixin.py:190} INFO - [2025-04-29T09:32:52.499+0000] {dag.py:4180} INFO - Setting next_dagrun for dataset_s3_bucket_producer_with_no_taskflow to None, run_after=None
[2025-04-29T09:32:52.521+0000] {processor.py:208} INFO - Processing /usr/local/python/3.12.1/lib/python3.12/site-packages/airflow/example_dags/example_dataset_alias_with_no_taskflow.py took 0.372 seconds
[2025-04-29T09:33:50.700+0000] {processor.py:186} INFO - Started process (PID=15006) to work on /usr/local/python/3.12.1/lib/python3.12/site-packages/airflow/example_dags/example_dataset_alias_with_no_taskflow.py
[2025-04-29T09:33:50.701+0000] {processor.py:914} INFO - Processing file /usr/local/python/3.12.1/lib/python3.12/site-packages/airflow/example_dags/example_dataset_alias_with_no_taskflow.py for tasks to queue
[2025-04-29T09:33:50.702+0000] {logging_mixin.py:190} INFO - [2025-04-29T09:33:50.702+0000] {dagbag.py:588} INFO - Filling up the DagBag from /usr/local/python/3.12.1/lib/python3.12/site-packages/airflow/example_dags/example_dataset_alias_with_no_taskflow.py
[2025-04-29T09:33:50.719+0000] {processor.py:925} INFO - DAG(s) 'dataset_s3_bucket_producer_with_no_taskflow', 'dataset_s3_bucket_consumer_with_no_taskflow', 'dataset_alias_example_alias_consumer_with_no_taskflow', 'dataset_alias_example_alias_producer_with_no_taskflow' retrieved from /usr/local/python/3.12.1/lib/python3.12/site-packages/airflow/example_dags/example_dataset_alias_with_no_taskflow.py
[2025-04-29T09:33:50.734+0000] {logging_mixin.py:190} INFO - [2025-04-29T09:33:50.734+0000] {dag.py:3239} INFO - Sync 4 DAGs
[2025-04-29T09:33:50.750+0000] {logging_mixin.py:190} INFO - [2025-04-29T09:33:50.750+0000] {dag.py:4180} INFO - Setting next_dagrun for dataset_alias_example_alias_consumer_with_no_taskflow to None, run_after=None
[2025-04-29T09:33:50.752+0000] {logging_mixin.py:190} INFO - [2025-04-29T09:33:50.751+0000] {dag.py:4180} INFO - Setting next_dagrun for dataset_alias_example_alias_producer_with_no_taskflow to None, run_after=None
[2025-04-29T09:33:50.752+0000] {logging_mixin.py:190} INFO - [2025-04-29T09:33:50.752+0000] {dag.py:4180} INFO - Setting next_dagrun for dataset_s3_bucket_consumer_with_no_taskflow to None, run_after=None
[2025-04-29T09:33:50.753+0000] {logging_mixin.py:190} INFO - [2025-04-29T09:33:50.753+0000] {dag.py:4180} INFO - Setting next_dagrun for dataset_s3_bucket_producer_with_no_taskflow to None, run_after=None
[2025-04-29T09:33:50.770+0000] {processor.py:208} INFO - Processing /usr/local/python/3.12.1/lib/python3.12/site-packages/airflow/example_dags/example_dataset_alias_with_no_taskflow.py took 0.074 seconds
[2025-04-29T09:34:46.274+0000] {processor.py:186} INFO - Started process (PID=16149) to work on /usr/local/python/3.12.1/lib/python3.12/site-packages/airflow/example_dags/example_dataset_alias_with_no_taskflow.py
[2025-04-29T09:34:46.275+0000] {processor.py:914} INFO - Processing file /usr/local/python/3.12.1/lib/python3.12/site-packages/airflow/example_dags/example_dataset_alias_with_no_taskflow.py for tasks to queue
[2025-04-29T09:34:46.277+0000] {logging_mixin.py:190} INFO - [2025-04-29T09:34:46.277+0000] {dagbag.py:588} INFO - Filling up the DagBag from /usr/local/python/3.12.1/lib/python3.12/site-packages/airflow/example_dags/example_dataset_alias_with_no_taskflow.py
[2025-04-29T09:34:46.307+0000] {processor.py:925} INFO - DAG(s) 'dataset_alias_example_alias_producer_with_no_taskflow', 'dataset_s3_bucket_producer_with_no_taskflow', 'dataset_alias_example_alias_consumer_with_no_taskflow', 'dataset_s3_bucket_consumer_with_no_taskflow' retrieved from /usr/local/python/3.12.1/lib/python3.12/site-packages/airflow/example_dags/example_dataset_alias_with_no_taskflow.py
[2025-04-29T09:34:46.358+0000] {logging_mixin.py:190} INFO - [2025-04-29T09:34:46.357+0000] {dag.py:3239} INFO - Sync 4 DAGs
[2025-04-29T09:34:46.412+0000] {logging_mixin.py:190} INFO - [2025-04-29T09:34:46.411+0000] {dag.py:4180} INFO - Setting next_dagrun for dataset_alias_example_alias_consumer_with_no_taskflow to None, run_after=None
[2025-04-29T09:34:46.426+0000] {logging_mixin.py:190} INFO - [2025-04-29T09:34:46.423+0000] {dag.py:4180} INFO - Setting next_dagrun for dataset_alias_example_alias_producer_with_no_taskflow to None, run_after=None
[2025-04-29T09:34:46.427+0000] {logging_mixin.py:190} INFO - [2025-04-29T09:34:46.427+0000] {dag.py:4180} INFO - Setting next_dagrun for dataset_s3_bucket_consumer_with_no_taskflow to None, run_after=None
[2025-04-29T09:34:46.432+0000] {logging_mixin.py:190} INFO - [2025-04-29T09:34:46.432+0000] {dag.py:4180} INFO - Setting next_dagrun for dataset_s3_bucket_producer_with_no_taskflow to None, run_after=None
[2025-04-29T09:34:46.525+0000] {processor.py:208} INFO - Processing /usr/local/python/3.12.1/lib/python3.12/site-packages/airflow/example_dags/example_dataset_alias_with_no_taskflow.py took 0.255 seconds
[2025-04-29T09:35:41.933+0000] {processor.py:186} INFO - Started process (PID=17409) to work on /usr/local/python/3.12.1/lib/python3.12/site-packages/airflow/example_dags/example_dataset_alias_with_no_taskflow.py
[2025-04-29T09:35:41.934+0000] {processor.py:914} INFO - Processing file /usr/local/python/3.12.1/lib/python3.12/site-packages/airflow/example_dags/example_dataset_alias_with_no_taskflow.py for tasks to queue
[2025-04-29T09:35:41.935+0000] {logging_mixin.py:190} INFO - [2025-04-29T09:35:41.935+0000] {dagbag.py:588} INFO - Filling up the DagBag from /usr/local/python/3.12.1/lib/python3.12/site-packages/airflow/example_dags/example_dataset_alias_with_no_taskflow.py
[2025-04-29T09:35:41.952+0000] {processor.py:925} INFO - DAG(s) 'dataset_alias_example_alias_producer_with_no_taskflow', 'dataset_s3_bucket_consumer_with_no_taskflow', 'dataset_s3_bucket_producer_with_no_taskflow', 'dataset_alias_example_alias_consumer_with_no_taskflow' retrieved from /usr/local/python/3.12.1/lib/python3.12/site-packages/airflow/example_dags/example_dataset_alias_with_no_taskflow.py
[2025-04-29T09:35:41.966+0000] {logging_mixin.py:190} INFO - [2025-04-29T09:35:41.966+0000] {dag.py:3239} INFO - Sync 4 DAGs
[2025-04-29T09:35:41.981+0000] {logging_mixin.py:190} INFO - [2025-04-29T09:35:41.981+0000] {dag.py:4180} INFO - Setting next_dagrun for dataset_alias_example_alias_consumer_with_no_taskflow to None, run_after=None
[2025-04-29T09:35:41.983+0000] {logging_mixin.py:190} INFO - [2025-04-29T09:35:41.983+0000] {dag.py:4180} INFO - Setting next_dagrun for dataset_alias_example_alias_producer_with_no_taskflow to None, run_after=None
[2025-04-29T09:35:41.984+0000] {logging_mixin.py:190} INFO - [2025-04-29T09:35:41.983+0000] {dag.py:4180} INFO - Setting next_dagrun for dataset_s3_bucket_consumer_with_no_taskflow to None, run_after=None
[2025-04-29T09:35:41.984+0000] {logging_mixin.py:190} INFO - [2025-04-29T09:35:41.984+0000] {dag.py:4180} INFO - Setting next_dagrun for dataset_s3_bucket_producer_with_no_taskflow to None, run_after=None
[2025-04-29T09:35:42.001+0000] {processor.py:208} INFO - Processing /usr/local/python/3.12.1/lib/python3.12/site-packages/airflow/example_dags/example_dataset_alias_with_no_taskflow.py took 0.072 seconds
[2025-04-29T09:36:36.255+0000] {processor.py:186} INFO - Started process (PID=18094) to work on /usr/local/python/3.12.1/lib/python3.12/site-packages/airflow/example_dags/example_dataset_alias_with_no_taskflow.py
[2025-04-29T09:36:36.256+0000] {processor.py:914} INFO - Processing file /usr/local/python/3.12.1/lib/python3.12/site-packages/airflow/example_dags/example_dataset_alias_with_no_taskflow.py for tasks to queue
[2025-04-29T09:36:36.258+0000] {logging_mixin.py:190} INFO - [2025-04-29T09:36:36.257+0000] {dagbag.py:588} INFO - Filling up the DagBag from /usr/local/python/3.12.1/lib/python3.12/site-packages/airflow/example_dags/example_dataset_alias_with_no_taskflow.py
[2025-04-29T09:36:36.274+0000] {processor.py:925} INFO - DAG(s) 'dataset_s3_bucket_producer_with_no_taskflow', 'dataset_alias_example_alias_consumer_with_no_taskflow', 'dataset_s3_bucket_consumer_with_no_taskflow', 'dataset_alias_example_alias_producer_with_no_taskflow' retrieved from /usr/local/python/3.12.1/lib/python3.12/site-packages/airflow/example_dags/example_dataset_alias_with_no_taskflow.py
[2025-04-29T09:36:36.289+0000] {logging_mixin.py:190} INFO - [2025-04-29T09:36:36.288+0000] {dag.py:3239} INFO - Sync 4 DAGs
[2025-04-29T09:36:36.303+0000] {logging_mixin.py:190} INFO - [2025-04-29T09:36:36.303+0000] {dag.py:4180} INFO - Setting next_dagrun for dataset_alias_example_alias_consumer_with_no_taskflow to None, run_after=None
[2025-04-29T09:36:36.305+0000] {logging_mixin.py:190} INFO - [2025-04-29T09:36:36.305+0000] {dag.py:4180} INFO - Setting next_dagrun for dataset_alias_example_alias_producer_with_no_taskflow to None, run_after=None
[2025-04-29T09:36:36.306+0000] {logging_mixin.py:190} INFO - [2025-04-29T09:36:36.306+0000] {dag.py:4180} INFO - Setting next_dagrun for dataset_s3_bucket_consumer_with_no_taskflow to None, run_after=None
[2025-04-29T09:36:36.307+0000] {logging_mixin.py:190} INFO - [2025-04-29T09:36:36.307+0000] {dag.py:4180} INFO - Setting next_dagrun for dataset_s3_bucket_producer_with_no_taskflow to None, run_after=None
[2025-04-29T09:36:36.324+0000] {processor.py:208} INFO - Processing /usr/local/python/3.12.1/lib/python3.12/site-packages/airflow/example_dags/example_dataset_alias_with_no_taskflow.py took 0.073 seconds
[2025-04-29T09:37:30.051+0000] {processor.py:186} INFO - Started process (PID=18838) to work on /usr/local/python/3.12.1/lib/python3.12/site-packages/airflow/example_dags/example_dataset_alias_with_no_taskflow.py
[2025-04-29T09:37:30.052+0000] {processor.py:914} INFO - Processing file /usr/local/python/3.12.1/lib/python3.12/site-packages/airflow/example_dags/example_dataset_alias_with_no_taskflow.py for tasks to queue
[2025-04-29T09:37:30.053+0000] {logging_mixin.py:190} INFO - [2025-04-29T09:37:30.053+0000] {dagbag.py:588} INFO - Filling up the DagBag from /usr/local/python/3.12.1/lib/python3.12/site-packages/airflow/example_dags/example_dataset_alias_with_no_taskflow.py
[2025-04-29T09:37:30.070+0000] {processor.py:925} INFO - DAG(s) 'dataset_alias_example_alias_producer_with_no_taskflow', 'dataset_alias_example_alias_consumer_with_no_taskflow', 'dataset_s3_bucket_producer_with_no_taskflow', 'dataset_s3_bucket_consumer_with_no_taskflow' retrieved from /usr/local/python/3.12.1/lib/python3.12/site-packages/airflow/example_dags/example_dataset_alias_with_no_taskflow.py
[2025-04-29T09:37:30.090+0000] {logging_mixin.py:190} INFO - [2025-04-29T09:37:30.090+0000] {dag.py:3239} INFO - Sync 4 DAGs
[2025-04-29T09:37:30.116+0000] {logging_mixin.py:190} INFO - [2025-04-29T09:37:30.116+0000] {dag.py:4180} INFO - Setting next_dagrun for dataset_alias_example_alias_consumer_with_no_taskflow to None, run_after=None
[2025-04-29T09:37:30.118+0000] {logging_mixin.py:190} INFO - [2025-04-29T09:37:30.118+0000] {dag.py:4180} INFO - Setting next_dagrun for dataset_alias_example_alias_producer_with_no_taskflow to None, run_after=None
[2025-04-29T09:37:30.119+0000] {logging_mixin.py:190} INFO - [2025-04-29T09:37:30.119+0000] {dag.py:4180} INFO - Setting next_dagrun for dataset_s3_bucket_consumer_with_no_taskflow to None, run_after=None
[2025-04-29T09:37:30.120+0000] {logging_mixin.py:190} INFO - [2025-04-29T09:37:30.120+0000] {dag.py:4180} INFO - Setting next_dagrun for dataset_s3_bucket_producer_with_no_taskflow to None, run_after=None
[2025-04-29T09:37:30.143+0000] {processor.py:208} INFO - Processing /usr/local/python/3.12.1/lib/python3.12/site-packages/airflow/example_dags/example_dataset_alias_with_no_taskflow.py took 0.096 seconds
[2025-04-29T09:38:24.000+0000] {processor.py:186} INFO - Started process (PID=19535) to work on /usr/local/python/3.12.1/lib/python3.12/site-packages/airflow/example_dags/example_dataset_alias_with_no_taskflow.py
[2025-04-29T09:38:24.001+0000] {processor.py:914} INFO - Processing file /usr/local/python/3.12.1/lib/python3.12/site-packages/airflow/example_dags/example_dataset_alias_with_no_taskflow.py for tasks to queue
[2025-04-29T09:38:24.002+0000] {logging_mixin.py:190} INFO - [2025-04-29T09:38:24.002+0000] {dagbag.py:588} INFO - Filling up the DagBag from /usr/local/python/3.12.1/lib/python3.12/site-packages/airflow/example_dags/example_dataset_alias_with_no_taskflow.py
[2025-04-29T09:38:24.021+0000] {processor.py:925} INFO - DAG(s) 'dataset_alias_example_alias_consumer_with_no_taskflow', 'dataset_alias_example_alias_producer_with_no_taskflow', 'dataset_s3_bucket_consumer_with_no_taskflow', 'dataset_s3_bucket_producer_with_no_taskflow' retrieved from /usr/local/python/3.12.1/lib/python3.12/site-packages/airflow/example_dags/example_dataset_alias_with_no_taskflow.py
[2025-04-29T09:38:24.035+0000] {logging_mixin.py:190} INFO - [2025-04-29T09:38:24.035+0000] {dag.py:3239} INFO - Sync 4 DAGs
[2025-04-29T09:38:24.050+0000] {logging_mixin.py:190} INFO - [2025-04-29T09:38:24.050+0000] {dag.py:4180} INFO - Setting next_dagrun for dataset_alias_example_alias_consumer_with_no_taskflow to None, run_after=None
[2025-04-29T09:38:24.051+0000] {logging_mixin.py:190} INFO - [2025-04-29T09:38:24.051+0000] {dag.py:4180} INFO - Setting next_dagrun for dataset_alias_example_alias_producer_with_no_taskflow to None, run_after=None
[2025-04-29T09:38:24.052+0000] {logging_mixin.py:190} INFO - [2025-04-29T09:38:24.052+0000] {dag.py:4180} INFO - Setting next_dagrun for dataset_s3_bucket_consumer_with_no_taskflow to None, run_after=None
[2025-04-29T09:38:24.053+0000] {logging_mixin.py:190} INFO - [2025-04-29T09:38:24.053+0000] {dag.py:4180} INFO - Setting next_dagrun for dataset_s3_bucket_producer_with_no_taskflow to None, run_after=None
[2025-04-29T09:38:24.071+0000] {processor.py:208} INFO - Processing /usr/local/python/3.12.1/lib/python3.12/site-packages/airflow/example_dags/example_dataset_alias_with_no_taskflow.py took 0.075 seconds
