[2025-04-29T09:32:58.278+0000] {processor.py:186} INFO - Started process (PID=14246) to work on /usr/local/python/3.12.1/lib/python3.12/site-packages/airflow/example_dags/example_branch_datetime_operator.py
[2025-04-29T09:32:58.279+0000] {processor.py:914} INFO - Processing file /usr/local/python/3.12.1/lib/python3.12/site-packages/airflow/example_dags/example_branch_datetime_operator.py for tasks to queue
[2025-04-29T09:32:58.280+0000] {logging_mixin.py:190} INFO - [2025-04-29T09:32:58.280+0000] {dagbag.py:588} INFO - Filling up the DagBag from /usr/local/python/3.12.1/lib/python3.12/site-packages/airflow/example_dags/example_branch_datetime_operator.py
[2025-04-29T09:32:58.290+0000] {processor.py:925} INFO - DAG(s) 'example_branch_datetime_operator_3', 'example_branch_datetime_operator_2', 'example_branch_datetime_operator' retrieved from /usr/local/python/3.12.1/lib/python3.12/site-packages/airflow/example_dags/example_branch_datetime_operator.py
[2025-04-29T09:32:58.382+0000] {logging_mixin.py:190} INFO - [2025-04-29T09:32:58.382+0000] {override.py:1912} INFO - Created Permission View: can delete on DAG:example_branch_datetime_operator_3
[2025-04-29T09:32:58.395+0000] {logging_mixin.py:190} INFO - [2025-04-29T09:32:58.395+0000] {override.py:1912} INFO - Created Permission View: can read on DAG:example_branch_datetime_operator_3
[2025-04-29T09:32:58.403+0000] {logging_mixin.py:190} INFO - [2025-04-29T09:32:58.403+0000] {override.py:1912} INFO - Created Permission View: can edit on DAG:example_branch_datetime_operator_3
[2025-04-29T09:32:58.415+0000] {logging_mixin.py:190} INFO - [2025-04-29T09:32:58.415+0000] {override.py:1912} INFO - Created Permission View: menu access on DAG Run:example_branch_datetime_operator_3
[2025-04-29T09:32:58.426+0000] {logging_mixin.py:190} INFO - [2025-04-29T09:32:58.426+0000] {override.py:1912} INFO - Created Permission View: can delete on DAG Run:example_branch_datetime_operator_3
[2025-04-29T09:32:58.435+0000] {logging_mixin.py:190} INFO - [2025-04-29T09:32:58.435+0000] {override.py:1912} INFO - Created Permission View: can read on DAG Run:example_branch_datetime_operator_3
[2025-04-29T09:32:58.447+0000] {logging_mixin.py:190} INFO - [2025-04-29T09:32:58.447+0000] {override.py:1912} INFO - Created Permission View: can create on DAG Run:example_branch_datetime_operator_3
[2025-04-29T09:32:58.473+0000] {logging_mixin.py:190} INFO - [2025-04-29T09:32:58.473+0000] {override.py:1912} INFO - Created Permission View: can delete on DAG:example_branch_datetime_operator_2
[2025-04-29T09:32:58.489+0000] {logging_mixin.py:190} INFO - [2025-04-29T09:32:58.489+0000] {override.py:1912} INFO - Created Permission View: can read on DAG:example_branch_datetime_operator_2
[2025-04-29T09:32:58.843+0000] {logging_mixin.py:190} INFO - [2025-04-29T09:32:58.843+0000] {override.py:1912} INFO - Created Permission View: can edit on DAG:example_branch_datetime_operator_2
[2025-04-29T09:32:58.863+0000] {logging_mixin.py:190} INFO - [2025-04-29T09:32:58.863+0000] {override.py:1912} INFO - Created Permission View: menu access on DAG Run:example_branch_datetime_operator_2
[2025-04-29T09:32:58.876+0000] {logging_mixin.py:190} INFO - [2025-04-29T09:32:58.876+0000] {override.py:1912} INFO - Created Permission View: can delete on DAG Run:example_branch_datetime_operator_2
[2025-04-29T09:32:58.884+0000] {logging_mixin.py:190} INFO - [2025-04-29T09:32:58.883+0000] {override.py:1912} INFO - Created Permission View: can read on DAG Run:example_branch_datetime_operator_2
[2025-04-29T09:32:58.892+0000] {logging_mixin.py:190} INFO - [2025-04-29T09:32:58.891+0000] {override.py:1912} INFO - Created Permission View: can create on DAG Run:example_branch_datetime_operator_2
[2025-04-29T09:32:58.913+0000] {logging_mixin.py:190} INFO - [2025-04-29T09:32:58.912+0000] {override.py:1912} INFO - Created Permission View: can delete on DAG:example_branch_datetime_operator
[2025-04-29T09:32:58.921+0000] {logging_mixin.py:190} INFO - [2025-04-29T09:32:58.921+0000] {override.py:1912} INFO - Created Permission View: can read on DAG:example_branch_datetime_operator
[2025-04-29T09:32:58.937+0000] {logging_mixin.py:190} INFO - [2025-04-29T09:32:58.937+0000] {override.py:1912} INFO - Created Permission View: can edit on DAG:example_branch_datetime_operator
[2025-04-29T09:32:58.946+0000] {logging_mixin.py:190} INFO - [2025-04-29T09:32:58.946+0000] {override.py:1912} INFO - Created Permission View: menu access on DAG Run:example_branch_datetime_operator
[2025-04-29T09:32:58.954+0000] {logging_mixin.py:190} INFO - [2025-04-29T09:32:58.954+0000] {override.py:1912} INFO - Created Permission View: can delete on DAG Run:example_branch_datetime_operator
[2025-04-29T09:32:58.962+0000] {logging_mixin.py:190} INFO - [2025-04-29T09:32:58.962+0000] {override.py:1912} INFO - Created Permission View: can read on DAG Run:example_branch_datetime_operator
[2025-04-29T09:32:58.975+0000] {logging_mixin.py:190} INFO - [2025-04-29T09:32:58.975+0000] {override.py:1912} INFO - Created Permission View: can create on DAG Run:example_branch_datetime_operator
[2025-04-29T09:32:58.976+0000] {logging_mixin.py:190} INFO - [2025-04-29T09:32:58.976+0000] {dag.py:3239} INFO - Sync 3 DAGs
[2025-04-29T09:32:58.997+0000] {logging_mixin.py:190} INFO - [2025-04-29T09:32:58.996+0000] {dag.py:3262} INFO - Creating ORM DAG for example_branch_datetime_operator_2
[2025-04-29T09:32:58.997+0000] {logging_mixin.py:190} INFO - [2025-04-29T09:32:58.997+0000] {dag.py:3262} INFO - Creating ORM DAG for example_branch_datetime_operator
[2025-04-29T09:32:58.998+0000] {logging_mixin.py:190} INFO - [2025-04-29T09:32:58.997+0000] {dag.py:3262} INFO - Creating ORM DAG for example_branch_datetime_operator_3
[2025-04-29T09:32:59.007+0000] {logging_mixin.py:190} INFO - [2025-04-29T09:32:59.006+0000] {dag.py:4180} INFO - Setting next_dagrun for example_branch_datetime_operator to 2025-04-28 00:00:00+00:00, run_after=2025-04-29 00:00:00+00:00
[2025-04-29T09:32:59.008+0000] {logging_mixin.py:190} INFO - [2025-04-29T09:32:59.008+0000] {dag.py:4180} INFO - Setting next_dagrun for example_branch_datetime_operator_2 to 2025-04-28 00:00:00+00:00, run_after=2025-04-29 00:00:00+00:00
[2025-04-29T09:32:59.009+0000] {logging_mixin.py:190} INFO - [2025-04-29T09:32:59.009+0000] {dag.py:4180} INFO - Setting next_dagrun for example_branch_datetime_operator_3 to 2025-04-28 00:00:00+00:00, run_after=2025-04-29 00:00:00+00:00
[2025-04-29T09:32:59.029+0000] {processor.py:208} INFO - Processing /usr/local/python/3.12.1/lib/python3.12/site-packages/airflow/example_dags/example_branch_datetime_operator.py took 0.756 seconds
[2025-04-29T09:33:56.136+0000] {processor.py:186} INFO - Started process (PID=15040) to work on /usr/local/python/3.12.1/lib/python3.12/site-packages/airflow/example_dags/example_branch_datetime_operator.py
[2025-04-29T09:33:56.137+0000] {processor.py:914} INFO - Processing file /usr/local/python/3.12.1/lib/python3.12/site-packages/airflow/example_dags/example_branch_datetime_operator.py for tasks to queue
[2025-04-29T09:33:56.138+0000] {logging_mixin.py:190} INFO - [2025-04-29T09:33:56.138+0000] {dagbag.py:588} INFO - Filling up the DagBag from /usr/local/python/3.12.1/lib/python3.12/site-packages/airflow/example_dags/example_branch_datetime_operator.py
[2025-04-29T09:33:56.148+0000] {processor.py:925} INFO - DAG(s) 'example_branch_datetime_operator_2', 'example_branch_datetime_operator', 'example_branch_datetime_operator_3' retrieved from /usr/local/python/3.12.1/lib/python3.12/site-packages/airflow/example_dags/example_branch_datetime_operator.py
[2025-04-29T09:33:56.163+0000] {logging_mixin.py:190} INFO - [2025-04-29T09:33:56.163+0000] {dag.py:3239} INFO - Sync 3 DAGs
[2025-04-29T09:33:56.180+0000] {logging_mixin.py:190} INFO - [2025-04-29T09:33:56.180+0000] {dag.py:4180} INFO - Setting next_dagrun for example_branch_datetime_operator to 2025-04-28 00:00:00+00:00, run_after=2025-04-29 00:00:00+00:00
[2025-04-29T09:33:56.183+0000] {logging_mixin.py:190} INFO - [2025-04-29T09:33:56.183+0000] {dag.py:4180} INFO - Setting next_dagrun for example_branch_datetime_operator_2 to 2025-04-28 00:00:00+00:00, run_after=2025-04-29 00:00:00+00:00
[2025-04-29T09:33:56.185+0000] {logging_mixin.py:190} INFO - [2025-04-29T09:33:56.185+0000] {dag.py:4180} INFO - Setting next_dagrun for example_branch_datetime_operator_3 to 2025-04-28 00:00:00+00:00, run_after=2025-04-29 00:00:00+00:00
[2025-04-29T09:33:56.199+0000] {processor.py:208} INFO - Processing /usr/local/python/3.12.1/lib/python3.12/site-packages/airflow/example_dags/example_branch_datetime_operator.py took 0.066 seconds
[2025-04-29T09:34:51.313+0000] {processor.py:186} INFO - Started process (PID=16246) to work on /usr/local/python/3.12.1/lib/python3.12/site-packages/airflow/example_dags/example_branch_datetime_operator.py
[2025-04-29T09:34:51.314+0000] {processor.py:914} INFO - Processing file /usr/local/python/3.12.1/lib/python3.12/site-packages/airflow/example_dags/example_branch_datetime_operator.py for tasks to queue
[2025-04-29T09:34:51.315+0000] {logging_mixin.py:190} INFO - [2025-04-29T09:34:51.315+0000] {dagbag.py:588} INFO - Filling up the DagBag from /usr/local/python/3.12.1/lib/python3.12/site-packages/airflow/example_dags/example_branch_datetime_operator.py
[2025-04-29T09:34:51.325+0000] {processor.py:925} INFO - DAG(s) 'example_branch_datetime_operator', 'example_branch_datetime_operator_2', 'example_branch_datetime_operator_3' retrieved from /usr/local/python/3.12.1/lib/python3.12/site-packages/airflow/example_dags/example_branch_datetime_operator.py
[2025-04-29T09:34:51.340+0000] {logging_mixin.py:190} INFO - [2025-04-29T09:34:51.340+0000] {dag.py:3239} INFO - Sync 3 DAGs
[2025-04-29T09:34:51.363+0000] {logging_mixin.py:190} INFO - [2025-04-29T09:34:51.362+0000] {dag.py:4180} INFO - Setting next_dagrun for example_branch_datetime_operator to 2025-04-28 00:00:00+00:00, run_after=2025-04-29 00:00:00+00:00
[2025-04-29T09:34:51.369+0000] {logging_mixin.py:190} INFO - [2025-04-29T09:34:51.369+0000] {dag.py:4180} INFO - Setting next_dagrun for example_branch_datetime_operator_2 to 2025-04-28 00:00:00+00:00, run_after=2025-04-29 00:00:00+00:00
[2025-04-29T09:34:51.372+0000] {logging_mixin.py:190} INFO - [2025-04-29T09:34:51.372+0000] {dag.py:4180} INFO - Setting next_dagrun for example_branch_datetime_operator_3 to 2025-04-28 00:00:00+00:00, run_after=2025-04-29 00:00:00+00:00
[2025-04-29T09:34:51.426+0000] {processor.py:208} INFO - Processing /usr/local/python/3.12.1/lib/python3.12/site-packages/airflow/example_dags/example_branch_datetime_operator.py took 0.119 seconds
[2025-04-29T09:35:46.903+0000] {processor.py:186} INFO - Started process (PID=17454) to work on /usr/local/python/3.12.1/lib/python3.12/site-packages/airflow/example_dags/example_branch_datetime_operator.py
[2025-04-29T09:35:46.903+0000] {processor.py:914} INFO - Processing file /usr/local/python/3.12.1/lib/python3.12/site-packages/airflow/example_dags/example_branch_datetime_operator.py for tasks to queue
[2025-04-29T09:35:46.905+0000] {logging_mixin.py:190} INFO - [2025-04-29T09:35:46.904+0000] {dagbag.py:588} INFO - Filling up the DagBag from /usr/local/python/3.12.1/lib/python3.12/site-packages/airflow/example_dags/example_branch_datetime_operator.py
[2025-04-29T09:35:46.914+0000] {processor.py:925} INFO - DAG(s) 'example_branch_datetime_operator', 'example_branch_datetime_operator_3', 'example_branch_datetime_operator_2' retrieved from /usr/local/python/3.12.1/lib/python3.12/site-packages/airflow/example_dags/example_branch_datetime_operator.py
[2025-04-29T09:35:46.929+0000] {logging_mixin.py:190} INFO - [2025-04-29T09:35:46.929+0000] {dag.py:3239} INFO - Sync 3 DAGs
[2025-04-29T09:35:46.946+0000] {logging_mixin.py:190} INFO - [2025-04-29T09:35:46.946+0000] {dag.py:4180} INFO - Setting next_dagrun for example_branch_datetime_operator to 2025-04-28 00:00:00+00:00, run_after=2025-04-29 00:00:00+00:00
[2025-04-29T09:35:46.949+0000] {logging_mixin.py:190} INFO - [2025-04-29T09:35:46.949+0000] {dag.py:4180} INFO - Setting next_dagrun for example_branch_datetime_operator_2 to 2025-04-28 00:00:00+00:00, run_after=2025-04-29 00:00:00+00:00
[2025-04-29T09:35:46.951+0000] {logging_mixin.py:190} INFO - [2025-04-29T09:35:46.951+0000] {dag.py:4180} INFO - Setting next_dagrun for example_branch_datetime_operator_3 to 2025-04-28 00:00:00+00:00, run_after=2025-04-29 00:00:00+00:00
[2025-04-29T09:35:46.965+0000] {processor.py:208} INFO - Processing /usr/local/python/3.12.1/lib/python3.12/site-packages/airflow/example_dags/example_branch_datetime_operator.py took 0.066 seconds
[2025-04-29T09:37:05.480+0000] {processor.py:186} INFO - Started process (PID=18528) to work on /usr/local/python/3.12.1/lib/python3.12/site-packages/airflow/example_dags/example_branch_datetime_operator.py
[2025-04-29T09:37:05.480+0000] {processor.py:914} INFO - Processing file /usr/local/python/3.12.1/lib/python3.12/site-packages/airflow/example_dags/example_branch_datetime_operator.py for tasks to queue
[2025-04-29T09:37:05.482+0000] {logging_mixin.py:190} INFO - [2025-04-29T09:37:05.481+0000] {dagbag.py:588} INFO - Filling up the DagBag from /usr/local/python/3.12.1/lib/python3.12/site-packages/airflow/example_dags/example_branch_datetime_operator.py
[2025-04-29T09:37:05.495+0000] {processor.py:925} INFO - DAG(s) 'example_branch_datetime_operator', 'example_branch_datetime_operator_2', 'example_branch_datetime_operator_3' retrieved from /usr/local/python/3.12.1/lib/python3.12/site-packages/airflow/example_dags/example_branch_datetime_operator.py
[2025-04-29T09:37:05.517+0000] {logging_mixin.py:190} INFO - [2025-04-29T09:37:05.517+0000] {dag.py:3239} INFO - Sync 3 DAGs
[2025-04-29T09:37:05.544+0000] {logging_mixin.py:190} INFO - [2025-04-29T09:37:05.543+0000] {dag.py:4180} INFO - Setting next_dagrun for example_branch_datetime_operator to 2025-04-28 00:00:00+00:00, run_after=2025-04-29 00:00:00+00:00
[2025-04-29T09:37:05.550+0000] {logging_mixin.py:190} INFO - [2025-04-29T09:37:05.549+0000] {dag.py:4180} INFO - Setting next_dagrun for example_branch_datetime_operator_2 to 2025-04-28 00:00:00+00:00, run_after=2025-04-29 00:00:00+00:00
[2025-04-29T09:37:05.552+0000] {logging_mixin.py:190} INFO - [2025-04-29T09:37:05.552+0000] {dag.py:4180} INFO - Setting next_dagrun for example_branch_datetime_operator_3 to 2025-04-28 00:00:00+00:00, run_after=2025-04-29 00:00:00+00:00
[2025-04-29T09:37:05.567+0000] {processor.py:208} INFO - Processing /usr/local/python/3.12.1/lib/python3.12/site-packages/airflow/example_dags/example_branch_datetime_operator.py took 0.092 seconds
[2025-04-29T09:38:25.659+0000] {processor.py:186} INFO - Started process (PID=19563) to work on /usr/local/python/3.12.1/lib/python3.12/site-packages/airflow/example_dags/example_branch_datetime_operator.py
[2025-04-29T09:38:25.660+0000] {processor.py:914} INFO - Processing file /usr/local/python/3.12.1/lib/python3.12/site-packages/airflow/example_dags/example_branch_datetime_operator.py for tasks to queue
[2025-04-29T09:38:25.662+0000] {logging_mixin.py:190} INFO - [2025-04-29T09:38:25.661+0000] {dagbag.py:588} INFO - Filling up the DagBag from /usr/local/python/3.12.1/lib/python3.12/site-packages/airflow/example_dags/example_branch_datetime_operator.py
[2025-04-29T09:38:25.672+0000] {processor.py:925} INFO - DAG(s) 'example_branch_datetime_operator_3', 'example_branch_datetime_operator_2', 'example_branch_datetime_operator' retrieved from /usr/local/python/3.12.1/lib/python3.12/site-packages/airflow/example_dags/example_branch_datetime_operator.py
[2025-04-29T09:38:25.695+0000] {logging_mixin.py:190} INFO - [2025-04-29T09:38:25.694+0000] {dag.py:3239} INFO - Sync 3 DAGs
[2025-04-29T09:38:25.722+0000] {logging_mixin.py:190} INFO - [2025-04-29T09:38:25.722+0000] {dag.py:4180} INFO - Setting next_dagrun for example_branch_datetime_operator to 2025-04-28 00:00:00+00:00, run_after=2025-04-29 00:00:00+00:00
[2025-04-29T09:38:25.728+0000] {logging_mixin.py:190} INFO - [2025-04-29T09:38:25.728+0000] {dag.py:4180} INFO - Setting next_dagrun for example_branch_datetime_operator_2 to 2025-04-28 00:00:00+00:00, run_after=2025-04-29 00:00:00+00:00
[2025-04-29T09:38:25.730+0000] {logging_mixin.py:190} INFO - [2025-04-29T09:38:25.730+0000] {dag.py:4180} INFO - Setting next_dagrun for example_branch_datetime_operator_3 to 2025-04-28 00:00:00+00:00, run_after=2025-04-29 00:00:00+00:00
[2025-04-29T09:38:25.749+0000] {processor.py:208} INFO - Processing /usr/local/python/3.12.1/lib/python3.12/site-packages/airflow/example_dags/example_branch_datetime_operator.py took 0.094 seconds
