[2025-04-29T09:32:47.019+0000] {processor.py:186} INFO - Started process (PID=14162) to work on /usr/local/python/3.12.1/lib/python3.12/site-packages/airflow/example_dags/example_display_name.py
[2025-04-29T09:32:47.019+0000] {processor.py:914} INFO - Processing file /usr/local/python/3.12.1/lib/python3.12/site-packages/airflow/example_dags/example_display_name.py for tasks to queue
[2025-04-29T09:32:47.021+0000] {logging_mixin.py:190} INFO - [2025-04-29T09:32:47.021+0000] {dagbag.py:588} INFO - Filling up the DagBag from /usr/local/python/3.12.1/lib/python3.12/site-packages/airflow/example_dags/example_display_name.py
[2025-04-29T09:32:47.027+0000] {processor.py:925} INFO - DAG(s) 'example_display_name' retrieved from /usr/local/python/3.12.1/lib/python3.12/site-packages/airflow/example_dags/example_display_name.py
[2025-04-29T09:32:47.118+0000] {logging_mixin.py:190} INFO - [2025-04-29T09:32:47.118+0000] {override.py:1912} INFO - Created Permission View: can delete on DAG:example_display_name
[2025-04-29T09:32:47.127+0000] {logging_mixin.py:190} INFO - [2025-04-29T09:32:47.127+0000] {override.py:1912} INFO - Created Permission View: can read on DAG:example_display_name
[2025-04-29T09:32:47.133+0000] {logging_mixin.py:190} INFO - [2025-04-29T09:32:47.133+0000] {override.py:1912} INFO - Created Permission View: can edit on DAG:example_display_name
[2025-04-29T09:32:47.143+0000] {logging_mixin.py:190} INFO - [2025-04-29T09:32:47.143+0000] {override.py:1912} INFO - Created Permission View: menu access on DAG Run:example_display_name
[2025-04-29T09:32:47.149+0000] {logging_mixin.py:190} INFO - [2025-04-29T09:32:47.149+0000] {override.py:1912} INFO - Created Permission View: can delete on DAG Run:example_display_name
[2025-04-29T09:32:47.155+0000] {logging_mixin.py:190} INFO - [2025-04-29T09:32:47.155+0000] {override.py:1912} INFO - Created Permission View: can read on DAG Run:example_display_name
[2025-04-29T09:32:47.161+0000] {logging_mixin.py:190} INFO - [2025-04-29T09:32:47.161+0000] {override.py:1912} INFO - Created Permission View: can create on DAG Run:example_display_name
[2025-04-29T09:32:47.162+0000] {logging_mixin.py:190} INFO - [2025-04-29T09:32:47.161+0000] {dag.py:3239} INFO - Sync 1 DAGs
[2025-04-29T09:32:47.171+0000] {logging_mixin.py:190} INFO - [2025-04-29T09:32:47.171+0000] {dag.py:3262} INFO - Creating ORM DAG for example_display_name
[2025-04-29T09:32:47.172+0000] {logging_mixin.py:190} INFO - [2025-04-29T09:32:47.172+0000] {dag.py:4180} INFO - Setting next_dagrun for example_display_name to None, run_after=None
[2025-04-29T09:32:47.187+0000] {processor.py:208} INFO - Processing /usr/local/python/3.12.1/lib/python3.12/site-packages/airflow/example_dags/example_display_name.py took 0.172 seconds
[2025-04-29T09:33:46.353+0000] {processor.py:186} INFO - Started process (PID=14963) to work on /usr/local/python/3.12.1/lib/python3.12/site-packages/airflow/example_dags/example_display_name.py
[2025-04-29T09:33:46.354+0000] {processor.py:914} INFO - Processing file /usr/local/python/3.12.1/lib/python3.12/site-packages/airflow/example_dags/example_display_name.py for tasks to queue
[2025-04-29T09:33:46.356+0000] {logging_mixin.py:190} INFO - [2025-04-29T09:33:46.355+0000] {dagbag.py:588} INFO - Filling up the DagBag from /usr/local/python/3.12.1/lib/python3.12/site-packages/airflow/example_dags/example_display_name.py
[2025-04-29T09:33:46.364+0000] {processor.py:925} INFO - DAG(s) 'example_display_name' retrieved from /usr/local/python/3.12.1/lib/python3.12/site-packages/airflow/example_dags/example_display_name.py
[2025-04-29T09:33:46.375+0000] {logging_mixin.py:190} INFO - [2025-04-29T09:33:46.375+0000] {dag.py:3239} INFO - Sync 1 DAGs
[2025-04-29T09:33:46.385+0000] {logging_mixin.py:190} INFO - [2025-04-29T09:33:46.385+0000] {dag.py:4180} INFO - Setting next_dagrun for example_display_name to None, run_after=None
[2025-04-29T09:33:46.404+0000] {processor.py:208} INFO - Processing /usr/local/python/3.12.1/lib/python3.12/site-packages/airflow/example_dags/example_display_name.py took 0.056 seconds
[2025-04-29T09:34:42.311+0000] {processor.py:186} INFO - Started process (PID=15670) to work on /usr/local/python/3.12.1/lib/python3.12/site-packages/airflow/example_dags/example_display_name.py
[2025-04-29T09:34:42.312+0000] {processor.py:914} INFO - Processing file /usr/local/python/3.12.1/lib/python3.12/site-packages/airflow/example_dags/example_display_name.py for tasks to queue
[2025-04-29T09:34:42.313+0000] {logging_mixin.py:190} INFO - [2025-04-29T09:34:42.313+0000] {dagbag.py:588} INFO - Filling up the DagBag from /usr/local/python/3.12.1/lib/python3.12/site-packages/airflow/example_dags/example_display_name.py
[2025-04-29T09:34:42.321+0000] {processor.py:925} INFO - DAG(s) 'example_display_name' retrieved from /usr/local/python/3.12.1/lib/python3.12/site-packages/airflow/example_dags/example_display_name.py
[2025-04-29T09:34:42.332+0000] {logging_mixin.py:190} INFO - [2025-04-29T09:34:42.332+0000] {dag.py:3239} INFO - Sync 1 DAGs
[2025-04-29T09:34:42.341+0000] {logging_mixin.py:190} INFO - [2025-04-29T09:34:42.341+0000] {dag.py:4180} INFO - Setting next_dagrun for example_display_name to None, run_after=None
[2025-04-29T09:34:42.358+0000] {processor.py:208} INFO - Processing /usr/local/python/3.12.1/lib/python3.12/site-packages/airflow/example_dags/example_display_name.py took 0.051 seconds
[2025-04-29T09:35:37.920+0000] {processor.py:186} INFO - Started process (PID=17353) to work on /usr/local/python/3.12.1/lib/python3.12/site-packages/airflow/example_dags/example_display_name.py
[2025-04-29T09:35:37.921+0000] {processor.py:914} INFO - Processing file /usr/local/python/3.12.1/lib/python3.12/site-packages/airflow/example_dags/example_display_name.py for tasks to queue
[2025-04-29T09:35:37.923+0000] {logging_mixin.py:190} INFO - [2025-04-29T09:35:37.922+0000] {dagbag.py:588} INFO - Filling up the DagBag from /usr/local/python/3.12.1/lib/python3.12/site-packages/airflow/example_dags/example_display_name.py
[2025-04-29T09:35:37.930+0000] {processor.py:925} INFO - DAG(s) 'example_display_name' retrieved from /usr/local/python/3.12.1/lib/python3.12/site-packages/airflow/example_dags/example_display_name.py
[2025-04-29T09:35:37.941+0000] {logging_mixin.py:190} INFO - [2025-04-29T09:35:37.941+0000] {dag.py:3239} INFO - Sync 1 DAGs
[2025-04-29T09:35:37.950+0000] {logging_mixin.py:190} INFO - [2025-04-29T09:35:37.950+0000] {dag.py:4180} INFO - Setting next_dagrun for example_display_name to None, run_after=None
[2025-04-29T09:35:37.966+0000] {processor.py:208} INFO - Processing /usr/local/python/3.12.1/lib/python3.12/site-packages/airflow/example_dags/example_display_name.py took 0.050 seconds
[2025-04-29T09:36:32.603+0000] {processor.py:186} INFO - Started process (PID=18040) to work on /usr/local/python/3.12.1/lib/python3.12/site-packages/airflow/example_dags/example_display_name.py
[2025-04-29T09:36:32.604+0000] {processor.py:914} INFO - Processing file /usr/local/python/3.12.1/lib/python3.12/site-packages/airflow/example_dags/example_display_name.py for tasks to queue
[2025-04-29T09:36:32.606+0000] {logging_mixin.py:190} INFO - [2025-04-29T09:36:32.606+0000] {dagbag.py:588} INFO - Filling up the DagBag from /usr/local/python/3.12.1/lib/python3.12/site-packages/airflow/example_dags/example_display_name.py
[2025-04-29T09:36:32.615+0000] {processor.py:925} INFO - DAG(s) 'example_display_name' retrieved from /usr/local/python/3.12.1/lib/python3.12/site-packages/airflow/example_dags/example_display_name.py
[2025-04-29T09:36:32.631+0000] {logging_mixin.py:190} INFO - [2025-04-29T09:36:32.631+0000] {dag.py:3239} INFO - Sync 1 DAGs
[2025-04-29T09:36:32.650+0000] {logging_mixin.py:190} INFO - [2025-04-29T09:36:32.650+0000] {dag.py:4180} INFO - Setting next_dagrun for example_display_name to None, run_after=None
[2025-04-29T09:36:32.674+0000] {processor.py:208} INFO - Processing /usr/local/python/3.12.1/lib/python3.12/site-packages/airflow/example_dags/example_display_name.py took 0.077 seconds
[2025-04-29T09:37:25.863+0000] {processor.py:186} INFO - Started process (PID=18795) to work on /usr/local/python/3.12.1/lib/python3.12/site-packages/airflow/example_dags/example_display_name.py
[2025-04-29T09:37:25.864+0000] {processor.py:914} INFO - Processing file /usr/local/python/3.12.1/lib/python3.12/site-packages/airflow/example_dags/example_display_name.py for tasks to queue
[2025-04-29T09:37:25.865+0000] {logging_mixin.py:190} INFO - [2025-04-29T09:37:25.865+0000] {dagbag.py:588} INFO - Filling up the DagBag from /usr/local/python/3.12.1/lib/python3.12/site-packages/airflow/example_dags/example_display_name.py
[2025-04-29T09:37:25.872+0000] {processor.py:925} INFO - DAG(s) 'example_display_name' retrieved from /usr/local/python/3.12.1/lib/python3.12/site-packages/airflow/example_dags/example_display_name.py
[2025-04-29T09:37:25.883+0000] {logging_mixin.py:190} INFO - [2025-04-29T09:37:25.883+0000] {dag.py:3239} INFO - Sync 1 DAGs
[2025-04-29T09:37:25.893+0000] {logging_mixin.py:190} INFO - [2025-04-29T09:37:25.893+0000] {dag.py:4180} INFO - Setting next_dagrun for example_display_name to None, run_after=None
[2025-04-29T09:37:25.909+0000] {processor.py:208} INFO - Processing /usr/local/python/3.12.1/lib/python3.12/site-packages/airflow/example_dags/example_display_name.py took 0.050 seconds
[2025-04-29T09:38:19.258+0000] {processor.py:186} INFO - Started process (PID=19479) to work on /usr/local/python/3.12.1/lib/python3.12/site-packages/airflow/example_dags/example_display_name.py
[2025-04-29T09:38:19.259+0000] {processor.py:914} INFO - Processing file /usr/local/python/3.12.1/lib/python3.12/site-packages/airflow/example_dags/example_display_name.py for tasks to queue
[2025-04-29T09:38:19.260+0000] {logging_mixin.py:190} INFO - [2025-04-29T09:38:19.260+0000] {dagbag.py:588} INFO - Filling up the DagBag from /usr/local/python/3.12.1/lib/python3.12/site-packages/airflow/example_dags/example_display_name.py
[2025-04-29T09:38:19.266+0000] {processor.py:925} INFO - DAG(s) 'example_display_name' retrieved from /usr/local/python/3.12.1/lib/python3.12/site-packages/airflow/example_dags/example_display_name.py
[2025-04-29T09:38:19.279+0000] {logging_mixin.py:190} INFO - [2025-04-29T09:38:19.279+0000] {dag.py:3239} INFO - Sync 1 DAGs
[2025-04-29T09:38:19.293+0000] {logging_mixin.py:190} INFO - [2025-04-29T09:38:19.293+0000] {dag.py:4180} INFO - Setting next_dagrun for example_display_name to None, run_after=None
[2025-04-29T09:38:19.317+0000] {processor.py:208} INFO - Processing /usr/local/python/3.12.1/lib/python3.12/site-packages/airflow/example_dags/example_display_name.py took 0.063 seconds
