[2025-04-29T09:32:41.980+0000] {processor.py:186} INFO - Started process (PID=14123) to work on /usr/local/python/3.12.1/lib/python3.12/site-packages/airflow/example_dags/example_external_task_marker_dag.py
[2025-04-29T09:32:41.980+0000] {processor.py:914} INFO - Processing file /usr/local/python/3.12.1/lib/python3.12/site-packages/airflow/example_dags/example_external_task_marker_dag.py for tasks to queue
[2025-04-29T09:32:41.982+0000] {logging_mixin.py:190} INFO - [2025-04-29T09:32:41.982+0000] {dagbag.py:588} INFO - Filling up the DagBag from /usr/local/python/3.12.1/lib/python3.12/site-packages/airflow/example_dags/example_external_task_marker_dag.py
[2025-04-29T09:32:41.988+0000] {processor.py:925} INFO - DAG(s) 'example_external_task_marker_child', 'example_external_task_marker_parent' retrieved from /usr/local/python/3.12.1/lib/python3.12/site-packages/airflow/example_dags/example_external_task_marker_dag.py
[2025-04-29T09:32:42.079+0000] {logging_mixin.py:190} INFO - [2025-04-29T09:32:42.079+0000] {override.py:1912} INFO - Created Permission View: can delete on DAG:example_external_task_marker_child
[2025-04-29T09:32:42.088+0000] {logging_mixin.py:190} INFO - [2025-04-29T09:32:42.088+0000] {override.py:1912} INFO - Created Permission View: can read on DAG:example_external_task_marker_child
[2025-04-29T09:32:42.094+0000] {logging_mixin.py:190} INFO - [2025-04-29T09:32:42.094+0000] {override.py:1912} INFO - Created Permission View: can edit on DAG:example_external_task_marker_child
[2025-04-29T09:32:42.103+0000] {logging_mixin.py:190} INFO - [2025-04-29T09:32:42.103+0000] {override.py:1912} INFO - Created Permission View: menu access on DAG Run:example_external_task_marker_child
[2025-04-29T09:32:42.109+0000] {logging_mixin.py:190} INFO - [2025-04-29T09:32:42.109+0000] {override.py:1912} INFO - Created Permission View: can delete on DAG Run:example_external_task_marker_child
[2025-04-29T09:32:42.115+0000] {logging_mixin.py:190} INFO - [2025-04-29T09:32:42.115+0000] {override.py:1912} INFO - Created Permission View: can read on DAG Run:example_external_task_marker_child
[2025-04-29T09:32:42.121+0000] {logging_mixin.py:190} INFO - [2025-04-29T09:32:42.121+0000] {override.py:1912} INFO - Created Permission View: can create on DAG Run:example_external_task_marker_child
[2025-04-29T09:32:42.135+0000] {logging_mixin.py:190} INFO - [2025-04-29T09:32:42.135+0000] {override.py:1912} INFO - Created Permission View: can delete on DAG:example_external_task_marker_parent
[2025-04-29T09:32:42.141+0000] {logging_mixin.py:190} INFO - [2025-04-29T09:32:42.141+0000] {override.py:1912} INFO - Created Permission View: can read on DAG:example_external_task_marker_parent
[2025-04-29T09:32:42.147+0000] {logging_mixin.py:190} INFO - [2025-04-29T09:32:42.147+0000] {override.py:1912} INFO - Created Permission View: can edit on DAG:example_external_task_marker_parent
[2025-04-29T09:32:42.156+0000] {logging_mixin.py:190} INFO - [2025-04-29T09:32:42.156+0000] {override.py:1912} INFO - Created Permission View: menu access on DAG Run:example_external_task_marker_parent
[2025-04-29T09:32:42.162+0000] {logging_mixin.py:190} INFO - [2025-04-29T09:32:42.162+0000] {override.py:1912} INFO - Created Permission View: can delete on DAG Run:example_external_task_marker_parent
[2025-04-29T09:32:42.168+0000] {logging_mixin.py:190} INFO - [2025-04-29T09:32:42.168+0000] {override.py:1912} INFO - Created Permission View: can read on DAG Run:example_external_task_marker_parent
[2025-04-29T09:32:42.174+0000] {logging_mixin.py:190} INFO - [2025-04-29T09:32:42.174+0000] {override.py:1912} INFO - Created Permission View: can create on DAG Run:example_external_task_marker_parent
[2025-04-29T09:32:42.175+0000] {logging_mixin.py:190} INFO - [2025-04-29T09:32:42.174+0000] {dag.py:3239} INFO - Sync 2 DAGs
[2025-04-29T09:32:42.187+0000] {logging_mixin.py:190} INFO - [2025-04-29T09:32:42.186+0000] {dag.py:3262} INFO - Creating ORM DAG for example_external_task_marker_parent
[2025-04-29T09:32:42.187+0000] {logging_mixin.py:190} INFO - [2025-04-29T09:32:42.187+0000] {dag.py:3262} INFO - Creating ORM DAG for example_external_task_marker_child
[2025-04-29T09:32:42.188+0000] {logging_mixin.py:190} INFO - [2025-04-29T09:32:42.188+0000] {dag.py:4180} INFO - Setting next_dagrun for example_external_task_marker_child to None, run_after=None
[2025-04-29T09:32:42.188+0000] {logging_mixin.py:190} INFO - [2025-04-29T09:32:42.188+0000] {dag.py:4180} INFO - Setting next_dagrun for example_external_task_marker_parent to None, run_after=None
[2025-04-29T09:32:42.205+0000] {processor.py:208} INFO - Processing /usr/local/python/3.12.1/lib/python3.12/site-packages/airflow/example_dags/example_external_task_marker_dag.py took 0.230 seconds
[2025-04-29T09:33:41.204+0000] {processor.py:186} INFO - Started process (PID=14924) to work on /usr/local/python/3.12.1/lib/python3.12/site-packages/airflow/example_dags/example_external_task_marker_dag.py
[2025-04-29T09:33:41.204+0000] {processor.py:914} INFO - Processing file /usr/local/python/3.12.1/lib/python3.12/site-packages/airflow/example_dags/example_external_task_marker_dag.py for tasks to queue
[2025-04-29T09:33:41.206+0000] {logging_mixin.py:190} INFO - [2025-04-29T09:33:41.205+0000] {dagbag.py:588} INFO - Filling up the DagBag from /usr/local/python/3.12.1/lib/python3.12/site-packages/airflow/example_dags/example_external_task_marker_dag.py
[2025-04-29T09:33:41.212+0000] {processor.py:925} INFO - DAG(s) 'example_external_task_marker_child', 'example_external_task_marker_parent' retrieved from /usr/local/python/3.12.1/lib/python3.12/site-packages/airflow/example_dags/example_external_task_marker_dag.py
[2025-04-29T09:33:41.224+0000] {logging_mixin.py:190} INFO - [2025-04-29T09:33:41.224+0000] {dag.py:3239} INFO - Sync 2 DAGs
[2025-04-29T09:33:41.234+0000] {logging_mixin.py:190} INFO - [2025-04-29T09:33:41.234+0000] {dag.py:4180} INFO - Setting next_dagrun for example_external_task_marker_child to None, run_after=None
[2025-04-29T09:33:41.236+0000] {logging_mixin.py:190} INFO - [2025-04-29T09:33:41.236+0000] {dag.py:4180} INFO - Setting next_dagrun for example_external_task_marker_parent to None, run_after=None
[2025-04-29T09:33:41.250+0000] {processor.py:208} INFO - Processing /usr/local/python/3.12.1/lib/python3.12/site-packages/airflow/example_dags/example_external_task_marker_dag.py took 0.050 seconds
[2025-04-29T09:34:37.609+0000] {processor.py:186} INFO - Started process (PID=15624) to work on /usr/local/python/3.12.1/lib/python3.12/site-packages/airflow/example_dags/example_external_task_marker_dag.py
[2025-04-29T09:34:37.609+0000] {processor.py:914} INFO - Processing file /usr/local/python/3.12.1/lib/python3.12/site-packages/airflow/example_dags/example_external_task_marker_dag.py for tasks to queue
[2025-04-29T09:34:37.611+0000] {logging_mixin.py:190} INFO - [2025-04-29T09:34:37.610+0000] {dagbag.py:588} INFO - Filling up the DagBag from /usr/local/python/3.12.1/lib/python3.12/site-packages/airflow/example_dags/example_external_task_marker_dag.py
[2025-04-29T09:34:37.617+0000] {processor.py:925} INFO - DAG(s) 'example_external_task_marker_child', 'example_external_task_marker_parent' retrieved from /usr/local/python/3.12.1/lib/python3.12/site-packages/airflow/example_dags/example_external_task_marker_dag.py
[2025-04-29T09:34:37.630+0000] {logging_mixin.py:190} INFO - [2025-04-29T09:34:37.630+0000] {dag.py:3239} INFO - Sync 2 DAGs
[2025-04-29T09:34:37.640+0000] {logging_mixin.py:190} INFO - [2025-04-29T09:34:37.640+0000] {dag.py:4180} INFO - Setting next_dagrun for example_external_task_marker_child to None, run_after=None
[2025-04-29T09:34:37.642+0000] {logging_mixin.py:190} INFO - [2025-04-29T09:34:37.642+0000] {dag.py:4180} INFO - Setting next_dagrun for example_external_task_marker_parent to None, run_after=None
[2025-04-29T09:34:37.656+0000] {processor.py:208} INFO - Processing /usr/local/python/3.12.1/lib/python3.12/site-packages/airflow/example_dags/example_external_task_marker_dag.py took 0.051 seconds
[2025-04-29T09:35:32.969+0000] {processor.py:186} INFO - Started process (PID=17297) to work on /usr/local/python/3.12.1/lib/python3.12/site-packages/airflow/example_dags/example_external_task_marker_dag.py
[2025-04-29T09:35:32.969+0000] {processor.py:914} INFO - Processing file /usr/local/python/3.12.1/lib/python3.12/site-packages/airflow/example_dags/example_external_task_marker_dag.py for tasks to queue
[2025-04-29T09:35:32.971+0000] {logging_mixin.py:190} INFO - [2025-04-29T09:35:32.971+0000] {dagbag.py:588} INFO - Filling up the DagBag from /usr/local/python/3.12.1/lib/python3.12/site-packages/airflow/example_dags/example_external_task_marker_dag.py
[2025-04-29T09:35:32.977+0000] {processor.py:925} INFO - DAG(s) 'example_external_task_marker_child', 'example_external_task_marker_parent' retrieved from /usr/local/python/3.12.1/lib/python3.12/site-packages/airflow/example_dags/example_external_task_marker_dag.py
[2025-04-29T09:35:32.997+0000] {logging_mixin.py:190} INFO - [2025-04-29T09:35:32.996+0000] {dag.py:3239} INFO - Sync 2 DAGs
[2025-04-29T09:35:33.012+0000] {logging_mixin.py:190} INFO - [2025-04-29T09:35:33.011+0000] {dag.py:4180} INFO - Setting next_dagrun for example_external_task_marker_child to None, run_after=None
[2025-04-29T09:35:33.016+0000] {logging_mixin.py:190} INFO - [2025-04-29T09:35:33.015+0000] {dag.py:4180} INFO - Setting next_dagrun for example_external_task_marker_parent to None, run_after=None
[2025-04-29T09:35:33.039+0000] {processor.py:208} INFO - Processing /usr/local/python/3.12.1/lib/python3.12/site-packages/airflow/example_dags/example_external_task_marker_dag.py took 0.074 seconds
[2025-04-29T09:36:28.234+0000] {processor.py:186} INFO - Started process (PID=17994) to work on /usr/local/python/3.12.1/lib/python3.12/site-packages/airflow/example_dags/example_external_task_marker_dag.py
[2025-04-29T09:36:28.235+0000] {processor.py:914} INFO - Processing file /usr/local/python/3.12.1/lib/python3.12/site-packages/airflow/example_dags/example_external_task_marker_dag.py for tasks to queue
[2025-04-29T09:36:28.236+0000] {logging_mixin.py:190} INFO - [2025-04-29T09:36:28.236+0000] {dagbag.py:588} INFO - Filling up the DagBag from /usr/local/python/3.12.1/lib/python3.12/site-packages/airflow/example_dags/example_external_task_marker_dag.py
[2025-04-29T09:36:28.243+0000] {processor.py:925} INFO - DAG(s) 'example_external_task_marker_parent', 'example_external_task_marker_child' retrieved from /usr/local/python/3.12.1/lib/python3.12/site-packages/airflow/example_dags/example_external_task_marker_dag.py
[2025-04-29T09:36:28.257+0000] {logging_mixin.py:190} INFO - [2025-04-29T09:36:28.257+0000] {dag.py:3239} INFO - Sync 2 DAGs
[2025-04-29T09:36:28.267+0000] {logging_mixin.py:190} INFO - [2025-04-29T09:36:28.267+0000] {dag.py:4180} INFO - Setting next_dagrun for example_external_task_marker_child to None, run_after=None
[2025-04-29T09:36:28.270+0000] {logging_mixin.py:190} INFO - [2025-04-29T09:36:28.270+0000] {dag.py:4180} INFO - Setting next_dagrun for example_external_task_marker_parent to None, run_after=None
[2025-04-29T09:36:28.284+0000] {processor.py:208} INFO - Processing /usr/local/python/3.12.1/lib/python3.12/site-packages/airflow/example_dags/example_external_task_marker_dag.py took 0.054 seconds
[2025-04-29T09:37:20.800+0000] {processor.py:186} INFO - Started process (PID=18732) to work on /usr/local/python/3.12.1/lib/python3.12/site-packages/airflow/example_dags/example_external_task_marker_dag.py
[2025-04-29T09:37:20.801+0000] {processor.py:914} INFO - Processing file /usr/local/python/3.12.1/lib/python3.12/site-packages/airflow/example_dags/example_external_task_marker_dag.py for tasks to queue
[2025-04-29T09:37:20.802+0000] {logging_mixin.py:190} INFO - [2025-04-29T09:37:20.802+0000] {dagbag.py:588} INFO - Filling up the DagBag from /usr/local/python/3.12.1/lib/python3.12/site-packages/airflow/example_dags/example_external_task_marker_dag.py
[2025-04-29T09:37:20.809+0000] {processor.py:925} INFO - DAG(s) 'example_external_task_marker_child', 'example_external_task_marker_parent' retrieved from /usr/local/python/3.12.1/lib/python3.12/site-packages/airflow/example_dags/example_external_task_marker_dag.py
[2025-04-29T09:37:20.821+0000] {logging_mixin.py:190} INFO - [2025-04-29T09:37:20.821+0000] {dag.py:3239} INFO - Sync 2 DAGs
[2025-04-29T09:37:20.831+0000] {logging_mixin.py:190} INFO - [2025-04-29T09:37:20.830+0000] {dag.py:4180} INFO - Setting next_dagrun for example_external_task_marker_child to None, run_after=None
[2025-04-29T09:37:20.833+0000] {logging_mixin.py:190} INFO - [2025-04-29T09:37:20.833+0000] {dag.py:4180} INFO - Setting next_dagrun for example_external_task_marker_parent to None, run_after=None
[2025-04-29T09:37:20.848+0000] {processor.py:208} INFO - Processing /usr/local/python/3.12.1/lib/python3.12/site-packages/airflow/example_dags/example_external_task_marker_dag.py took 0.052 seconds
[2025-04-29T09:38:14.298+0000] {processor.py:186} INFO - Started process (PID=19416) to work on /usr/local/python/3.12.1/lib/python3.12/site-packages/airflow/example_dags/example_external_task_marker_dag.py
[2025-04-29T09:38:14.299+0000] {processor.py:914} INFO - Processing file /usr/local/python/3.12.1/lib/python3.12/site-packages/airflow/example_dags/example_external_task_marker_dag.py for tasks to queue
[2025-04-29T09:38:14.301+0000] {logging_mixin.py:190} INFO - [2025-04-29T09:38:14.300+0000] {dagbag.py:588} INFO - Filling up the DagBag from /usr/local/python/3.12.1/lib/python3.12/site-packages/airflow/example_dags/example_external_task_marker_dag.py
[2025-04-29T09:38:14.308+0000] {processor.py:925} INFO - DAG(s) 'example_external_task_marker_child', 'example_external_task_marker_parent' retrieved from /usr/local/python/3.12.1/lib/python3.12/site-packages/airflow/example_dags/example_external_task_marker_dag.py
[2025-04-29T09:38:14.321+0000] {logging_mixin.py:190} INFO - [2025-04-29T09:38:14.321+0000] {dag.py:3239} INFO - Sync 2 DAGs
[2025-04-29T09:38:14.331+0000] {logging_mixin.py:190} INFO - [2025-04-29T09:38:14.331+0000] {dag.py:4180} INFO - Setting next_dagrun for example_external_task_marker_child to None, run_after=None
[2025-04-29T09:38:14.334+0000] {logging_mixin.py:190} INFO - [2025-04-29T09:38:14.333+0000] {dag.py:4180} INFO - Setting next_dagrun for example_external_task_marker_parent to None, run_after=None
[2025-04-29T09:38:14.347+0000] {processor.py:208} INFO - Processing /usr/local/python/3.12.1/lib/python3.12/site-packages/airflow/example_dags/example_external_task_marker_dag.py took 0.053 seconds
