[2025-04-29T09:32:27.582+0000] {processor.py:186} INFO - Started process (PID=13984) to work on /usr/local/python/3.12.1/lib/python3.12/site-packages/airflow/example_dags/example_setup_teardown_taskflow.py
[2025-04-29T09:32:27.582+0000] {processor.py:914} INFO - Processing file /usr/local/python/3.12.1/lib/python3.12/site-packages/airflow/example_dags/example_setup_teardown_taskflow.py for tasks to queue
[2025-04-29T09:32:27.584+0000] {logging_mixin.py:190} INFO - [2025-04-29T09:32:27.583+0000] {dagbag.py:588} INFO - Filling up the DagBag from /usr/local/python/3.12.1/lib/python3.12/site-packages/airflow/example_dags/example_setup_teardown_taskflow.py
[2025-04-29T09:32:27.594+0000] {processor.py:925} INFO - DAG(s) 'example_setup_teardown_taskflow' retrieved from /usr/local/python/3.12.1/lib/python3.12/site-packages/airflow/example_dags/example_setup_teardown_taskflow.py
[2025-04-29T09:32:27.683+0000] {logging_mixin.py:190} INFO - [2025-04-29T09:32:27.683+0000] {override.py:1912} INFO - Created Permission View: can delete on DAG:example_setup_teardown_taskflow
[2025-04-29T09:32:27.693+0000] {logging_mixin.py:190} INFO - [2025-04-29T09:32:27.692+0000] {override.py:1912} INFO - Created Permission View: can read on DAG:example_setup_teardown_taskflow
[2025-04-29T09:32:27.699+0000] {logging_mixin.py:190} INFO - [2025-04-29T09:32:27.699+0000] {override.py:1912} INFO - Created Permission View: can edit on DAG:example_setup_teardown_taskflow
[2025-04-29T09:32:27.708+0000] {logging_mixin.py:190} INFO - [2025-04-29T09:32:27.708+0000] {override.py:1912} INFO - Created Permission View: menu access on DAG Run:example_setup_teardown_taskflow
[2025-04-29T09:32:27.714+0000] {logging_mixin.py:190} INFO - [2025-04-29T09:32:27.714+0000] {override.py:1912} INFO - Created Permission View: can delete on DAG Run:example_setup_teardown_taskflow
[2025-04-29T09:32:27.720+0000] {logging_mixin.py:190} INFO - [2025-04-29T09:32:27.720+0000] {override.py:1912} INFO - Created Permission View: can read on DAG Run:example_setup_teardown_taskflow
[2025-04-29T09:32:27.726+0000] {logging_mixin.py:190} INFO - [2025-04-29T09:32:27.726+0000] {override.py:1912} INFO - Created Permission View: can create on DAG Run:example_setup_teardown_taskflow
[2025-04-29T09:32:27.726+0000] {logging_mixin.py:190} INFO - [2025-04-29T09:32:27.726+0000] {dag.py:3239} INFO - Sync 1 DAGs
[2025-04-29T09:32:27.735+0000] {logging_mixin.py:190} INFO - [2025-04-29T09:32:27.735+0000] {dag.py:3262} INFO - Creating ORM DAG for example_setup_teardown_taskflow
[2025-04-29T09:32:27.736+0000] {logging_mixin.py:190} INFO - [2025-04-29T09:32:27.736+0000] {dag.py:4180} INFO - Setting next_dagrun for example_setup_teardown_taskflow to None, run_after=None
[2025-04-29T09:32:27.752+0000] {processor.py:208} INFO - Processing /usr/local/python/3.12.1/lib/python3.12/site-packages/airflow/example_dags/example_setup_teardown_taskflow.py took 0.174 seconds
[2025-04-29T09:33:28.062+0000] {processor.py:186} INFO - Started process (PID=14685) to work on /usr/local/python/3.12.1/lib/python3.12/site-packages/airflow/example_dags/example_setup_teardown_taskflow.py
[2025-04-29T09:33:28.063+0000] {processor.py:914} INFO - Processing file /usr/local/python/3.12.1/lib/python3.12/site-packages/airflow/example_dags/example_setup_teardown_taskflow.py for tasks to queue
[2025-04-29T09:33:28.065+0000] {logging_mixin.py:190} INFO - [2025-04-29T09:33:28.065+0000] {dagbag.py:588} INFO - Filling up the DagBag from /usr/local/python/3.12.1/lib/python3.12/site-packages/airflow/example_dags/example_setup_teardown_taskflow.py
[2025-04-29T09:33:28.080+0000] {processor.py:925} INFO - DAG(s) 'example_setup_teardown_taskflow' retrieved from /usr/local/python/3.12.1/lib/python3.12/site-packages/airflow/example_dags/example_setup_teardown_taskflow.py
[2025-04-29T09:33:28.102+0000] {logging_mixin.py:190} INFO - [2025-04-29T09:33:28.102+0000] {dag.py:3239} INFO - Sync 1 DAGs
[2025-04-29T09:33:28.117+0000] {logging_mixin.py:190} INFO - [2025-04-29T09:33:28.117+0000] {dag.py:4180} INFO - Setting next_dagrun for example_setup_teardown_taskflow to None, run_after=None
[2025-04-29T09:33:28.142+0000] {processor.py:208} INFO - Processing /usr/local/python/3.12.1/lib/python3.12/site-packages/airflow/example_dags/example_setup_teardown_taskflow.py took 0.086 seconds
[2025-04-29T09:34:25.587+0000] {processor.py:186} INFO - Started process (PID=15533) to work on /usr/local/python/3.12.1/lib/python3.12/site-packages/airflow/example_dags/example_setup_teardown_taskflow.py
[2025-04-29T09:34:25.588+0000] {processor.py:914} INFO - Processing file /usr/local/python/3.12.1/lib/python3.12/site-packages/airflow/example_dags/example_setup_teardown_taskflow.py for tasks to queue
[2025-04-29T09:34:25.589+0000] {logging_mixin.py:190} INFO - [2025-04-29T09:34:25.589+0000] {dagbag.py:588} INFO - Filling up the DagBag from /usr/local/python/3.12.1/lib/python3.12/site-packages/airflow/example_dags/example_setup_teardown_taskflow.py
[2025-04-29T09:34:25.597+0000] {processor.py:925} INFO - DAG(s) 'example_setup_teardown_taskflow' retrieved from /usr/local/python/3.12.1/lib/python3.12/site-packages/airflow/example_dags/example_setup_teardown_taskflow.py
[2025-04-29T09:34:25.610+0000] {logging_mixin.py:190} INFO - [2025-04-29T09:34:25.610+0000] {dag.py:3239} INFO - Sync 1 DAGs
[2025-04-29T09:34:25.620+0000] {logging_mixin.py:190} INFO - [2025-04-29T09:34:25.619+0000] {dag.py:4180} INFO - Setting next_dagrun for example_setup_teardown_taskflow to None, run_after=None
[2025-04-29T09:34:25.636+0000] {processor.py:208} INFO - Processing /usr/local/python/3.12.1/lib/python3.12/site-packages/airflow/example_dags/example_setup_teardown_taskflow.py took 0.053 seconds
[2025-04-29T09:35:19.079+0000] {processor.py:186} INFO - Started process (PID=17133) to work on /usr/local/python/3.12.1/lib/python3.12/site-packages/airflow/example_dags/example_setup_teardown_taskflow.py
[2025-04-29T09:35:19.080+0000] {processor.py:914} INFO - Processing file /usr/local/python/3.12.1/lib/python3.12/site-packages/airflow/example_dags/example_setup_teardown_taskflow.py for tasks to queue
[2025-04-29T09:35:19.081+0000] {logging_mixin.py:190} INFO - [2025-04-29T09:35:19.081+0000] {dagbag.py:588} INFO - Filling up the DagBag from /usr/local/python/3.12.1/lib/python3.12/site-packages/airflow/example_dags/example_setup_teardown_taskflow.py
[2025-04-29T09:35:19.092+0000] {processor.py:925} INFO - DAG(s) 'example_setup_teardown_taskflow' retrieved from /usr/local/python/3.12.1/lib/python3.12/site-packages/airflow/example_dags/example_setup_teardown_taskflow.py
[2025-04-29T09:35:19.109+0000] {logging_mixin.py:190} INFO - [2025-04-29T09:35:19.109+0000] {dag.py:3239} INFO - Sync 1 DAGs
[2025-04-29T09:35:19.122+0000] {logging_mixin.py:190} INFO - [2025-04-29T09:35:19.122+0000] {dag.py:4180} INFO - Setting next_dagrun for example_setup_teardown_taskflow to None, run_after=None
[2025-04-29T09:35:19.138+0000] {processor.py:208} INFO - Processing /usr/local/python/3.12.1/lib/python3.12/site-packages/airflow/example_dags/example_setup_teardown_taskflow.py took 0.064 seconds
[2025-04-29T09:36:15.704+0000] {processor.py:186} INFO - Started process (PID=17853) to work on /usr/local/python/3.12.1/lib/python3.12/site-packages/airflow/example_dags/example_setup_teardown_taskflow.py
[2025-04-29T09:36:15.705+0000] {processor.py:914} INFO - Processing file /usr/local/python/3.12.1/lib/python3.12/site-packages/airflow/example_dags/example_setup_teardown_taskflow.py for tasks to queue
[2025-04-29T09:36:15.706+0000] {logging_mixin.py:190} INFO - [2025-04-29T09:36:15.706+0000] {dagbag.py:588} INFO - Filling up the DagBag from /usr/local/python/3.12.1/lib/python3.12/site-packages/airflow/example_dags/example_setup_teardown_taskflow.py
[2025-04-29T09:36:15.715+0000] {processor.py:925} INFO - DAG(s) 'example_setup_teardown_taskflow' retrieved from /usr/local/python/3.12.1/lib/python3.12/site-packages/airflow/example_dags/example_setup_teardown_taskflow.py
[2025-04-29T09:36:15.728+0000] {logging_mixin.py:190} INFO - [2025-04-29T09:36:15.728+0000] {dag.py:3239} INFO - Sync 1 DAGs
[2025-04-29T09:36:15.738+0000] {logging_mixin.py:190} INFO - [2025-04-29T09:36:15.738+0000] {dag.py:4180} INFO - Setting next_dagrun for example_setup_teardown_taskflow to None, run_after=None
[2025-04-29T09:36:15.755+0000] {processor.py:208} INFO - Processing /usr/local/python/3.12.1/lib/python3.12/site-packages/airflow/example_dags/example_setup_teardown_taskflow.py took 0.055 seconds
[2025-04-29T09:37:07.102+0000] {processor.py:186} INFO - Started process (PID=18577) to work on /usr/local/python/3.12.1/lib/python3.12/site-packages/airflow/example_dags/example_setup_teardown_taskflow.py
[2025-04-29T09:37:07.102+0000] {processor.py:914} INFO - Processing file /usr/local/python/3.12.1/lib/python3.12/site-packages/airflow/example_dags/example_setup_teardown_taskflow.py for tasks to queue
[2025-04-29T09:37:07.104+0000] {logging_mixin.py:190} INFO - [2025-04-29T09:37:07.103+0000] {dagbag.py:588} INFO - Filling up the DagBag from /usr/local/python/3.12.1/lib/python3.12/site-packages/airflow/example_dags/example_setup_teardown_taskflow.py
[2025-04-29T09:37:07.112+0000] {processor.py:925} INFO - DAG(s) 'example_setup_teardown_taskflow' retrieved from /usr/local/python/3.12.1/lib/python3.12/site-packages/airflow/example_dags/example_setup_teardown_taskflow.py
[2025-04-29T09:37:07.124+0000] {logging_mixin.py:190} INFO - [2025-04-29T09:37:07.124+0000] {dag.py:3239} INFO - Sync 1 DAGs
[2025-04-29T09:37:07.134+0000] {logging_mixin.py:190} INFO - [2025-04-29T09:37:07.134+0000] {dag.py:4180} INFO - Setting next_dagrun for example_setup_teardown_taskflow to None, run_after=None
[2025-04-29T09:37:07.151+0000] {processor.py:208} INFO - Processing /usr/local/python/3.12.1/lib/python3.12/site-packages/airflow/example_dags/example_setup_teardown_taskflow.py took 0.053 seconds
[2025-04-29T09:38:02.991+0000] {processor.py:186} INFO - Started process (PID=19281) to work on /usr/local/python/3.12.1/lib/python3.12/site-packages/airflow/example_dags/example_setup_teardown_taskflow.py
[2025-04-29T09:38:02.991+0000] {processor.py:914} INFO - Processing file /usr/local/python/3.12.1/lib/python3.12/site-packages/airflow/example_dags/example_setup_teardown_taskflow.py for tasks to queue
[2025-04-29T09:38:02.993+0000] {logging_mixin.py:190} INFO - [2025-04-29T09:38:02.993+0000] {dagbag.py:588} INFO - Filling up the DagBag from /usr/local/python/3.12.1/lib/python3.12/site-packages/airflow/example_dags/example_setup_teardown_taskflow.py
[2025-04-29T09:38:03.001+0000] {processor.py:925} INFO - DAG(s) 'example_setup_teardown_taskflow' retrieved from /usr/local/python/3.12.1/lib/python3.12/site-packages/airflow/example_dags/example_setup_teardown_taskflow.py
[2025-04-29T09:38:03.014+0000] {logging_mixin.py:190} INFO - [2025-04-29T09:38:03.014+0000] {dag.py:3239} INFO - Sync 1 DAGs
[2025-04-29T09:38:03.026+0000] {logging_mixin.py:190} INFO - [2025-04-29T09:38:03.025+0000] {dag.py:4180} INFO - Setting next_dagrun for example_setup_teardown_taskflow to None, run_after=None
[2025-04-29T09:38:03.044+0000] {processor.py:208} INFO - Processing /usr/local/python/3.12.1/lib/python3.12/site-packages/airflow/example_dags/example_setup_teardown_taskflow.py took 0.057 seconds
[2025-04-29T09:38:55.289+0000] {processor.py:186} INFO - Started process (PID=20069) to work on /usr/local/python/3.12.1/lib/python3.12/site-packages/airflow/example_dags/example_setup_teardown_taskflow.py
[2025-04-29T09:38:55.290+0000] {processor.py:914} INFO - Processing file /usr/local/python/3.12.1/lib/python3.12/site-packages/airflow/example_dags/example_setup_teardown_taskflow.py for tasks to queue
[2025-04-29T09:38:55.293+0000] {logging_mixin.py:190} INFO - [2025-04-29T09:38:55.292+0000] {dagbag.py:588} INFO - Filling up the DagBag from /usr/local/python/3.12.1/lib/python3.12/site-packages/airflow/example_dags/example_setup_teardown_taskflow.py
[2025-04-29T09:38:55.325+0000] {processor.py:925} INFO - DAG(s) 'example_setup_teardown_taskflow' retrieved from /usr/local/python/3.12.1/lib/python3.12/site-packages/airflow/example_dags/example_setup_teardown_taskflow.py
[2025-04-29T09:38:55.359+0000] {logging_mixin.py:190} INFO - [2025-04-29T09:38:55.356+0000] {dag.py:3239} INFO - Sync 1 DAGs
[2025-04-29T09:38:55.380+0000] {logging_mixin.py:190} INFO - [2025-04-29T09:38:55.380+0000] {dag.py:4180} INFO - Setting next_dagrun for example_setup_teardown_taskflow to None, run_after=None
[2025-04-29T09:38:55.406+0000] {processor.py:208} INFO - Processing /usr/local/python/3.12.1/lib/python3.12/site-packages/airflow/example_dags/example_setup_teardown_taskflow.py took 0.123 seconds
