[2025-04-29T09:32:55.944+0000] {processor.py:186} INFO - Started process (PID=14231) to work on /usr/local/python/3.12.1/lib/python3.12/site-packages/airflow/example_dags/example_dag_decorator.py
[2025-04-29T09:32:55.944+0000] {processor.py:914} INFO - Processing file /usr/local/python/3.12.1/lib/python3.12/site-packages/airflow/example_dags/example_dag_decorator.py for tasks to queue
[2025-04-29T09:32:55.946+0000] {logging_mixin.py:190} INFO - [2025-04-29T09:32:55.945+0000] {dagbag.py:588} INFO - Filling up the DagBag from /usr/local/python/3.12.1/lib/python3.12/site-packages/airflow/example_dags/example_dag_decorator.py
[2025-04-29T09:32:56.044+0000] {processor.py:925} INFO - DAG(s) 'example_dag_decorator' retrieved from /usr/local/python/3.12.1/lib/python3.12/site-packages/airflow/example_dags/example_dag_decorator.py
[2025-04-29T09:32:56.131+0000] {logging_mixin.py:190} INFO - [2025-04-29T09:32:56.130+0000] {override.py:1912} INFO - Created Permission View: can delete on DAG:example_dag_decorator
[2025-04-29T09:32:56.139+0000] {logging_mixin.py:190} INFO - [2025-04-29T09:32:56.139+0000] {override.py:1912} INFO - Created Permission View: can read on DAG:example_dag_decorator
[2025-04-29T09:32:56.145+0000] {logging_mixin.py:190} INFO - [2025-04-29T09:32:56.145+0000] {override.py:1912} INFO - Created Permission View: can edit on DAG:example_dag_decorator
[2025-04-29T09:32:56.157+0000] {logging_mixin.py:190} INFO - [2025-04-29T09:32:56.157+0000] {override.py:1912} INFO - Created Permission View: menu access on DAG Run:example_dag_decorator
[2025-04-29T09:32:56.166+0000] {logging_mixin.py:190} INFO - [2025-04-29T09:32:56.166+0000] {override.py:1912} INFO - Created Permission View: can delete on DAG Run:example_dag_decorator
[2025-04-29T09:32:56.175+0000] {logging_mixin.py:190} INFO - [2025-04-29T09:32:56.175+0000] {override.py:1912} INFO - Created Permission View: can read on DAG Run:example_dag_decorator
[2025-04-29T09:32:56.185+0000] {logging_mixin.py:190} INFO - [2025-04-29T09:32:56.185+0000] {override.py:1912} INFO - Created Permission View: can create on DAG Run:example_dag_decorator
[2025-04-29T09:32:56.185+0000] {logging_mixin.py:190} INFO - [2025-04-29T09:32:56.185+0000] {dag.py:3239} INFO - Sync 1 DAGs
[2025-04-29T09:32:56.199+0000] {logging_mixin.py:190} INFO - [2025-04-29T09:32:56.199+0000] {dag.py:3262} INFO - Creating ORM DAG for example_dag_decorator
[2025-04-29T09:32:56.200+0000] {logging_mixin.py:190} INFO - [2025-04-29T09:32:56.200+0000] {dag.py:4180} INFO - Setting next_dagrun for example_dag_decorator to None, run_after=None
[2025-04-29T09:32:56.223+0000] {processor.py:208} INFO - Processing /usr/local/python/3.12.1/lib/python3.12/site-packages/airflow/example_dags/example_dag_decorator.py took 0.283 seconds
[2025-04-29T09:33:53.771+0000] {processor.py:186} INFO - Started process (PID=15029) to work on /usr/local/python/3.12.1/lib/python3.12/site-packages/airflow/example_dags/example_dag_decorator.py
[2025-04-29T09:33:53.772+0000] {processor.py:914} INFO - Processing file /usr/local/python/3.12.1/lib/python3.12/site-packages/airflow/example_dags/example_dag_decorator.py for tasks to queue
[2025-04-29T09:33:53.773+0000] {logging_mixin.py:190} INFO - [2025-04-29T09:33:53.773+0000] {dagbag.py:588} INFO - Filling up the DagBag from /usr/local/python/3.12.1/lib/python3.12/site-packages/airflow/example_dags/example_dag_decorator.py
[2025-04-29T09:33:53.848+0000] {processor.py:925} INFO - DAG(s) 'example_dag_decorator' retrieved from /usr/local/python/3.12.1/lib/python3.12/site-packages/airflow/example_dags/example_dag_decorator.py
[2025-04-29T09:33:53.936+0000] {logging_mixin.py:190} INFO - [2025-04-29T09:33:53.936+0000] {dag.py:3239} INFO - Sync 1 DAGs
[2025-04-29T09:33:53.944+0000] {logging_mixin.py:190} INFO - [2025-04-29T09:33:53.944+0000] {dag.py:4180} INFO - Setting next_dagrun for example_dag_decorator to None, run_after=None
[2025-04-29T09:33:53.959+0000] {processor.py:208} INFO - Processing /usr/local/python/3.12.1/lib/python3.12/site-packages/airflow/example_dags/example_dag_decorator.py took 0.192 seconds
[2025-04-29T09:34:49.217+0000] {processor.py:186} INFO - Started process (PID=16185) to work on /usr/local/python/3.12.1/lib/python3.12/site-packages/airflow/example_dags/example_dag_decorator.py
[2025-04-29T09:34:49.218+0000] {processor.py:914} INFO - Processing file /usr/local/python/3.12.1/lib/python3.12/site-packages/airflow/example_dags/example_dag_decorator.py for tasks to queue
[2025-04-29T09:34:49.220+0000] {logging_mixin.py:190} INFO - [2025-04-29T09:34:49.220+0000] {dagbag.py:588} INFO - Filling up the DagBag from /usr/local/python/3.12.1/lib/python3.12/site-packages/airflow/example_dags/example_dag_decorator.py
[2025-04-29T09:34:49.294+0000] {processor.py:925} INFO - DAG(s) 'example_dag_decorator' retrieved from /usr/local/python/3.12.1/lib/python3.12/site-packages/airflow/example_dags/example_dag_decorator.py
[2025-04-29T09:34:49.398+0000] {logging_mixin.py:190} INFO - [2025-04-29T09:34:49.395+0000] {dag.py:3239} INFO - Sync 1 DAGs
[2025-04-29T09:34:49.426+0000] {logging_mixin.py:190} INFO - [2025-04-29T09:34:49.424+0000] {dag.py:4180} INFO - Setting next_dagrun for example_dag_decorator to None, run_after=None
[2025-04-29T09:34:49.522+0000] {processor.py:208} INFO - Processing /usr/local/python/3.12.1/lib/python3.12/site-packages/airflow/example_dags/example_dag_decorator.py took 0.315 seconds
[2025-04-29T09:35:44.800+0000] {processor.py:186} INFO - Started process (PID=17432) to work on /usr/local/python/3.12.1/lib/python3.12/site-packages/airflow/example_dags/example_dag_decorator.py
[2025-04-29T09:35:44.801+0000] {processor.py:914} INFO - Processing file /usr/local/python/3.12.1/lib/python3.12/site-packages/airflow/example_dags/example_dag_decorator.py for tasks to queue
[2025-04-29T09:35:44.803+0000] {logging_mixin.py:190} INFO - [2025-04-29T09:35:44.802+0000] {dagbag.py:588} INFO - Filling up the DagBag from /usr/local/python/3.12.1/lib/python3.12/site-packages/airflow/example_dags/example_dag_decorator.py
[2025-04-29T09:35:44.873+0000] {processor.py:925} INFO - DAG(s) 'example_dag_decorator' retrieved from /usr/local/python/3.12.1/lib/python3.12/site-packages/airflow/example_dags/example_dag_decorator.py
[2025-04-29T09:35:44.956+0000] {logging_mixin.py:190} INFO - [2025-04-29T09:35:44.956+0000] {dag.py:3239} INFO - Sync 1 DAGs
[2025-04-29T09:35:44.965+0000] {logging_mixin.py:190} INFO - [2025-04-29T09:35:44.965+0000] {dag.py:4180} INFO - Setting next_dagrun for example_dag_decorator to None, run_after=None
[2025-04-29T09:35:44.980+0000] {processor.py:208} INFO - Processing /usr/local/python/3.12.1/lib/python3.12/site-packages/airflow/example_dags/example_dag_decorator.py took 0.183 seconds
[2025-04-29T09:37:02.957+0000] {processor.py:186} INFO - Started process (PID=18456) to work on /usr/local/python/3.12.1/lib/python3.12/site-packages/airflow/example_dags/example_dag_decorator.py
[2025-04-29T09:37:02.958+0000] {processor.py:914} INFO - Processing file /usr/local/python/3.12.1/lib/python3.12/site-packages/airflow/example_dags/example_dag_decorator.py for tasks to queue
[2025-04-29T09:37:02.959+0000] {logging_mixin.py:190} INFO - [2025-04-29T09:37:02.959+0000] {dagbag.py:588} INFO - Filling up the DagBag from /usr/local/python/3.12.1/lib/python3.12/site-packages/airflow/example_dags/example_dag_decorator.py
[2025-04-29T09:37:03.031+0000] {processor.py:925} INFO - DAG(s) 'example_dag_decorator' retrieved from /usr/local/python/3.12.1/lib/python3.12/site-packages/airflow/example_dags/example_dag_decorator.py
[2025-04-29T09:37:03.113+0000] {logging_mixin.py:190} INFO - [2025-04-29T09:37:03.113+0000] {dag.py:3239} INFO - Sync 1 DAGs
[2025-04-29T09:37:03.129+0000] {logging_mixin.py:190} INFO - [2025-04-29T09:37:03.129+0000] {dag.py:4180} INFO - Setting next_dagrun for example_dag_decorator to None, run_after=None
[2025-04-29T09:37:03.161+0000] {processor.py:208} INFO - Processing /usr/local/python/3.12.1/lib/python3.12/site-packages/airflow/example_dags/example_dag_decorator.py took 0.208 seconds
[2025-04-29T09:37:58.511+0000] {processor.py:186} INFO - Started process (PID=19177) to work on /usr/local/python/3.12.1/lib/python3.12/site-packages/airflow/example_dags/example_dag_decorator.py
[2025-04-29T09:37:58.512+0000] {processor.py:914} INFO - Processing file /usr/local/python/3.12.1/lib/python3.12/site-packages/airflow/example_dags/example_dag_decorator.py for tasks to queue
[2025-04-29T09:37:58.515+0000] {logging_mixin.py:190} INFO - [2025-04-29T09:37:58.514+0000] {dagbag.py:588} INFO - Filling up the DagBag from /usr/local/python/3.12.1/lib/python3.12/site-packages/airflow/example_dags/example_dag_decorator.py
[2025-04-29T09:37:58.599+0000] {processor.py:925} INFO - DAG(s) 'example_dag_decorator' retrieved from /usr/local/python/3.12.1/lib/python3.12/site-packages/airflow/example_dags/example_dag_decorator.py
[2025-04-29T09:37:58.710+0000] {logging_mixin.py:190} INFO - [2025-04-29T09:37:58.709+0000] {dag.py:3239} INFO - Sync 1 DAGs
[2025-04-29T09:37:58.719+0000] {logging_mixin.py:190} INFO - [2025-04-29T09:37:58.719+0000] {dag.py:4180} INFO - Setting next_dagrun for example_dag_decorator to None, run_after=None
[2025-04-29T09:37:58.736+0000] {processor.py:208} INFO - Processing /usr/local/python/3.12.1/lib/python3.12/site-packages/airflow/example_dags/example_dag_decorator.py took 0.229 seconds
[2025-04-29T09:38:52.402+0000] {processor.py:186} INFO - Started process (PID=19971) to work on /usr/local/python/3.12.1/lib/python3.12/site-packages/airflow/example_dags/example_dag_decorator.py
[2025-04-29T09:38:52.403+0000] {processor.py:914} INFO - Processing file /usr/local/python/3.12.1/lib/python3.12/site-packages/airflow/example_dags/example_dag_decorator.py for tasks to queue
[2025-04-29T09:38:52.404+0000] {logging_mixin.py:190} INFO - [2025-04-29T09:38:52.404+0000] {dagbag.py:588} INFO - Filling up the DagBag from /usr/local/python/3.12.1/lib/python3.12/site-packages/airflow/example_dags/example_dag_decorator.py
[2025-04-29T09:38:52.490+0000] {processor.py:925} INFO - DAG(s) 'example_dag_decorator' retrieved from /usr/local/python/3.12.1/lib/python3.12/site-packages/airflow/example_dags/example_dag_decorator.py
[2025-04-29T09:38:52.574+0000] {logging_mixin.py:190} INFO - [2025-04-29T09:38:52.574+0000] {dag.py:3239} INFO - Sync 1 DAGs
[2025-04-29T09:38:52.582+0000] {logging_mixin.py:190} INFO - [2025-04-29T09:38:52.582+0000] {dag.py:4180} INFO - Setting next_dagrun for example_dag_decorator to None, run_after=None
[2025-04-29T09:38:52.597+0000] {processor.py:208} INFO - Processing /usr/local/python/3.12.1/lib/python3.12/site-packages/airflow/example_dags/example_dag_decorator.py took 0.202 seconds
