[2025-04-29T09:32:19.870+0000] {processor.py:186} INFO - Started process (PID=13935) to work on /usr/local/python/3.12.1/lib/python3.12/site-packages/airflow/example_dags/example_short_circuit_operator.py
[2025-04-29T09:32:19.870+0000] {processor.py:914} INFO - Processing file /usr/local/python/3.12.1/lib/python3.12/site-packages/airflow/example_dags/example_short_circuit_operator.py for tasks to queue
[2025-04-29T09:32:19.875+0000] {logging_mixin.py:190} INFO - [2025-04-29T09:32:19.874+0000] {dagbag.py:588} INFO - Filling up the DagBag from /usr/local/python/3.12.1/lib/python3.12/site-packages/airflow/example_dags/example_short_circuit_operator.py
[2025-04-29T09:32:19.885+0000] {processor.py:925} INFO - DAG(s) 'example_short_circuit_operator' retrieved from /usr/local/python/3.12.1/lib/python3.12/site-packages/airflow/example_dags/example_short_circuit_operator.py
[2025-04-29T09:32:19.995+0000] {logging_mixin.py:190} INFO - [2025-04-29T09:32:19.994+0000] {override.py:1912} INFO - Created Permission View: can delete on DAG:example_short_circuit_operator
[2025-04-29T09:32:20.004+0000] {logging_mixin.py:190} INFO - [2025-04-29T09:32:20.004+0000] {override.py:1912} INFO - Created Permission View: can read on DAG:example_short_circuit_operator
[2025-04-29T09:32:20.010+0000] {logging_mixin.py:190} INFO - [2025-04-29T09:32:20.010+0000] {override.py:1912} INFO - Created Permission View: can edit on DAG:example_short_circuit_operator
[2025-04-29T09:32:20.021+0000] {logging_mixin.py:190} INFO - [2025-04-29T09:32:20.021+0000] {override.py:1912} INFO - Created Permission View: menu access on DAG Run:example_short_circuit_operator
[2025-04-29T09:32:20.027+0000] {logging_mixin.py:190} INFO - [2025-04-29T09:32:20.027+0000] {override.py:1912} INFO - Created Permission View: can delete on DAG Run:example_short_circuit_operator
[2025-04-29T09:32:20.035+0000] {logging_mixin.py:190} INFO - [2025-04-29T09:32:20.035+0000] {override.py:1912} INFO - Created Permission View: can read on DAG Run:example_short_circuit_operator
[2025-04-29T09:32:20.043+0000] {logging_mixin.py:190} INFO - [2025-04-29T09:32:20.043+0000] {override.py:1912} INFO - Created Permission View: can create on DAG Run:example_short_circuit_operator
[2025-04-29T09:32:20.044+0000] {logging_mixin.py:190} INFO - [2025-04-29T09:32:20.044+0000] {dag.py:3239} INFO - Sync 1 DAGs
[2025-04-29T09:32:20.056+0000] {logging_mixin.py:190} INFO - [2025-04-29T09:32:20.056+0000] {dag.py:3262} INFO - Creating ORM DAG for example_short_circuit_operator
[2025-04-29T09:32:20.057+0000] {logging_mixin.py:190} INFO - [2025-04-29T09:32:20.057+0000] {dag.py:4180} INFO - Setting next_dagrun for example_short_circuit_operator to None, run_after=None
[2025-04-29T09:32:20.071+0000] {processor.py:208} INFO - Processing /usr/local/python/3.12.1/lib/python3.12/site-packages/airflow/example_dags/example_short_circuit_operator.py took 0.208 seconds
[2025-04-29T09:33:21.775+0000] {processor.py:186} INFO - Started process (PID=14642) to work on /usr/local/python/3.12.1/lib/python3.12/site-packages/airflow/example_dags/example_short_circuit_operator.py
[2025-04-29T09:33:21.776+0000] {processor.py:914} INFO - Processing file /usr/local/python/3.12.1/lib/python3.12/site-packages/airflow/example_dags/example_short_circuit_operator.py for tasks to queue
[2025-04-29T09:33:21.777+0000] {logging_mixin.py:190} INFO - [2025-04-29T09:33:21.777+0000] {dagbag.py:588} INFO - Filling up the DagBag from /usr/local/python/3.12.1/lib/python3.12/site-packages/airflow/example_dags/example_short_circuit_operator.py
[2025-04-29T09:33:21.786+0000] {processor.py:925} INFO - DAG(s) 'example_short_circuit_operator' retrieved from /usr/local/python/3.12.1/lib/python3.12/site-packages/airflow/example_dags/example_short_circuit_operator.py
[2025-04-29T09:33:21.800+0000] {logging_mixin.py:190} INFO - [2025-04-29T09:33:21.799+0000] {dag.py:3239} INFO - Sync 1 DAGs
[2025-04-29T09:33:21.809+0000] {logging_mixin.py:190} INFO - [2025-04-29T09:33:21.809+0000] {dag.py:4180} INFO - Setting next_dagrun for example_short_circuit_operator to None, run_after=None
[2025-04-29T09:33:21.825+0000] {processor.py:208} INFO - Processing /usr/local/python/3.12.1/lib/python3.12/site-packages/airflow/example_dags/example_short_circuit_operator.py took 0.053 seconds
[2025-04-29T09:34:19.317+0000] {processor.py:186} INFO - Started process (PID=15479) to work on /usr/local/python/3.12.1/lib/python3.12/site-packages/airflow/example_dags/example_short_circuit_operator.py
[2025-04-29T09:34:19.318+0000] {processor.py:914} INFO - Processing file /usr/local/python/3.12.1/lib/python3.12/site-packages/airflow/example_dags/example_short_circuit_operator.py for tasks to queue
[2025-04-29T09:34:19.320+0000] {logging_mixin.py:190} INFO - [2025-04-29T09:34:19.319+0000] {dagbag.py:588} INFO - Filling up the DagBag from /usr/local/python/3.12.1/lib/python3.12/site-packages/airflow/example_dags/example_short_circuit_operator.py
[2025-04-29T09:34:19.327+0000] {processor.py:925} INFO - DAG(s) 'example_short_circuit_operator' retrieved from /usr/local/python/3.12.1/lib/python3.12/site-packages/airflow/example_dags/example_short_circuit_operator.py
[2025-04-29T09:34:19.341+0000] {logging_mixin.py:190} INFO - [2025-04-29T09:34:19.341+0000] {dag.py:3239} INFO - Sync 1 DAGs
[2025-04-29T09:34:19.352+0000] {logging_mixin.py:190} INFO - [2025-04-29T09:34:19.352+0000] {dag.py:4180} INFO - Setting next_dagrun for example_short_circuit_operator to None, run_after=None
[2025-04-29T09:34:19.368+0000] {processor.py:208} INFO - Processing /usr/local/python/3.12.1/lib/python3.12/site-packages/airflow/example_dags/example_short_circuit_operator.py took 0.056 seconds
[2025-04-29T09:35:13.929+0000] {processor.py:186} INFO - Started process (PID=17073) to work on /usr/local/python/3.12.1/lib/python3.12/site-packages/airflow/example_dags/example_short_circuit_operator.py
[2025-04-29T09:35:13.930+0000] {processor.py:914} INFO - Processing file /usr/local/python/3.12.1/lib/python3.12/site-packages/airflow/example_dags/example_short_circuit_operator.py for tasks to queue
[2025-04-29T09:35:13.931+0000] {logging_mixin.py:190} INFO - [2025-04-29T09:35:13.931+0000] {dagbag.py:588} INFO - Filling up the DagBag from /usr/local/python/3.12.1/lib/python3.12/site-packages/airflow/example_dags/example_short_circuit_operator.py
[2025-04-29T09:35:13.938+0000] {processor.py:925} INFO - DAG(s) 'example_short_circuit_operator' retrieved from /usr/local/python/3.12.1/lib/python3.12/site-packages/airflow/example_dags/example_short_circuit_operator.py
[2025-04-29T09:35:13.952+0000] {logging_mixin.py:190} INFO - [2025-04-29T09:35:13.952+0000] {dag.py:3239} INFO - Sync 1 DAGs
[2025-04-29T09:35:13.962+0000] {logging_mixin.py:190} INFO - [2025-04-29T09:35:13.962+0000] {dag.py:4180} INFO - Setting next_dagrun for example_short_circuit_operator to None, run_after=None
[2025-04-29T09:35:13.977+0000] {processor.py:208} INFO - Processing /usr/local/python/3.12.1/lib/python3.12/site-packages/airflow/example_dags/example_short_circuit_operator.py took 0.053 seconds
[2025-04-29T09:36:06.618+0000] {processor.py:186} INFO - Started process (PID=17748) to work on /usr/local/python/3.12.1/lib/python3.12/site-packages/airflow/example_dags/example_short_circuit_operator.py
[2025-04-29T09:36:06.619+0000] {processor.py:914} INFO - Processing file /usr/local/python/3.12.1/lib/python3.12/site-packages/airflow/example_dags/example_short_circuit_operator.py for tasks to queue
[2025-04-29T09:36:06.620+0000] {logging_mixin.py:190} INFO - [2025-04-29T09:36:06.620+0000] {dagbag.py:588} INFO - Filling up the DagBag from /usr/local/python/3.12.1/lib/python3.12/site-packages/airflow/example_dags/example_short_circuit_operator.py
[2025-04-29T09:36:06.627+0000] {processor.py:925} INFO - DAG(s) 'example_short_circuit_operator' retrieved from /usr/local/python/3.12.1/lib/python3.12/site-packages/airflow/example_dags/example_short_circuit_operator.py
[2025-04-29T09:36:06.641+0000] {logging_mixin.py:190} INFO - [2025-04-29T09:36:06.641+0000] {dag.py:3239} INFO - Sync 1 DAGs
[2025-04-29T09:36:06.651+0000] {logging_mixin.py:190} INFO - [2025-04-29T09:36:06.650+0000] {dag.py:4180} INFO - Setting next_dagrun for example_short_circuit_operator to None, run_after=None
[2025-04-29T09:36:06.666+0000] {processor.py:208} INFO - Processing /usr/local/python/3.12.1/lib/python3.12/site-packages/airflow/example_dags/example_short_circuit_operator.py took 0.053 seconds
[2025-04-29T09:36:58.277+0000] {processor.py:186} INFO - Started process (PID=18354) to work on /usr/local/python/3.12.1/lib/python3.12/site-packages/airflow/example_dags/example_short_circuit_operator.py
[2025-04-29T09:36:58.278+0000] {processor.py:914} INFO - Processing file /usr/local/python/3.12.1/lib/python3.12/site-packages/airflow/example_dags/example_short_circuit_operator.py for tasks to queue
[2025-04-29T09:36:58.280+0000] {logging_mixin.py:190} INFO - [2025-04-29T09:36:58.280+0000] {dagbag.py:588} INFO - Filling up the DagBag from /usr/local/python/3.12.1/lib/python3.12/site-packages/airflow/example_dags/example_short_circuit_operator.py
[2025-04-29T09:36:58.286+0000] {processor.py:925} INFO - DAG(s) 'example_short_circuit_operator' retrieved from /usr/local/python/3.12.1/lib/python3.12/site-packages/airflow/example_dags/example_short_circuit_operator.py
[2025-04-29T09:36:58.300+0000] {logging_mixin.py:190} INFO - [2025-04-29T09:36:58.300+0000] {dag.py:3239} INFO - Sync 1 DAGs
[2025-04-29T09:36:58.310+0000] {logging_mixin.py:190} INFO - [2025-04-29T09:36:58.310+0000] {dag.py:4180} INFO - Setting next_dagrun for example_short_circuit_operator to None, run_after=None
[2025-04-29T09:36:58.326+0000] {processor.py:208} INFO - Processing /usr/local/python/3.12.1/lib/python3.12/site-packages/airflow/example_dags/example_short_circuit_operator.py took 0.053 seconds
[2025-04-29T09:37:51.739+0000] {processor.py:186} INFO - Started process (PID=19093) to work on /usr/local/python/3.12.1/lib/python3.12/site-packages/airflow/example_dags/example_short_circuit_operator.py
[2025-04-29T09:37:51.739+0000] {processor.py:914} INFO - Processing file /usr/local/python/3.12.1/lib/python3.12/site-packages/airflow/example_dags/example_short_circuit_operator.py for tasks to queue
[2025-04-29T09:37:51.741+0000] {logging_mixin.py:190} INFO - [2025-04-29T09:37:51.741+0000] {dagbag.py:588} INFO - Filling up the DagBag from /usr/local/python/3.12.1/lib/python3.12/site-packages/airflow/example_dags/example_short_circuit_operator.py
[2025-04-29T09:37:51.748+0000] {processor.py:925} INFO - DAG(s) 'example_short_circuit_operator' retrieved from /usr/local/python/3.12.1/lib/python3.12/site-packages/airflow/example_dags/example_short_circuit_operator.py
[2025-04-29T09:37:51.763+0000] {logging_mixin.py:190} INFO - [2025-04-29T09:37:51.763+0000] {dag.py:3239} INFO - Sync 1 DAGs
[2025-04-29T09:37:51.773+0000] {logging_mixin.py:190} INFO - [2025-04-29T09:37:51.773+0000] {dag.py:4180} INFO - Setting next_dagrun for example_short_circuit_operator to None, run_after=None
[2025-04-29T09:37:51.788+0000] {processor.py:208} INFO - Processing /usr/local/python/3.12.1/lib/python3.12/site-packages/airflow/example_dags/example_short_circuit_operator.py took 0.054 seconds
[2025-04-29T09:38:44.975+0000] {processor.py:186} INFO - Started process (PID=19834) to work on /usr/local/python/3.12.1/lib/python3.12/site-packages/airflow/example_dags/example_short_circuit_operator.py
[2025-04-29T09:38:44.976+0000] {processor.py:914} INFO - Processing file /usr/local/python/3.12.1/lib/python3.12/site-packages/airflow/example_dags/example_short_circuit_operator.py for tasks to queue
[2025-04-29T09:38:44.979+0000] {logging_mixin.py:190} INFO - [2025-04-29T09:38:44.978+0000] {dagbag.py:588} INFO - Filling up the DagBag from /usr/local/python/3.12.1/lib/python3.12/site-packages/airflow/example_dags/example_short_circuit_operator.py
[2025-04-29T09:38:44.988+0000] {processor.py:925} INFO - DAG(s) 'example_short_circuit_operator' retrieved from /usr/local/python/3.12.1/lib/python3.12/site-packages/airflow/example_dags/example_short_circuit_operator.py
[2025-04-29T09:38:45.011+0000] {logging_mixin.py:190} INFO - [2025-04-29T09:38:45.011+0000] {dag.py:3239} INFO - Sync 1 DAGs
[2025-04-29T09:38:45.025+0000] {logging_mixin.py:190} INFO - [2025-04-29T09:38:45.025+0000] {dag.py:4180} INFO - Setting next_dagrun for example_short_circuit_operator to None, run_after=None
[2025-04-29T09:38:45.050+0000] {processor.py:208} INFO - Processing /usr/local/python/3.12.1/lib/python3.12/site-packages/airflow/example_dags/example_short_circuit_operator.py took 0.082 seconds
