[2025-04-29T09:32:43.720+0000] {processor.py:186} INFO - Started process (PID=14132) to work on /usr/local/python/3.12.1/lib/python3.12/site-packages/airflow/example_dags/example_latest_only.py
[2025-04-29T09:32:43.721+0000] {processor.py:914} INFO - Processing file /usr/local/python/3.12.1/lib/python3.12/site-packages/airflow/example_dags/example_latest_only.py for tasks to queue
[2025-04-29T09:32:43.722+0000] {logging_mixin.py:190} INFO - [2025-04-29T09:32:43.722+0000] {dagbag.py:588} INFO - Filling up the DagBag from /usr/local/python/3.12.1/lib/python3.12/site-packages/airflow/example_dags/example_latest_only.py
[2025-04-29T09:32:43.727+0000] {processor.py:925} INFO - DAG(s) 'latest_only' retrieved from /usr/local/python/3.12.1/lib/python3.12/site-packages/airflow/example_dags/example_latest_only.py
[2025-04-29T09:32:43.812+0000] {logging_mixin.py:190} INFO - [2025-04-29T09:32:43.812+0000] {override.py:1912} INFO - Created Permission View: can delete on DAG:latest_only
[2025-04-29T09:32:43.821+0000] {logging_mixin.py:190} INFO - [2025-04-29T09:32:43.821+0000] {override.py:1912} INFO - Created Permission View: can read on DAG:latest_only
[2025-04-29T09:32:43.827+0000] {logging_mixin.py:190} INFO - [2025-04-29T09:32:43.827+0000] {override.py:1912} INFO - Created Permission View: can edit on DAG:latest_only
[2025-04-29T09:32:43.837+0000] {logging_mixin.py:190} INFO - [2025-04-29T09:32:43.836+0000] {override.py:1912} INFO - Created Permission View: menu access on DAG Run:latest_only
[2025-04-29T09:32:43.843+0000] {logging_mixin.py:190} INFO - [2025-04-29T09:32:43.842+0000] {override.py:1912} INFO - Created Permission View: can delete on DAG Run:latest_only
[2025-04-29T09:32:43.849+0000] {logging_mixin.py:190} INFO - [2025-04-29T09:32:43.849+0000] {override.py:1912} INFO - Created Permission View: can read on DAG Run:latest_only
[2025-04-29T09:32:43.855+0000] {logging_mixin.py:190} INFO - [2025-04-29T09:32:43.855+0000] {override.py:1912} INFO - Created Permission View: can create on DAG Run:latest_only
[2025-04-29T09:32:43.855+0000] {logging_mixin.py:190} INFO - [2025-04-29T09:32:43.855+0000] {dag.py:3239} INFO - Sync 1 DAGs
[2025-04-29T09:32:43.865+0000] {logging_mixin.py:190} INFO - [2025-04-29T09:32:43.865+0000] {dag.py:3262} INFO - Creating ORM DAG for latest_only
[2025-04-29T09:32:43.871+0000] {logging_mixin.py:190} INFO - [2025-04-29T09:32:43.871+0000] {dag.py:4180} INFO - Setting next_dagrun for latest_only to 2025-04-29 04:00:00+00:00, run_after=2025-04-29 08:00:00+00:00
[2025-04-29T09:32:43.886+0000] {processor.py:208} INFO - Processing /usr/local/python/3.12.1/lib/python3.12/site-packages/airflow/example_dags/example_latest_only.py took 0.170 seconds
[2025-04-29T09:33:43.477+0000] {processor.py:186} INFO - Started process (PID=14934) to work on /usr/local/python/3.12.1/lib/python3.12/site-packages/airflow/example_dags/example_latest_only.py
[2025-04-29T09:33:43.477+0000] {processor.py:914} INFO - Processing file /usr/local/python/3.12.1/lib/python3.12/site-packages/airflow/example_dags/example_latest_only.py for tasks to queue
[2025-04-29T09:33:43.479+0000] {logging_mixin.py:190} INFO - [2025-04-29T09:33:43.478+0000] {dagbag.py:588} INFO - Filling up the DagBag from /usr/local/python/3.12.1/lib/python3.12/site-packages/airflow/example_dags/example_latest_only.py
[2025-04-29T09:33:43.484+0000] {processor.py:925} INFO - DAG(s) 'latest_only' retrieved from /usr/local/python/3.12.1/lib/python3.12/site-packages/airflow/example_dags/example_latest_only.py
[2025-04-29T09:33:43.495+0000] {logging_mixin.py:190} INFO - [2025-04-29T09:33:43.495+0000] {dag.py:3239} INFO - Sync 1 DAGs
[2025-04-29T09:33:43.510+0000] {logging_mixin.py:190} INFO - [2025-04-29T09:33:43.510+0000] {dag.py:4180} INFO - Setting next_dagrun for latest_only to 2025-04-29 04:00:00+00:00, run_after=2025-04-29 08:00:00+00:00
[2025-04-29T09:33:43.532+0000] {processor.py:208} INFO - Processing /usr/local/python/3.12.1/lib/python3.12/site-packages/airflow/example_dags/example_latest_only.py took 0.060 seconds
[2025-04-29T09:34:39.880+0000] {processor.py:186} INFO - Started process (PID=15634) to work on /usr/local/python/3.12.1/lib/python3.12/site-packages/airflow/example_dags/example_latest_only.py
[2025-04-29T09:34:39.881+0000] {processor.py:914} INFO - Processing file /usr/local/python/3.12.1/lib/python3.12/site-packages/airflow/example_dags/example_latest_only.py for tasks to queue
[2025-04-29T09:34:39.882+0000] {logging_mixin.py:190} INFO - [2025-04-29T09:34:39.882+0000] {dagbag.py:588} INFO - Filling up the DagBag from /usr/local/python/3.12.1/lib/python3.12/site-packages/airflow/example_dags/example_latest_only.py
[2025-04-29T09:34:39.888+0000] {processor.py:925} INFO - DAG(s) 'latest_only' retrieved from /usr/local/python/3.12.1/lib/python3.12/site-packages/airflow/example_dags/example_latest_only.py
[2025-04-29T09:34:39.899+0000] {logging_mixin.py:190} INFO - [2025-04-29T09:34:39.898+0000] {dag.py:3239} INFO - Sync 1 DAGs
[2025-04-29T09:34:39.914+0000] {logging_mixin.py:190} INFO - [2025-04-29T09:34:39.914+0000] {dag.py:4180} INFO - Setting next_dagrun for latest_only to 2025-04-29 04:00:00+00:00, run_after=2025-04-29 08:00:00+00:00
[2025-04-29T09:34:39.929+0000] {processor.py:208} INFO - Processing /usr/local/python/3.12.1/lib/python3.12/site-packages/airflow/example_dags/example_latest_only.py took 0.053 seconds
[2025-04-29T09:35:34.507+0000] {processor.py:186} INFO - Started process (PID=17313) to work on /usr/local/python/3.12.1/lib/python3.12/site-packages/airflow/example_dags/example_latest_only.py
[2025-04-29T09:35:34.508+0000] {processor.py:914} INFO - Processing file /usr/local/python/3.12.1/lib/python3.12/site-packages/airflow/example_dags/example_latest_only.py for tasks to queue
[2025-04-29T09:35:34.509+0000] {logging_mixin.py:190} INFO - [2025-04-29T09:35:34.509+0000] {dagbag.py:588} INFO - Filling up the DagBag from /usr/local/python/3.12.1/lib/python3.12/site-packages/airflow/example_dags/example_latest_only.py
[2025-04-29T09:35:34.515+0000] {processor.py:925} INFO - DAG(s) 'latest_only' retrieved from /usr/local/python/3.12.1/lib/python3.12/site-packages/airflow/example_dags/example_latest_only.py
[2025-04-29T09:35:34.525+0000] {logging_mixin.py:190} INFO - [2025-04-29T09:35:34.525+0000] {dag.py:3239} INFO - Sync 1 DAGs
[2025-04-29T09:35:34.540+0000] {logging_mixin.py:190} INFO - [2025-04-29T09:35:34.540+0000] {dag.py:4180} INFO - Setting next_dagrun for latest_only to 2025-04-29 04:00:00+00:00, run_after=2025-04-29 08:00:00+00:00
[2025-04-29T09:35:34.556+0000] {processor.py:208} INFO - Processing /usr/local/python/3.12.1/lib/python3.12/site-packages/airflow/example_dags/example_latest_only.py took 0.053 seconds
[2025-04-29T09:36:30.507+0000] {processor.py:186} INFO - Started process (PID=18023) to work on /usr/local/python/3.12.1/lib/python3.12/site-packages/airflow/example_dags/example_latest_only.py
[2025-04-29T09:36:30.508+0000] {processor.py:914} INFO - Processing file /usr/local/python/3.12.1/lib/python3.12/site-packages/airflow/example_dags/example_latest_only.py for tasks to queue
[2025-04-29T09:36:30.510+0000] {logging_mixin.py:190} INFO - [2025-04-29T09:36:30.509+0000] {dagbag.py:588} INFO - Filling up the DagBag from /usr/local/python/3.12.1/lib/python3.12/site-packages/airflow/example_dags/example_latest_only.py
[2025-04-29T09:36:30.515+0000] {processor.py:925} INFO - DAG(s) 'latest_only' retrieved from /usr/local/python/3.12.1/lib/python3.12/site-packages/airflow/example_dags/example_latest_only.py
[2025-04-29T09:36:30.527+0000] {logging_mixin.py:190} INFO - [2025-04-29T09:36:30.526+0000] {dag.py:3239} INFO - Sync 1 DAGs
[2025-04-29T09:36:30.542+0000] {logging_mixin.py:190} INFO - [2025-04-29T09:36:30.542+0000] {dag.py:4180} INFO - Setting next_dagrun for latest_only to 2025-04-29 04:00:00+00:00, run_after=2025-04-29 08:00:00+00:00
[2025-04-29T09:36:30.558+0000] {processor.py:208} INFO - Processing /usr/local/python/3.12.1/lib/python3.12/site-packages/airflow/example_dags/example_latest_only.py took 0.056 seconds
[2025-04-29T09:37:22.533+0000] {processor.py:186} INFO - Started process (PID=18748) to work on /usr/local/python/3.12.1/lib/python3.12/site-packages/airflow/example_dags/example_latest_only.py
[2025-04-29T09:37:22.533+0000] {processor.py:914} INFO - Processing file /usr/local/python/3.12.1/lib/python3.12/site-packages/airflow/example_dags/example_latest_only.py for tasks to queue
[2025-04-29T09:37:22.535+0000] {logging_mixin.py:190} INFO - [2025-04-29T09:37:22.534+0000] {dagbag.py:588} INFO - Filling up the DagBag from /usr/local/python/3.12.1/lib/python3.12/site-packages/airflow/example_dags/example_latest_only.py
[2025-04-29T09:37:22.540+0000] {processor.py:925} INFO - DAG(s) 'latest_only' retrieved from /usr/local/python/3.12.1/lib/python3.12/site-packages/airflow/example_dags/example_latest_only.py
[2025-04-29T09:37:22.551+0000] {logging_mixin.py:190} INFO - [2025-04-29T09:37:22.551+0000] {dag.py:3239} INFO - Sync 1 DAGs
[2025-04-29T09:37:22.566+0000] {logging_mixin.py:190} INFO - [2025-04-29T09:37:22.566+0000] {dag.py:4180} INFO - Setting next_dagrun for latest_only to 2025-04-29 04:00:00+00:00, run_after=2025-04-29 08:00:00+00:00
[2025-04-29T09:37:22.582+0000] {processor.py:208} INFO - Processing /usr/local/python/3.12.1/lib/python3.12/site-packages/airflow/example_dags/example_latest_only.py took 0.053 seconds
[2025-04-29T09:38:16.571+0000] {processor.py:186} INFO - Started process (PID=19451) to work on /usr/local/python/3.12.1/lib/python3.12/site-packages/airflow/example_dags/example_latest_only.py
[2025-04-29T09:38:16.571+0000] {processor.py:914} INFO - Processing file /usr/local/python/3.12.1/lib/python3.12/site-packages/airflow/example_dags/example_latest_only.py for tasks to queue
[2025-04-29T09:38:16.573+0000] {logging_mixin.py:190} INFO - [2025-04-29T09:38:16.572+0000] {dagbag.py:588} INFO - Filling up the DagBag from /usr/local/python/3.12.1/lib/python3.12/site-packages/airflow/example_dags/example_latest_only.py
[2025-04-29T09:38:16.578+0000] {processor.py:925} INFO - DAG(s) 'latest_only' retrieved from /usr/local/python/3.12.1/lib/python3.12/site-packages/airflow/example_dags/example_latest_only.py
[2025-04-29T09:38:16.588+0000] {logging_mixin.py:190} INFO - [2025-04-29T09:38:16.588+0000] {dag.py:3239} INFO - Sync 1 DAGs
[2025-04-29T09:38:16.603+0000] {logging_mixin.py:190} INFO - [2025-04-29T09:38:16.603+0000] {dag.py:4180} INFO - Setting next_dagrun for latest_only to 2025-04-29 04:00:00+00:00, run_after=2025-04-29 08:00:00+00:00
[2025-04-29T09:38:16.619+0000] {processor.py:208} INFO - Processing /usr/local/python/3.12.1/lib/python3.12/site-packages/airflow/example_dags/example_latest_only.py took 0.053 seconds
