[2025-04-29T09:32:40.545+0000] {processor.py:186} INFO - Started process (PID=14108) to work on /usr/local/python/3.12.1/lib/python3.12/site-packages/airflow/example_dags/example_outlet_event_extra.py
[2025-04-29T09:32:40.546+0000] {processor.py:914} INFO - Processing file /usr/local/python/3.12.1/lib/python3.12/site-packages/airflow/example_dags/example_outlet_event_extra.py for tasks to queue
[2025-04-29T09:32:40.547+0000] {logging_mixin.py:190} INFO - [2025-04-29T09:32:40.547+0000] {dagbag.py:588} INFO - Filling up the DagBag from /usr/local/python/3.12.1/lib/python3.12/site-packages/airflow/example_dags/example_outlet_event_extra.py
[2025-04-29T09:32:40.558+0000] {processor.py:925} INFO - DAG(s) 'dataset_with_extra_by_yield', 'dataset_with_extra_by_context', 'dataset_with_extra_from_classic_operator' retrieved from /usr/local/python/3.12.1/lib/python3.12/site-packages/airflow/example_dags/example_outlet_event_extra.py
[2025-04-29T09:32:40.648+0000] {logging_mixin.py:190} INFO - [2025-04-29T09:32:40.647+0000] {override.py:1912} INFO - Created Permission View: can delete on DAG:dataset_with_extra_by_yield
[2025-04-29T09:32:40.661+0000] {logging_mixin.py:190} INFO - [2025-04-29T09:32:40.660+0000] {override.py:1912} INFO - Created Permission View: can read on DAG:dataset_with_extra_by_yield
[2025-04-29T09:32:40.668+0000] {logging_mixin.py:190} INFO - [2025-04-29T09:32:40.668+0000] {override.py:1912} INFO - Created Permission View: can edit on DAG:dataset_with_extra_by_yield
[2025-04-29T09:32:40.680+0000] {logging_mixin.py:190} INFO - [2025-04-29T09:32:40.680+0000] {override.py:1912} INFO - Created Permission View: menu access on DAG Run:dataset_with_extra_by_yield
[2025-04-29T09:32:40.687+0000] {logging_mixin.py:190} INFO - [2025-04-29T09:32:40.687+0000] {override.py:1912} INFO - Created Permission View: can delete on DAG Run:dataset_with_extra_by_yield
[2025-04-29T09:32:40.696+0000] {logging_mixin.py:190} INFO - [2025-04-29T09:32:40.696+0000] {override.py:1912} INFO - Created Permission View: can read on DAG Run:dataset_with_extra_by_yield
[2025-04-29T09:32:40.704+0000] {logging_mixin.py:190} INFO - [2025-04-29T09:32:40.703+0000] {override.py:1912} INFO - Created Permission View: can create on DAG Run:dataset_with_extra_by_yield
[2025-04-29T09:32:40.717+0000] {logging_mixin.py:190} INFO - [2025-04-29T09:32:40.717+0000] {override.py:1912} INFO - Created Permission View: can delete on DAG:dataset_with_extra_by_context
[2025-04-29T09:32:40.723+0000] {logging_mixin.py:190} INFO - [2025-04-29T09:32:40.723+0000] {override.py:1912} INFO - Created Permission View: can read on DAG:dataset_with_extra_by_context
[2025-04-29T09:32:40.729+0000] {logging_mixin.py:190} INFO - [2025-04-29T09:32:40.729+0000] {override.py:1912} INFO - Created Permission View: can edit on DAG:dataset_with_extra_by_context
[2025-04-29T09:32:40.739+0000] {logging_mixin.py:190} INFO - [2025-04-29T09:32:40.739+0000] {override.py:1912} INFO - Created Permission View: menu access on DAG Run:dataset_with_extra_by_context
[2025-04-29T09:32:40.746+0000] {logging_mixin.py:190} INFO - [2025-04-29T09:32:40.746+0000] {override.py:1912} INFO - Created Permission View: can delete on DAG Run:dataset_with_extra_by_context
[2025-04-29T09:32:40.752+0000] {logging_mixin.py:190} INFO - [2025-04-29T09:32:40.752+0000] {override.py:1912} INFO - Created Permission View: can read on DAG Run:dataset_with_extra_by_context
[2025-04-29T09:32:40.758+0000] {logging_mixin.py:190} INFO - [2025-04-29T09:32:40.758+0000] {override.py:1912} INFO - Created Permission View: can create on DAG Run:dataset_with_extra_by_context
[2025-04-29T09:32:40.772+0000] {logging_mixin.py:190} INFO - [2025-04-29T09:32:40.772+0000] {override.py:1912} INFO - Created Permission View: can delete on DAG:dataset_with_extra_from_classic_operator
[2025-04-29T09:32:40.778+0000] {logging_mixin.py:190} INFO - [2025-04-29T09:32:40.778+0000] {override.py:1912} INFO - Created Permission View: can read on DAG:dataset_with_extra_from_classic_operator
[2025-04-29T09:32:40.785+0000] {logging_mixin.py:190} INFO - [2025-04-29T09:32:40.785+0000] {override.py:1912} INFO - Created Permission View: can edit on DAG:dataset_with_extra_from_classic_operator
[2025-04-29T09:32:40.794+0000] {logging_mixin.py:190} INFO - [2025-04-29T09:32:40.794+0000] {override.py:1912} INFO - Created Permission View: menu access on DAG Run:dataset_with_extra_from_classic_operator
[2025-04-29T09:32:40.800+0000] {logging_mixin.py:190} INFO - [2025-04-29T09:32:40.800+0000] {override.py:1912} INFO - Created Permission View: can delete on DAG Run:dataset_with_extra_from_classic_operator
[2025-04-29T09:32:40.806+0000] {logging_mixin.py:190} INFO - [2025-04-29T09:32:40.806+0000] {override.py:1912} INFO - Created Permission View: can read on DAG Run:dataset_with_extra_from_classic_operator
[2025-04-29T09:32:40.812+0000] {logging_mixin.py:190} INFO - [2025-04-29T09:32:40.812+0000] {override.py:1912} INFO - Created Permission View: can create on DAG Run:dataset_with_extra_from_classic_operator
[2025-04-29T09:32:40.812+0000] {logging_mixin.py:190} INFO - [2025-04-29T09:32:40.812+0000] {dag.py:3239} INFO - Sync 3 DAGs
[2025-04-29T09:32:40.822+0000] {logging_mixin.py:190} INFO - [2025-04-29T09:32:40.822+0000] {dag.py:3262} INFO - Creating ORM DAG for dataset_with_extra_by_context
[2025-04-29T09:32:40.823+0000] {logging_mixin.py:190} INFO - [2025-04-29T09:32:40.822+0000] {dag.py:3262} INFO - Creating ORM DAG for dataset_with_extra_from_classic_operator
[2025-04-29T09:32:40.823+0000] {logging_mixin.py:190} INFO - [2025-04-29T09:32:40.823+0000] {dag.py:3262} INFO - Creating ORM DAG for dataset_with_extra_by_yield
[2025-04-29T09:32:40.830+0000] {logging_mixin.py:190} INFO - [2025-04-29T09:32:40.830+0000] {dag.py:4180} INFO - Setting next_dagrun for dataset_with_extra_by_context to 2025-04-28 00:00:00+00:00, run_after=2025-04-29 00:00:00+00:00
[2025-04-29T09:32:40.831+0000] {logging_mixin.py:190} INFO - [2025-04-29T09:32:40.831+0000] {dag.py:4180} INFO - Setting next_dagrun for dataset_with_extra_by_yield to 2025-04-28 00:00:00+00:00, run_after=2025-04-29 00:00:00+00:00
[2025-04-29T09:32:40.833+0000] {logging_mixin.py:190} INFO - [2025-04-29T09:32:40.832+0000] {dag.py:4180} INFO - Setting next_dagrun for dataset_with_extra_from_classic_operator to 2025-04-28 00:00:00+00:00, run_after=2025-04-29 00:00:00+00:00
[2025-04-29T09:32:40.852+0000] {processor.py:208} INFO - Processing /usr/local/python/3.12.1/lib/python3.12/site-packages/airflow/example_dags/example_outlet_event_extra.py took 0.310 seconds
[2025-04-29T09:33:40.566+0000] {processor.py:186} INFO - Started process (PID=14916) to work on /usr/local/python/3.12.1/lib/python3.12/site-packages/airflow/example_dags/example_outlet_event_extra.py
[2025-04-29T09:33:40.566+0000] {processor.py:914} INFO - Processing file /usr/local/python/3.12.1/lib/python3.12/site-packages/airflow/example_dags/example_outlet_event_extra.py for tasks to queue
[2025-04-29T09:33:40.568+0000] {logging_mixin.py:190} INFO - [2025-04-29T09:33:40.567+0000] {dagbag.py:588} INFO - Filling up the DagBag from /usr/local/python/3.12.1/lib/python3.12/site-packages/airflow/example_dags/example_outlet_event_extra.py
[2025-04-29T09:33:40.583+0000] {processor.py:925} INFO - DAG(s) 'dataset_with_extra_by_context', 'dataset_with_extra_by_yield', 'dataset_with_extra_from_classic_operator' retrieved from /usr/local/python/3.12.1/lib/python3.12/site-packages/airflow/example_dags/example_outlet_event_extra.py
[2025-04-29T09:33:40.598+0000] {logging_mixin.py:190} INFO - [2025-04-29T09:33:40.598+0000] {dag.py:3239} INFO - Sync 3 DAGs
[2025-04-29T09:33:40.615+0000] {logging_mixin.py:190} INFO - [2025-04-29T09:33:40.615+0000] {dag.py:4180} INFO - Setting next_dagrun for dataset_with_extra_by_context to 2025-04-28 00:00:00+00:00, run_after=2025-04-29 00:00:00+00:00
[2025-04-29T09:33:40.618+0000] {logging_mixin.py:190} INFO - [2025-04-29T09:33:40.618+0000] {dag.py:4180} INFO - Setting next_dagrun for dataset_with_extra_by_yield to 2025-04-28 00:00:00+00:00, run_after=2025-04-29 00:00:00+00:00
[2025-04-29T09:33:40.620+0000] {logging_mixin.py:190} INFO - [2025-04-29T09:33:40.620+0000] {dag.py:4180} INFO - Setting next_dagrun for dataset_with_extra_from_classic_operator to 2025-04-28 00:00:00+00:00, run_after=2025-04-29 00:00:00+00:00
[2025-04-29T09:33:40.639+0000] {processor.py:208} INFO - Processing /usr/local/python/3.12.1/lib/python3.12/site-packages/airflow/example_dags/example_outlet_event_extra.py took 0.077 seconds
[2025-04-29T09:34:37.006+0000] {processor.py:186} INFO - Started process (PID=15616) to work on /usr/local/python/3.12.1/lib/python3.12/site-packages/airflow/example_dags/example_outlet_event_extra.py
[2025-04-29T09:34:37.007+0000] {processor.py:914} INFO - Processing file /usr/local/python/3.12.1/lib/python3.12/site-packages/airflow/example_dags/example_outlet_event_extra.py for tasks to queue
[2025-04-29T09:34:37.008+0000] {logging_mixin.py:190} INFO - [2025-04-29T09:34:37.008+0000] {dagbag.py:588} INFO - Filling up the DagBag from /usr/local/python/3.12.1/lib/python3.12/site-packages/airflow/example_dags/example_outlet_event_extra.py
[2025-04-29T09:34:37.020+0000] {processor.py:925} INFO - DAG(s) 'dataset_with_extra_by_yield', 'dataset_with_extra_by_context', 'dataset_with_extra_from_classic_operator' retrieved from /usr/local/python/3.12.1/lib/python3.12/site-packages/airflow/example_dags/example_outlet_event_extra.py
[2025-04-29T09:34:37.035+0000] {logging_mixin.py:190} INFO - [2025-04-29T09:34:37.035+0000] {dag.py:3239} INFO - Sync 3 DAGs
[2025-04-29T09:34:37.057+0000] {logging_mixin.py:190} INFO - [2025-04-29T09:34:37.057+0000] {dag.py:4180} INFO - Setting next_dagrun for dataset_with_extra_by_context to 2025-04-28 00:00:00+00:00, run_after=2025-04-29 00:00:00+00:00
[2025-04-29T09:34:37.060+0000] {logging_mixin.py:190} INFO - [2025-04-29T09:34:37.060+0000] {dag.py:4180} INFO - Setting next_dagrun for dataset_with_extra_by_yield to 2025-04-28 00:00:00+00:00, run_after=2025-04-29 00:00:00+00:00
[2025-04-29T09:34:37.062+0000] {logging_mixin.py:190} INFO - [2025-04-29T09:34:37.062+0000] {dag.py:4180} INFO - Setting next_dagrun for dataset_with_extra_from_classic_operator to 2025-04-28 00:00:00+00:00, run_after=2025-04-29 00:00:00+00:00
[2025-04-29T09:34:37.080+0000] {processor.py:208} INFO - Processing /usr/local/python/3.12.1/lib/python3.12/site-packages/airflow/example_dags/example_outlet_event_extra.py took 0.077 seconds
[2025-04-29T09:35:31.834+0000] {processor.py:186} INFO - Started process (PID=17290) to work on /usr/local/python/3.12.1/lib/python3.12/site-packages/airflow/example_dags/example_outlet_event_extra.py
[2025-04-29T09:35:31.835+0000] {processor.py:914} INFO - Processing file /usr/local/python/3.12.1/lib/python3.12/site-packages/airflow/example_dags/example_outlet_event_extra.py for tasks to queue
[2025-04-29T09:35:31.836+0000] {logging_mixin.py:190} INFO - [2025-04-29T09:35:31.836+0000] {dagbag.py:588} INFO - Filling up the DagBag from /usr/local/python/3.12.1/lib/python3.12/site-packages/airflow/example_dags/example_outlet_event_extra.py
[2025-04-29T09:35:31.847+0000] {processor.py:925} INFO - DAG(s) 'dataset_with_extra_by_context', 'dataset_with_extra_by_yield', 'dataset_with_extra_from_classic_operator' retrieved from /usr/local/python/3.12.1/lib/python3.12/site-packages/airflow/example_dags/example_outlet_event_extra.py
[2025-04-29T09:35:31.862+0000] {logging_mixin.py:190} INFO - [2025-04-29T09:35:31.862+0000] {dag.py:3239} INFO - Sync 3 DAGs
[2025-04-29T09:35:31.879+0000] {logging_mixin.py:190} INFO - [2025-04-29T09:35:31.879+0000] {dag.py:4180} INFO - Setting next_dagrun for dataset_with_extra_by_context to 2025-04-28 00:00:00+00:00, run_after=2025-04-29 00:00:00+00:00
[2025-04-29T09:35:31.883+0000] {logging_mixin.py:190} INFO - [2025-04-29T09:35:31.882+0000] {dag.py:4180} INFO - Setting next_dagrun for dataset_with_extra_by_yield to 2025-04-28 00:00:00+00:00, run_after=2025-04-29 00:00:00+00:00
[2025-04-29T09:35:31.884+0000] {logging_mixin.py:190} INFO - [2025-04-29T09:35:31.884+0000] {dag.py:4180} INFO - Setting next_dagrun for dataset_with_extra_from_classic_operator to 2025-04-28 00:00:00+00:00, run_after=2025-04-29 00:00:00+00:00
[2025-04-29T09:35:31.901+0000] {processor.py:208} INFO - Processing /usr/local/python/3.12.1/lib/python3.12/site-packages/airflow/example_dags/example_outlet_event_extra.py took 0.071 seconds
[2025-04-29T09:36:27.101+0000] {processor.py:186} INFO - Started process (PID=17987) to work on /usr/local/python/3.12.1/lib/python3.12/site-packages/airflow/example_dags/example_outlet_event_extra.py
[2025-04-29T09:36:27.102+0000] {processor.py:914} INFO - Processing file /usr/local/python/3.12.1/lib/python3.12/site-packages/airflow/example_dags/example_outlet_event_extra.py for tasks to queue
[2025-04-29T09:36:27.103+0000] {logging_mixin.py:190} INFO - [2025-04-29T09:36:27.103+0000] {dagbag.py:588} INFO - Filling up the DagBag from /usr/local/python/3.12.1/lib/python3.12/site-packages/airflow/example_dags/example_outlet_event_extra.py
[2025-04-29T09:36:27.115+0000] {processor.py:925} INFO - DAG(s) 'dataset_with_extra_by_context', 'dataset_with_extra_from_classic_operator', 'dataset_with_extra_by_yield' retrieved from /usr/local/python/3.12.1/lib/python3.12/site-packages/airflow/example_dags/example_outlet_event_extra.py
[2025-04-29T09:36:27.130+0000] {logging_mixin.py:190} INFO - [2025-04-29T09:36:27.129+0000] {dag.py:3239} INFO - Sync 3 DAGs
[2025-04-29T09:36:27.147+0000] {logging_mixin.py:190} INFO - [2025-04-29T09:36:27.146+0000] {dag.py:4180} INFO - Setting next_dagrun for dataset_with_extra_by_context to 2025-04-28 00:00:00+00:00, run_after=2025-04-29 00:00:00+00:00
[2025-04-29T09:36:27.150+0000] {logging_mixin.py:190} INFO - [2025-04-29T09:36:27.150+0000] {dag.py:4180} INFO - Setting next_dagrun for dataset_with_extra_by_yield to 2025-04-28 00:00:00+00:00, run_after=2025-04-29 00:00:00+00:00
[2025-04-29T09:36:27.152+0000] {logging_mixin.py:190} INFO - [2025-04-29T09:36:27.152+0000] {dag.py:4180} INFO - Setting next_dagrun for dataset_with_extra_from_classic_operator to 2025-04-28 00:00:00+00:00, run_after=2025-04-29 00:00:00+00:00
[2025-04-29T09:36:27.172+0000] {processor.py:208} INFO - Processing /usr/local/python/3.12.1/lib/python3.12/site-packages/airflow/example_dags/example_outlet_event_extra.py took 0.075 seconds
[2025-04-29T09:37:19.668+0000] {processor.py:186} INFO - Started process (PID=18718) to work on /usr/local/python/3.12.1/lib/python3.12/site-packages/airflow/example_dags/example_outlet_event_extra.py
[2025-04-29T09:37:19.669+0000] {processor.py:914} INFO - Processing file /usr/local/python/3.12.1/lib/python3.12/site-packages/airflow/example_dags/example_outlet_event_extra.py for tasks to queue
[2025-04-29T09:37:19.670+0000] {logging_mixin.py:190} INFO - [2025-04-29T09:37:19.670+0000] {dagbag.py:588} INFO - Filling up the DagBag from /usr/local/python/3.12.1/lib/python3.12/site-packages/airflow/example_dags/example_outlet_event_extra.py
[2025-04-29T09:37:19.681+0000] {processor.py:925} INFO - DAG(s) 'dataset_with_extra_by_yield', 'dataset_with_extra_from_classic_operator', 'dataset_with_extra_by_context' retrieved from /usr/local/python/3.12.1/lib/python3.12/site-packages/airflow/example_dags/example_outlet_event_extra.py
[2025-04-29T09:37:19.696+0000] {logging_mixin.py:190} INFO - [2025-04-29T09:37:19.696+0000] {dag.py:3239} INFO - Sync 3 DAGs
[2025-04-29T09:37:19.713+0000] {logging_mixin.py:190} INFO - [2025-04-29T09:37:19.712+0000] {dag.py:4180} INFO - Setting next_dagrun for dataset_with_extra_by_context to 2025-04-28 00:00:00+00:00, run_after=2025-04-29 00:00:00+00:00
[2025-04-29T09:37:19.716+0000] {logging_mixin.py:190} INFO - [2025-04-29T09:37:19.716+0000] {dag.py:4180} INFO - Setting next_dagrun for dataset_with_extra_by_yield to 2025-04-28 00:00:00+00:00, run_after=2025-04-29 00:00:00+00:00
[2025-04-29T09:37:19.718+0000] {logging_mixin.py:190} INFO - [2025-04-29T09:37:19.718+0000] {dag.py:4180} INFO - Setting next_dagrun for dataset_with_extra_from_classic_operator to 2025-04-28 00:00:00+00:00, run_after=2025-04-29 00:00:00+00:00
[2025-04-29T09:37:19.735+0000] {processor.py:208} INFO - Processing /usr/local/python/3.12.1/lib/python3.12/site-packages/airflow/example_dags/example_outlet_event_extra.py took 0.071 seconds
[2025-04-29T09:38:14.138+0000] {processor.py:186} INFO - Started process (PID=19415) to work on /usr/local/python/3.12.1/lib/python3.12/site-packages/airflow/example_dags/example_outlet_event_extra.py
[2025-04-29T09:38:14.139+0000] {processor.py:914} INFO - Processing file /usr/local/python/3.12.1/lib/python3.12/site-packages/airflow/example_dags/example_outlet_event_extra.py for tasks to queue
[2025-04-29T09:38:14.140+0000] {logging_mixin.py:190} INFO - [2025-04-29T09:38:14.140+0000] {dagbag.py:588} INFO - Filling up the DagBag from /usr/local/python/3.12.1/lib/python3.12/site-packages/airflow/example_dags/example_outlet_event_extra.py
[2025-04-29T09:38:14.152+0000] {processor.py:925} INFO - DAG(s) 'dataset_with_extra_by_context', 'dataset_with_extra_by_yield', 'dataset_with_extra_from_classic_operator' retrieved from /usr/local/python/3.12.1/lib/python3.12/site-packages/airflow/example_dags/example_outlet_event_extra.py
[2025-04-29T09:38:14.166+0000] {logging_mixin.py:190} INFO - [2025-04-29T09:38:14.166+0000] {dag.py:3239} INFO - Sync 3 DAGs
[2025-04-29T09:38:14.182+0000] {logging_mixin.py:190} INFO - [2025-04-29T09:38:14.182+0000] {dag.py:4180} INFO - Setting next_dagrun for dataset_with_extra_by_context to 2025-04-28 00:00:00+00:00, run_after=2025-04-29 00:00:00+00:00
[2025-04-29T09:38:14.186+0000] {logging_mixin.py:190} INFO - [2025-04-29T09:38:14.186+0000] {dag.py:4180} INFO - Setting next_dagrun for dataset_with_extra_by_yield to 2025-04-28 00:00:00+00:00, run_after=2025-04-29 00:00:00+00:00
[2025-04-29T09:38:14.188+0000] {logging_mixin.py:190} INFO - [2025-04-29T09:38:14.188+0000] {dag.py:4180} INFO - Setting next_dagrun for dataset_with_extra_from_classic_operator to 2025-04-28 00:00:00+00:00, run_after=2025-04-29 00:00:00+00:00
[2025-04-29T09:38:14.204+0000] {processor.py:208} INFO - Processing /usr/local/python/3.12.1/lib/python3.12/site-packages/airflow/example_dags/example_outlet_event_extra.py took 0.070 seconds
