[2025-04-29T09:32:59.703+0000] {processor.py:186} INFO - Started process (PID=14298) to work on /usr/local/python/3.12.1/lib/python3.12/site-packages/airflow/example_dags/example_bash_operator.py
[2025-04-29T09:32:59.703+0000] {processor.py:914} INFO - Processing file /usr/local/python/3.12.1/lib/python3.12/site-packages/airflow/example_dags/example_bash_operator.py for tasks to queue
[2025-04-29T09:32:59.705+0000] {logging_mixin.py:190} INFO - [2025-04-29T09:32:59.705+0000] {dagbag.py:588} INFO - Filling up the DagBag from /usr/local/python/3.12.1/lib/python3.12/site-packages/airflow/example_dags/example_bash_operator.py
[2025-04-29T09:32:59.726+0000] {processor.py:925} INFO - DAG(s) 'example_bash_operator' retrieved from /usr/local/python/3.12.1/lib/python3.12/site-packages/airflow/example_dags/example_bash_operator.py
[2025-04-29T09:32:59.906+0000] {logging_mixin.py:190} INFO - [2025-04-29T09:32:59.905+0000] {override.py:1912} INFO - Created Permission View: can delete on DAG:example_bash_operator
[2025-04-29T09:32:59.914+0000] {logging_mixin.py:190} INFO - [2025-04-29T09:32:59.914+0000] {override.py:1912} INFO - Created Permission View: can read on DAG:example_bash_operator
[2025-04-29T09:32:59.920+0000] {logging_mixin.py:190} INFO - [2025-04-29T09:32:59.920+0000] {override.py:1912} INFO - Created Permission View: can edit on DAG:example_bash_operator
[2025-04-29T09:32:59.933+0000] {logging_mixin.py:190} INFO - [2025-04-29T09:32:59.932+0000] {override.py:1912} INFO - Created Permission View: menu access on DAG Run:example_bash_operator
[2025-04-29T09:32:59.941+0000] {logging_mixin.py:190} INFO - [2025-04-29T09:32:59.940+0000] {override.py:1912} INFO - Created Permission View: can delete on DAG Run:example_bash_operator
[2025-04-29T09:32:59.950+0000] {logging_mixin.py:190} INFO - [2025-04-29T09:32:59.950+0000] {override.py:1912} INFO - Created Permission View: can read on DAG Run:example_bash_operator
[2025-04-29T09:32:59.956+0000] {logging_mixin.py:190} INFO - [2025-04-29T09:32:59.956+0000] {override.py:1912} INFO - Created Permission View: can create on DAG Run:example_bash_operator
[2025-04-29T09:32:59.957+0000] {logging_mixin.py:190} INFO - [2025-04-29T09:32:59.957+0000] {dag.py:3239} INFO - Sync 1 DAGs
[2025-04-29T09:32:59.975+0000] {logging_mixin.py:190} INFO - [2025-04-29T09:32:59.975+0000] {dag.py:3262} INFO - Creating ORM DAG for example_bash_operator
[2025-04-29T09:32:59.986+0000] {logging_mixin.py:190} INFO - [2025-04-29T09:32:59.986+0000] {dag.py:4180} INFO - Setting next_dagrun for example_bash_operator to 2025-04-28 00:00:00+00:00, run_after=2025-04-29 00:00:00+00:00
[2025-04-29T09:33:00.018+0000] {processor.py:208} INFO - Processing /usr/local/python/3.12.1/lib/python3.12/site-packages/airflow/example_dags/example_bash_operator.py took 0.319 seconds
[2025-04-29T09:33:56.638+0000] {processor.py:186} INFO - Started process (PID=15047) to work on /usr/local/python/3.12.1/lib/python3.12/site-packages/airflow/example_dags/example_bash_operator.py
[2025-04-29T09:33:56.639+0000] {processor.py:914} INFO - Processing file /usr/local/python/3.12.1/lib/python3.12/site-packages/airflow/example_dags/example_bash_operator.py for tasks to queue
[2025-04-29T09:33:56.640+0000] {logging_mixin.py:190} INFO - [2025-04-29T09:33:56.640+0000] {dagbag.py:588} INFO - Filling up the DagBag from /usr/local/python/3.12.1/lib/python3.12/site-packages/airflow/example_dags/example_bash_operator.py
[2025-04-29T09:33:56.650+0000] {processor.py:925} INFO - DAG(s) 'example_bash_operator' retrieved from /usr/local/python/3.12.1/lib/python3.12/site-packages/airflow/example_dags/example_bash_operator.py
[2025-04-29T09:33:56.667+0000] {logging_mixin.py:190} INFO - [2025-04-29T09:33:56.666+0000] {dag.py:3239} INFO - Sync 1 DAGs
[2025-04-29T09:33:56.683+0000] {logging_mixin.py:190} INFO - [2025-04-29T09:33:56.683+0000] {dag.py:4180} INFO - Setting next_dagrun for example_bash_operator to 2025-04-28 00:00:00+00:00, run_after=2025-04-29 00:00:00+00:00
[2025-04-29T09:33:56.699+0000] {processor.py:208} INFO - Processing /usr/local/python/3.12.1/lib/python3.12/site-packages/airflow/example_dags/example_bash_operator.py took 0.065 seconds
[2025-04-29T09:34:52.556+0000] {processor.py:186} INFO - Started process (PID=16261) to work on /usr/local/python/3.12.1/lib/python3.12/site-packages/airflow/example_dags/example_bash_operator.py
[2025-04-29T09:34:52.559+0000] {processor.py:914} INFO - Processing file /usr/local/python/3.12.1/lib/python3.12/site-packages/airflow/example_dags/example_bash_operator.py for tasks to queue
[2025-04-29T09:34:52.562+0000] {logging_mixin.py:190} INFO - [2025-04-29T09:34:52.561+0000] {dagbag.py:588} INFO - Filling up the DagBag from /usr/local/python/3.12.1/lib/python3.12/site-packages/airflow/example_dags/example_bash_operator.py
[2025-04-29T09:34:52.585+0000] {processor.py:925} INFO - DAG(s) 'example_bash_operator' retrieved from /usr/local/python/3.12.1/lib/python3.12/site-packages/airflow/example_dags/example_bash_operator.py
[2025-04-29T09:34:52.626+0000] {logging_mixin.py:190} INFO - [2025-04-29T09:34:52.626+0000] {dag.py:3239} INFO - Sync 1 DAGs
[2025-04-29T09:34:52.653+0000] {logging_mixin.py:190} INFO - [2025-04-29T09:34:52.653+0000] {dag.py:4180} INFO - Setting next_dagrun for example_bash_operator to 2025-04-28 00:00:00+00:00, run_after=2025-04-29 00:00:00+00:00
[2025-04-29T09:34:52.805+0000] {processor.py:208} INFO - Processing /usr/local/python/3.12.1/lib/python3.12/site-packages/airflow/example_dags/example_bash_operator.py took 0.255 seconds
[2025-04-29T09:36:11.760+0000] {processor.py:186} INFO - Started process (PID=17793) to work on /usr/local/python/3.12.1/lib/python3.12/site-packages/airflow/example_dags/example_bash_operator.py
[2025-04-29T09:36:11.760+0000] {processor.py:914} INFO - Processing file /usr/local/python/3.12.1/lib/python3.12/site-packages/airflow/example_dags/example_bash_operator.py for tasks to queue
[2025-04-29T09:36:11.762+0000] {logging_mixin.py:190} INFO - [2025-04-29T09:36:11.762+0000] {dagbag.py:588} INFO - Filling up the DagBag from /usr/local/python/3.12.1/lib/python3.12/site-packages/airflow/example_dags/example_bash_operator.py
[2025-04-29T09:36:11.772+0000] {processor.py:925} INFO - DAG(s) 'example_bash_operator' retrieved from /usr/local/python/3.12.1/lib/python3.12/site-packages/airflow/example_dags/example_bash_operator.py
[2025-04-29T09:36:11.788+0000] {logging_mixin.py:190} INFO - [2025-04-29T09:36:11.788+0000] {dag.py:3239} INFO - Sync 1 DAGs
[2025-04-29T09:36:11.805+0000] {logging_mixin.py:190} INFO - [2025-04-29T09:36:11.804+0000] {dag.py:4180} INFO - Setting next_dagrun for example_bash_operator to 2025-04-28 00:00:00+00:00, run_after=2025-04-29 00:00:00+00:00
[2025-04-29T09:36:11.821+0000] {processor.py:208} INFO - Processing /usr/local/python/3.12.1/lib/python3.12/site-packages/airflow/example_dags/example_bash_operator.py took 0.066 seconds
[2025-04-29T09:37:31.188+0000] {processor.py:186} INFO - Started process (PID=18852) to work on /usr/local/python/3.12.1/lib/python3.12/site-packages/airflow/example_dags/example_bash_operator.py
[2025-04-29T09:37:31.188+0000] {processor.py:914} INFO - Processing file /usr/local/python/3.12.1/lib/python3.12/site-packages/airflow/example_dags/example_bash_operator.py for tasks to queue
[2025-04-29T09:37:31.190+0000] {logging_mixin.py:190} INFO - [2025-04-29T09:37:31.189+0000] {dagbag.py:588} INFO - Filling up the DagBag from /usr/local/python/3.12.1/lib/python3.12/site-packages/airflow/example_dags/example_bash_operator.py
[2025-04-29T09:37:31.200+0000] {processor.py:925} INFO - DAG(s) 'example_bash_operator' retrieved from /usr/local/python/3.12.1/lib/python3.12/site-packages/airflow/example_dags/example_bash_operator.py
[2025-04-29T09:37:31.216+0000] {logging_mixin.py:190} INFO - [2025-04-29T09:37:31.216+0000] {dag.py:3239} INFO - Sync 1 DAGs
[2025-04-29T09:37:31.233+0000] {logging_mixin.py:190} INFO - [2025-04-29T09:37:31.232+0000] {dag.py:4180} INFO - Setting next_dagrun for example_bash_operator to 2025-04-28 00:00:00+00:00, run_after=2025-04-29 00:00:00+00:00
[2025-04-29T09:37:31.248+0000] {processor.py:208} INFO - Processing /usr/local/python/3.12.1/lib/python3.12/site-packages/airflow/example_dags/example_bash_operator.py took 0.065 seconds
[2025-04-29T09:38:26.793+0000] {processor.py:186} INFO - Started process (PID=19571) to work on /usr/local/python/3.12.1/lib/python3.12/site-packages/airflow/example_dags/example_bash_operator.py
[2025-04-29T09:38:26.793+0000] {processor.py:914} INFO - Processing file /usr/local/python/3.12.1/lib/python3.12/site-packages/airflow/example_dags/example_bash_operator.py for tasks to queue
[2025-04-29T09:38:26.795+0000] {logging_mixin.py:190} INFO - [2025-04-29T09:38:26.794+0000] {dagbag.py:588} INFO - Filling up the DagBag from /usr/local/python/3.12.1/lib/python3.12/site-packages/airflow/example_dags/example_bash_operator.py
[2025-04-29T09:38:26.805+0000] {processor.py:925} INFO - DAG(s) 'example_bash_operator' retrieved from /usr/local/python/3.12.1/lib/python3.12/site-packages/airflow/example_dags/example_bash_operator.py
[2025-04-29T09:38:26.821+0000] {logging_mixin.py:190} INFO - [2025-04-29T09:38:26.821+0000] {dag.py:3239} INFO - Sync 1 DAGs
[2025-04-29T09:38:26.837+0000] {logging_mixin.py:190} INFO - [2025-04-29T09:38:26.837+0000] {dag.py:4180} INFO - Setting next_dagrun for example_bash_operator to 2025-04-28 00:00:00+00:00, run_after=2025-04-29 00:00:00+00:00
[2025-04-29T09:38:26.853+0000] {processor.py:208} INFO - Processing /usr/local/python/3.12.1/lib/python3.12/site-packages/airflow/example_dags/example_bash_operator.py took 0.064 seconds
