[2025-04-29T09:32:36.540+0000] {processor.py:186} INFO - Started process (PID=14065) to work on /usr/local/python/3.12.1/lib/python3.12/site-packages/airflow/example_dags/example_latest_only_with_trigger.py
[2025-04-29T09:32:36.541+0000] {processor.py:914} INFO - Processing file /usr/local/python/3.12.1/lib/python3.12/site-packages/airflow/example_dags/example_latest_only_with_trigger.py for tasks to queue
[2025-04-29T09:32:36.542+0000] {logging_mixin.py:190} INFO - [2025-04-29T09:32:36.542+0000] {dagbag.py:588} INFO - Filling up the DagBag from /usr/local/python/3.12.1/lib/python3.12/site-packages/airflow/example_dags/example_latest_only_with_trigger.py
[2025-04-29T09:32:36.550+0000] {processor.py:925} INFO - DAG(s) 'latest_only_with_trigger' retrieved from /usr/local/python/3.12.1/lib/python3.12/site-packages/airflow/example_dags/example_latest_only_with_trigger.py
[2025-04-29T09:32:36.655+0000] {logging_mixin.py:190} INFO - [2025-04-29T09:32:36.654+0000] {override.py:1912} INFO - Created Permission View: can delete on DAG:latest_only_with_trigger
[2025-04-29T09:32:36.663+0000] {logging_mixin.py:190} INFO - [2025-04-29T09:32:36.663+0000] {override.py:1912} INFO - Created Permission View: can read on DAG:latest_only_with_trigger
[2025-04-29T09:32:36.669+0000] {logging_mixin.py:190} INFO - [2025-04-29T09:32:36.669+0000] {override.py:1912} INFO - Created Permission View: can edit on DAG:latest_only_with_trigger
[2025-04-29T09:32:36.678+0000] {logging_mixin.py:190} INFO - [2025-04-29T09:32:36.678+0000] {override.py:1912} INFO - Created Permission View: menu access on DAG Run:latest_only_with_trigger
[2025-04-29T09:32:36.684+0000] {logging_mixin.py:190} INFO - [2025-04-29T09:32:36.684+0000] {override.py:1912} INFO - Created Permission View: can delete on DAG Run:latest_only_with_trigger
[2025-04-29T09:32:36.691+0000] {logging_mixin.py:190} INFO - [2025-04-29T09:32:36.690+0000] {override.py:1912} INFO - Created Permission View: can read on DAG Run:latest_only_with_trigger
[2025-04-29T09:32:36.696+0000] {logging_mixin.py:190} INFO - [2025-04-29T09:32:36.696+0000] {override.py:1912} INFO - Created Permission View: can create on DAG Run:latest_only_with_trigger
[2025-04-29T09:32:36.697+0000] {logging_mixin.py:190} INFO - [2025-04-29T09:32:36.696+0000] {dag.py:3239} INFO - Sync 1 DAGs
[2025-04-29T09:32:36.707+0000] {logging_mixin.py:190} INFO - [2025-04-29T09:32:36.706+0000] {dag.py:3262} INFO - Creating ORM DAG for latest_only_with_trigger
[2025-04-29T09:32:36.714+0000] {logging_mixin.py:190} INFO - [2025-04-29T09:32:36.714+0000] {dag.py:4180} INFO - Setting next_dagrun for latest_only_with_trigger to 2025-04-29 04:00:00+00:00, run_after=2025-04-29 08:00:00+00:00
[2025-04-29T09:32:36.730+0000] {processor.py:208} INFO - Processing /usr/local/python/3.12.1/lib/python3.12/site-packages/airflow/example_dags/example_latest_only_with_trigger.py took 0.194 seconds
[2025-04-29T09:33:36.062+0000] {processor.py:186} INFO - Started process (PID=14875) to work on /usr/local/python/3.12.1/lib/python3.12/site-packages/airflow/example_dags/example_latest_only_with_trigger.py
[2025-04-29T09:33:36.063+0000] {processor.py:914} INFO - Processing file /usr/local/python/3.12.1/lib/python3.12/site-packages/airflow/example_dags/example_latest_only_with_trigger.py for tasks to queue
[2025-04-29T09:33:36.064+0000] {logging_mixin.py:190} INFO - [2025-04-29T09:33:36.064+0000] {dagbag.py:588} INFO - Filling up the DagBag from /usr/local/python/3.12.1/lib/python3.12/site-packages/airflow/example_dags/example_latest_only_with_trigger.py
[2025-04-29T09:33:36.070+0000] {processor.py:925} INFO - DAG(s) 'latest_only_with_trigger' retrieved from /usr/local/python/3.12.1/lib/python3.12/site-packages/airflow/example_dags/example_latest_only_with_trigger.py
[2025-04-29T09:33:36.082+0000] {logging_mixin.py:190} INFO - [2025-04-29T09:33:36.082+0000] {dag.py:3239} INFO - Sync 1 DAGs
[2025-04-29T09:33:36.098+0000] {logging_mixin.py:190} INFO - [2025-04-29T09:33:36.098+0000] {dag.py:4180} INFO - Setting next_dagrun for latest_only_with_trigger to 2025-04-29 04:00:00+00:00, run_after=2025-04-29 08:00:00+00:00
[2025-04-29T09:33:36.113+0000] {processor.py:208} INFO - Processing /usr/local/python/3.12.1/lib/python3.12/site-packages/airflow/example_dags/example_latest_only_with_trigger.py took 0.055 seconds
[2025-04-29T09:34:32.469+0000] {processor.py:186} INFO - Started process (PID=15590) to work on /usr/local/python/3.12.1/lib/python3.12/site-packages/airflow/example_dags/example_latest_only_with_trigger.py
[2025-04-29T09:34:32.470+0000] {processor.py:914} INFO - Processing file /usr/local/python/3.12.1/lib/python3.12/site-packages/airflow/example_dags/example_latest_only_with_trigger.py for tasks to queue
[2025-04-29T09:34:32.471+0000] {logging_mixin.py:190} INFO - [2025-04-29T09:34:32.471+0000] {dagbag.py:588} INFO - Filling up the DagBag from /usr/local/python/3.12.1/lib/python3.12/site-packages/airflow/example_dags/example_latest_only_with_trigger.py
[2025-04-29T09:34:32.477+0000] {processor.py:925} INFO - DAG(s) 'latest_only_with_trigger' retrieved from /usr/local/python/3.12.1/lib/python3.12/site-packages/airflow/example_dags/example_latest_only_with_trigger.py
[2025-04-29T09:34:32.489+0000] {logging_mixin.py:190} INFO - [2025-04-29T09:34:32.488+0000] {dag.py:3239} INFO - Sync 1 DAGs
[2025-04-29T09:34:32.504+0000] {logging_mixin.py:190} INFO - [2025-04-29T09:34:32.504+0000] {dag.py:4180} INFO - Setting next_dagrun for latest_only_with_trigger to 2025-04-29 04:00:00+00:00, run_after=2025-04-29 08:00:00+00:00
[2025-04-29T09:34:32.519+0000] {processor.py:208} INFO - Processing /usr/local/python/3.12.1/lib/python3.12/site-packages/airflow/example_dags/example_latest_only_with_trigger.py took 0.054 seconds
[2025-04-29T09:35:28.779+0000] {processor.py:186} INFO - Started process (PID=17235) to work on /usr/local/python/3.12.1/lib/python3.12/site-packages/airflow/example_dags/example_latest_only_with_trigger.py
[2025-04-29T09:35:28.779+0000] {processor.py:914} INFO - Processing file /usr/local/python/3.12.1/lib/python3.12/site-packages/airflow/example_dags/example_latest_only_with_trigger.py for tasks to queue
[2025-04-29T09:35:28.781+0000] {logging_mixin.py:190} INFO - [2025-04-29T09:35:28.781+0000] {dagbag.py:588} INFO - Filling up the DagBag from /usr/local/python/3.12.1/lib/python3.12/site-packages/airflow/example_dags/example_latest_only_with_trigger.py
[2025-04-29T09:35:28.787+0000] {processor.py:925} INFO - DAG(s) 'latest_only_with_trigger' retrieved from /usr/local/python/3.12.1/lib/python3.12/site-packages/airflow/example_dags/example_latest_only_with_trigger.py
[2025-04-29T09:35:28.798+0000] {logging_mixin.py:190} INFO - [2025-04-29T09:35:28.798+0000] {dag.py:3239} INFO - Sync 1 DAGs
[2025-04-29T09:35:28.814+0000] {logging_mixin.py:190} INFO - [2025-04-29T09:35:28.814+0000] {dag.py:4180} INFO - Setting next_dagrun for latest_only_with_trigger to 2025-04-29 04:00:00+00:00, run_after=2025-04-29 08:00:00+00:00
[2025-04-29T09:35:28.830+0000] {processor.py:208} INFO - Processing /usr/local/python/3.12.1/lib/python3.12/site-packages/airflow/example_dags/example_latest_only_with_trigger.py took 0.055 seconds
[2025-04-29T09:36:22.448+0000] {processor.py:186} INFO - Started process (PID=17927) to work on /usr/local/python/3.12.1/lib/python3.12/site-packages/airflow/example_dags/example_latest_only_with_trigger.py
[2025-04-29T09:36:22.449+0000] {processor.py:914} INFO - Processing file /usr/local/python/3.12.1/lib/python3.12/site-packages/airflow/example_dags/example_latest_only_with_trigger.py for tasks to queue
[2025-04-29T09:36:22.451+0000] {logging_mixin.py:190} INFO - [2025-04-29T09:36:22.451+0000] {dagbag.py:588} INFO - Filling up the DagBag from /usr/local/python/3.12.1/lib/python3.12/site-packages/airflow/example_dags/example_latest_only_with_trigger.py
[2025-04-29T09:36:22.462+0000] {processor.py:925} INFO - DAG(s) 'latest_only_with_trigger' retrieved from /usr/local/python/3.12.1/lib/python3.12/site-packages/airflow/example_dags/example_latest_only_with_trigger.py
[2025-04-29T09:36:22.482+0000] {logging_mixin.py:190} INFO - [2025-04-29T09:36:22.481+0000] {dag.py:3239} INFO - Sync 1 DAGs
[2025-04-29T09:36:22.510+0000] {logging_mixin.py:190} INFO - [2025-04-29T09:36:22.510+0000] {dag.py:4180} INFO - Setting next_dagrun for latest_only_with_trigger to 2025-04-29 04:00:00+00:00, run_after=2025-04-29 08:00:00+00:00
[2025-04-29T09:36:22.534+0000] {processor.py:208} INFO - Processing /usr/local/python/3.12.1/lib/python3.12/site-packages/airflow/example_dags/example_latest_only_with_trigger.py took 0.094 seconds
[2025-04-29T09:37:15.732+0000] {processor.py:186} INFO - Started process (PID=18678) to work on /usr/local/python/3.12.1/lib/python3.12/site-packages/airflow/example_dags/example_latest_only_with_trigger.py
[2025-04-29T09:37:15.734+0000] {processor.py:914} INFO - Processing file /usr/local/python/3.12.1/lib/python3.12/site-packages/airflow/example_dags/example_latest_only_with_trigger.py for tasks to queue
[2025-04-29T09:37:15.736+0000] {logging_mixin.py:190} INFO - [2025-04-29T09:37:15.736+0000] {dagbag.py:588} INFO - Filling up the DagBag from /usr/local/python/3.12.1/lib/python3.12/site-packages/airflow/example_dags/example_latest_only_with_trigger.py
[2025-04-29T09:37:15.745+0000] {processor.py:925} INFO - DAG(s) 'latest_only_with_trigger' retrieved from /usr/local/python/3.12.1/lib/python3.12/site-packages/airflow/example_dags/example_latest_only_with_trigger.py
[2025-04-29T09:37:15.757+0000] {logging_mixin.py:190} INFO - [2025-04-29T09:37:15.757+0000] {dag.py:3239} INFO - Sync 1 DAGs
[2025-04-29T09:37:15.773+0000] {logging_mixin.py:190} INFO - [2025-04-29T09:37:15.773+0000] {dag.py:4180} INFO - Setting next_dagrun for latest_only_with_trigger to 2025-04-29 04:00:00+00:00, run_after=2025-04-29 08:00:00+00:00
[2025-04-29T09:37:15.789+0000] {processor.py:208} INFO - Processing /usr/local/python/3.12.1/lib/python3.12/site-packages/airflow/example_dags/example_latest_only_with_trigger.py took 0.063 seconds
[2025-04-29T09:38:10.134+0000] {processor.py:186} INFO - Started process (PID=19372) to work on /usr/local/python/3.12.1/lib/python3.12/site-packages/airflow/example_dags/example_latest_only_with_trigger.py
[2025-04-29T09:38:10.135+0000] {processor.py:914} INFO - Processing file /usr/local/python/3.12.1/lib/python3.12/site-packages/airflow/example_dags/example_latest_only_with_trigger.py for tasks to queue
[2025-04-29T09:38:10.137+0000] {logging_mixin.py:190} INFO - [2025-04-29T09:38:10.136+0000] {dagbag.py:588} INFO - Filling up the DagBag from /usr/local/python/3.12.1/lib/python3.12/site-packages/airflow/example_dags/example_latest_only_with_trigger.py
[2025-04-29T09:38:10.143+0000] {processor.py:925} INFO - DAG(s) 'latest_only_with_trigger' retrieved from /usr/local/python/3.12.1/lib/python3.12/site-packages/airflow/example_dags/example_latest_only_with_trigger.py
[2025-04-29T09:38:10.154+0000] {logging_mixin.py:190} INFO - [2025-04-29T09:38:10.154+0000] {dag.py:3239} INFO - Sync 1 DAGs
[2025-04-29T09:38:10.170+0000] {logging_mixin.py:190} INFO - [2025-04-29T09:38:10.169+0000] {dag.py:4180} INFO - Setting next_dagrun for latest_only_with_trigger to 2025-04-29 04:00:00+00:00, run_after=2025-04-29 08:00:00+00:00
[2025-04-29T09:38:10.185+0000] {processor.py:208} INFO - Processing /usr/local/python/3.12.1/lib/python3.12/site-packages/airflow/example_dags/example_latest_only_with_trigger.py took 0.055 seconds
