[2025-04-29T09:32:45.686+0000] {processor.py:186} INFO - Started process (PID=14147) to work on /usr/local/python/3.12.1/lib/python3.12/site-packages/airflow/example_dags/example_inlet_event_extra.py
[2025-04-29T09:32:45.687+0000] {processor.py:914} INFO - Processing file /usr/local/python/3.12.1/lib/python3.12/site-packages/airflow/example_dags/example_inlet_event_extra.py for tasks to queue
[2025-04-29T09:32:45.688+0000] {logging_mixin.py:190} INFO - [2025-04-29T09:32:45.688+0000] {dagbag.py:588} INFO - Filling up the DagBag from /usr/local/python/3.12.1/lib/python3.12/site-packages/airflow/example_dags/example_inlet_event_extra.py
[2025-04-29T09:32:45.698+0000] {processor.py:925} INFO - DAG(s) 'read_dataset_event_from_classic', 'read_dataset_event' retrieved from /usr/local/python/3.12.1/lib/python3.12/site-packages/airflow/example_dags/example_inlet_event_extra.py
[2025-04-29T09:32:45.779+0000] {logging_mixin.py:190} INFO - [2025-04-29T09:32:45.779+0000] {override.py:1912} INFO - Created Permission View: can delete on DAG:read_dataset_event_from_classic
[2025-04-29T09:32:45.788+0000] {logging_mixin.py:190} INFO - [2025-04-29T09:32:45.788+0000] {override.py:1912} INFO - Created Permission View: can read on DAG:read_dataset_event_from_classic
[2025-04-29T09:32:45.795+0000] {logging_mixin.py:190} INFO - [2025-04-29T09:32:45.795+0000] {override.py:1912} INFO - Created Permission View: can edit on DAG:read_dataset_event_from_classic
[2025-04-29T09:32:45.804+0000] {logging_mixin.py:190} INFO - [2025-04-29T09:32:45.804+0000] {override.py:1912} INFO - Created Permission View: menu access on DAG Run:read_dataset_event_from_classic
[2025-04-29T09:32:45.810+0000] {logging_mixin.py:190} INFO - [2025-04-29T09:32:45.810+0000] {override.py:1912} INFO - Created Permission View: can delete on DAG Run:read_dataset_event_from_classic
[2025-04-29T09:32:45.816+0000] {logging_mixin.py:190} INFO - [2025-04-29T09:32:45.816+0000] {override.py:1912} INFO - Created Permission View: can read on DAG Run:read_dataset_event_from_classic
[2025-04-29T09:32:45.822+0000] {logging_mixin.py:190} INFO - [2025-04-29T09:32:45.822+0000] {override.py:1912} INFO - Created Permission View: can create on DAG Run:read_dataset_event_from_classic
[2025-04-29T09:32:45.836+0000] {logging_mixin.py:190} INFO - [2025-04-29T09:32:45.836+0000] {override.py:1912} INFO - Created Permission View: can delete on DAG:read_dataset_event
[2025-04-29T09:32:45.843+0000] {logging_mixin.py:190} INFO - [2025-04-29T09:32:45.843+0000] {override.py:1912} INFO - Created Permission View: can read on DAG:read_dataset_event
[2025-04-29T09:32:45.851+0000] {logging_mixin.py:190} INFO - [2025-04-29T09:32:45.851+0000] {override.py:1912} INFO - Created Permission View: can edit on DAG:read_dataset_event
[2025-04-29T09:32:45.861+0000] {logging_mixin.py:190} INFO - [2025-04-29T09:32:45.861+0000] {override.py:1912} INFO - Created Permission View: menu access on DAG Run:read_dataset_event
[2025-04-29T09:32:45.867+0000] {logging_mixin.py:190} INFO - [2025-04-29T09:32:45.867+0000] {override.py:1912} INFO - Created Permission View: can delete on DAG Run:read_dataset_event
[2025-04-29T09:32:45.873+0000] {logging_mixin.py:190} INFO - [2025-04-29T09:32:45.873+0000] {override.py:1912} INFO - Created Permission View: can read on DAG Run:read_dataset_event
[2025-04-29T09:32:45.879+0000] {logging_mixin.py:190} INFO - [2025-04-29T09:32:45.879+0000] {override.py:1912} INFO - Created Permission View: can create on DAG Run:read_dataset_event
[2025-04-29T09:32:45.880+0000] {logging_mixin.py:190} INFO - [2025-04-29T09:32:45.880+0000] {dag.py:3239} INFO - Sync 2 DAGs
[2025-04-29T09:32:45.893+0000] {logging_mixin.py:190} INFO - [2025-04-29T09:32:45.893+0000] {dag.py:3262} INFO - Creating ORM DAG for read_dataset_event
[2025-04-29T09:32:45.894+0000] {logging_mixin.py:190} INFO - [2025-04-29T09:32:45.894+0000] {dag.py:3262} INFO - Creating ORM DAG for read_dataset_event_from_classic
[2025-04-29T09:32:45.901+0000] {logging_mixin.py:190} INFO - [2025-04-29T09:32:45.901+0000] {dag.py:4180} INFO - Setting next_dagrun for read_dataset_event to 2025-04-28 00:00:00+00:00, run_after=2025-04-29 00:00:00+00:00
[2025-04-29T09:32:45.903+0000] {logging_mixin.py:190} INFO - [2025-04-29T09:32:45.903+0000] {dag.py:4180} INFO - Setting next_dagrun for read_dataset_event_from_classic to 2025-04-28 00:00:00+00:00, run_after=2025-04-29 00:00:00+00:00
[2025-04-29T09:32:45.918+0000] {processor.py:208} INFO - Processing /usr/local/python/3.12.1/lib/python3.12/site-packages/airflow/example_dags/example_inlet_event_extra.py took 0.235 seconds
[2025-04-29T09:33:45.610+0000] {processor.py:186} INFO - Started process (PID=14949) to work on /usr/local/python/3.12.1/lib/python3.12/site-packages/airflow/example_dags/example_inlet_event_extra.py
[2025-04-29T09:33:45.611+0000] {processor.py:914} INFO - Processing file /usr/local/python/3.12.1/lib/python3.12/site-packages/airflow/example_dags/example_inlet_event_extra.py for tasks to queue
[2025-04-29T09:33:45.613+0000] {logging_mixin.py:190} INFO - [2025-04-29T09:33:45.612+0000] {dagbag.py:588} INFO - Filling up the DagBag from /usr/local/python/3.12.1/lib/python3.12/site-packages/airflow/example_dags/example_inlet_event_extra.py
[2025-04-29T09:33:45.627+0000] {processor.py:925} INFO - DAG(s) 'read_dataset_event_from_classic', 'read_dataset_event' retrieved from /usr/local/python/3.12.1/lib/python3.12/site-packages/airflow/example_dags/example_inlet_event_extra.py
[2025-04-29T09:33:45.640+0000] {logging_mixin.py:190} INFO - [2025-04-29T09:33:45.640+0000] {dag.py:3239} INFO - Sync 2 DAGs
[2025-04-29T09:33:45.657+0000] {logging_mixin.py:190} INFO - [2025-04-29T09:33:45.657+0000] {dag.py:4180} INFO - Setting next_dagrun for read_dataset_event to 2025-04-28 00:00:00+00:00, run_after=2025-04-29 00:00:00+00:00
[2025-04-29T09:33:45.661+0000] {logging_mixin.py:190} INFO - [2025-04-29T09:33:45.660+0000] {dag.py:4180} INFO - Setting next_dagrun for read_dataset_event_from_classic to 2025-04-28 00:00:00+00:00, run_after=2025-04-29 00:00:00+00:00
[2025-04-29T09:33:45.676+0000] {processor.py:208} INFO - Processing /usr/local/python/3.12.1/lib/python3.12/site-packages/airflow/example_dags/example_inlet_event_extra.py took 0.070 seconds
[2025-04-29T09:34:41.176+0000] {processor.py:186} INFO - Started process (PID=15662) to work on /usr/local/python/3.12.1/lib/python3.12/site-packages/airflow/example_dags/example_inlet_event_extra.py
[2025-04-29T09:34:41.177+0000] {processor.py:914} INFO - Processing file /usr/local/python/3.12.1/lib/python3.12/site-packages/airflow/example_dags/example_inlet_event_extra.py for tasks to queue
[2025-04-29T09:34:41.178+0000] {logging_mixin.py:190} INFO - [2025-04-29T09:34:41.178+0000] {dagbag.py:588} INFO - Filling up the DagBag from /usr/local/python/3.12.1/lib/python3.12/site-packages/airflow/example_dags/example_inlet_event_extra.py
[2025-04-29T09:34:41.188+0000] {processor.py:925} INFO - DAG(s) 'read_dataset_event', 'read_dataset_event_from_classic' retrieved from /usr/local/python/3.12.1/lib/python3.12/site-packages/airflow/example_dags/example_inlet_event_extra.py
[2025-04-29T09:34:41.199+0000] {logging_mixin.py:190} INFO - [2025-04-29T09:34:41.199+0000] {dag.py:3239} INFO - Sync 2 DAGs
[2025-04-29T09:34:41.216+0000] {logging_mixin.py:190} INFO - [2025-04-29T09:34:41.215+0000] {dag.py:4180} INFO - Setting next_dagrun for read_dataset_event to 2025-04-28 00:00:00+00:00, run_after=2025-04-29 00:00:00+00:00
[2025-04-29T09:34:41.219+0000] {logging_mixin.py:190} INFO - [2025-04-29T09:34:41.219+0000] {dag.py:4180} INFO - Setting next_dagrun for read_dataset_event_from_classic to 2025-04-28 00:00:00+00:00, run_after=2025-04-29 00:00:00+00:00
[2025-04-29T09:34:41.233+0000] {processor.py:208} INFO - Processing /usr/local/python/3.12.1/lib/python3.12/site-packages/airflow/example_dags/example_inlet_event_extra.py took 0.060 seconds
[2025-04-29T09:35:36.788+0000] {processor.py:186} INFO - Started process (PID=17334) to work on /usr/local/python/3.12.1/lib/python3.12/site-packages/airflow/example_dags/example_inlet_event_extra.py
[2025-04-29T09:35:36.789+0000] {processor.py:914} INFO - Processing file /usr/local/python/3.12.1/lib/python3.12/site-packages/airflow/example_dags/example_inlet_event_extra.py for tasks to queue
[2025-04-29T09:35:36.790+0000] {logging_mixin.py:190} INFO - [2025-04-29T09:35:36.790+0000] {dagbag.py:588} INFO - Filling up the DagBag from /usr/local/python/3.12.1/lib/python3.12/site-packages/airflow/example_dags/example_inlet_event_extra.py
[2025-04-29T09:35:36.800+0000] {processor.py:925} INFO - DAG(s) 'read_dataset_event_from_classic', 'read_dataset_event' retrieved from /usr/local/python/3.12.1/lib/python3.12/site-packages/airflow/example_dags/example_inlet_event_extra.py
[2025-04-29T09:35:36.813+0000] {logging_mixin.py:190} INFO - [2025-04-29T09:35:36.812+0000] {dag.py:3239} INFO - Sync 2 DAGs
[2025-04-29T09:35:36.829+0000] {logging_mixin.py:190} INFO - [2025-04-29T09:35:36.829+0000] {dag.py:4180} INFO - Setting next_dagrun for read_dataset_event to 2025-04-28 00:00:00+00:00, run_after=2025-04-29 00:00:00+00:00
[2025-04-29T09:35:36.832+0000] {logging_mixin.py:190} INFO - [2025-04-29T09:35:36.832+0000] {dag.py:4180} INFO - Setting next_dagrun for read_dataset_event_from_classic to 2025-04-28 00:00:00+00:00, run_after=2025-04-29 00:00:00+00:00
[2025-04-29T09:35:36.847+0000] {processor.py:208} INFO - Processing /usr/local/python/3.12.1/lib/python3.12/site-packages/airflow/example_dags/example_inlet_event_extra.py took 0.062 seconds
[2025-04-29T09:36:32.253+0000] {processor.py:186} INFO - Started process (PID=18032) to work on /usr/local/python/3.12.1/lib/python3.12/site-packages/airflow/example_dags/example_inlet_event_extra.py
[2025-04-29T09:36:32.254+0000] {processor.py:914} INFO - Processing file /usr/local/python/3.12.1/lib/python3.12/site-packages/airflow/example_dags/example_inlet_event_extra.py for tasks to queue
[2025-04-29T09:36:32.255+0000] {logging_mixin.py:190} INFO - [2025-04-29T09:36:32.255+0000] {dagbag.py:588} INFO - Filling up the DagBag from /usr/local/python/3.12.1/lib/python3.12/site-packages/airflow/example_dags/example_inlet_event_extra.py
[2025-04-29T09:36:32.265+0000] {processor.py:925} INFO - DAG(s) 'read_dataset_event_from_classic', 'read_dataset_event' retrieved from /usr/local/python/3.12.1/lib/python3.12/site-packages/airflow/example_dags/example_inlet_event_extra.py
[2025-04-29T09:36:32.276+0000] {logging_mixin.py:190} INFO - [2025-04-29T09:36:32.276+0000] {dag.py:3239} INFO - Sync 2 DAGs
[2025-04-29T09:36:32.293+0000] {logging_mixin.py:190} INFO - [2025-04-29T09:36:32.293+0000] {dag.py:4180} INFO - Setting next_dagrun for read_dataset_event to 2025-04-28 00:00:00+00:00, run_after=2025-04-29 00:00:00+00:00
[2025-04-29T09:36:32.297+0000] {logging_mixin.py:190} INFO - [2025-04-29T09:36:32.297+0000] {dag.py:4180} INFO - Setting next_dagrun for read_dataset_event_from_classic to 2025-04-28 00:00:00+00:00, run_after=2025-04-29 00:00:00+00:00
[2025-04-29T09:36:32.311+0000] {processor.py:208} INFO - Processing /usr/local/python/3.12.1/lib/python3.12/site-packages/airflow/example_dags/example_inlet_event_extra.py took 0.062 seconds
[2025-04-29T09:37:24.731+0000] {processor.py:186} INFO - Started process (PID=18793) to work on /usr/local/python/3.12.1/lib/python3.12/site-packages/airflow/example_dags/example_inlet_event_extra.py
[2025-04-29T09:37:24.732+0000] {processor.py:914} INFO - Processing file /usr/local/python/3.12.1/lib/python3.12/site-packages/airflow/example_dags/example_inlet_event_extra.py for tasks to queue
[2025-04-29T09:37:24.733+0000] {logging_mixin.py:190} INFO - [2025-04-29T09:37:24.733+0000] {dagbag.py:588} INFO - Filling up the DagBag from /usr/local/python/3.12.1/lib/python3.12/site-packages/airflow/example_dags/example_inlet_event_extra.py
[2025-04-29T09:37:24.743+0000] {processor.py:925} INFO - DAG(s) 'read_dataset_event', 'read_dataset_event_from_classic' retrieved from /usr/local/python/3.12.1/lib/python3.12/site-packages/airflow/example_dags/example_inlet_event_extra.py
[2025-04-29T09:37:24.755+0000] {logging_mixin.py:190} INFO - [2025-04-29T09:37:24.755+0000] {dag.py:3239} INFO - Sync 2 DAGs
[2025-04-29T09:37:24.773+0000] {logging_mixin.py:190} INFO - [2025-04-29T09:37:24.773+0000] {dag.py:4180} INFO - Setting next_dagrun for read_dataset_event to 2025-04-28 00:00:00+00:00, run_after=2025-04-29 00:00:00+00:00
[2025-04-29T09:37:24.776+0000] {logging_mixin.py:190} INFO - [2025-04-29T09:37:24.776+0000] {dag.py:4180} INFO - Setting next_dagrun for read_dataset_event_from_classic to 2025-04-28 00:00:00+00:00, run_after=2025-04-29 00:00:00+00:00
[2025-04-29T09:37:24.790+0000] {processor.py:208} INFO - Processing /usr/local/python/3.12.1/lib/python3.12/site-packages/airflow/example_dags/example_inlet_event_extra.py took 0.063 seconds
[2025-04-29T09:38:18.125+0000] {processor.py:186} INFO - Started process (PID=19472) to work on /usr/local/python/3.12.1/lib/python3.12/site-packages/airflow/example_dags/example_inlet_event_extra.py
[2025-04-29T09:38:18.126+0000] {processor.py:914} INFO - Processing file /usr/local/python/3.12.1/lib/python3.12/site-packages/airflow/example_dags/example_inlet_event_extra.py for tasks to queue
[2025-04-29T09:38:18.128+0000] {logging_mixin.py:190} INFO - [2025-04-29T09:38:18.127+0000] {dagbag.py:588} INFO - Filling up the DagBag from /usr/local/python/3.12.1/lib/python3.12/site-packages/airflow/example_dags/example_inlet_event_extra.py
[2025-04-29T09:38:18.137+0000] {processor.py:925} INFO - DAG(s) 'read_dataset_event', 'read_dataset_event_from_classic' retrieved from /usr/local/python/3.12.1/lib/python3.12/site-packages/airflow/example_dags/example_inlet_event_extra.py
[2025-04-29T09:38:18.149+0000] {logging_mixin.py:190} INFO - [2025-04-29T09:38:18.149+0000] {dag.py:3239} INFO - Sync 2 DAGs
[2025-04-29T09:38:18.170+0000] {logging_mixin.py:190} INFO - [2025-04-29T09:38:18.170+0000] {dag.py:4180} INFO - Setting next_dagrun for read_dataset_event to 2025-04-28 00:00:00+00:00, run_after=2025-04-29 00:00:00+00:00
[2025-04-29T09:38:18.174+0000] {logging_mixin.py:190} INFO - [2025-04-29T09:38:18.174+0000] {dag.py:4180} INFO - Setting next_dagrun for read_dataset_event_from_classic to 2025-04-28 00:00:00+00:00, run_after=2025-04-29 00:00:00+00:00
[2025-04-29T09:38:18.188+0000] {processor.py:208} INFO - Processing /usr/local/python/3.12.1/lib/python3.12/site-packages/airflow/example_dags/example_inlet_event_extra.py took 0.067 seconds
