[2025-04-29T09:32:23.672+0000] {processor.py:186} INFO - Started process (PID=13954) to work on /usr/local/python/3.12.1/lib/python3.12/site-packages/airflow/example_dags/example_subdag_operator.py
[2025-04-29T09:32:23.673+0000] {processor.py:914} INFO - Processing file /usr/local/python/3.12.1/lib/python3.12/site-packages/airflow/example_dags/example_subdag_operator.py for tasks to queue
[2025-04-29T09:32:23.674+0000] {logging_mixin.py:190} INFO - [2025-04-29T09:32:23.674+0000] {dagbag.py:588} INFO - Filling up the DagBag from /usr/local/python/3.12.1/lib/python3.12/site-packages/airflow/example_dags/example_subdag_operator.py
[2025-04-29T09:32:23.691+0000] {processor.py:925} INFO - DAG(s) 'example_subdag_operator.section-1', 'example_subdag_operator.section-2', 'example_subdag_operator' retrieved from /usr/local/python/3.12.1/lib/python3.12/site-packages/airflow/example_dags/example_subdag_operator.py
[2025-04-29T09:32:23.780+0000] {logging_mixin.py:190} INFO - [2025-04-29T09:32:23.780+0000] {override.py:1912} INFO - Created Permission View: can delete on DAG:example_subdag_operator
[2025-04-29T09:32:23.789+0000] {logging_mixin.py:190} INFO - [2025-04-29T09:32:23.789+0000] {override.py:1912} INFO - Created Permission View: can read on DAG:example_subdag_operator
[2025-04-29T09:32:23.795+0000] {logging_mixin.py:190} INFO - [2025-04-29T09:32:23.795+0000] {override.py:1912} INFO - Created Permission View: can edit on DAG:example_subdag_operator
[2025-04-29T09:32:23.804+0000] {logging_mixin.py:190} INFO - [2025-04-29T09:32:23.804+0000] {override.py:1912} INFO - Created Permission View: menu access on DAG Run:example_subdag_operator
[2025-04-29T09:32:23.810+0000] {logging_mixin.py:190} INFO - [2025-04-29T09:32:23.810+0000] {override.py:1912} INFO - Created Permission View: can delete on DAG Run:example_subdag_operator
[2025-04-29T09:32:23.817+0000] {logging_mixin.py:190} INFO - [2025-04-29T09:32:23.817+0000] {override.py:1912} INFO - Created Permission View: can read on DAG Run:example_subdag_operator
[2025-04-29T09:32:23.826+0000] {logging_mixin.py:190} INFO - [2025-04-29T09:32:23.826+0000] {override.py:1912} INFO - Created Permission View: can create on DAG Run:example_subdag_operator
[2025-04-29T09:32:23.827+0000] {logging_mixin.py:190} INFO - [2025-04-29T09:32:23.826+0000] {dag.py:3239} INFO - Sync 3 DAGs
[2025-04-29T09:32:23.837+0000] {logging_mixin.py:190} INFO - [2025-04-29T09:32:23.837+0000] {dag.py:3262} INFO - Creating ORM DAG for example_subdag_operator.section-1
[2025-04-29T09:32:23.837+0000] {logging_mixin.py:190} INFO - [2025-04-29T09:32:23.837+0000] {dag.py:3262} INFO - Creating ORM DAG for example_subdag_operator
[2025-04-29T09:32:23.838+0000] {logging_mixin.py:190} INFO - [2025-04-29T09:32:23.838+0000] {dag.py:3262} INFO - Creating ORM DAG for example_subdag_operator.section-2
[2025-04-29T09:32:23.844+0000] {logging_mixin.py:190} INFO - [2025-04-29T09:32:23.844+0000] {dag.py:4180} INFO - Setting next_dagrun for example_subdag_operator to 2022-01-01 00:00:00+00:00, run_after=2022-01-01 00:00:00+00:00
[2025-04-29T09:32:23.845+0000] {logging_mixin.py:190} INFO - [2025-04-29T09:32:23.844+0000] {dag.py:4180} INFO - Setting next_dagrun for example_subdag_operator.section-1 to None, run_after=None
[2025-04-29T09:32:23.845+0000] {logging_mixin.py:190} INFO - [2025-04-29T09:32:23.845+0000] {dag.py:4180} INFO - Setting next_dagrun for example_subdag_operator.section-2 to None, run_after=None
[2025-04-29T09:32:23.850+0000] {logging_mixin.py:190} INFO - [2025-04-29T09:32:23.850+0000] {dag.py:3239} INFO - Sync 2 DAGs
[2025-04-29T09:32:23.855+0000] {logging_mixin.py:190} INFO - [2025-04-29T09:32:23.855+0000] {dag.py:4180} INFO - Setting next_dagrun for example_subdag_operator.section-1 to None, run_after=None
[2025-04-29T09:32:23.857+0000] {logging_mixin.py:190} INFO - [2025-04-29T09:32:23.857+0000] {dag.py:4180} INFO - Setting next_dagrun for example_subdag_operator.section-2 to None, run_after=None
[2025-04-29T09:32:23.868+0000] {processor.py:208} INFO - Processing /usr/local/python/3.12.1/lib/python3.12/site-packages/airflow/example_dags/example_subdag_operator.py took 0.200 seconds
[2025-04-29T09:33:25.172+0000] {processor.py:186} INFO - Started process (PID=14666) to work on /usr/local/python/3.12.1/lib/python3.12/site-packages/airflow/example_dags/example_subdag_operator.py
[2025-04-29T09:33:25.173+0000] {processor.py:914} INFO - Processing file /usr/local/python/3.12.1/lib/python3.12/site-packages/airflow/example_dags/example_subdag_operator.py for tasks to queue
[2025-04-29T09:33:25.174+0000] {logging_mixin.py:190} INFO - [2025-04-29T09:33:25.174+0000] {dagbag.py:588} INFO - Filling up the DagBag from /usr/local/python/3.12.1/lib/python3.12/site-packages/airflow/example_dags/example_subdag_operator.py
[2025-04-29T09:33:25.191+0000] {processor.py:925} INFO - DAG(s) 'example_subdag_operator.section-1', 'example_subdag_operator.section-2', 'example_subdag_operator' retrieved from /usr/local/python/3.12.1/lib/python3.12/site-packages/airflow/example_dags/example_subdag_operator.py
[2025-04-29T09:33:25.201+0000] {logging_mixin.py:190} INFO - [2025-04-29T09:33:25.201+0000] {dag.py:3239} INFO - Sync 3 DAGs
[2025-04-29T09:33:25.217+0000] {logging_mixin.py:190} INFO - [2025-04-29T09:33:25.216+0000] {dag.py:4180} INFO - Setting next_dagrun for example_subdag_operator to 2022-01-01 00:00:00+00:00, run_after=2022-01-01 00:00:00+00:00
[2025-04-29T09:33:25.219+0000] {logging_mixin.py:190} INFO - [2025-04-29T09:33:25.219+0000] {dag.py:4180} INFO - Setting next_dagrun for example_subdag_operator.section-1 to None, run_after=None
[2025-04-29T09:33:25.220+0000] {logging_mixin.py:190} INFO - [2025-04-29T09:33:25.220+0000] {dag.py:4180} INFO - Setting next_dagrun for example_subdag_operator.section-2 to None, run_after=None
[2025-04-29T09:33:25.224+0000] {logging_mixin.py:190} INFO - [2025-04-29T09:33:25.224+0000] {dag.py:3239} INFO - Sync 2 DAGs
[2025-04-29T09:33:25.227+0000] {logging_mixin.py:190} INFO - [2025-04-29T09:33:25.227+0000] {dag.py:4180} INFO - Setting next_dagrun for example_subdag_operator.section-1 to None, run_after=None
[2025-04-29T09:33:25.227+0000] {logging_mixin.py:190} INFO - [2025-04-29T09:33:25.227+0000] {dag.py:4180} INFO - Setting next_dagrun for example_subdag_operator.section-2 to None, run_after=None
[2025-04-29T09:33:25.238+0000] {processor.py:208} INFO - Processing /usr/local/python/3.12.1/lib/python3.12/site-packages/airflow/example_dags/example_subdag_operator.py took 0.069 seconds
[2025-04-29T09:34:22.168+0000] {processor.py:186} INFO - Started process (PID=15509) to work on /usr/local/python/3.12.1/lib/python3.12/site-packages/airflow/example_dags/example_subdag_operator.py
[2025-04-29T09:34:22.169+0000] {processor.py:914} INFO - Processing file /usr/local/python/3.12.1/lib/python3.12/site-packages/airflow/example_dags/example_subdag_operator.py for tasks to queue
[2025-04-29T09:34:22.170+0000] {logging_mixin.py:190} INFO - [2025-04-29T09:34:22.170+0000] {dagbag.py:588} INFO - Filling up the DagBag from /usr/local/python/3.12.1/lib/python3.12/site-packages/airflow/example_dags/example_subdag_operator.py
[2025-04-29T09:34:22.186+0000] {processor.py:925} INFO - DAG(s) 'example_subdag_operator.section-1', 'example_subdag_operator.section-2', 'example_subdag_operator' retrieved from /usr/local/python/3.12.1/lib/python3.12/site-packages/airflow/example_dags/example_subdag_operator.py
[2025-04-29T09:34:22.203+0000] {logging_mixin.py:190} INFO - [2025-04-29T09:34:22.202+0000] {dag.py:3239} INFO - Sync 3 DAGs
[2025-04-29T09:34:22.226+0000] {logging_mixin.py:190} INFO - [2025-04-29T09:34:22.225+0000] {dag.py:4180} INFO - Setting next_dagrun for example_subdag_operator to 2022-01-01 00:00:00+00:00, run_after=2022-01-01 00:00:00+00:00
[2025-04-29T09:34:22.229+0000] {logging_mixin.py:190} INFO - [2025-04-29T09:34:22.229+0000] {dag.py:4180} INFO - Setting next_dagrun for example_subdag_operator.section-1 to None, run_after=None
[2025-04-29T09:34:22.230+0000] {logging_mixin.py:190} INFO - [2025-04-29T09:34:22.230+0000] {dag.py:4180} INFO - Setting next_dagrun for example_subdag_operator.section-2 to None, run_after=None
[2025-04-29T09:34:22.237+0000] {logging_mixin.py:190} INFO - [2025-04-29T09:34:22.237+0000] {dag.py:3239} INFO - Sync 2 DAGs
[2025-04-29T09:34:22.241+0000] {logging_mixin.py:190} INFO - [2025-04-29T09:34:22.241+0000] {dag.py:4180} INFO - Setting next_dagrun for example_subdag_operator.section-1 to None, run_after=None
[2025-04-29T09:34:22.241+0000] {logging_mixin.py:190} INFO - [2025-04-29T09:34:22.241+0000] {dag.py:4180} INFO - Setting next_dagrun for example_subdag_operator.section-2 to None, run_after=None
[2025-04-29T09:34:22.261+0000] {processor.py:208} INFO - Processing /usr/local/python/3.12.1/lib/python3.12/site-packages/airflow/example_dags/example_subdag_operator.py took 0.097 seconds
[2025-04-29T09:35:16.557+0000] {processor.py:186} INFO - Started process (PID=17092) to work on /usr/local/python/3.12.1/lib/python3.12/site-packages/airflow/example_dags/example_subdag_operator.py
[2025-04-29T09:35:16.558+0000] {processor.py:914} INFO - Processing file /usr/local/python/3.12.1/lib/python3.12/site-packages/airflow/example_dags/example_subdag_operator.py for tasks to queue
[2025-04-29T09:35:16.560+0000] {logging_mixin.py:190} INFO - [2025-04-29T09:35:16.559+0000] {dagbag.py:588} INFO - Filling up the DagBag from /usr/local/python/3.12.1/lib/python3.12/site-packages/airflow/example_dags/example_subdag_operator.py
[2025-04-29T09:35:16.577+0000] {processor.py:925} INFO - DAG(s) 'example_subdag_operator.section-1', 'example_subdag_operator.section-2', 'example_subdag_operator' retrieved from /usr/local/python/3.12.1/lib/python3.12/site-packages/airflow/example_dags/example_subdag_operator.py
[2025-04-29T09:35:16.595+0000] {logging_mixin.py:190} INFO - [2025-04-29T09:35:16.594+0000] {dag.py:3239} INFO - Sync 3 DAGs
[2025-04-29T09:35:16.620+0000] {logging_mixin.py:190} INFO - [2025-04-29T09:35:16.619+0000] {dag.py:4180} INFO - Setting next_dagrun for example_subdag_operator to 2022-01-01 00:00:00+00:00, run_after=2022-01-01 00:00:00+00:00
[2025-04-29T09:35:16.623+0000] {logging_mixin.py:190} INFO - [2025-04-29T09:35:16.623+0000] {dag.py:4180} INFO - Setting next_dagrun for example_subdag_operator.section-1 to None, run_after=None
[2025-04-29T09:35:16.624+0000] {logging_mixin.py:190} INFO - [2025-04-29T09:35:16.624+0000] {dag.py:4180} INFO - Setting next_dagrun for example_subdag_operator.section-2 to None, run_after=None
[2025-04-29T09:35:16.644+0000] {logging_mixin.py:190} INFO - [2025-04-29T09:35:16.644+0000] {dag.py:3239} INFO - Sync 2 DAGs
[2025-04-29T09:35:16.663+0000] {logging_mixin.py:190} INFO - [2025-04-29T09:35:16.663+0000] {dag.py:4180} INFO - Setting next_dagrun for example_subdag_operator.section-1 to None, run_after=None
[2025-04-29T09:35:16.663+0000] {logging_mixin.py:190} INFO - [2025-04-29T09:35:16.663+0000] {dag.py:4180} INFO - Setting next_dagrun for example_subdag_operator.section-2 to None, run_after=None
[2025-04-29T09:35:16.693+0000] {processor.py:208} INFO - Processing /usr/local/python/3.12.1/lib/python3.12/site-packages/airflow/example_dags/example_subdag_operator.py took 0.140 seconds
[2025-04-29T09:36:10.043+0000] {processor.py:186} INFO - Started process (PID=17783) to work on /usr/local/python/3.12.1/lib/python3.12/site-packages/airflow/example_dags/example_subdag_operator.py
[2025-04-29T09:36:10.044+0000] {processor.py:914} INFO - Processing file /usr/local/python/3.12.1/lib/python3.12/site-packages/airflow/example_dags/example_subdag_operator.py for tasks to queue
[2025-04-29T09:36:10.045+0000] {logging_mixin.py:190} INFO - [2025-04-29T09:36:10.045+0000] {dagbag.py:588} INFO - Filling up the DagBag from /usr/local/python/3.12.1/lib/python3.12/site-packages/airflow/example_dags/example_subdag_operator.py
[2025-04-29T09:36:10.062+0000] {processor.py:925} INFO - DAG(s) 'example_subdag_operator.section-1', 'example_subdag_operator.section-2', 'example_subdag_operator' retrieved from /usr/local/python/3.12.1/lib/python3.12/site-packages/airflow/example_dags/example_subdag_operator.py
[2025-04-29T09:36:10.073+0000] {logging_mixin.py:190} INFO - [2025-04-29T09:36:10.073+0000] {dag.py:3239} INFO - Sync 3 DAGs
[2025-04-29T09:36:10.088+0000] {logging_mixin.py:190} INFO - [2025-04-29T09:36:10.088+0000] {dag.py:4180} INFO - Setting next_dagrun for example_subdag_operator to 2022-01-01 00:00:00+00:00, run_after=2022-01-01 00:00:00+00:00
[2025-04-29T09:36:10.091+0000] {logging_mixin.py:190} INFO - [2025-04-29T09:36:10.091+0000] {dag.py:4180} INFO - Setting next_dagrun for example_subdag_operator.section-1 to None, run_after=None
[2025-04-29T09:36:10.092+0000] {logging_mixin.py:190} INFO - [2025-04-29T09:36:10.091+0000] {dag.py:4180} INFO - Setting next_dagrun for example_subdag_operator.section-2 to None, run_after=None
[2025-04-29T09:36:10.097+0000] {logging_mixin.py:190} INFO - [2025-04-29T09:36:10.097+0000] {dag.py:3239} INFO - Sync 2 DAGs
[2025-04-29T09:36:10.100+0000] {logging_mixin.py:190} INFO - [2025-04-29T09:36:10.099+0000] {dag.py:4180} INFO - Setting next_dagrun for example_subdag_operator.section-1 to None, run_after=None
[2025-04-29T09:36:10.100+0000] {logging_mixin.py:190} INFO - [2025-04-29T09:36:10.100+0000] {dag.py:4180} INFO - Setting next_dagrun for example_subdag_operator.section-2 to None, run_after=None
[2025-04-29T09:36:10.110+0000] {processor.py:208} INFO - Processing /usr/local/python/3.12.1/lib/python3.12/site-packages/airflow/example_dags/example_subdag_operator.py took 0.071 seconds
[2025-04-29T09:37:01.287+0000] {processor.py:186} INFO - Started process (PID=18434) to work on /usr/local/python/3.12.1/lib/python3.12/site-packages/airflow/example_dags/example_subdag_operator.py
[2025-04-29T09:37:01.288+0000] {processor.py:914} INFO - Processing file /usr/local/python/3.12.1/lib/python3.12/site-packages/airflow/example_dags/example_subdag_operator.py for tasks to queue
[2025-04-29T09:37:01.290+0000] {logging_mixin.py:190} INFO - [2025-04-29T09:37:01.290+0000] {dagbag.py:588} INFO - Filling up the DagBag from /usr/local/python/3.12.1/lib/python3.12/site-packages/airflow/example_dags/example_subdag_operator.py
[2025-04-29T09:37:01.315+0000] {processor.py:925} INFO - DAG(s) 'example_subdag_operator.section-1', 'example_subdag_operator.section-2', 'example_subdag_operator' retrieved from /usr/local/python/3.12.1/lib/python3.12/site-packages/airflow/example_dags/example_subdag_operator.py
[2025-04-29T09:37:01.333+0000] {logging_mixin.py:190} INFO - [2025-04-29T09:37:01.333+0000] {dag.py:3239} INFO - Sync 3 DAGs
[2025-04-29T09:37:01.355+0000] {logging_mixin.py:190} INFO - [2025-04-29T09:37:01.354+0000] {dag.py:4180} INFO - Setting next_dagrun for example_subdag_operator to 2022-01-01 00:00:00+00:00, run_after=2022-01-01 00:00:00+00:00
[2025-04-29T09:37:01.358+0000] {logging_mixin.py:190} INFO - [2025-04-29T09:37:01.358+0000] {dag.py:4180} INFO - Setting next_dagrun for example_subdag_operator.section-1 to None, run_after=None
[2025-04-29T09:37:01.359+0000] {logging_mixin.py:190} INFO - [2025-04-29T09:37:01.359+0000] {dag.py:4180} INFO - Setting next_dagrun for example_subdag_operator.section-2 to None, run_after=None
[2025-04-29T09:37:01.366+0000] {logging_mixin.py:190} INFO - [2025-04-29T09:37:01.366+0000] {dag.py:3239} INFO - Sync 2 DAGs
[2025-04-29T09:37:01.371+0000] {logging_mixin.py:190} INFO - [2025-04-29T09:37:01.371+0000] {dag.py:4180} INFO - Setting next_dagrun for example_subdag_operator.section-1 to None, run_after=None
[2025-04-29T09:37:01.371+0000] {logging_mixin.py:190} INFO - [2025-04-29T09:37:01.371+0000] {dag.py:4180} INFO - Setting next_dagrun for example_subdag_operator.section-2 to None, run_after=None
[2025-04-29T09:37:01.387+0000] {processor.py:208} INFO - Processing /usr/local/python/3.12.1/lib/python3.12/site-packages/airflow/example_dags/example_subdag_operator.py took 0.105 seconds
[2025-04-29T09:37:54.017+0000] {processor.py:186} INFO - Started process (PID=19115) to work on /usr/local/python/3.12.1/lib/python3.12/site-packages/airflow/example_dags/example_subdag_operator.py
[2025-04-29T09:37:54.017+0000] {processor.py:914} INFO - Processing file /usr/local/python/3.12.1/lib/python3.12/site-packages/airflow/example_dags/example_subdag_operator.py for tasks to queue
[2025-04-29T09:37:54.019+0000] {logging_mixin.py:190} INFO - [2025-04-29T09:37:54.019+0000] {dagbag.py:588} INFO - Filling up the DagBag from /usr/local/python/3.12.1/lib/python3.12/site-packages/airflow/example_dags/example_subdag_operator.py
[2025-04-29T09:37:54.036+0000] {processor.py:925} INFO - DAG(s) 'example_subdag_operator.section-1', 'example_subdag_operator.section-2', 'example_subdag_operator' retrieved from /usr/local/python/3.12.1/lib/python3.12/site-packages/airflow/example_dags/example_subdag_operator.py
[2025-04-29T09:37:54.047+0000] {logging_mixin.py:190} INFO - [2025-04-29T09:37:54.046+0000] {dag.py:3239} INFO - Sync 3 DAGs
[2025-04-29T09:37:54.063+0000] {logging_mixin.py:190} INFO - [2025-04-29T09:37:54.063+0000] {dag.py:4180} INFO - Setting next_dagrun for example_subdag_operator to 2022-01-01 00:00:00+00:00, run_after=2022-01-01 00:00:00+00:00
[2025-04-29T09:37:54.065+0000] {logging_mixin.py:190} INFO - [2025-04-29T09:37:54.065+0000] {dag.py:4180} INFO - Setting next_dagrun for example_subdag_operator.section-1 to None, run_after=None
[2025-04-29T09:37:54.066+0000] {logging_mixin.py:190} INFO - [2025-04-29T09:37:54.066+0000] {dag.py:4180} INFO - Setting next_dagrun for example_subdag_operator.section-2 to None, run_after=None
[2025-04-29T09:37:54.071+0000] {logging_mixin.py:190} INFO - [2025-04-29T09:37:54.070+0000] {dag.py:3239} INFO - Sync 2 DAGs
[2025-04-29T09:37:54.073+0000] {logging_mixin.py:190} INFO - [2025-04-29T09:37:54.073+0000] {dag.py:4180} INFO - Setting next_dagrun for example_subdag_operator.section-1 to None, run_after=None
[2025-04-29T09:37:54.074+0000] {logging_mixin.py:190} INFO - [2025-04-29T09:37:54.073+0000] {dag.py:4180} INFO - Setting next_dagrun for example_subdag_operator.section-2 to None, run_after=None
[2025-04-29T09:37:54.083+0000] {processor.py:208} INFO - Processing /usr/local/python/3.12.1/lib/python3.12/site-packages/airflow/example_dags/example_subdag_operator.py took 0.071 seconds
[2025-04-29T09:38:48.510+0000] {processor.py:186} INFO - Started process (PID=19901) to work on /usr/local/python/3.12.1/lib/python3.12/site-packages/airflow/example_dags/example_subdag_operator.py
[2025-04-29T09:38:48.511+0000] {processor.py:914} INFO - Processing file /usr/local/python/3.12.1/lib/python3.12/site-packages/airflow/example_dags/example_subdag_operator.py for tasks to queue
[2025-04-29T09:38:48.513+0000] {logging_mixin.py:190} INFO - [2025-04-29T09:38:48.512+0000] {dagbag.py:588} INFO - Filling up the DagBag from /usr/local/python/3.12.1/lib/python3.12/site-packages/airflow/example_dags/example_subdag_operator.py
[2025-04-29T09:38:48.529+0000] {processor.py:925} INFO - DAG(s) 'example_subdag_operator.section-1', 'example_subdag_operator.section-2', 'example_subdag_operator' retrieved from /usr/local/python/3.12.1/lib/python3.12/site-packages/airflow/example_dags/example_subdag_operator.py
[2025-04-29T09:38:48.541+0000] {logging_mixin.py:190} INFO - [2025-04-29T09:38:48.541+0000] {dag.py:3239} INFO - Sync 3 DAGs
[2025-04-29T09:38:48.555+0000] {logging_mixin.py:190} INFO - [2025-04-29T09:38:48.555+0000] {dag.py:4180} INFO - Setting next_dagrun for example_subdag_operator to 2022-01-01 00:00:00+00:00, run_after=2022-01-01 00:00:00+00:00
[2025-04-29T09:38:48.559+0000] {logging_mixin.py:190} INFO - [2025-04-29T09:38:48.558+0000] {dag.py:4180} INFO - Setting next_dagrun for example_subdag_operator.section-1 to None, run_after=None
[2025-04-29T09:38:48.559+0000] {logging_mixin.py:190} INFO - [2025-04-29T09:38:48.559+0000] {dag.py:4180} INFO - Setting next_dagrun for example_subdag_operator.section-2 to None, run_after=None
[2025-04-29T09:38:48.564+0000] {logging_mixin.py:190} INFO - [2025-04-29T09:38:48.564+0000] {dag.py:3239} INFO - Sync 2 DAGs
[2025-04-29T09:38:48.566+0000] {logging_mixin.py:190} INFO - [2025-04-29T09:38:48.566+0000] {dag.py:4180} INFO - Setting next_dagrun for example_subdag_operator.section-1 to None, run_after=None
[2025-04-29T09:38:48.567+0000] {logging_mixin.py:190} INFO - [2025-04-29T09:38:48.566+0000] {dag.py:4180} INFO - Setting next_dagrun for example_subdag_operator.section-2 to None, run_after=None
[2025-04-29T09:38:48.576+0000] {processor.py:208} INFO - Processing /usr/local/python/3.12.1/lib/python3.12/site-packages/airflow/example_dags/example_subdag_operator.py took 0.070 seconds
