[2025-04-29T09:32:53.586+0000] {processor.py:186} INFO - Started process (PID=14220) to work on /usr/local/python/3.12.1/lib/python3.12/site-packages/airflow/example_dags/example_branch_python_dop_operator_3.py
[2025-04-29T09:32:53.587+0000] {processor.py:914} INFO - Processing file /usr/local/python/3.12.1/lib/python3.12/site-packages/airflow/example_dags/example_branch_python_dop_operator_3.py for tasks to queue
[2025-04-29T09:32:53.588+0000] {logging_mixin.py:190} INFO - [2025-04-29T09:32:53.588+0000] {dagbag.py:588} INFO - Filling up the DagBag from /usr/local/python/3.12.1/lib/python3.12/site-packages/airflow/example_dags/example_branch_python_dop_operator_3.py
[2025-04-29T09:32:53.596+0000] {processor.py:925} INFO - DAG(s) 'example_branch_dop_operator_v3' retrieved from /usr/local/python/3.12.1/lib/python3.12/site-packages/airflow/example_dags/example_branch_python_dop_operator_3.py
[2025-04-29T09:32:53.679+0000] {logging_mixin.py:190} INFO - [2025-04-29T09:32:53.678+0000] {override.py:1912} INFO - Created Permission View: can delete on DAG:example_branch_dop_operator_v3
[2025-04-29T09:32:53.688+0000] {logging_mixin.py:190} INFO - [2025-04-29T09:32:53.688+0000] {override.py:1912} INFO - Created Permission View: can read on DAG:example_branch_dop_operator_v3
[2025-04-29T09:32:53.694+0000] {logging_mixin.py:190} INFO - [2025-04-29T09:32:53.694+0000] {override.py:1912} INFO - Created Permission View: can edit on DAG:example_branch_dop_operator_v3
[2025-04-29T09:32:53.704+0000] {logging_mixin.py:190} INFO - [2025-04-29T09:32:53.704+0000] {override.py:1912} INFO - Created Permission View: menu access on DAG Run:example_branch_dop_operator_v3
[2025-04-29T09:32:53.710+0000] {logging_mixin.py:190} INFO - [2025-04-29T09:32:53.710+0000] {override.py:1912} INFO - Created Permission View: can delete on DAG Run:example_branch_dop_operator_v3
[2025-04-29T09:32:53.716+0000] {logging_mixin.py:190} INFO - [2025-04-29T09:32:53.716+0000] {override.py:1912} INFO - Created Permission View: can read on DAG Run:example_branch_dop_operator_v3
[2025-04-29T09:32:53.722+0000] {logging_mixin.py:190} INFO - [2025-04-29T09:32:53.722+0000] {override.py:1912} INFO - Created Permission View: can create on DAG Run:example_branch_dop_operator_v3
[2025-04-29T09:32:53.723+0000] {logging_mixin.py:190} INFO - [2025-04-29T09:32:53.722+0000] {dag.py:3239} INFO - Sync 1 DAGs
[2025-04-29T09:32:53.733+0000] {logging_mixin.py:190} INFO - [2025-04-29T09:32:53.732+0000] {dag.py:3262} INFO - Creating ORM DAG for example_branch_dop_operator_v3
[2025-04-29T09:32:53.741+0000] {logging_mixin.py:190} INFO - [2025-04-29T09:32:53.741+0000] {dag.py:4180} INFO - Setting next_dagrun for example_branch_dop_operator_v3 to 2025-04-29 09:31:00+00:00, run_after=2025-04-29 09:32:00+00:00
[2025-04-29T09:32:53.757+0000] {processor.py:208} INFO - Processing /usr/local/python/3.12.1/lib/python3.12/site-packages/airflow/example_dags/example_branch_python_dop_operator_3.py took 0.175 seconds
[2025-04-29T09:33:51.493+0000] {processor.py:186} INFO - Started process (PID=15008) to work on /usr/local/python/3.12.1/lib/python3.12/site-packages/airflow/example_dags/example_branch_python_dop_operator_3.py
[2025-04-29T09:33:51.494+0000] {processor.py:914} INFO - Processing file /usr/local/python/3.12.1/lib/python3.12/site-packages/airflow/example_dags/example_branch_python_dop_operator_3.py for tasks to queue
[2025-04-29T09:33:51.495+0000] {logging_mixin.py:190} INFO - [2025-04-29T09:33:51.495+0000] {dagbag.py:588} INFO - Filling up the DagBag from /usr/local/python/3.12.1/lib/python3.12/site-packages/airflow/example_dags/example_branch_python_dop_operator_3.py
[2025-04-29T09:33:51.503+0000] {processor.py:925} INFO - DAG(s) 'example_branch_dop_operator_v3' retrieved from /usr/local/python/3.12.1/lib/python3.12/site-packages/airflow/example_dags/example_branch_python_dop_operator_3.py
[2025-04-29T09:33:51.514+0000] {logging_mixin.py:190} INFO - [2025-04-29T09:33:51.513+0000] {dag.py:3239} INFO - Sync 1 DAGs
[2025-04-29T09:33:51.531+0000] {logging_mixin.py:190} INFO - [2025-04-29T09:33:51.531+0000] {dag.py:4180} INFO - Setting next_dagrun for example_branch_dop_operator_v3 to 2025-04-29 09:32:00+00:00, run_after=2025-04-29 09:33:00+00:00
[2025-04-29T09:33:51.549+0000] {processor.py:208} INFO - Processing /usr/local/python/3.12.1/lib/python3.12/site-packages/airflow/example_dags/example_branch_python_dop_operator_3.py took 0.060 seconds
[2025-04-29T09:34:47.644+0000] {processor.py:186} INFO - Started process (PID=16168) to work on /usr/local/python/3.12.1/lib/python3.12/site-packages/airflow/example_dags/example_branch_python_dop_operator_3.py
[2025-04-29T09:34:47.645+0000] {processor.py:914} INFO - Processing file /usr/local/python/3.12.1/lib/python3.12/site-packages/airflow/example_dags/example_branch_python_dop_operator_3.py for tasks to queue
[2025-04-29T09:34:47.647+0000] {logging_mixin.py:190} INFO - [2025-04-29T09:34:47.647+0000] {dagbag.py:588} INFO - Filling up the DagBag from /usr/local/python/3.12.1/lib/python3.12/site-packages/airflow/example_dags/example_branch_python_dop_operator_3.py
[2025-04-29T09:34:47.666+0000] {processor.py:925} INFO - DAG(s) 'example_branch_dop_operator_v3' retrieved from /usr/local/python/3.12.1/lib/python3.12/site-packages/airflow/example_dags/example_branch_python_dop_operator_3.py
[2025-04-29T09:34:47.682+0000] {logging_mixin.py:190} INFO - [2025-04-29T09:34:47.682+0000] {dag.py:3239} INFO - Sync 1 DAGs
[2025-04-29T09:34:47.717+0000] {logging_mixin.py:190} INFO - [2025-04-29T09:34:47.717+0000] {dag.py:4180} INFO - Setting next_dagrun for example_branch_dop_operator_v3 to 2025-04-29 09:33:00+00:00, run_after=2025-04-29 09:34:00+00:00
[2025-04-29T09:34:47.759+0000] {processor.py:208} INFO - Processing /usr/local/python/3.12.1/lib/python3.12/site-packages/airflow/example_dags/example_branch_python_dop_operator_3.py took 0.121 seconds
[2025-04-29T09:35:43.067+0000] {processor.py:186} INFO - Started process (PID=17416) to work on /usr/local/python/3.12.1/lib/python3.12/site-packages/airflow/example_dags/example_branch_python_dop_operator_3.py
[2025-04-29T09:35:43.068+0000] {processor.py:914} INFO - Processing file /usr/local/python/3.12.1/lib/python3.12/site-packages/airflow/example_dags/example_branch_python_dop_operator_3.py for tasks to queue
[2025-04-29T09:35:43.069+0000] {logging_mixin.py:190} INFO - [2025-04-29T09:35:43.069+0000] {dagbag.py:588} INFO - Filling up the DagBag from /usr/local/python/3.12.1/lib/python3.12/site-packages/airflow/example_dags/example_branch_python_dop_operator_3.py
[2025-04-29T09:35:43.077+0000] {processor.py:925} INFO - DAG(s) 'example_branch_dop_operator_v3' retrieved from /usr/local/python/3.12.1/lib/python3.12/site-packages/airflow/example_dags/example_branch_python_dop_operator_3.py
[2025-04-29T09:35:43.089+0000] {logging_mixin.py:190} INFO - [2025-04-29T09:35:43.089+0000] {dag.py:3239} INFO - Sync 1 DAGs
[2025-04-29T09:35:43.107+0000] {logging_mixin.py:190} INFO - [2025-04-29T09:35:43.106+0000] {dag.py:4180} INFO - Setting next_dagrun for example_branch_dop_operator_v3 to 2025-04-29 09:34:00+00:00, run_after=2025-04-29 09:35:00+00:00
[2025-04-29T09:35:43.122+0000] {processor.py:208} INFO - Processing /usr/local/python/3.12.1/lib/python3.12/site-packages/airflow/example_dags/example_branch_python_dop_operator_3.py took 0.060 seconds
[2025-04-29T09:36:37.394+0000] {processor.py:186} INFO - Started process (PID=18109) to work on /usr/local/python/3.12.1/lib/python3.12/site-packages/airflow/example_dags/example_branch_python_dop_operator_3.py
[2025-04-29T09:36:37.395+0000] {processor.py:914} INFO - Processing file /usr/local/python/3.12.1/lib/python3.12/site-packages/airflow/example_dags/example_branch_python_dop_operator_3.py for tasks to queue
[2025-04-29T09:36:37.396+0000] {logging_mixin.py:190} INFO - [2025-04-29T09:36:37.396+0000] {dagbag.py:588} INFO - Filling up the DagBag from /usr/local/python/3.12.1/lib/python3.12/site-packages/airflow/example_dags/example_branch_python_dop_operator_3.py
[2025-04-29T09:36:37.405+0000] {processor.py:925} INFO - DAG(s) 'example_branch_dop_operator_v3' retrieved from /usr/local/python/3.12.1/lib/python3.12/site-packages/airflow/example_dags/example_branch_python_dop_operator_3.py
[2025-04-29T09:36:37.415+0000] {logging_mixin.py:190} INFO - [2025-04-29T09:36:37.415+0000] {dag.py:3239} INFO - Sync 1 DAGs
[2025-04-29T09:36:37.433+0000] {logging_mixin.py:190} INFO - [2025-04-29T09:36:37.433+0000] {dag.py:4180} INFO - Setting next_dagrun for example_branch_dop_operator_v3 to 2025-04-29 09:35:00+00:00, run_after=2025-04-29 09:36:00+00:00
[2025-04-29T09:36:37.449+0000] {processor.py:208} INFO - Processing /usr/local/python/3.12.1/lib/python3.12/site-packages/airflow/example_dags/example_branch_python_dop_operator_3.py took 0.059 seconds
[2025-04-29T09:37:56.293+0000] {processor.py:186} INFO - Started process (PID=19155) to work on /usr/local/python/3.12.1/lib/python3.12/site-packages/airflow/example_dags/example_branch_python_dop_operator_3.py
[2025-04-29T09:37:56.294+0000] {processor.py:914} INFO - Processing file /usr/local/python/3.12.1/lib/python3.12/site-packages/airflow/example_dags/example_branch_python_dop_operator_3.py for tasks to queue
[2025-04-29T09:37:56.295+0000] {logging_mixin.py:190} INFO - [2025-04-29T09:37:56.295+0000] {dagbag.py:588} INFO - Filling up the DagBag from /usr/local/python/3.12.1/lib/python3.12/site-packages/airflow/example_dags/example_branch_python_dop_operator_3.py
[2025-04-29T09:37:56.303+0000] {processor.py:925} INFO - DAG(s) 'example_branch_dop_operator_v3' retrieved from /usr/local/python/3.12.1/lib/python3.12/site-packages/airflow/example_dags/example_branch_python_dop_operator_3.py
[2025-04-29T09:37:56.313+0000] {logging_mixin.py:190} INFO - [2025-04-29T09:37:56.313+0000] {dag.py:3239} INFO - Sync 1 DAGs
[2025-04-29T09:37:56.331+0000] {logging_mixin.py:190} INFO - [2025-04-29T09:37:56.331+0000] {dag.py:4180} INFO - Setting next_dagrun for example_branch_dop_operator_v3 to 2025-04-29 09:36:00+00:00, run_after=2025-04-29 09:37:00+00:00
[2025-04-29T09:37:56.346+0000] {processor.py:208} INFO - Processing /usr/local/python/3.12.1/lib/python3.12/site-packages/airflow/example_dags/example_branch_python_dop_operator_3.py took 0.057 seconds
[2025-04-29T09:38:50.121+0000] {processor.py:186} INFO - Started process (PID=19952) to work on /usr/local/python/3.12.1/lib/python3.12/site-packages/airflow/example_dags/example_branch_python_dop_operator_3.py
[2025-04-29T09:38:50.122+0000] {processor.py:914} INFO - Processing file /usr/local/python/3.12.1/lib/python3.12/site-packages/airflow/example_dags/example_branch_python_dop_operator_3.py for tasks to queue
[2025-04-29T09:38:50.124+0000] {logging_mixin.py:190} INFO - [2025-04-29T09:38:50.124+0000] {dagbag.py:588} INFO - Filling up the DagBag from /usr/local/python/3.12.1/lib/python3.12/site-packages/airflow/example_dags/example_branch_python_dop_operator_3.py
[2025-04-29T09:38:50.136+0000] {processor.py:925} INFO - DAG(s) 'example_branch_dop_operator_v3' retrieved from /usr/local/python/3.12.1/lib/python3.12/site-packages/airflow/example_dags/example_branch_python_dop_operator_3.py
[2025-04-29T09:38:50.154+0000] {logging_mixin.py:190} INFO - [2025-04-29T09:38:50.154+0000] {dag.py:3239} INFO - Sync 1 DAGs
[2025-04-29T09:38:50.183+0000] {logging_mixin.py:190} INFO - [2025-04-29T09:38:50.183+0000] {dag.py:4180} INFO - Setting next_dagrun for example_branch_dop_operator_v3 to 2025-04-29 09:37:00+00:00, run_after=2025-04-29 09:38:00+00:00
[2025-04-29T09:38:50.206+0000] {processor.py:208} INFO - Processing /usr/local/python/3.12.1/lib/python3.12/site-packages/airflow/example_dags/example_branch_python_dop_operator_3.py took 0.090 seconds
