[2025-04-29T09:32:18.518+0000] {processor.py:186} INFO - Started process (PID=13922) to work on /usr/local/python/3.12.1/lib/python3.12/site-packages/airflow/example_dags/example_workday_timetable.py
[2025-04-29T09:32:18.519+0000] {processor.py:914} INFO - Processing file /usr/local/python/3.12.1/lib/python3.12/site-packages/airflow/example_dags/example_workday_timetable.py for tasks to queue
[2025-04-29T09:32:18.520+0000] {logging_mixin.py:190} INFO - [2025-04-29T09:32:18.520+0000] {dagbag.py:588} INFO - Filling up the DagBag from /usr/local/python/3.12.1/lib/python3.12/site-packages/airflow/example_dags/example_workday_timetable.py
[2025-04-29T09:32:18.524+0000] {processor.py:925} INFO - DAG(s) 'example_workday_timetable' retrieved from /usr/local/python/3.12.1/lib/python3.12/site-packages/airflow/example_dags/example_workday_timetable.py
[2025-04-29T09:32:18.613+0000] {logging_mixin.py:190} INFO - [2025-04-29T09:32:18.613+0000] {override.py:1912} INFO - Created Permission View: can delete on DAG:example_workday_timetable
[2025-04-29T09:32:18.622+0000] {logging_mixin.py:190} INFO - [2025-04-29T09:32:18.622+0000] {override.py:1912} INFO - Created Permission View: can read on DAG:example_workday_timetable
[2025-04-29T09:32:18.628+0000] {logging_mixin.py:190} INFO - [2025-04-29T09:32:18.628+0000] {override.py:1912} INFO - Created Permission View: can edit on DAG:example_workday_timetable
[2025-04-29T09:32:18.637+0000] {logging_mixin.py:190} INFO - [2025-04-29T09:32:18.637+0000] {override.py:1912} INFO - Created Permission View: menu access on DAG Run:example_workday_timetable
[2025-04-29T09:32:18.643+0000] {logging_mixin.py:190} INFO - [2025-04-29T09:32:18.643+0000] {override.py:1912} INFO - Created Permission View: can delete on DAG Run:example_workday_timetable
[2025-04-29T09:32:18.649+0000] {logging_mixin.py:190} INFO - [2025-04-29T09:32:18.649+0000] {override.py:1912} INFO - Created Permission View: can read on DAG Run:example_workday_timetable
[2025-04-29T09:32:18.655+0000] {logging_mixin.py:190} INFO - [2025-04-29T09:32:18.655+0000] {override.py:1912} INFO - Created Permission View: can create on DAG Run:example_workday_timetable
[2025-04-29T09:32:18.656+0000] {logging_mixin.py:190} INFO - [2025-04-29T09:32:18.656+0000] {dag.py:3239} INFO - Sync 1 DAGs
[2025-04-29T09:32:18.664+0000] {logging_mixin.py:190} INFO - [2025-04-29T09:32:18.664+0000] {dag.py:3262} INFO - Creating ORM DAG for example_workday_timetable
[2025-04-29T09:32:18.705+0000] {logging_mixin.py:190} INFO - [2025-04-29T09:32:18.705+0000] {dag.py:4180} INFO - Setting next_dagrun for example_workday_timetable to 2021-01-04 00:00:00+00:00, run_after=2021-01-05 00:00:00+00:00
[2025-04-29T09:32:18.722+0000] {processor.py:208} INFO - Processing /usr/local/python/3.12.1/lib/python3.12/site-packages/airflow/example_dags/example_workday_timetable.py took 0.208 seconds
[2025-04-29T09:33:20.634+0000] {processor.py:186} INFO - Started process (PID=14634) to work on /usr/local/python/3.12.1/lib/python3.12/site-packages/airflow/example_dags/example_workday_timetable.py
[2025-04-29T09:33:20.634+0000] {processor.py:914} INFO - Processing file /usr/local/python/3.12.1/lib/python3.12/site-packages/airflow/example_dags/example_workday_timetable.py for tasks to queue
[2025-04-29T09:33:20.636+0000] {logging_mixin.py:190} INFO - [2025-04-29T09:33:20.635+0000] {dagbag.py:588} INFO - Filling up the DagBag from /usr/local/python/3.12.1/lib/python3.12/site-packages/airflow/example_dags/example_workday_timetable.py
[2025-04-29T09:33:20.640+0000] {processor.py:925} INFO - DAG(s) 'example_workday_timetable' retrieved from /usr/local/python/3.12.1/lib/python3.12/site-packages/airflow/example_dags/example_workday_timetable.py
[2025-04-29T09:33:20.651+0000] {logging_mixin.py:190} INFO - [2025-04-29T09:33:20.651+0000] {dag.py:3239} INFO - Sync 1 DAGs
[2025-04-29T09:33:20.693+0000] {logging_mixin.py:190} INFO - [2025-04-29T09:33:20.693+0000] {dag.py:4180} INFO - Setting next_dagrun for example_workday_timetable to 2021-01-04 00:00:00+00:00, run_after=2021-01-05 00:00:00+00:00
[2025-04-29T09:33:20.708+0000] {processor.py:208} INFO - Processing /usr/local/python/3.12.1/lib/python3.12/site-packages/airflow/example_dags/example_workday_timetable.py took 0.079 seconds
[2025-04-29T09:34:18.178+0000] {processor.py:186} INFO - Started process (PID=15465) to work on /usr/local/python/3.12.1/lib/python3.12/site-packages/airflow/example_dags/example_workday_timetable.py
[2025-04-29T09:34:18.179+0000] {processor.py:914} INFO - Processing file /usr/local/python/3.12.1/lib/python3.12/site-packages/airflow/example_dags/example_workday_timetable.py for tasks to queue
[2025-04-29T09:34:18.180+0000] {logging_mixin.py:190} INFO - [2025-04-29T09:34:18.180+0000] {dagbag.py:588} INFO - Filling up the DagBag from /usr/local/python/3.12.1/lib/python3.12/site-packages/airflow/example_dags/example_workday_timetable.py
[2025-04-29T09:34:18.184+0000] {processor.py:925} INFO - DAG(s) 'example_workday_timetable' retrieved from /usr/local/python/3.12.1/lib/python3.12/site-packages/airflow/example_dags/example_workday_timetable.py
[2025-04-29T09:34:18.195+0000] {logging_mixin.py:190} INFO - [2025-04-29T09:34:18.195+0000] {dag.py:3239} INFO - Sync 1 DAGs
[2025-04-29T09:34:18.237+0000] {logging_mixin.py:190} INFO - [2025-04-29T09:34:18.237+0000] {dag.py:4180} INFO - Setting next_dagrun for example_workday_timetable to 2021-01-04 00:00:00+00:00, run_after=2021-01-05 00:00:00+00:00
[2025-04-29T09:34:18.254+0000] {processor.py:208} INFO - Processing /usr/local/python/3.12.1/lib/python3.12/site-packages/airflow/example_dags/example_workday_timetable.py took 0.080 seconds
[2025-04-29T09:35:12.694+0000] {processor.py:186} INFO - Started process (PID=17059) to work on /usr/local/python/3.12.1/lib/python3.12/site-packages/airflow/example_dags/example_workday_timetable.py
[2025-04-29T09:35:12.695+0000] {processor.py:914} INFO - Processing file /usr/local/python/3.12.1/lib/python3.12/site-packages/airflow/example_dags/example_workday_timetable.py for tasks to queue
[2025-04-29T09:35:12.697+0000] {logging_mixin.py:190} INFO - [2025-04-29T09:35:12.697+0000] {dagbag.py:588} INFO - Filling up the DagBag from /usr/local/python/3.12.1/lib/python3.12/site-packages/airflow/example_dags/example_workday_timetable.py
[2025-04-29T09:35:12.701+0000] {processor.py:925} INFO - DAG(s) 'example_workday_timetable' retrieved from /usr/local/python/3.12.1/lib/python3.12/site-packages/airflow/example_dags/example_workday_timetable.py
[2025-04-29T09:35:12.713+0000] {logging_mixin.py:190} INFO - [2025-04-29T09:35:12.713+0000] {dag.py:3239} INFO - Sync 1 DAGs
[2025-04-29T09:35:12.786+0000] {logging_mixin.py:190} INFO - [2025-04-29T09:35:12.786+0000] {dag.py:4180} INFO - Setting next_dagrun for example_workday_timetable to 2021-01-04 00:00:00+00:00, run_after=2021-01-05 00:00:00+00:00
[2025-04-29T09:35:12.806+0000] {processor.py:208} INFO - Processing /usr/local/python/3.12.1/lib/python3.12/site-packages/airflow/example_dags/example_workday_timetable.py took 0.116 seconds
[2025-04-29T09:36:05.465+0000] {processor.py:186} INFO - Started process (PID=17734) to work on /usr/local/python/3.12.1/lib/python3.12/site-packages/airflow/example_dags/example_workday_timetable.py
[2025-04-29T09:36:05.466+0000] {processor.py:914} INFO - Processing file /usr/local/python/3.12.1/lib/python3.12/site-packages/airflow/example_dags/example_workday_timetable.py for tasks to queue
[2025-04-29T09:36:05.468+0000] {logging_mixin.py:190} INFO - [2025-04-29T09:36:05.468+0000] {dagbag.py:588} INFO - Filling up the DagBag from /usr/local/python/3.12.1/lib/python3.12/site-packages/airflow/example_dags/example_workday_timetable.py
[2025-04-29T09:36:05.472+0000] {processor.py:925} INFO - DAG(s) 'example_workday_timetable' retrieved from /usr/local/python/3.12.1/lib/python3.12/site-packages/airflow/example_dags/example_workday_timetable.py
[2025-04-29T09:36:05.483+0000] {logging_mixin.py:190} INFO - [2025-04-29T09:36:05.483+0000] {dag.py:3239} INFO - Sync 1 DAGs
[2025-04-29T09:36:05.526+0000] {logging_mixin.py:190} INFO - [2025-04-29T09:36:05.526+0000] {dag.py:4180} INFO - Setting next_dagrun for example_workday_timetable to 2021-01-04 00:00:00+00:00, run_after=2021-01-05 00:00:00+00:00
[2025-04-29T09:36:05.544+0000] {processor.py:208} INFO - Processing /usr/local/python/3.12.1/lib/python3.12/site-packages/airflow/example_dags/example_workday_timetable.py took 0.083 seconds
[2025-04-29T09:36:57.961+0000] {processor.py:186} INFO - Started process (PID=18348) to work on /usr/local/python/3.12.1/lib/python3.12/site-packages/airflow/example_dags/example_workday_timetable.py
[2025-04-29T09:36:57.962+0000] {processor.py:914} INFO - Processing file /usr/local/python/3.12.1/lib/python3.12/site-packages/airflow/example_dags/example_workday_timetable.py for tasks to queue
[2025-04-29T09:36:57.964+0000] {logging_mixin.py:190} INFO - [2025-04-29T09:36:57.964+0000] {dagbag.py:588} INFO - Filling up the DagBag from /usr/local/python/3.12.1/lib/python3.12/site-packages/airflow/example_dags/example_workday_timetable.py
[2025-04-29T09:36:57.968+0000] {processor.py:925} INFO - DAG(s) 'example_workday_timetable' retrieved from /usr/local/python/3.12.1/lib/python3.12/site-packages/airflow/example_dags/example_workday_timetable.py
[2025-04-29T09:36:57.979+0000] {logging_mixin.py:190} INFO - [2025-04-29T09:36:57.979+0000] {dag.py:3239} INFO - Sync 1 DAGs
[2025-04-29T09:36:58.021+0000] {logging_mixin.py:190} INFO - [2025-04-29T09:36:58.021+0000] {dag.py:4180} INFO - Setting next_dagrun for example_workday_timetable to 2021-01-04 00:00:00+00:00, run_after=2021-01-05 00:00:00+00:00
[2025-04-29T09:36:58.038+0000] {processor.py:208} INFO - Processing /usr/local/python/3.12.1/lib/python3.12/site-packages/airflow/example_dags/example_workday_timetable.py took 0.081 seconds
[2025-04-29T09:37:50.508+0000] {processor.py:186} INFO - Started process (PID=19079) to work on /usr/local/python/3.12.1/lib/python3.12/site-packages/airflow/example_dags/example_workday_timetable.py
[2025-04-29T09:37:50.509+0000] {processor.py:914} INFO - Processing file /usr/local/python/3.12.1/lib/python3.12/site-packages/airflow/example_dags/example_workday_timetable.py for tasks to queue
[2025-04-29T09:37:50.511+0000] {logging_mixin.py:190} INFO - [2025-04-29T09:37:50.511+0000] {dagbag.py:588} INFO - Filling up the DagBag from /usr/local/python/3.12.1/lib/python3.12/site-packages/airflow/example_dags/example_workday_timetable.py
[2025-04-29T09:37:50.517+0000] {processor.py:925} INFO - DAG(s) 'example_workday_timetable' retrieved from /usr/local/python/3.12.1/lib/python3.12/site-packages/airflow/example_dags/example_workday_timetable.py
[2025-04-29T09:37:50.533+0000] {logging_mixin.py:190} INFO - [2025-04-29T09:37:50.532+0000] {dag.py:3239} INFO - Sync 1 DAGs
[2025-04-29T09:37:50.611+0000] {logging_mixin.py:190} INFO - [2025-04-29T09:37:50.610+0000] {dag.py:4180} INFO - Setting next_dagrun for example_workday_timetable to 2021-01-04 00:00:00+00:00, run_after=2021-01-05 00:00:00+00:00
[2025-04-29T09:37:50.628+0000] {processor.py:208} INFO - Processing /usr/local/python/3.12.1/lib/python3.12/site-packages/airflow/example_dags/example_workday_timetable.py took 0.126 seconds
[2025-04-29T09:38:44.813+0000] {processor.py:186} INFO - Started process (PID=19828) to work on /usr/local/python/3.12.1/lib/python3.12/site-packages/airflow/example_dags/example_workday_timetable.py
[2025-04-29T09:38:44.814+0000] {processor.py:914} INFO - Processing file /usr/local/python/3.12.1/lib/python3.12/site-packages/airflow/example_dags/example_workday_timetable.py for tasks to queue
[2025-04-29T09:38:44.815+0000] {logging_mixin.py:190} INFO - [2025-04-29T09:38:44.815+0000] {dagbag.py:588} INFO - Filling up the DagBag from /usr/local/python/3.12.1/lib/python3.12/site-packages/airflow/example_dags/example_workday_timetable.py
[2025-04-29T09:38:44.820+0000] {processor.py:925} INFO - DAG(s) 'example_workday_timetable' retrieved from /usr/local/python/3.12.1/lib/python3.12/site-packages/airflow/example_dags/example_workday_timetable.py
[2025-04-29T09:38:44.830+0000] {logging_mixin.py:190} INFO - [2025-04-29T09:38:44.830+0000] {dag.py:3239} INFO - Sync 1 DAGs
[2025-04-29T09:38:44.872+0000] {logging_mixin.py:190} INFO - [2025-04-29T09:38:44.872+0000] {dag.py:4180} INFO - Setting next_dagrun for example_workday_timetable to 2021-01-04 00:00:00+00:00, run_after=2021-01-05 00:00:00+00:00
[2025-04-29T09:38:44.888+0000] {processor.py:208} INFO - Processing /usr/local/python/3.12.1/lib/python3.12/site-packages/airflow/example_dags/example_workday_timetable.py took 0.079 seconds
